2025-12-22T03:48:25+00:00 WARNING Product feed scheduling failed: Integration not configured. : {"flow_name":"product_feed","flow_step":"schedule_feed_generation"}
2025-12-22T03:48:25+00:00 ERROR Error persisting error logs: Cannot create the API instance because the access token is missing. : []
2025-12-22T03:48:25+00:00 NOTICE Unable to detect valid feed configuration: No catalog ID
2025-12-22T03:48:25+00:00 NOTICE There was an error trying to get product set data in a catalog: Cannot create the API instance because the access token is missing.
2025-12-22T03:48:25+00:00 ERROR ProductSetSync exception: exception_code : 0; exception_class : WooCommerce\Facebook\Framework\Api\Exception: exception_message : Cannot create the API instance because the access token is missing.; exception_trace : #0 /home1/pydrqhmy/thegiftara.com/wp-content/plugins/facebook-for-woocommerce/includes/ProductSets/ProductSetSync.php(139): WC_Facebookcommerce->get_api()
#1 /home1/pydrqhmy/thegiftara.com/wp-content/plugins/facebook-for-woocommerce/includes/ProductSets/ProductSetSync.php(226): WooCommerce\Facebook\ProductSets\ProductSetSync->get_fb_product_set_id(Object(WP_Term))
#2 /home1/pydrqhmy/thegiftara.com/wp-content/plugins/facebook-for-woocommerce/includes/ProductSets/ProductSetSync.php(107): WooCommerce\Facebook\ProductSets\ProductSetSync->sync_all_wc_product_categories()
#3 /home1/pydrqhmy/thegiftara.com/wp-includes/class-wp-hook.php(341): WooCommerce\Facebook\ProductSets\ProductSetSync->sync_all_product_sets()
#4 /home1/pydrqhmy/thegiftara.com/wp-includes/class-wp-hook.php(365): WP_Hook->apply_filters(NULL, Array)
#5 /home1/pydrqhmy/thegiftara.com/wp-includes/plugin.php(570): WP_Hook->do_action(Array)
#6 /home1/pydrqhmy/thegiftara.com/wp-content/plugins/seo-by-rank-math/vendor/woocommerce/action-scheduler/classes/actions/ActionScheduler_Action.php(86): do_action_ref_array('facebook_for_wo...', Array)
#7 /home1/pydrqhmy/thegiftara.com/wp-content/plugins/seo-by-rank-math/vendor/woocommerce/action-scheduler/classes/abstracts/ActionScheduler_Abstract_QueueRunner.php(103): ActionScheduler_Action->execute()
#8 /home1/pydrqhmy/thegiftara.com/wp-content/plugins/seo-by-rank-math/vendor/woocommerce/action-scheduler/classes/ActionScheduler_QueueRunner.php(188): ActionScheduler_Abstract_QueueRunner->process_action(51250, 'WP Cron')
#9 /home1/pydrqhmy/thegiftara.com/wp-content/plugins/seo-by-rank-math/vendor/woocommerce/action-scheduler/classes/ActionScheduler_QueueRunner.php(158): ActionScheduler_QueueRunner->do_batch(25, 'WP Cron')
#10 /home1/pydrqhmy/thegiftara.com/wp-includes/class-wp-hook.php(341): ActionScheduler_QueueRunner->run('WP Cron')
#11 /home1/pydrqhmy/thegiftara.com/wp-includes/class-wp-hook.php(365): WP_Hook->apply_filters('', Array)
#12 /home1/pydrqhmy/thegiftara.com/wp-includes/plugin.php(570): WP_Hook->do_action(Array)
#13 /home1/pydrqhmy/thegiftara.com/wp-cron.php(191): do_action_ref_array('action_schedule...', Array)
#14 {main}
2025-12-22T03:48:25+00:00 NOTICE There was an error trying to get product set data in a catalog: Cannot create the API instance because the access token is missing.
2025-12-22T03:48:25+00:00 ERROR ProductSetSync exception: exception_code : 0; exception_class : WooCommerce\Facebook\Framework\Api\Exception: exception_message : Cannot create the API instance because the access token is missing.; exception_trace : #0 /home1/pydrqhmy/thegiftara.com/wp-content/plugins/facebook-for-woocommerce/includes/ProductSets/ProductSetSync.php(139): WC_Facebookcommerce->get_api()
#1 /home1/pydrqhmy/thegiftara.com/wp-content/plugins/facebook-for-woocommerce/includes/ProductSets/ProductSetSync.php(226): WooCommerce\Facebook\ProductSets\ProductSetSync->get_fb_product_set_id(Object(WP_Term))
#2 /home1/pydrqhmy/thegiftara.com/wp-content/plugins/facebook-for-woocommerce/includes/ProductSets/ProductSetSync.php(107): WooCommerce\Facebook\ProductSets\ProductSetSync->sync_all_wc_product_categories()
#3 /home1/pydrqhmy/thegiftara.com/wp-includes/class-wp-hook.php(341): WooCommerce\Facebook\ProductSets\ProductSetSync->sync_all_product_sets()
#4 /home1/pydrqhmy/thegiftara.com/wp-includes/class-wp-hook.php(365): WP_Hook->apply_filters(NULL, Array)
#5 /home1/pydrqhmy/thegiftara.com/wp-includes/plugin.php(570): WP_Hook->do_action(Array)
#6 /home1/pydrqhmy/thegiftara.com/wp-content/plugins/seo-by-rank-math/vendor/woocommerce/action-scheduler/classes/actions/ActionScheduler_Action.php(86): do_action_ref_array('facebook_for_wo...', Array)
#7 /home1/pydrqhmy/thegiftara.com/wp-content/plugins/seo-by-rank-math/vendor/woocommerce/action-scheduler/classes/abstracts/ActionScheduler_Abstract_QueueRunner.php(103): ActionScheduler_Action->execute()
#8 /home1/pydrqhmy/thegiftara.com/wp-content/plugins/seo-by-rank-math/vendor/woocommerce/action-scheduler/classes/ActionScheduler_QueueRunner.php(188): ActionScheduler_Abstract_QueueRunner->process_action(51250, 'WP Cron')
#9 /home1/pydrqhmy/thegiftara.com/wp-content/plugins/seo-by-rank-math/vendor/woocommerce/action-scheduler/classes/ActionScheduler_QueueRunner.php(158): ActionScheduler_QueueRunner->do_batch(25, 'WP Cron')
#10 /home1/pydrqhmy/thegiftara.com/wp-includes/class-wp-hook.php(341): ActionScheduler_QueueRunner->run('WP Cron')
#11 /home1/pydrqhmy/thegiftara.com/wp-includes/class-wp-hook.php(365): WP_Hook->apply_filters('', Array)
#12 /home1/pydrqhmy/thegiftara.com/wp-includes/plugin.php(570): WP_Hook->do_action(Array)
#13 /home1/pydrqhmy/thegiftara.com/wp-cron.php(191): do_action_ref_array('action_schedule...', Array)
#14 {main}
2025-12-22T03:48:25+00:00 NOTICE There was an error trying to get product set data in a catalog: Cannot create the API instance because the access token is missing.
2025-12-22T03:48:25+00:00 ERROR ProductSetSync exception: exception_code : 0; exception_class : WooCommerce\Facebook\Framework\Api\Exception: exception_message : Cannot create the API instance because the access token is missing.; exception_trace : #0 /home1/pydrqhmy/thegiftara.com/wp-content/plugins/facebook-for-woocommerce/includes/ProductSets/ProductSetSync.php(139): WC_Facebookcommerce->get_api()
#1 /home1/pydrqhmy/thegiftara.com/wp-content/plugins/facebook-for-woocommerce/includes/ProductSets/ProductSetSync.php(226): WooCommerce\Facebook\ProductSets\ProductSetSync->get_fb_product_set_id(Object(WP_Term))
#2 /home1/pydrqhmy/thegiftara.com/wp-content/plugins/facebook-for-woocommerce/includes/ProductSets/ProductSetSync.php(107): WooCommerce\Facebook\ProductSets\ProductSetSync->sync_all_wc_product_categories()
#3 /home1/pydrqhmy/thegiftara.com/wp-includes/class-wp-hook.php(341): WooCommerce\Facebook\ProductSets\ProductSetSync->sync_all_product_sets()
#4 /home1/pydrqhmy/thegiftara.com/wp-includes/class-wp-hook.php(365): WP_Hook->apply_filters(NULL, Array)
#5 /home1/pydrqhmy/thegiftara.com/wp-includes/plugin.php(570): WP_Hook->do_action(Array)
#6 /home1/pydrqhmy/thegiftara.com/wp-content/plugins/seo-by-rank-math/vendor/woocommerce/action-scheduler/classes/actions/ActionScheduler_Action.php(86): do_action_ref_array('facebook_for_wo...', Array)
#7 /home1/pydrqhmy/thegiftara.com/wp-content/plugins/seo-by-rank-math/vendor/woocommerce/action-scheduler/classes/abstracts/ActionScheduler_Abstract_QueueRunner.php(103): ActionScheduler_Action->execute()
#8 /home1/pydrqhmy/thegiftara.com/wp-content/plugins/seo-by-rank-math/vendor/woocommerce/action-scheduler/classes/ActionScheduler_QueueRunner.php(188): ActionScheduler_Abstract_QueueRunner->process_action(51250, 'WP Cron')
#9 /home1/pydrqhmy/thegiftara.com/wp-content/plugins/seo-by-rank-math/vendor/woocommerce/action-scheduler/classes/ActionScheduler_QueueRunner.php(158): ActionScheduler_QueueRunner->do_batch(25, 'WP Cron')
#10 /home1/pydrqhmy/thegiftara.com/wp-includes/class-wp-hook.php(341): ActionScheduler_QueueRunner->run('WP Cron')
#11 /home1/pydrqhmy/thegiftara.com/wp-includes/class-wp-hook.php(365): WP_Hook->apply_filters('', Array)
#12 /home1/pydrqhmy/thegiftara.com/wp-includes/plugin.php(570): WP_Hook->do_action(Array)
#13 /home1/pydrqhmy/thegiftara.com/wp-cron.php(191): do_action_ref_array('action_schedule...', Array)
#14 {main}
2025-12-22T03:48:25+00:00 NOTICE There was an error trying to get product set data in a catalog: Cannot create the API instance because the access token is missing.
2025-12-22T03:48:25+00:00 ERROR ProductSetSync exception: exception_code : 0; exception_class : WooCommerce\Facebook\Framework\Api\Exception: exception_message : Cannot create the API instance because the access token is missing.; exception_trace : #0 /home1/pydrqhmy/thegiftara.com/wp-content/plugins/facebook-for-woocommerce/includes/ProductSets/ProductSetSync.php(139): WC_Facebookcommerce->get_api()
#1 /home1/pydrqhmy/thegiftara.com/wp-content/plugins/facebook-for-woocommerce/includes/ProductSets/ProductSetSync.php(226): WooCommerce\Facebook\ProductSets\ProductSetSync->get_fb_product_set_id(Object(WP_Term))
#2 /home1/pydrqhmy/thegiftara.com/wp-content/plugins/facebook-for-woocommerce/includes/ProductSets/ProductSetSync.php(107): WooCommerce\Facebook\ProductSets\ProductSetSync->sync_all_wc_product_categories()
#3 /home1/pydrqhmy/thegiftara.com/wp-includes/class-wp-hook.php(341): WooCommerce\Facebook\ProductSets\ProductSetSync->sync_all_product_sets()
#4 /home1/pydrqhmy/thegiftara.com/wp-includes/class-wp-hook.php(365): WP_Hook->apply_filters(NULL, Array)
#5 /home1/pydrqhmy/thegiftara.com/wp-includes/plugin.php(570): WP_Hook->do_action(Array)
#6 /home1/pydrqhmy/thegiftara.com/wp-content/plugins/seo-by-rank-math/vendor/woocommerce/action-scheduler/classes/actions/ActionScheduler_Action.php(86): do_action_ref_array('facebook_for_wo...', Array)
#7 /home1/pydrqhmy/thegiftara.com/wp-content/plugins/seo-by-rank-math/vendor/woocommerce/action-scheduler/classes/abstracts/ActionScheduler_Abstract_QueueRunner.php(103): ActionScheduler_Action->execute()
#8 /home1/pydrqhmy/thegiftara.com/wp-content/plugins/seo-by-rank-math/vendor/woocommerce/action-scheduler/classes/ActionScheduler_QueueRunner.php(188): ActionScheduler_Abstract_QueueRunner->process_action(51250, 'WP Cron')
#9 /home1/pydrqhmy/thegiftara.com/wp-content/plugins/seo-by-rank-math/vendor/woocommerce/action-scheduler/classes/ActionScheduler_QueueRunner.php(158): ActionScheduler_QueueRunner->do_batch(25, 'WP Cron')
#10 /home1/pydrqhmy/thegiftara.com/wp-includes/class-wp-hook.php(341): ActionScheduler_QueueRunner->run('WP Cron')
#11 /home1/pydrqhmy/thegiftara.com/wp-includes/class-wp-hook.php(365): WP_Hook->apply_filters('', Array)
#12 /home1/pydrqhmy/thegiftara.com/wp-includes/plugin.php(570): WP_Hook->do_action(Array)
#13 /home1/pydrqhmy/thegiftara.com/wp-cron.php(191): do_action_ref_array('action_schedule...', Array)
#14 {main}
2025-12-22T03:48:25+00:00 NOTICE There was an error trying to get product set data in a catalog: Cannot create the API instance because the access token is missing.
2025-12-22T03:48:25+00:00 ERROR ProductSetSync exception: exception_code : 0; exception_class : WooCommerce\Facebook\Framework\Api\Exception: exception_message : Cannot create the API instance because the access token is missing.; exception_trace : #0 /home1/pydrqhmy/thegiftara.com/wp-content/plugins/facebook-for-woocommerce/includes/ProductSets/ProductSetSync.php(139): WC_Facebookcommerce->get_api()
#1 /home1/pydrqhmy/thegiftara.com/wp-content/plugins/facebook-for-woocommerce/includes/ProductSets/ProductSetSync.php(226): WooCommerce\Facebook\ProductSets\ProductSetSync->get_fb_product_set_id(Object(WP_Term))
#2 /home1/pydrqhmy/thegiftara.com/wp-content/plugins/facebook-for-woocommerce/includes/ProductSets/ProductSetSync.php(107): WooCommerce\Facebook\ProductSets\ProductSetSync->sync_all_wc_product_categories()
#3 /home1/pydrqhmy/thegiftara.com/wp-includes/class-wp-hook.php(341): WooCommerce\Facebook\ProductSets\ProductSetSync->sync_all_product_sets()
#4 /home1/pydrqhmy/thegiftara.com/wp-includes/class-wp-hook.php(365): WP_Hook->apply_filters(NULL, Array)
#5 /home1/pydrqhmy/thegiftara.com/wp-includes/plugin.php(570): WP_Hook->do_action(Array)
#6 /home1/pydrqhmy/thegiftara.com/wp-content/plugins/seo-by-rank-math/vendor/woocommerce/action-scheduler/classes/actions/ActionScheduler_Action.php(86): do_action_ref_array('facebook_for_wo...', Array)
#7 /home1/pydrqhmy/thegiftara.com/wp-content/plugins/seo-by-rank-math/vendor/woocommerce/action-scheduler/classes/abstracts/ActionScheduler_Abstract_QueueRunner.php(103): ActionScheduler_Action->execute()
#8 /home1/pydrqhmy/thegiftara.com/wp-content/plugins/seo-by-rank-math/vendor/woocommerce/action-scheduler/classes/ActionScheduler_QueueRunner.php(188): ActionScheduler_Abstract_QueueRunner->process_action(51250, 'WP Cron')
#9 /home1/pydrqhmy/thegiftara.com/wp-content/plugins/seo-by-rank-math/vendor/woocommerce/action-scheduler/classes/ActionScheduler_QueueRunner.php(158): ActionScheduler_QueueRunner->do_batch(25, 'WP Cron')
#10 /home1/pydrqhmy/thegiftara.com/wp-includes/class-wp-hook.php(341): ActionScheduler_QueueRunner->run('WP Cron')
#11 /home1/pydrqhmy/thegiftara.com/wp-includes/class-wp-hook.php(365): WP_Hook->apply_filters('', Array)
#12 /home1/pydrqhmy/thegiftara.com/wp-includes/plugin.php(570): WP_Hook->do_action(Array)
#13 /home1/pydrqhmy/thegiftara.com/wp-cron.php(191): do_action_ref_array('action_schedule...', Array)
#14 {main}
2025-12-22T03:48:25+00:00 NOTICE There was an error trying to get product set data in a catalog: Cannot create the API instance because the access token is missing.
2025-12-22T03:48:25+00:00 ERROR ProductSetSync exception: exception_code : 0; exception_class : WooCommerce\Facebook\Framework\Api\Exception: exception_message : Cannot create the API instance because the access token is missing.; exception_trace : #0 /home1/pydrqhmy/thegiftara.com/wp-content/plugins/facebook-for-woocommerce/includes/ProductSets/ProductSetSync.php(139): WC_Facebookcommerce->get_api()
#1 /home1/pydrqhmy/thegiftara.com/wp-content/plugins/facebook-for-woocommerce/includes/ProductSets/ProductSetSync.php(226): WooCommerce\Facebook\ProductSets\ProductSetSync->get_fb_product_set_id(Object(WP_Term))
#2 /home1/pydrqhmy/thegiftara.com/wp-content/plugins/facebook-for-woocommerce/includes/ProductSets/ProductSetSync.php(107): WooCommerce\Facebook\ProductSets\ProductSetSync->sync_all_wc_product_categories()
#3 /home1/pydrqhmy/thegiftara.com/wp-includes/class-wp-hook.php(341): WooCommerce\Facebook\ProductSets\ProductSetSync->sync_all_product_sets()
#4 /home1/pydrqhmy/thegiftara.com/wp-includes/class-wp-hook.php(365): WP_Hook->apply_filters(NULL, Array)
#5 /home1/pydrqhmy/thegiftara.com/wp-includes/plugin.php(570): WP_Hook->do_action(Array)
#6 /home1/pydrqhmy/thegiftara.com/wp-content/plugins/seo-by-rank-math/vendor/woocommerce/action-scheduler/classes/actions/ActionScheduler_Action.php(86): do_action_ref_array('facebook_for_wo...', Array)
#7 /home1/pydrqhmy/thegiftara.com/wp-content/plugins/seo-by-rank-math/vendor/woocommerce/action-scheduler/classes/abstracts/ActionScheduler_Abstract_QueueRunner.php(103): ActionScheduler_Action->execute()
#8 /home1/pydrqhmy/thegiftara.com/wp-content/plugins/seo-by-rank-math/vendor/woocommerce/action-scheduler/classes/ActionScheduler_QueueRunner.php(188): ActionScheduler_Abstract_QueueRunner->process_action(51250, 'WP Cron')
#9 /home1/pydrqhmy/thegiftara.com/wp-content/plugins/seo-by-rank-math/vendor/woocommerce/action-scheduler/classes/ActionScheduler_QueueRunner.php(158): ActionScheduler_QueueRunner->do_batch(25, 'WP Cron')
#10 /home1/pydrqhmy/thegiftara.com/wp-includes/class-wp-hook.php(341): ActionScheduler_QueueRunner->run('WP Cron')
#11 /home1/pydrqhmy/thegiftara.com/wp-includes/class-wp-hook.php(365): WP_Hook->apply_filters('', Array)
#12 /home1/pydrqhmy/thegiftara.com/wp-includes/plugin.php(570): WP_Hook->do_action(Array)
#13 /home1/pydrqhmy/thegiftara.com/wp-cron.php(191): do_action_ref_array('action_schedule...', Array)
#14 {main}
2025-12-22T03:48:25+00:00 NOTICE There was an error trying to get product set data in a catalog: Cannot create the API instance because the access token is missing.
2025-12-22T03:48:25+00:00 ERROR ProductSetSync exception: exception_code : 0; exception_class : WooCommerce\Facebook\Framework\Api\Exception: exception_message : Cannot create the API instance because the access token is missing.; exception_trace : #0 /home1/pydrqhmy/thegiftara.com/wp-content/plugins/facebook-for-woocommerce/includes/ProductSets/ProductSetSync.php(139): WC_Facebookcommerce->get_api()
#1 /home1/pydrqhmy/thegiftara.com/wp-content/plugins/facebook-for-woocommerce/includes/ProductSets/ProductSetSync.php(226): WooCommerce\Facebook\ProductSets\ProductSetSync->get_fb_product_set_id(Object(WP_Term))
#2 /home1/pydrqhmy/thegiftara.com/wp-content/plugins/facebook-for-woocommerce/includes/ProductSets/ProductSetSync.php(107): WooCommerce\Facebook\ProductSets\ProductSetSync->sync_all_wc_product_categories()
#3 /home1/pydrqhmy/thegiftara.com/wp-includes/class-wp-hook.php(341): WooCommerce\Facebook\ProductSets\ProductSetSync->sync_all_product_sets()
#4 /home1/pydrqhmy/thegiftara.com/wp-includes/class-wp-hook.php(365): WP_Hook->apply_filters(NULL, Array)
#5 /home1/pydrqhmy/thegiftara.com/wp-includes/plugin.php(570): WP_Hook->do_action(Array)
#6 /home1/pydrqhmy/thegiftara.com/wp-content/plugins/seo-by-rank-math/vendor/woocommerce/action-scheduler/classes/actions/ActionScheduler_Action.php(86): do_action_ref_array('facebook_for_wo...', Array)
#7 /home1/pydrqhmy/thegiftara.com/wp-content/plugins/seo-by-rank-math/vendor/woocommerce/action-scheduler/classes/abstracts/ActionScheduler_Abstract_QueueRunner.php(103): ActionScheduler_Action->execute()
#8 /home1/pydrqhmy/thegiftara.com/wp-content/plugins/seo-by-rank-math/vendor/woocommerce/action-scheduler/classes/ActionScheduler_QueueRunner.php(188): ActionScheduler_Abstract_QueueRunner->process_action(51250, 'WP Cron')
#9 /home1/pydrqhmy/thegiftara.com/wp-content/plugins/seo-by-rank-math/vendor/woocommerce/action-scheduler/classes/ActionScheduler_QueueRunner.php(158): ActionScheduler_QueueRunner->do_batch(25, 'WP Cron')
#10 /home1/pydrqhmy/thegiftara.com/wp-includes/class-wp-hook.php(341): ActionScheduler_QueueRunner->run('WP Cron')
#11 /home1/pydrqhmy/thegiftara.com/wp-includes/class-wp-hook.php(365): WP_Hook->apply_filters('', Array)
#12 /home1/pydrqhmy/thegiftara.com/wp-includes/plugin.php(570): WP_Hook->do_action(Array)
#13 /home1/pydrqhmy/thegiftara.com/wp-cron.php(191): do_action_ref_array('action_schedule...', Array)
#14 {main}
2025-12-22T03:48:25+00:00 NOTICE There was an error trying to get product set data in a catalog: Cannot create the API instance because the access token is missing.
2025-12-22T03:48:25+00:00 ERROR ProductSetSync exception: exception_code : 0; exception_class : WooCommerce\Facebook\Framework\Api\Exception: exception_message : Cannot create the API instance because the access token is missing.; exception_trace : #0 /home1/pydrqhmy/thegiftara.com/wp-content/plugins/facebook-for-woocommerce/includes/ProductSets/ProductSetSync.php(139): WC_Facebookcommerce->get_api()
#1 /home1/pydrqhmy/thegiftara.com/wp-content/plugins/facebook-for-woocommerce/includes/ProductSets/ProductSetSync.php(226): WooCommerce\Facebook\ProductSets\ProductSetSync->get_fb_product_set_id(Object(WP_Term))
#2 /home1/pydrqhmy/thegiftara.com/wp-content/plugins/facebook-for-woocommerce/includes/ProductSets/ProductSetSync.php(107): WooCommerce\Facebook\ProductSets\ProductSetSync->sync_all_wc_product_categories()
#3 /home1/pydrqhmy/thegiftara.com/wp-includes/class-wp-hook.php(341): WooCommerce\Facebook\ProductSets\ProductSetSync->sync_all_product_sets()
#4 /home1/pydrqhmy/thegiftara.com/wp-includes/class-wp-hook.php(365): WP_Hook->apply_filters(NULL, Array)
#5 /home1/pydrqhmy/thegiftara.com/wp-includes/plugin.php(570): WP_Hook->do_action(Array)
#6 /home1/pydrqhmy/thegiftara.com/wp-content/plugins/seo-by-rank-math/vendor/woocommerce/action-scheduler/classes/actions/ActionScheduler_Action.php(86): do_action_ref_array('facebook_for_wo...', Array)
#7 /home1/pydrqhmy/thegiftara.com/wp-content/plugins/seo-by-rank-math/vendor/woocommerce/action-scheduler/classes/abstracts/ActionScheduler_Abstract_QueueRunner.php(103): ActionScheduler_Action->execute()
#8 /home1/pydrqhmy/thegiftara.com/wp-content/plugins/seo-by-rank-math/vendor/woocommerce/action-scheduler/classes/ActionScheduler_QueueRunner.php(188): ActionScheduler_Abstract_QueueRunner->process_action(51250, 'WP Cron')
#9 /home1/pydrqhmy/thegiftara.com/wp-content/plugins/seo-by-rank-math/vendor/woocommerce/action-scheduler/classes/ActionScheduler_QueueRunner.php(158): ActionScheduler_QueueRunner->do_batch(25, 'WP Cron')
#10 /home1/pydrqhmy/thegiftara.com/wp-includes/class-wp-hook.php(341): ActionScheduler_QueueRunner->run('WP Cron')
#11 /home1/pydrqhmy/thegiftara.com/wp-includes/class-wp-hook.php(365): WP_Hook->apply_filters('', Array)
#12 /home1/pydrqhmy/thegiftara.com/wp-includes/plugin.php(570): WP_Hook->do_action(Array)
#13 /home1/pydrqhmy/thegiftara.com/wp-cron.php(191): do_action_ref_array('action_schedule...', Array)
#14 {main}
2025-12-22T03:48:25+00:00 NOTICE There was an error trying to get product set data in a catalog: Cannot create the API instance because the access token is missing.
2025-12-22T03:48:25+00:00 ERROR ProductSetSync exception: exception_code : 0; exception_class : WooCommerce\Facebook\Framework\Api\Exception: exception_message : Cannot create the API instance because the access token is missing.; exception_trace : #0 /home1/pydrqhmy/thegiftara.com/wp-content/plugins/facebook-for-woocommerce/includes/ProductSets/ProductSetSync.php(139): WC_Facebookcommerce->get_api()
#1 /home1/pydrqhmy/thegiftara.com/wp-content/plugins/facebook-for-woocommerce/includes/ProductSets/ProductSetSync.php(226): WooCommerce\Facebook\ProductSets\ProductSetSync->get_fb_product_set_id(Object(WP_Term))
#2 /home1/pydrqhmy/thegiftara.com/wp-content/plugins/facebook-for-woocommerce/includes/ProductSets/ProductSetSync.php(107): WooCommerce\Facebook\ProductSets\ProductSetSync->sync_all_wc_product_categories()
#3 /home1/pydrqhmy/thegiftara.com/wp-includes/class-wp-hook.php(341): WooCommerce\Facebook\ProductSets\ProductSetSync->sync_all_product_sets()
#4 /home1/pydrqhmy/thegiftara.com/wp-includes/class-wp-hook.php(365): WP_Hook->apply_filters(NULL, Array)
#5 /home1/pydrqhmy/thegiftara.com/wp-includes/plugin.php(570): WP_Hook->do_action(Array)
#6 /home1/pydrqhmy/thegiftara.com/wp-content/plugins/seo-by-rank-math/vendor/woocommerce/action-scheduler/classes/actions/ActionScheduler_Action.php(86): do_action_ref_array('facebook_for_wo...', Array)
#7 /home1/pydrqhmy/thegiftara.com/wp-content/plugins/seo-by-rank-math/vendor/woocommerce/action-scheduler/classes/abstracts/ActionScheduler_Abstract_QueueRunner.php(103): ActionScheduler_Action->execute()
#8 /home1/pydrqhmy/thegiftara.com/wp-content/plugins/seo-by-rank-math/vendor/woocommerce/action-scheduler/classes/ActionScheduler_QueueRunner.php(188): ActionScheduler_Abstract_QueueRunner->process_action(51250, 'WP Cron')
#9 /home1/pydrqhmy/thegiftara.com/wp-content/plugins/seo-by-rank-math/vendor/woocommerce/action-scheduler/classes/ActionScheduler_QueueRunner.php(158): ActionScheduler_QueueRunner->do_batch(25, 'WP Cron')
#10 /home1/pydrqhmy/thegiftara.com/wp-includes/class-wp-hook.php(341): ActionScheduler_QueueRunner->run('WP Cron')
#11 /home1/pydrqhmy/thegiftara.com/wp-includes/class-wp-hook.php(365): WP_Hook->apply_filters('', Array)
#12 /home1/pydrqhmy/thegiftara.com/wp-includes/plugin.php(570): WP_Hook->do_action(Array)
#13 /home1/pydrqhmy/thegiftara.com/wp-cron.php(191): do_action_ref_array('action_schedule...', Array)
#14 {main}
2025-12-22T03:48:25+00:00 NOTICE There was an error trying to get product set data in a catalog: Cannot create the API instance because the access token is missing.
2025-12-22T03:48:25+00:00 ERROR ProductSetSync exception: exception_code : 0; exception_class : WooCommerce\Facebook\Framework\Api\Exception: exception_message : Cannot create the API instance because the access token is missing.; exception_trace : #0 /home1/pydrqhmy/thegiftara.com/wp-content/plugins/facebook-for-woocommerce/includes/ProductSets/ProductSetSync.php(139): WC_Facebookcommerce->get_api()
#1 /home1/pydrqhmy/thegiftara.com/wp-content/plugins/facebook-for-woocommerce/includes/ProductSets/ProductSetSync.php(226): WooCommerce\Facebook\ProductSets\ProductSetSync->get_fb_product_set_id(Object(WP_Term))
#2 /home1/pydrqhmy/thegiftara.com/wp-content/plugins/facebook-for-woocommerce/includes/ProductSets/ProductSetSync.php(107): WooCommerce\Facebook\ProductSets\ProductSetSync->sync_all_wc_product_categories()
#3 /home1/pydrqhmy/thegiftara.com/wp-includes/class-wp-hook.php(341): WooCommerce\Facebook\ProductSets\ProductSetSync->sync_all_product_sets()
#4 /home1/pydrqhmy/thegiftara.com/wp-includes/class-wp-hook.php(365): WP_Hook->apply_filters(NULL, Array)
#5 /home1/pydrqhmy/thegiftara.com/wp-includes/plugin.php(570): WP_Hook->do_action(Array)
#6 /home1/pydrqhmy/thegiftara.com/wp-content/plugins/seo-by-rank-math/vendor/woocommerce/action-scheduler/classes/actions/ActionScheduler_Action.php(86): do_action_ref_array('facebook_for_wo...', Array)
#7 /home1/pydrqhmy/thegiftara.com/wp-content/plugins/seo-by-rank-math/vendor/woocommerce/action-scheduler/classes/abstracts/ActionScheduler_Abstract_QueueRunner.php(103): ActionScheduler_Action->execute()
#8 /home1/pydrqhmy/thegiftara.com/wp-content/plugins/seo-by-rank-math/vendor/woocommerce/action-scheduler/classes/ActionScheduler_QueueRunner.php(188): ActionScheduler_Abstract_QueueRunner->process_action(51250, 'WP Cron')
#9 /home1/pydrqhmy/thegiftara.com/wp-content/plugins/seo-by-rank-math/vendor/woocommerce/action-scheduler/classes/ActionScheduler_QueueRunner.php(158): ActionScheduler_QueueRunner->do_batch(25, 'WP Cron')
#10 /home1/pydrqhmy/thegiftara.com/wp-includes/class-wp-hook.php(341): ActionScheduler_QueueRunner->run('WP Cron')
#11 /home1/pydrqhmy/thegiftara.com/wp-includes/class-wp-hook.php(365): WP_Hook->apply_filters('', Array)
#12 /home1/pydrqhmy/thegiftara.com/wp-includes/plugin.php(570): WP_Hook->do_action(Array)
#13 /home1/pydrqhmy/thegiftara.com/wp-cron.php(191): do_action_ref_array('action_schedule...', Array)
#14 {main}
2025-12-22T03:48:25+00:00 NOTICE There was an error trying to get product set data in a catalog: Cannot create the API instance because the access token is missing.
2025-12-22T03:48:25+00:00 ERROR ProductSetSync exception: exception_code : 0; exception_class : WooCommerce\Facebook\Framework\Api\Exception: exception_message : Cannot create the API instance because the access token is missing.; exception_trace : #0 /home1/pydrqhmy/thegiftara.com/wp-content/plugins/facebook-for-woocommerce/includes/ProductSets/ProductSetSync.php(139): WC_Facebookcommerce->get_api()
#1 /home1/pydrqhmy/thegiftara.com/wp-content/plugins/facebook-for-woocommerce/includes/ProductSets/ProductSetSync.php(226): WooCommerce\Facebook\ProductSets\ProductSetSync->get_fb_product_set_id(Object(WP_Term))
#2 /home1/pydrqhmy/thegiftara.com/wp-content/plugins/facebook-for-woocommerce/includes/ProductSets/ProductSetSync.php(107): WooCommerce\Facebook\ProductSets\ProductSetSync->sync_all_wc_product_categories()
#3 /home1/pydrqhmy/thegiftara.com/wp-includes/class-wp-hook.php(341): WooCommerce\Facebook\ProductSets\ProductSetSync->sync_all_product_sets()
#4 /home1/pydrqhmy/thegiftara.com/wp-includes/class-wp-hook.php(365): WP_Hook->apply_filters(NULL, Array)
#5 /home1/pydrqhmy/thegiftara.com/wp-includes/plugin.php(570): WP_Hook->do_action(Array)
#6 /home1/pydrqhmy/thegiftara.com/wp-content/plugins/seo-by-rank-math/vendor/woocommerce/action-scheduler/classes/actions/ActionScheduler_Action.php(86): do_action_ref_array('facebook_for_wo...', Array)
#7 /home1/pydrqhmy/thegiftara.com/wp-content/plugins/seo-by-rank-math/vendor/woocommerce/action-scheduler/classes/abstracts/ActionScheduler_Abstract_QueueRunner.php(103): ActionScheduler_Action->execute()
#8 /home1/pydrqhmy/thegiftara.com/wp-content/plugins/seo-by-rank-math/vendor/woocommerce/action-scheduler/classes/ActionScheduler_QueueRunner.php(188): ActionScheduler_Abstract_QueueRunner->process_action(51250, 'WP Cron')
#9 /home1/pydrqhmy/thegiftara.com/wp-content/plugins/seo-by-rank-math/vendor/woocommerce/action-scheduler/classes/ActionScheduler_QueueRunner.php(158): ActionScheduler_QueueRunner->do_batch(25, 'WP Cron')
#10 /home1/pydrqhmy/thegiftara.com/wp-includes/class-wp-hook.php(341): ActionScheduler_QueueRunner->run('WP Cron')
#11 /home1/pydrqhmy/thegiftara.com/wp-includes/class-wp-hook.php(365): WP_Hook->apply_filters('', Array)
#12 /home1/pydrqhmy/thegiftara.com/wp-includes/plugin.php(570): WP_Hook->do_action(Array)
#13 /home1/pydrqhmy/thegiftara.com/wp-cron.php(191): do_action_ref_array('action_schedule...', Array)
#14 {main}
2025-12-22T03:48:25+00:00 NOTICE There was an error trying to get product set data in a catalog: Cannot create the API instance because the access token is missing.
2025-12-22T03:48:25+00:00 ERROR ProductSetSync exception: exception_code : 0; exception_class : WooCommerce\Facebook\Framework\Api\Exception: exception_message : Cannot create the API instance because the access token is missing.; exception_trace : #0 /home1/pydrqhmy/thegiftara.com/wp-content/plugins/facebook-for-woocommerce/includes/ProductSets/ProductSetSync.php(139): WC_Facebookcommerce->get_api()
#1 /home1/pydrqhmy/thegiftara.com/wp-content/plugins/facebook-for-woocommerce/includes/ProductSets/ProductSetSync.php(226): WooCommerce\Facebook\ProductSets\ProductSetSync->get_fb_product_set_id(Object(WP_Term))
#2 /home1/pydrqhmy/thegiftara.com/wp-content/plugins/facebook-for-woocommerce/includes/ProductSets/ProductSetSync.php(107): WooCommerce\Facebook\ProductSets\ProductSetSync->sync_all_wc_product_categories()
#3 /home1/pydrqhmy/thegiftara.com/wp-includes/class-wp-hook.php(341): WooCommerce\Facebook\ProductSets\ProductSetSync->sync_all_product_sets()
#4 /home1/pydrqhmy/thegiftara.com/wp-includes/class-wp-hook.php(365): WP_Hook->apply_filters(NULL, Array)
#5 /home1/pydrqhmy/thegiftara.com/wp-includes/plugin.php(570): WP_Hook->do_action(Array)
#6 /home1/pydrqhmy/thegiftara.com/wp-content/plugins/seo-by-rank-math/vendor/woocommerce/action-scheduler/classes/actions/ActionScheduler_Action.php(86): do_action_ref_array('facebook_for_wo...', Array)
#7 /home1/pydrqhmy/thegiftara.com/wp-content/plugins/seo-by-rank-math/vendor/woocommerce/action-scheduler/classes/abstracts/ActionScheduler_Abstract_QueueRunner.php(103): ActionScheduler_Action->execute()
#8 /home1/pydrqhmy/thegiftara.com/wp-content/plugins/seo-by-rank-math/vendor/woocommerce/action-scheduler/classes/ActionScheduler_QueueRunner.php(188): ActionScheduler_Abstract_QueueRunner->process_action(51250, 'WP Cron')
#9 /home1/pydrqhmy/thegiftara.com/wp-content/plugins/seo-by-rank-math/vendor/woocommerce/action-scheduler/classes/ActionScheduler_QueueRunner.php(158): ActionScheduler_QueueRunner->do_batch(25, 'WP Cron')
#10 /home1/pydrqhmy/thegiftara.com/wp-includes/class-wp-hook.php(341): ActionScheduler_QueueRunner->run('WP Cron')
#11 /home1/pydrqhmy/thegiftara.com/wp-includes/class-wp-hook.php(365): WP_Hook->apply_filters('', Array)
#12 /home1/pydrqhmy/thegiftara.com/wp-includes/plugin.php(570): WP_Hook->do_action(Array)
#13 /home1/pydrqhmy/thegiftara.com/wp-cron.php(191): do_action_ref_array('action_schedule...', Array)
#14 {main}
2025-12-22T03:48:25+00:00 NOTICE There was an error trying to get product set data in a catalog: Cannot create the API instance because the access token is missing.
2025-12-22T03:48:25+00:00 ERROR ProductSetSync exception: exception_code : 0; exception_class : WooCommerce\Facebook\Framework\Api\Exception: exception_message : Cannot create the API instance because the access token is missing.; exception_trace : #0 /home1/pydrqhmy/thegiftara.com/wp-content/plugins/facebook-for-woocommerce/includes/ProductSets/ProductSetSync.php(139): WC_Facebookcommerce->get_api()
#1 /home1/pydrqhmy/thegiftara.com/wp-content/plugins/facebook-for-woocommerce/includes/ProductSets/ProductSetSync.php(226): WooCommerce\Facebook\ProductSets\ProductSetSync->get_fb_product_set_id(Object(WP_Term))
#2 /home1/pydrqhmy/thegiftara.com/wp-content/plugins/facebook-for-woocommerce/includes/ProductSets/ProductSetSync.php(107): WooCommerce\Facebook\ProductSets\ProductSetSync->sync_all_wc_product_categories()
#3 /home1/pydrqhmy/thegiftara.com/wp-includes/class-wp-hook.php(341): WooCommerce\Facebook\ProductSets\ProductSetSync->sync_all_product_sets()
#4 /home1/pydrqhmy/thegiftara.com/wp-includes/class-wp-hook.php(365): WP_Hook->apply_filters(NULL, Array)
#5 /home1/pydrqhmy/thegiftara.com/wp-includes/plugin.php(570): WP_Hook->do_action(Array)
#6 /home1/pydrqhmy/thegiftara.com/wp-content/plugins/seo-by-rank-math/vendor/woocommerce/action-scheduler/classes/actions/ActionScheduler_Action.php(86): do_action_ref_array('facebook_for_wo...', Array)
#7 /home1/pydrqhmy/thegiftara.com/wp-content/plugins/seo-by-rank-math/vendor/woocommerce/action-scheduler/classes/abstracts/ActionScheduler_Abstract_QueueRunner.php(103): ActionScheduler_Action->execute()
#8 /home1/pydrqhmy/thegiftara.com/wp-content/plugins/seo-by-rank-math/vendor/woocommerce/action-scheduler/classes/ActionScheduler_QueueRunner.php(188): ActionScheduler_Abstract_QueueRunner->process_action(51250, 'WP Cron')
#9 /home1/pydrqhmy/thegiftara.com/wp-content/plugins/seo-by-rank-math/vendor/woocommerce/action-scheduler/classes/ActionScheduler_QueueRunner.php(158): ActionScheduler_QueueRunner->do_batch(25, 'WP Cron')
#10 /home1/pydrqhmy/thegiftara.com/wp-includes/class-wp-hook.php(341): ActionScheduler_QueueRunner->run('WP Cron')
#11 /home1/pydrqhmy/thegiftara.com/wp-includes/class-wp-hook.php(365): WP_Hook->apply_filters('', Array)
#12 /home1/pydrqhmy/thegiftara.com/wp-includes/plugin.php(570): WP_Hook->do_action(Array)
#13 /home1/pydrqhmy/thegiftara.com/wp-cron.php(191): do_action_ref_array('action_schedule...', Array)
#14 {main}
2025-12-22T03:48:25+00:00 NOTICE There was an error trying to get product set data in a catalog: Cannot create the API instance because the access token is missing.
2025-12-22T03:48:25+00:00 ERROR ProductSetSync exception: exception_code : 0; exception_class : WooCommerce\Facebook\Framework\Api\Exception: exception_message : Cannot create the API instance because the access token is missing.; exception_trace : #0 /home1/pydrqhmy/thegiftara.com/wp-content/plugins/facebook-for-woocommerce/includes/ProductSets/ProductSetSync.php(139): WC_Facebookcommerce->get_api()
#1 /home1/pydrqhmy/thegiftara.com/wp-content/plugins/facebook-for-woocommerce/includes/ProductSets/ProductSetSync.php(226): WooCommerce\Facebook\ProductSets\ProductSetSync->get_fb_product_set_id(Object(WP_Term))
#2 /home1/pydrqhmy/thegiftara.com/wp-content/plugins/facebook-for-woocommerce/includes/ProductSets/ProductSetSync.php(107): WooCommerce\Facebook\ProductSets\ProductSetSync->sync_all_wc_product_categories()
#3 /home1/pydrqhmy/thegiftara.com/wp-includes/class-wp-hook.php(341): WooCommerce\Facebook\ProductSets\ProductSetSync->sync_all_product_sets()
#4 /home1/pydrqhmy/thegiftara.com/wp-includes/class-wp-hook.php(365): WP_Hook->apply_filters(NULL, Array)
#5 /home1/pydrqhmy/thegiftara.com/wp-includes/plugin.php(570): WP_Hook->do_action(Array)
#6 /home1/pydrqhmy/thegiftara.com/wp-content/plugins/seo-by-rank-math/vendor/woocommerce/action-scheduler/classes/actions/ActionScheduler_Action.php(86): do_action_ref_array('facebook_for_wo...', Array)
#7 /home1/pydrqhmy/thegiftara.com/wp-content/plugins/seo-by-rank-math/vendor/woocommerce/action-scheduler/classes/abstracts/ActionScheduler_Abstract_QueueRunner.php(103): ActionScheduler_Action->execute()
#8 /home1/pydrqhmy/thegiftara.com/wp-content/plugins/seo-by-rank-math/vendor/woocommerce/action-scheduler/classes/ActionScheduler_QueueRunner.php(188): ActionScheduler_Abstract_QueueRunner->process_action(51250, 'WP Cron')
#9 /home1/pydrqhmy/thegiftara.com/wp-content/plugins/seo-by-rank-math/vendor/woocommerce/action-scheduler/classes/ActionScheduler_QueueRunner.php(158): ActionScheduler_QueueRunner->do_batch(25, 'WP Cron')
#10 /home1/pydrqhmy/thegiftara.com/wp-includes/class-wp-hook.php(341): ActionScheduler_QueueRunner->run('WP Cron')
#11 /home1/pydrqhmy/thegiftara.com/wp-includes/class-wp-hook.php(365): WP_Hook->apply_filters('', Array)
#12 /home1/pydrqhmy/thegiftara.com/wp-includes/plugin.php(570): WP_Hook->do_action(Array)
#13 /home1/pydrqhmy/thegiftara.com/wp-cron.php(191): do_action_ref_array('action_schedule...', Array)
#14 {main}
2025-12-22T03:48:25+00:00 NOTICE There was an error trying to get product set data in a catalog: Cannot create the API instance because the access token is missing.
2025-12-22T03:48:25+00:00 ERROR ProductSetSync exception: exception_code : 0; exception_class : WooCommerce\Facebook\Framework\Api\Exception: exception_message : Cannot create the API instance because the access token is missing.; exception_trace : #0 /home1/pydrqhmy/thegiftara.com/wp-content/plugins/facebook-for-woocommerce/includes/ProductSets/ProductSetSync.php(139): WC_Facebookcommerce->get_api()
#1 /home1/pydrqhmy/thegiftara.com/wp-content/plugins/facebook-for-woocommerce/includes/ProductSets/ProductSetSync.php(226): WooCommerce\Facebook\ProductSets\ProductSetSync->get_fb_product_set_id(Object(WP_Term))
#2 /home1/pydrqhmy/thegiftara.com/wp-content/plugins/facebook-for-woocommerce/includes/ProductSets/ProductSetSync.php(107): WooCommerce\Facebook\ProductSets\ProductSetSync->sync_all_wc_product_categories()
#3 /home1/pydrqhmy/thegiftara.com/wp-includes/class-wp-hook.php(341): WooCommerce\Facebook\ProductSets\ProductSetSync->sync_all_product_sets()
#4 /home1/pydrqhmy/thegiftara.com/wp-includes/class-wp-hook.php(365): WP_Hook->apply_filters(NULL, Array)
#5 /home1/pydrqhmy/thegiftara.com/wp-includes/plugin.php(570): WP_Hook->do_action(Array)
#6 /home1/pydrqhmy/thegiftara.com/wp-content/plugins/seo-by-rank-math/vendor/woocommerce/action-scheduler/classes/actions/ActionScheduler_Action.php(86): do_action_ref_array('facebook_for_wo...', Array)
#7 /home1/pydrqhmy/thegiftara.com/wp-content/plugins/seo-by-rank-math/vendor/woocommerce/action-scheduler/classes/abstracts/ActionScheduler_Abstract_QueueRunner.php(103): ActionScheduler_Action->execute()
#8 /home1/pydrqhmy/thegiftara.com/wp-content/plugins/seo-by-rank-math/vendor/woocommerce/action-scheduler/classes/ActionScheduler_QueueRunner.php(188): ActionScheduler_Abstract_QueueRunner->process_action(51250, 'WP Cron')
#9 /home1/pydrqhmy/thegiftara.com/wp-content/plugins/seo-by-rank-math/vendor/woocommerce/action-scheduler/classes/ActionScheduler_QueueRunner.php(158): ActionScheduler_QueueRunner->do_batch(25, 'WP Cron')
#10 /home1/pydrqhmy/thegiftara.com/wp-includes/class-wp-hook.php(341): ActionScheduler_QueueRunner->run('WP Cron')
#11 /home1/pydrqhmy/thegiftara.com/wp-includes/class-wp-hook.php(365): WP_Hook->apply_filters('', Array)
#12 /home1/pydrqhmy/thegiftara.com/wp-includes/plugin.php(570): WP_Hook->do_action(Array)
#13 /home1/pydrqhmy/thegiftara.com/wp-cron.php(191): do_action_ref_array('action_schedule...', Array)
#14 {main}
2025-12-22T03:48:25+00:00 NOTICE There was an error trying to get product set data in a catalog: Cannot create the API instance because the access token is missing.
2025-12-22T03:48:25+00:00 ERROR ProductSetSync exception: exception_code : 0; exception_class : WooCommerce\Facebook\Framework\Api\Exception: exception_message : Cannot create the API instance because the access token is missing.; exception_trace : #0 /home1/pydrqhmy/thegiftara.com/wp-content/plugins/facebook-for-woocommerce/includes/ProductSets/ProductSetSync.php(139): WC_Facebookcommerce->get_api()
#1 /home1/pydrqhmy/thegiftara.com/wp-content/plugins/facebook-for-woocommerce/includes/ProductSets/ProductSetSync.php(226): WooCommerce\Facebook\ProductSets\ProductSetSync->get_fb_product_set_id(Object(WP_Term))
#2 /home1/pydrqhmy/thegiftara.com/wp-content/plugins/facebook-for-woocommerce/includes/ProductSets/ProductSetSync.php(107): WooCommerce\Facebook\ProductSets\ProductSetSync->sync_all_wc_product_categories()
#3 /home1/pydrqhmy/thegiftara.com/wp-includes/class-wp-hook.php(341): WooCommerce\Facebook\ProductSets\ProductSetSync->sync_all_product_sets()
#4 /home1/pydrqhmy/thegiftara.com/wp-includes/class-wp-hook.php(365): WP_Hook->apply_filters(NULL, Array)
#5 /home1/pydrqhmy/thegiftara.com/wp-includes/plugin.php(570): WP_Hook->do_action(Array)
#6 /home1/pydrqhmy/thegiftara.com/wp-content/plugins/seo-by-rank-math/vendor/woocommerce/action-scheduler/classes/actions/ActionScheduler_Action.php(86): do_action_ref_array('facebook_for_wo...', Array)
#7 /home1/pydrqhmy/thegiftara.com/wp-content/plugins/seo-by-rank-math/vendor/woocommerce/action-scheduler/classes/abstracts/ActionScheduler_Abstract_QueueRunner.php(103): ActionScheduler_Action->execute()
#8 /home1/pydrqhmy/thegiftara.com/wp-content/plugins/seo-by-rank-math/vendor/woocommerce/action-scheduler/classes/ActionScheduler_QueueRunner.php(188): ActionScheduler_Abstract_QueueRunner->process_action(51250, 'WP Cron')
#9 /home1/pydrqhmy/thegiftara.com/wp-content/plugins/seo-by-rank-math/vendor/woocommerce/action-scheduler/classes/ActionScheduler_QueueRunner.php(158): ActionScheduler_QueueRunner->do_batch(25, 'WP Cron')
#10 /home1/pydrqhmy/thegiftara.com/wp-includes/class-wp-hook.php(341): ActionScheduler_QueueRunner->run('WP Cron')
#11 /home1/pydrqhmy/thegiftara.com/wp-includes/class-wp-hook.php(365): WP_Hook->apply_filters('', Array)
#12 /home1/pydrqhmy/thegiftara.com/wp-includes/plugin.php(570): WP_Hook->do_action(Array)
#13 /home1/pydrqhmy/thegiftara.com/wp-cron.php(191): do_action_ref_array('action_schedule...', Array)
#14 {main}
2025-12-22T03:48:25+00:00 NOTICE There was an error trying to get product set data in a catalog: Cannot create the API instance because the access token is missing.
2025-12-22T03:48:25+00:00 ERROR ProductSetSync exception: exception_code : 0; exception_class : WooCommerce\Facebook\Framework\Api\Exception: exception_message : Cannot create the API instance because the access token is missing.; exception_trace : #0 /home1/pydrqhmy/thegiftara.com/wp-content/plugins/facebook-for-woocommerce/includes/ProductSets/ProductSetSync.php(139): WC_Facebookcommerce->get_api()
#1 /home1/pydrqhmy/thegiftara.com/wp-content/plugins/facebook-for-woocommerce/includes/ProductSets/ProductSetSync.php(226): WooCommerce\Facebook\ProductSets\ProductSetSync->get_fb_product_set_id(Object(WP_Term))
#2 /home1/pydrqhmy/thegiftara.com/wp-content/plugins/facebook-for-woocommerce/includes/ProductSets/ProductSetSync.php(107): WooCommerce\Facebook\ProductSets\ProductSetSync->sync_all_wc_product_categories()
#3 /home1/pydrqhmy/thegiftara.com/wp-includes/class-wp-hook.php(341): WooCommerce\Facebook\ProductSets\ProductSetSync->sync_all_product_sets()
#4 /home1/pydrqhmy/thegiftara.com/wp-includes/class-wp-hook.php(365): WP_Hook->apply_filters(NULL, Array)
#5 /home1/pydrqhmy/thegiftara.com/wp-includes/plugin.php(570): WP_Hook->do_action(Array)
#6 /home1/pydrqhmy/thegiftara.com/wp-content/plugins/seo-by-rank-math/vendor/woocommerce/action-scheduler/classes/actions/ActionScheduler_Action.php(86): do_action_ref_array('facebook_for_wo...', Array)
#7 /home1/pydrqhmy/thegiftara.com/wp-content/plugins/seo-by-rank-math/vendor/woocommerce/action-scheduler/classes/abstracts/ActionScheduler_Abstract_QueueRunner.php(103): ActionScheduler_Action->execute()
#8 /home1/pydrqhmy/thegiftara.com/wp-content/plugins/seo-by-rank-math/vendor/woocommerce/action-scheduler/classes/ActionScheduler_QueueRunner.php(188): ActionScheduler_Abstract_QueueRunner->process_action(51250, 'WP Cron')
#9 /home1/pydrqhmy/thegiftara.com/wp-content/plugins/seo-by-rank-math/vendor/woocommerce/action-scheduler/classes/ActionScheduler_QueueRunner.php(158): ActionScheduler_QueueRunner->do_batch(25, 'WP Cron')
#10 /home1/pydrqhmy/thegiftara.com/wp-includes/class-wp-hook.php(341): ActionScheduler_QueueRunner->run('WP Cron')
#11 /home1/pydrqhmy/thegiftara.com/wp-includes/class-wp-hook.php(365): WP_Hook->apply_filters('', Array)
#12 /home1/pydrqhmy/thegiftara.com/wp-includes/plugin.php(570): WP_Hook->do_action(Array)
#13 /home1/pydrqhmy/thegiftara.com/wp-cron.php(191): do_action_ref_array('action_schedule...', Array)
#14 {main}
2025-12-22T03:48:25+00:00 NOTICE There was an error trying to get product set data in a catalog: Cannot create the API instance because the access token is missing.
2025-12-22T03:48:25+00:00 ERROR ProductSetSync exception: exception_code : 0; exception_class : WooCommerce\Facebook\Framework\Api\Exception: exception_message : Cannot create the API instance because the access token is missing.; exception_trace : #0 /home1/pydrqhmy/thegiftara.com/wp-content/plugins/facebook-for-woocommerce/includes/ProductSets/ProductSetSync.php(139): WC_Facebookcommerce->get_api()
#1 /home1/pydrqhmy/thegiftara.com/wp-content/plugins/facebook-for-woocommerce/includes/ProductSets/ProductSetSync.php(226): WooCommerce\Facebook\ProductSets\ProductSetSync->get_fb_product_set_id(Object(WP_Term))
#2 /home1/pydrqhmy/thegiftara.com/wp-content/plugins/facebook-for-woocommerce/includes/ProductSets/ProductSetSync.php(107): WooCommerce\Facebook\ProductSets\ProductSetSync->sync_all_wc_product_categories()
#3 /home1/pydrqhmy/thegiftara.com/wp-includes/class-wp-hook.php(341): WooCommerce\Facebook\ProductSets\ProductSetSync->sync_all_product_sets()
#4 /home1/pydrqhmy/thegiftara.com/wp-includes/class-wp-hook.php(365): WP_Hook->apply_filters(NULL, Array)
#5 /home1/pydrqhmy/thegiftara.com/wp-includes/plugin.php(570): WP_Hook->do_action(Array)
#6 /home1/pydrqhmy/thegiftara.com/wp-content/plugins/seo-by-rank-math/vendor/woocommerce/action-scheduler/classes/actions/ActionScheduler_Action.php(86): do_action_ref_array('facebook_for_wo...', Array)
#7 /home1/pydrqhmy/thegiftara.com/wp-content/plugins/seo-by-rank-math/vendor/woocommerce/action-scheduler/classes/abstracts/ActionScheduler_Abstract_QueueRunner.php(103): ActionScheduler_Action->execute()
#8 /home1/pydrqhmy/thegiftara.com/wp-content/plugins/seo-by-rank-math/vendor/woocommerce/action-scheduler/classes/ActionScheduler_QueueRunner.php(188): ActionScheduler_Abstract_QueueRunner->process_action(51250, 'WP Cron')
#9 /home1/pydrqhmy/thegiftara.com/wp-content/plugins/seo-by-rank-math/vendor/woocommerce/action-scheduler/classes/ActionScheduler_QueueRunner.php(158): ActionScheduler_QueueRunner->do_batch(25, 'WP Cron')
#10 /home1/pydrqhmy/thegiftara.com/wp-includes/class-wp-hook.php(341): ActionScheduler_QueueRunner->run('WP Cron')
#11 /home1/pydrqhmy/thegiftara.com/wp-includes/class-wp-hook.php(365): WP_Hook->apply_filters('', Array)
#12 /home1/pydrqhmy/thegiftara.com/wp-includes/plugin.php(570): WP_Hook->do_action(Array)
#13 /home1/pydrqhmy/thegiftara.com/wp-cron.php(191): do_action_ref_array('action_schedule...', Array)
#14 {main}
2025-12-22T03:48:25+00:00 NOTICE There was an error trying to get product set data in a catalog: Cannot create the API instance because the access token is missing.
2025-12-22T03:48:25+00:00 ERROR ProductSetSync exception: exception_code : 0; exception_class : WooCommerce\Facebook\Framework\Api\Exception: exception_message : Cannot create the API instance because the access token is missing.; exception_trace : #0 /home1/pydrqhmy/thegiftara.com/wp-content/plugins/facebook-for-woocommerce/includes/ProductSets/ProductSetSync.php(139): WC_Facebookcommerce->get_api()
#1 /home1/pydrqhmy/thegiftara.com/wp-content/plugins/facebook-for-woocommerce/includes/ProductSets/ProductSetSync.php(226): WooCommerce\Facebook\ProductSets\ProductSetSync->get_fb_product_set_id(Object(WP_Term))
#2 /home1/pydrqhmy/thegiftara.com/wp-content/plugins/facebook-for-woocommerce/includes/ProductSets/ProductSetSync.php(107): WooCommerce\Facebook\ProductSets\ProductSetSync->sync_all_wc_product_categories()
#3 /home1/pydrqhmy/thegiftara.com/wp-includes/class-wp-hook.php(341): WooCommerce\Facebook\ProductSets\ProductSetSync->sync_all_product_sets()
#4 /home1/pydrqhmy/thegiftara.com/wp-includes/class-wp-hook.php(365): WP_Hook->apply_filters(NULL, Array)
#5 /home1/pydrqhmy/thegiftara.com/wp-includes/plugin.php(570): WP_Hook->do_action(Array)
#6 /home1/pydrqhmy/thegiftara.com/wp-content/plugins/seo-by-rank-math/vendor/woocommerce/action-scheduler/classes/actions/ActionScheduler_Action.php(86): do_action_ref_array('facebook_for_wo...', Array)
#7 /home1/pydrqhmy/thegiftara.com/wp-content/plugins/seo-by-rank-math/vendor/woocommerce/action-scheduler/classes/abstracts/ActionScheduler_Abstract_QueueRunner.php(103): ActionScheduler_Action->execute()
#8 /home1/pydrqhmy/thegiftara.com/wp-content/plugins/seo-by-rank-math/vendor/woocommerce/action-scheduler/classes/ActionScheduler_QueueRunner.php(188): ActionScheduler_Abstract_QueueRunner->process_action(51250, 'WP Cron')
#9 /home1/pydrqhmy/thegiftara.com/wp-content/plugins/seo-by-rank-math/vendor/woocommerce/action-scheduler/classes/ActionScheduler_QueueRunner.php(158): ActionScheduler_QueueRunner->do_batch(25, 'WP Cron')
#10 /home1/pydrqhmy/thegiftara.com/wp-includes/class-wp-hook.php(341): ActionScheduler_QueueRunner->run('WP Cron')
#11 /home1/pydrqhmy/thegiftara.com/wp-includes/class-wp-hook.php(365): WP_Hook->apply_filters('', Array)
#12 /home1/pydrqhmy/thegiftara.com/wp-includes/plugin.php(570): WP_Hook->do_action(Array)
#13 /home1/pydrqhmy/thegiftara.com/wp-cron.php(191): do_action_ref_array('action_schedule...', Array)
#14 {main}
2025-12-22T03:48:25+00:00 NOTICE There was an error trying to get product set data in a catalog: Cannot create the API instance because the access token is missing.
2025-12-22T03:48:25+00:00 ERROR ProductSetSync exception: exception_code : 0; exception_class : WooCommerce\Facebook\Framework\Api\Exception: exception_message : Cannot create the API instance because the access token is missing.; exception_trace : #0 /home1/pydrqhmy/thegiftara.com/wp-content/plugins/facebook-for-woocommerce/includes/ProductSets/ProductSetSync.php(139): WC_Facebookcommerce->get_api()
#1 /home1/pydrqhmy/thegiftara.com/wp-content/plugins/facebook-for-woocommerce/includes/ProductSets/ProductSetSync.php(226): WooCommerce\Facebook\ProductSets\ProductSetSync->get_fb_product_set_id(Object(WP_Term))
#2 /home1/pydrqhmy/thegiftara.com/wp-content/plugins/facebook-for-woocommerce/includes/ProductSets/ProductSetSync.php(107): WooCommerce\Facebook\ProductSets\ProductSetSync->sync_all_wc_product_categories()
#3 /home1/pydrqhmy/thegiftara.com/wp-includes/class-wp-hook.php(341): WooCommerce\Facebook\ProductSets\ProductSetSync->sync_all_product_sets()
#4 /home1/pydrqhmy/thegiftara.com/wp-includes/class-wp-hook.php(365): WP_Hook->apply_filters(NULL, Array)
#5 /home1/pydrqhmy/thegiftara.com/wp-includes/plugin.php(570): WP_Hook->do_action(Array)
#6 /home1/pydrqhmy/thegiftara.com/wp-content/plugins/seo-by-rank-math/vendor/woocommerce/action-scheduler/classes/actions/ActionScheduler_Action.php(86): do_action_ref_array('facebook_for_wo...', Array)
#7 /home1/pydrqhmy/thegiftara.com/wp-content/plugins/seo-by-rank-math/vendor/woocommerce/action-scheduler/classes/abstracts/ActionScheduler_Abstract_QueueRunner.php(103): ActionScheduler_Action->execute()
#8 /home1/pydrqhmy/thegiftara.com/wp-content/plugins/seo-by-rank-math/vendor/woocommerce/action-scheduler/classes/ActionScheduler_QueueRunner.php(188): ActionScheduler_Abstract_QueueRunner->process_action(51250, 'WP Cron')
#9 /home1/pydrqhmy/thegiftara.com/wp-content/plugins/seo-by-rank-math/vendor/woocommerce/action-scheduler/classes/ActionScheduler_QueueRunner.php(158): ActionScheduler_QueueRunner->do_batch(25, 'WP Cron')
#10 /home1/pydrqhmy/thegiftara.com/wp-includes/class-wp-hook.php(341): ActionScheduler_QueueRunner->run('WP Cron')
#11 /home1/pydrqhmy/thegiftara.com/wp-includes/class-wp-hook.php(365): WP_Hook->apply_filters('', Array)
#12 /home1/pydrqhmy/thegiftara.com/wp-includes/plugin.php(570): WP_Hook->do_action(Array)
#13 /home1/pydrqhmy/thegiftara.com/wp-cron.php(191): do_action_ref_array('action_schedule...', Array)
#14 {main}
2025-12-22T03:48:25+00:00 NOTICE There was an error trying to get product set data in a catalog: Cannot create the API instance because the access token is missing.
2025-12-22T03:48:25+00:00 ERROR ProductSetSync exception: exception_code : 0; exception_class : WooCommerce\Facebook\Framework\Api\Exception: exception_message : Cannot create the API instance because the access token is missing.; exception_trace : #0 /home1/pydrqhmy/thegiftara.com/wp-content/plugins/facebook-for-woocommerce/includes/ProductSets/ProductSetSync.php(139): WC_Facebookcommerce->get_api()
#1 /home1/pydrqhmy/thegiftara.com/wp-content/plugins/facebook-for-woocommerce/includes/ProductSets/ProductSetSync.php(226): WooCommerce\Facebook\ProductSets\ProductSetSync->get_fb_product_set_id(Object(WP_Term))
#2 /home1/pydrqhmy/thegiftara.com/wp-content/plugins/facebook-for-woocommerce/includes/ProductSets/ProductSetSync.php(107): WooCommerce\Facebook\ProductSets\ProductSetSync->sync_all_wc_product_categories()
#3 /home1/pydrqhmy/thegiftara.com/wp-includes/class-wp-hook.php(341): WooCommerce\Facebook\ProductSets\ProductSetSync->sync_all_product_sets()
#4 /home1/pydrqhmy/thegiftara.com/wp-includes/class-wp-hook.php(365): WP_Hook->apply_filters(NULL, Array)
#5 /home1/pydrqhmy/thegiftara.com/wp-includes/plugin.php(570): WP_Hook->do_action(Array)
#6 /home1/pydrqhmy/thegiftara.com/wp-content/plugins/seo-by-rank-math/vendor/woocommerce/action-scheduler/classes/actions/ActionScheduler_Action.php(86): do_action_ref_array('facebook_for_wo...', Array)
#7 /home1/pydrqhmy/thegiftara.com/wp-content/plugins/seo-by-rank-math/vendor/woocommerce/action-scheduler/classes/abstracts/ActionScheduler_Abstract_QueueRunner.php(103): ActionScheduler_Action->execute()
#8 /home1/pydrqhmy/thegiftara.com/wp-content/plugins/seo-by-rank-math/vendor/woocommerce/action-scheduler/classes/ActionScheduler_QueueRunner.php(188): ActionScheduler_Abstract_QueueRunner->process_action(51250, 'WP Cron')
#9 /home1/pydrqhmy/thegiftara.com/wp-content/plugins/seo-by-rank-math/vendor/woocommerce/action-scheduler/classes/ActionScheduler_QueueRunner.php(158): ActionScheduler_QueueRunner->do_batch(25, 'WP Cron')
#10 /home1/pydrqhmy/thegiftara.com/wp-includes/class-wp-hook.php(341): ActionScheduler_QueueRunner->run('WP Cron')
#11 /home1/pydrqhmy/thegiftara.com/wp-includes/class-wp-hook.php(365): WP_Hook->apply_filters('', Array)
#12 /home1/pydrqhmy/thegiftara.com/wp-includes/plugin.php(570): WP_Hook->do_action(Array)
#13 /home1/pydrqhmy/thegiftara.com/wp-cron.php(191): do_action_ref_array('action_schedule...', Array)
#14 {main}
2025-12-22T03:48:25+00:00 NOTICE There was an error trying to get product set data in a catalog: Cannot create the API instance because the access token is missing.
2025-12-22T03:48:25+00:00 ERROR ProductSetSync exception: exception_code : 0; exception_class : WooCommerce\Facebook\Framework\Api\Exception: exception_message : Cannot create the API instance because the access token is missing.; exception_trace : #0 /home1/pydrqhmy/thegiftara.com/wp-content/plugins/facebook-for-woocommerce/includes/ProductSets/ProductSetSync.php(139): WC_Facebookcommerce->get_api()
#1 /home1/pydrqhmy/thegiftara.com/wp-content/plugins/facebook-for-woocommerce/includes/ProductSets/ProductSetSync.php(226): WooCommerce\Facebook\ProductSets\ProductSetSync->get_fb_product_set_id(Object(WP_Term))
#2 /home1/pydrqhmy/thegiftara.com/wp-content/plugins/facebook-for-woocommerce/includes/ProductSets/ProductSetSync.php(107): WooCommerce\Facebook\ProductSets\ProductSetSync->sync_all_wc_product_categories()
#3 /home1/pydrqhmy/thegiftara.com/wp-includes/class-wp-hook.php(341): WooCommerce\Facebook\ProductSets\ProductSetSync->sync_all_product_sets()
#4 /home1/pydrqhmy/thegiftara.com/wp-includes/class-wp-hook.php(365): WP_Hook->apply_filters(NULL, Array)
#5 /home1/pydrqhmy/thegiftara.com/wp-includes/plugin.php(570): WP_Hook->do_action(Array)
#6 /home1/pydrqhmy/thegiftara.com/wp-content/plugins/seo-by-rank-math/vendor/woocommerce/action-scheduler/classes/actions/ActionScheduler_Action.php(86): do_action_ref_array('facebook_for_wo...', Array)
#7 /home1/pydrqhmy/thegiftara.com/wp-content/plugins/seo-by-rank-math/vendor/woocommerce/action-scheduler/classes/abstracts/ActionScheduler_Abstract_QueueRunner.php(103): ActionScheduler_Action->execute()
#8 /home1/pydrqhmy/thegiftara.com/wp-content/plugins/seo-by-rank-math/vendor/woocommerce/action-scheduler/classes/ActionScheduler_QueueRunner.php(188): ActionScheduler_Abstract_QueueRunner->process_action(51250, 'WP Cron')
#9 /home1/pydrqhmy/thegiftara.com/wp-content/plugins/seo-by-rank-math/vendor/woocommerce/action-scheduler/classes/ActionScheduler_QueueRunner.php(158): ActionScheduler_QueueRunner->do_batch(25, 'WP Cron')
#10 /home1/pydrqhmy/thegiftara.com/wp-includes/class-wp-hook.php(341): ActionScheduler_QueueRunner->run('WP Cron')
#11 /home1/pydrqhmy/thegiftara.com/wp-includes/class-wp-hook.php(365): WP_Hook->apply_filters('', Array)
#12 /home1/pydrqhmy/thegiftara.com/wp-includes/plugin.php(570): WP_Hook->do_action(Array)
#13 /home1/pydrqhmy/thegiftara.com/wp-cron.php(191): do_action_ref_array('action_schedule...', Array)
#14 {main}
2025-12-22T03:48:25+00:00 NOTICE There was an error trying to get product set data in a catalog: Cannot create the API instance because the access token is missing.
2025-12-22T03:48:25+00:00 ERROR ProductSetSync exception: exception_code : 0; exception_class : WooCommerce\Facebook\Framework\Api\Exception: exception_message : Cannot create the API instance because the access token is missing.; exception_trace : #0 /home1/pydrqhmy/thegiftara.com/wp-content/plugins/facebook-for-woocommerce/includes/ProductSets/ProductSetSync.php(139): WC_Facebookcommerce->get_api()
#1 /home1/pydrqhmy/thegiftara.com/wp-content/plugins/facebook-for-woocommerce/includes/ProductSets/ProductSetSync.php(226): WooCommerce\Facebook\ProductSets\ProductSetSync->get_fb_product_set_id(Object(WP_Term))
#2 /home1/pydrqhmy/thegiftara.com/wp-content/plugins/facebook-for-woocommerce/includes/ProductSets/ProductSetSync.php(107): WooCommerce\Facebook\ProductSets\ProductSetSync->sync_all_wc_product_categories()
#3 /home1/pydrqhmy/thegiftara.com/wp-includes/class-wp-hook.php(341): WooCommerce\Facebook\ProductSets\ProductSetSync->sync_all_product_sets()
#4 /home1/pydrqhmy/thegiftara.com/wp-includes/class-wp-hook.php(365): WP_Hook->apply_filters(NULL, Array)
#5 /home1/pydrqhmy/thegiftara.com/wp-includes/plugin.php(570): WP_Hook->do_action(Array)
#6 /home1/pydrqhmy/thegiftara.com/wp-content/plugins/seo-by-rank-math/vendor/woocommerce/action-scheduler/classes/actions/ActionScheduler_Action.php(86): do_action_ref_array('facebook_for_wo...', Array)
#7 /home1/pydrqhmy/thegiftara.com/wp-content/plugins/seo-by-rank-math/vendor/woocommerce/action-scheduler/classes/abstracts/ActionScheduler_Abstract_QueueRunner.php(103): ActionScheduler_Action->execute()
#8 /home1/pydrqhmy/thegiftara.com/wp-content/plugins/seo-by-rank-math/vendor/woocommerce/action-scheduler/classes/ActionScheduler_QueueRunner.php(188): ActionScheduler_Abstract_QueueRunner->process_action(51250, 'WP Cron')
#9 /home1/pydrqhmy/thegiftara.com/wp-content/plugins/seo-by-rank-math/vendor/woocommerce/action-scheduler/classes/ActionScheduler_QueueRunner.php(158): ActionScheduler_QueueRunner->do_batch(25, 'WP Cron')
#10 /home1/pydrqhmy/thegiftara.com/wp-includes/class-wp-hook.php(341): ActionScheduler_QueueRunner->run('WP Cron')
#11 /home1/pydrqhmy/thegiftara.com/wp-includes/class-wp-hook.php(365): WP_Hook->apply_filters('', Array)
#12 /home1/pydrqhmy/thegiftara.com/wp-includes/plugin.php(570): WP_Hook->do_action(Array)
#13 /home1/pydrqhmy/thegiftara.com/wp-cron.php(191): do_action_ref_array('action_schedule...', Array)
#14 {main}
2025-12-22T03:48:25+00:00 NOTICE There was an error trying to get product set data in a catalog: Cannot create the API instance because the access token is missing.
2025-12-22T03:48:25+00:00 ERROR ProductSetSync exception: exception_code : 0; exception_class : WooCommerce\Facebook\Framework\Api\Exception: exception_message : Cannot create the API instance because the access token is missing.; exception_trace : #0 /home1/pydrqhmy/thegiftara.com/wp-content/plugins/facebook-for-woocommerce/includes/ProductSets/ProductSetSync.php(139): WC_Facebookcommerce->get_api()
#1 /home1/pydrqhmy/thegiftara.com/wp-content/plugins/facebook-for-woocommerce/includes/ProductSets/ProductSetSync.php(226): WooCommerce\Facebook\ProductSets\ProductSetSync->get_fb_product_set_id(Object(WP_Term))
#2 /home1/pydrqhmy/thegiftara.com/wp-content/plugins/facebook-for-woocommerce/includes/ProductSets/ProductSetSync.php(107): WooCommerce\Facebook\ProductSets\ProductSetSync->sync_all_wc_product_categories()
#3 /home1/pydrqhmy/thegiftara.com/wp-includes/class-wp-hook.php(341): WooCommerce\Facebook\ProductSets\ProductSetSync->sync_all_product_sets()
#4 /home1/pydrqhmy/thegiftara.com/wp-includes/class-wp-hook.php(365): WP_Hook->apply_filters(NULL, Array)
#5 /home1/pydrqhmy/thegiftara.com/wp-includes/plugin.php(570): WP_Hook->do_action(Array)
#6 /home1/pydrqhmy/thegiftara.com/wp-content/plugins/seo-by-rank-math/vendor/woocommerce/action-scheduler/classes/actions/ActionScheduler_Action.php(86): do_action_ref_array('facebook_for_wo...', Array)
#7 /home1/pydrqhmy/thegiftara.com/wp-content/plugins/seo-by-rank-math/vendor/woocommerce/action-scheduler/classes/abstracts/ActionScheduler_Abstract_QueueRunner.php(103): ActionScheduler_Action->execute()
#8 /home1/pydrqhmy/thegiftara.com/wp-content/plugins/seo-by-rank-math/vendor/woocommerce/action-scheduler/classes/ActionScheduler_QueueRunner.php(188): ActionScheduler_Abstract_QueueRunner->process_action(51250, 'WP Cron')
#9 /home1/pydrqhmy/thegiftara.com/wp-content/plugins/seo-by-rank-math/vendor/woocommerce/action-scheduler/classes/ActionScheduler_QueueRunner.php(158): ActionScheduler_QueueRunner->do_batch(25, 'WP Cron')
#10 /home1/pydrqhmy/thegiftara.com/wp-includes/class-wp-hook.php(341): ActionScheduler_QueueRunner->run('WP Cron')
#11 /home1/pydrqhmy/thegiftara.com/wp-includes/class-wp-hook.php(365): WP_Hook->apply_filters('', Array)
#12 /home1/pydrqhmy/thegiftara.com/wp-includes/plugin.php(570): WP_Hook->do_action(Array)
#13 /home1/pydrqhmy/thegiftara.com/wp-cron.php(191): do_action_ref_array('action_schedule...', Array)
#14 {main}
2025-12-22T03:48:25+00:00 NOTICE There was an error trying to get product set data in a catalog: Cannot create the API instance because the access token is missing.
2025-12-22T03:48:25+00:00 ERROR ProductSetSync exception: exception_code : 0; exception_class : WooCommerce\Facebook\Framework\Api\Exception: exception_message : Cannot create the API instance because the access token is missing.; exception_trace : #0 /home1/pydrqhmy/thegiftara.com/wp-content/plugins/facebook-for-woocommerce/includes/ProductSets/ProductSetSync.php(139): WC_Facebookcommerce->get_api()
#1 /home1/pydrqhmy/thegiftara.com/wp-content/plugins/facebook-for-woocommerce/includes/ProductSets/ProductSetSync.php(226): WooCommerce\Facebook\ProductSets\ProductSetSync->get_fb_product_set_id(Object(WP_Term))
#2 /home1/pydrqhmy/thegiftara.com/wp-content/plugins/facebook-for-woocommerce/includes/ProductSets/ProductSetSync.php(107): WooCommerce\Facebook\ProductSets\ProductSetSync->sync_all_wc_product_categories()
#3 /home1/pydrqhmy/thegiftara.com/wp-includes/class-wp-hook.php(341): WooCommerce\Facebook\ProductSets\ProductSetSync->sync_all_product_sets()
#4 /home1/pydrqhmy/thegiftara.com/wp-includes/class-wp-hook.php(365): WP_Hook->apply_filters(NULL, Array)
#5 /home1/pydrqhmy/thegiftara.com/wp-includes/plugin.php(570): WP_Hook->do_action(Array)
#6 /home1/pydrqhmy/thegiftara.com/wp-content/plugins/seo-by-rank-math/vendor/woocommerce/action-scheduler/classes/actions/ActionScheduler_Action.php(86): do_action_ref_array('facebook_for_wo...', Array)
#7 /home1/pydrqhmy/thegiftara.com/wp-content/plugins/seo-by-rank-math/vendor/woocommerce/action-scheduler/classes/abstracts/ActionScheduler_Abstract_QueueRunner.php(103): ActionScheduler_Action->execute()
#8 /home1/pydrqhmy/thegiftara.com/wp-content/plugins/seo-by-rank-math/vendor/woocommerce/action-scheduler/classes/ActionScheduler_QueueRunner.php(188): ActionScheduler_Abstract_QueueRunner->process_action(51250, 'WP Cron')
#9 /home1/pydrqhmy/thegiftara.com/wp-content/plugins/seo-by-rank-math/vendor/woocommerce/action-scheduler/classes/ActionScheduler_QueueRunner.php(158): ActionScheduler_QueueRunner->do_batch(25, 'WP Cron')
#10 /home1/pydrqhmy/thegiftara.com/wp-includes/class-wp-hook.php(341): ActionScheduler_QueueRunner->run('WP Cron')
#11 /home1/pydrqhmy/thegiftara.com/wp-includes/class-wp-hook.php(365): WP_Hook->apply_filters('', Array)
#12 /home1/pydrqhmy/thegiftara.com/wp-includes/plugin.php(570): WP_Hook->do_action(Array)
#13 /home1/pydrqhmy/thegiftara.com/wp-cron.php(191): do_action_ref_array('action_schedule...', Array)
#14 {main}
2025-12-22T03:48:25+00:00 NOTICE There was an error trying to get product set data in a catalog: Cannot create the API instance because the access token is missing.
2025-12-22T03:48:25+00:00 ERROR ProductSetSync exception: exception_code : 0; exception_class : WooCommerce\Facebook\Framework\Api\Exception: exception_message : Cannot create the API instance because the access token is missing.; exception_trace : #0 /home1/pydrqhmy/thegiftara.com/wp-content/plugins/facebook-for-woocommerce/includes/ProductSets/ProductSetSync.php(139): WC_Facebookcommerce->get_api()
#1 /home1/pydrqhmy/thegiftara.com/wp-content/plugins/facebook-for-woocommerce/includes/ProductSets/ProductSetSync.php(226): WooCommerce\Facebook\ProductSets\ProductSetSync->get_fb_product_set_id(Object(WP_Term))
#2 /home1/pydrqhmy/thegiftara.com/wp-content/plugins/facebook-for-woocommerce/includes/ProductSets/ProductSetSync.php(107): WooCommerce\Facebook\ProductSets\ProductSetSync->sync_all_wc_product_categories()
#3 /home1/pydrqhmy/thegiftara.com/wp-includes/class-wp-hook.php(341): WooCommerce\Facebook\ProductSets\ProductSetSync->sync_all_product_sets()
#4 /home1/pydrqhmy/thegiftara.com/wp-includes/class-wp-hook.php(365): WP_Hook->apply_filters(NULL, Array)
#5 /home1/pydrqhmy/thegiftara.com/wp-includes/plugin.php(570): WP_Hook->do_action(Array)
#6 /home1/pydrqhmy/thegiftara.com/wp-content/plugins/seo-by-rank-math/vendor/woocommerce/action-scheduler/classes/actions/ActionScheduler_Action.php(86): do_action_ref_array('facebook_for_wo...', Array)
#7 /home1/pydrqhmy/thegiftara.com/wp-content/plugins/seo-by-rank-math/vendor/woocommerce/action-scheduler/classes/abstracts/ActionScheduler_Abstract_QueueRunner.php(103): ActionScheduler_Action->execute()
#8 /home1/pydrqhmy/thegiftara.com/wp-content/plugins/seo-by-rank-math/vendor/woocommerce/action-scheduler/classes/ActionScheduler_QueueRunner.php(188): ActionScheduler_Abstract_QueueRunner->process_action(51250, 'WP Cron')
#9 /home1/pydrqhmy/thegiftara.com/wp-content/plugins/seo-by-rank-math/vendor/woocommerce/action-scheduler/classes/ActionScheduler_QueueRunner.php(158): ActionScheduler_QueueRunner->do_batch(25, 'WP Cron')
#10 /home1/pydrqhmy/thegiftara.com/wp-includes/class-wp-hook.php(341): ActionScheduler_QueueRunner->run('WP Cron')
#11 /home1/pydrqhmy/thegiftara.com/wp-includes/class-wp-hook.php(365): WP_Hook->apply_filters('', Array)
#12 /home1/pydrqhmy/thegiftara.com/wp-includes/plugin.php(570): WP_Hook->do_action(Array)
#13 /home1/pydrqhmy/thegiftara.com/wp-cron.php(191): do_action_ref_array('action_schedule...', Array)
#14 {main}
2025-12-22T03:48:25+00:00 NOTICE There was an error trying to get product set data in a catalog: Cannot create the API instance because the access token is missing.
2025-12-22T03:48:25+00:00 ERROR ProductSetSync exception: exception_code : 0; exception_class : WooCommerce\Facebook\Framework\Api\Exception: exception_message : Cannot create the API instance because the access token is missing.; exception_trace : #0 /home1/pydrqhmy/thegiftara.com/wp-content/plugins/facebook-for-woocommerce/includes/ProductSets/ProductSetSync.php(139): WC_Facebookcommerce->get_api()
#1 /home1/pydrqhmy/thegiftara.com/wp-content/plugins/facebook-for-woocommerce/includes/ProductSets/ProductSetSync.php(226): WooCommerce\Facebook\ProductSets\ProductSetSync->get_fb_product_set_id(Object(WP_Term))
#2 /home1/pydrqhmy/thegiftara.com/wp-content/plugins/facebook-for-woocommerce/includes/ProductSets/ProductSetSync.php(107): WooCommerce\Facebook\ProductSets\ProductSetSync->sync_all_wc_product_categories()
#3 /home1/pydrqhmy/thegiftara.com/wp-includes/class-wp-hook.php(341): WooCommerce\Facebook\ProductSets\ProductSetSync->sync_all_product_sets()
#4 /home1/pydrqhmy/thegiftara.com/wp-includes/class-wp-hook.php(365): WP_Hook->apply_filters(NULL, Array)
#5 /home1/pydrqhmy/thegiftara.com/wp-includes/plugin.php(570): WP_Hook->do_action(Array)
#6 /home1/pydrqhmy/thegiftara.com/wp-content/plugins/seo-by-rank-math/vendor/woocommerce/action-scheduler/classes/actions/ActionScheduler_Action.php(86): do_action_ref_array('facebook_for_wo...', Array)
#7 /home1/pydrqhmy/thegiftara.com/wp-content/plugins/seo-by-rank-math/vendor/woocommerce/action-scheduler/classes/abstracts/ActionScheduler_Abstract_QueueRunner.php(103): ActionScheduler_Action->execute()
#8 /home1/pydrqhmy/thegiftara.com/wp-content/plugins/seo-by-rank-math/vendor/woocommerce/action-scheduler/classes/ActionScheduler_QueueRunner.php(188): ActionScheduler_Abstract_QueueRunner->process_action(51250, 'WP Cron')
#9 /home1/pydrqhmy/thegiftara.com/wp-content/plugins/seo-by-rank-math/vendor/woocommerce/action-scheduler/classes/ActionScheduler_QueueRunner.php(158): ActionScheduler_QueueRunner->do_batch(25, 'WP Cron')
#10 /home1/pydrqhmy/thegiftara.com/wp-includes/class-wp-hook.php(341): ActionScheduler_QueueRunner->run('WP Cron')
#11 /home1/pydrqhmy/thegiftara.com/wp-includes/class-wp-hook.php(365): WP_Hook->apply_filters('', Array)
#12 /home1/pydrqhmy/thegiftara.com/wp-includes/plugin.php(570): WP_Hook->do_action(Array)
#13 /home1/pydrqhmy/thegiftara.com/wp-cron.php(191): do_action_ref_array('action_schedule...', Array)
#14 {main}
2025-12-22T03:48:25+00:00 NOTICE There was an error trying to get product set data in a catalog: Cannot create the API instance because the access token is missing.
2025-12-22T03:48:25+00:00 ERROR ProductSetSync exception: exception_code : 0; exception_class : WooCommerce\Facebook\Framework\Api\Exception: exception_message : Cannot create the API instance because the access token is missing.; exception_trace : #0 /home1/pydrqhmy/thegiftara.com/wp-content/plugins/facebook-for-woocommerce/includes/ProductSets/ProductSetSync.php(139): WC_Facebookcommerce->get_api()
#1 /home1/pydrqhmy/thegiftara.com/wp-content/plugins/facebook-for-woocommerce/includes/ProductSets/ProductSetSync.php(226): WooCommerce\Facebook\ProductSets\ProductSetSync->get_fb_product_set_id(Object(WP_Term))
#2 /home1/pydrqhmy/thegiftara.com/wp-content/plugins/facebook-for-woocommerce/includes/ProductSets/ProductSetSync.php(107): WooCommerce\Facebook\ProductSets\ProductSetSync->sync_all_wc_product_categories()
#3 /home1/pydrqhmy/thegiftara.com/wp-includes/class-wp-hook.php(341): WooCommerce\Facebook\ProductSets\ProductSetSync->sync_all_product_sets()
#4 /home1/pydrqhmy/thegiftara.com/wp-includes/class-wp-hook.php(365): WP_Hook->apply_filters(NULL, Array)
#5 /home1/pydrqhmy/thegiftara.com/wp-includes/plugin.php(570): WP_Hook->do_action(Array)
#6 /home1/pydrqhmy/thegiftara.com/wp-content/plugins/seo-by-rank-math/vendor/woocommerce/action-scheduler/classes/actions/ActionScheduler_Action.php(86): do_action_ref_array('facebook_for_wo...', Array)
#7 /home1/pydrqhmy/thegiftara.com/wp-content/plugins/seo-by-rank-math/vendor/woocommerce/action-scheduler/classes/abstracts/ActionScheduler_Abstract_QueueRunner.php(103): ActionScheduler_Action->execute()
#8 /home1/pydrqhmy/thegiftara.com/wp-content/plugins/seo-by-rank-math/vendor/woocommerce/action-scheduler/classes/ActionScheduler_QueueRunner.php(188): ActionScheduler_Abstract_QueueRunner->process_action(51250, 'WP Cron')
#9 /home1/pydrqhmy/thegiftara.com/wp-content/plugins/seo-by-rank-math/vendor/woocommerce/action-scheduler/classes/ActionScheduler_QueueRunner.php(158): ActionScheduler_QueueRunner->do_batch(25, 'WP Cron')
#10 /home1/pydrqhmy/thegiftara.com/wp-includes/class-wp-hook.php(341): ActionScheduler_QueueRunner->run('WP Cron')
#11 /home1/pydrqhmy/thegiftara.com/wp-includes/class-wp-hook.php(365): WP_Hook->apply_filters('', Array)
#12 /home1/pydrqhmy/thegiftara.com/wp-includes/plugin.php(570): WP_Hook->do_action(Array)
#13 /home1/pydrqhmy/thegiftara.com/wp-cron.php(191): do_action_ref_array('action_schedule...', Array)
#14 {main}
2025-12-22T03:48:25+00:00 NOTICE There was an error trying to get product set data in a catalog: Cannot create the API instance because the access token is missing.
2025-12-22T03:48:25+00:00 ERROR ProductSetSync exception: exception_code : 0; exception_class : WooCommerce\Facebook\Framework\Api\Exception: exception_message : Cannot create the API instance because the access token is missing.; exception_trace : #0 /home1/pydrqhmy/thegiftara.com/wp-content/plugins/facebook-for-woocommerce/includes/ProductSets/ProductSetSync.php(139): WC_Facebookcommerce->get_api()
#1 /home1/pydrqhmy/thegiftara.com/wp-content/plugins/facebook-for-woocommerce/includes/ProductSets/ProductSetSync.php(226): WooCommerce\Facebook\ProductSets\ProductSetSync->get_fb_product_set_id(Object(WP_Term))
#2 /home1/pydrqhmy/thegiftara.com/wp-content/plugins/facebook-for-woocommerce/includes/ProductSets/ProductSetSync.php(107): WooCommerce\Facebook\ProductSets\ProductSetSync->sync_all_wc_product_categories()
#3 /home1/pydrqhmy/thegiftara.com/wp-includes/class-wp-hook.php(341): WooCommerce\Facebook\ProductSets\ProductSetSync->sync_all_product_sets()
#4 /home1/pydrqhmy/thegiftara.com/wp-includes/class-wp-hook.php(365): WP_Hook->apply_filters(NULL, Array)
#5 /home1/pydrqhmy/thegiftara.com/wp-includes/plugin.php(570): WP_Hook->do_action(Array)
#6 /home1/pydrqhmy/thegiftara.com/wp-content/plugins/seo-by-rank-math/vendor/woocommerce/action-scheduler/classes/actions/ActionScheduler_Action.php(86): do_action_ref_array('facebook_for_wo...', Array)
#7 /home1/pydrqhmy/thegiftara.com/wp-content/plugins/seo-by-rank-math/vendor/woocommerce/action-scheduler/classes/abstracts/ActionScheduler_Abstract_QueueRunner.php(103): ActionScheduler_Action->execute()
#8 /home1/pydrqhmy/thegiftara.com/wp-content/plugins/seo-by-rank-math/vendor/woocommerce/action-scheduler/classes/ActionScheduler_QueueRunner.php(188): ActionScheduler_Abstract_QueueRunner->process_action(51250, 'WP Cron')
#9 /home1/pydrqhmy/thegiftara.com/wp-content/plugins/seo-by-rank-math/vendor/woocommerce/action-scheduler/classes/ActionScheduler_QueueRunner.php(158): ActionScheduler_QueueRunner->do_batch(25, 'WP Cron')
#10 /home1/pydrqhmy/thegiftara.com/wp-includes/class-wp-hook.php(341): ActionScheduler_QueueRunner->run('WP Cron')
#11 /home1/pydrqhmy/thegiftara.com/wp-includes/class-wp-hook.php(365): WP_Hook->apply_filters('', Array)
#12 /home1/pydrqhmy/thegiftara.com/wp-includes/plugin.php(570): WP_Hook->do_action(Array)
#13 /home1/pydrqhmy/thegiftara.com/wp-cron.php(191): do_action_ref_array('action_schedule...', Array)
#14 {main}
2025-12-22T03:48:25+00:00 NOTICE There was an error trying to get product set data in a catalog: Cannot create the API instance because the access token is missing.
2025-12-22T03:48:25+00:00 ERROR ProductSetSync exception: exception_code : 0; exception_class : WooCommerce\Facebook\Framework\Api\Exception: exception_message : Cannot create the API instance because the access token is missing.; exception_trace : #0 /home1/pydrqhmy/thegiftara.com/wp-content/plugins/facebook-for-woocommerce/includes/ProductSets/ProductSetSync.php(139): WC_Facebookcommerce->get_api()
#1 /home1/pydrqhmy/thegiftara.com/wp-content/plugins/facebook-for-woocommerce/includes/ProductSets/ProductSetSync.php(226): WooCommerce\Facebook\ProductSets\ProductSetSync->get_fb_product_set_id(Object(WP_Term))
#2 /home1/pydrqhmy/thegiftara.com/wp-content/plugins/facebook-for-woocommerce/includes/ProductSets/ProductSetSync.php(107): WooCommerce\Facebook\ProductSets\ProductSetSync->sync_all_wc_product_categories()
#3 /home1/pydrqhmy/thegiftara.com/wp-includes/class-wp-hook.php(341): WooCommerce\Facebook\ProductSets\ProductSetSync->sync_all_product_sets()
#4 /home1/pydrqhmy/thegiftara.com/wp-includes/class-wp-hook.php(365): WP_Hook->apply_filters(NULL, Array)
#5 /home1/pydrqhmy/thegiftara.com/wp-includes/plugin.php(570): WP_Hook->do_action(Array)
#6 /home1/pydrqhmy/thegiftara.com/wp-content/plugins/seo-by-rank-math/vendor/woocommerce/action-scheduler/classes/actions/ActionScheduler_Action.php(86): do_action_ref_array('facebook_for_wo...', Array)
#7 /home1/pydrqhmy/thegiftara.com/wp-content/plugins/seo-by-rank-math/vendor/woocommerce/action-scheduler/classes/abstracts/ActionScheduler_Abstract_QueueRunner.php(103): ActionScheduler_Action->execute()
#8 /home1/pydrqhmy/thegiftara.com/wp-content/plugins/seo-by-rank-math/vendor/woocommerce/action-scheduler/classes/ActionScheduler_QueueRunner.php(188): ActionScheduler_Abstract_QueueRunner->process_action(51250, 'WP Cron')
#9 /home1/pydrqhmy/thegiftara.com/wp-content/plugins/seo-by-rank-math/vendor/woocommerce/action-scheduler/classes/ActionScheduler_QueueRunner.php(158): ActionScheduler_QueueRunner->do_batch(25, 'WP Cron')
#10 /home1/pydrqhmy/thegiftara.com/wp-includes/class-wp-hook.php(341): ActionScheduler_QueueRunner->run('WP Cron')
#11 /home1/pydrqhmy/thegiftara.com/wp-includes/class-wp-hook.php(365): WP_Hook->apply_filters('', Array)
#12 /home1/pydrqhmy/thegiftara.com/wp-includes/plugin.php(570): WP_Hook->do_action(Array)
#13 /home1/pydrqhmy/thegiftara.com/wp-cron.php(191): do_action_ref_array('action_schedule...', Array)
#14 {main}
2025-12-22T03:50:56+00:00 ERROR Error persisting Meta logs: Cannot create the API instance because the access token is missing. : []
2025-12-22T03:52:37+00:00 ERROR Error persisting Meta logs: Cannot create the API instance because the access token is missing. : []
2025-12-22T04:27:28+00:00 ERROR Error persisting Meta logs: Cannot create the API instance because the access token is missing. : []
