2026-01-02T10:07:53+00:00 NOTICE There was an error trying to get product set data in a catalog: Cannot create the API instance because the access token is missing.
2026-01-02T10:07:53+00:00 ERROR ProductSetSync exception: exception_code : 0; exception_class : WooCommerce\Facebook\Framework\Api\Exception: exception_message : Cannot create the API instance because the access token is missing.; exception_trace : #0 /home1/pydrqhmy/thegiftara.com/wp-content/plugins/facebook-for-woocommerce/includes/ProductSets/ProductSetSync.php(139): WC_Facebookcommerce->get_api()
#1 /home1/pydrqhmy/thegiftara.com/wp-content/plugins/facebook-for-woocommerce/includes/ProductSets/ProductSetSync.php(65): WooCommerce\Facebook\ProductSets\ProductSetSync->get_fb_product_set_id(Object(WP_Term))
#2 /home1/pydrqhmy/thegiftara.com/wp-includes/class-wp-hook.php(341): WooCommerce\Facebook\ProductSets\ProductSetSync->on_create_or_update_product_wc_category_callback(157, 157, Array)
#3 /home1/pydrqhmy/thegiftara.com/wp-includes/class-wp-hook.php(365): WP_Hook->apply_filters(NULL, Array)
#4 /home1/pydrqhmy/thegiftara.com/wp-includes/plugin.php(522): WP_Hook->do_action(Array)
#5 /home1/pydrqhmy/thegiftara.com/wp-includes/taxonomy.php(3489): do_action('edited_product_...', 157, 157, Array)
#6 /home1/pydrqhmy/thegiftara.com/wp-admin/edit-tags.php(183): wp_update_term(157, 'product_cat', Array)
#7 {main}
2026-01-02T10:19:46+00:00 NOTICE There was an error trying to get product set data in a catalog: Cannot create the API instance because the access token is missing.
2026-01-02T10:19:46+00:00 ERROR ProductSetSync exception: exception_code : 0; exception_class : WooCommerce\Facebook\Framework\Api\Exception: exception_message : Cannot create the API instance because the access token is missing.; exception_trace : #0 /home1/pydrqhmy/thegiftara.com/wp-content/plugins/facebook-for-woocommerce/includes/ProductSets/ProductSetSync.php(139): WC_Facebookcommerce->get_api()
#1 /home1/pydrqhmy/thegiftara.com/wp-content/plugins/facebook-for-woocommerce/includes/ProductSets/ProductSetSync.php(65): WooCommerce\Facebook\ProductSets\ProductSetSync->get_fb_product_set_id(Object(WP_Term))
#2 /home1/pydrqhmy/thegiftara.com/wp-includes/class-wp-hook.php(341): WooCommerce\Facebook\ProductSets\ProductSetSync->on_create_or_update_product_wc_category_callback(185, 185, Array)
#3 /home1/pydrqhmy/thegiftara.com/wp-includes/class-wp-hook.php(365): WP_Hook->apply_filters(NULL, Array)
#4 /home1/pydrqhmy/thegiftara.com/wp-includes/plugin.php(522): WP_Hook->do_action(Array)
#5 /home1/pydrqhmy/thegiftara.com/wp-includes/taxonomy.php(3489): do_action('edited_product_...', 185, 185, Array)
#6 /home1/pydrqhmy/thegiftara.com/wp-admin/edit-tags.php(183): wp_update_term(185, 'product_cat', Array)
#7 {main}
2026-01-02T10:19:50+00:00 NOTICE There was an error trying to get product set data in a catalog: Cannot create the API instance because the access token is missing.
2026-01-02T10:19:50+00:00 ERROR ProductSetSync exception: exception_code : 0; exception_class : WooCommerce\Facebook\Framework\Api\Exception: exception_message : Cannot create the API instance because the access token is missing.; exception_trace : #0 /home1/pydrqhmy/thegiftara.com/wp-content/plugins/facebook-for-woocommerce/includes/ProductSets/ProductSetSync.php(139): WC_Facebookcommerce->get_api()
#1 /home1/pydrqhmy/thegiftara.com/wp-content/plugins/facebook-for-woocommerce/includes/ProductSets/ProductSetSync.php(65): WooCommerce\Facebook\ProductSets\ProductSetSync->get_fb_product_set_id(Object(WP_Term))
#2 /home1/pydrqhmy/thegiftara.com/wp-includes/class-wp-hook.php(341): WooCommerce\Facebook\ProductSets\ProductSetSync->on_create_or_update_product_wc_category_callback(185, 185, Array)
#3 /home1/pydrqhmy/thegiftara.com/wp-includes/class-wp-hook.php(365): WP_Hook->apply_filters(NULL, Array)
#4 /home1/pydrqhmy/thegiftara.com/wp-includes/plugin.php(522): WP_Hook->do_action(Array)
#5 /home1/pydrqhmy/thegiftara.com/wp-includes/taxonomy.php(3489): do_action('edited_product_...', 185, 185, Array)
#6 /home1/pydrqhmy/thegiftara.com/wp-admin/edit-tags.php(183): wp_update_term(185, 'product_cat', Array)
#7 {main}
2026-01-02T10:27:19+00:00 NOTICE There was an error trying to get product set data in a catalog: Cannot create the API instance because the access token is missing.
2026-01-02T10:27:19+00:00 ERROR ProductSetSync exception: exception_code : 0; exception_class : WooCommerce\Facebook\Framework\Api\Exception: exception_message : Cannot create the API instance because the access token is missing.; exception_trace : #0 /home1/pydrqhmy/thegiftara.com/wp-content/plugins/facebook-for-woocommerce/includes/ProductSets/ProductSetSync.php(139): WC_Facebookcommerce->get_api()
#1 /home1/pydrqhmy/thegiftara.com/wp-content/plugins/facebook-for-woocommerce/includes/ProductSets/ProductSetSync.php(65): WooCommerce\Facebook\ProductSets\ProductSetSync->get_fb_product_set_id(Object(WP_Term))
#2 /home1/pydrqhmy/thegiftara.com/wp-includes/class-wp-hook.php(341): WooCommerce\Facebook\ProductSets\ProductSetSync->on_create_or_update_product_wc_category_callback(171, 171, Array)
#3 /home1/pydrqhmy/thegiftara.com/wp-includes/class-wp-hook.php(365): WP_Hook->apply_filters(NULL, Array)
#4 /home1/pydrqhmy/thegiftara.com/wp-includes/plugin.php(522): WP_Hook->do_action(Array)
#5 /home1/pydrqhmy/thegiftara.com/wp-includes/taxonomy.php(3489): do_action('edited_product_...', 171, 171, Array)
#6 /home1/pydrqhmy/thegiftara.com/wp-admin/edit-tags.php(183): wp_update_term(171, 'product_cat', Array)
#7 {main}
2026-01-02T10:38:19+00:00 NOTICE There was an error trying to get product set data in a catalog: Cannot create the API instance because the access token is missing.
2026-01-02T10:38:19+00:00 ERROR ProductSetSync exception: exception_code : 0; exception_class : WooCommerce\Facebook\Framework\Api\Exception: exception_message : Cannot create the API instance because the access token is missing.; exception_trace : #0 /home1/pydrqhmy/thegiftara.com/wp-content/plugins/facebook-for-woocommerce/includes/ProductSets/ProductSetSync.php(139): WC_Facebookcommerce->get_api()
#1 /home1/pydrqhmy/thegiftara.com/wp-content/plugins/facebook-for-woocommerce/includes/ProductSets/ProductSetSync.php(65): WooCommerce\Facebook\ProductSets\ProductSetSync->get_fb_product_set_id(Object(WP_Term))
#2 /home1/pydrqhmy/thegiftara.com/wp-includes/class-wp-hook.php(341): WooCommerce\Facebook\ProductSets\ProductSetSync->on_create_or_update_product_wc_category_callback(199, 199, Array)
#3 /home1/pydrqhmy/thegiftara.com/wp-includes/class-wp-hook.php(365): WP_Hook->apply_filters(NULL, Array)
#4 /home1/pydrqhmy/thegiftara.com/wp-includes/plugin.php(522): WP_Hook->do_action(Array)
#5 /home1/pydrqhmy/thegiftara.com/wp-includes/taxonomy.php(3489): do_action('edited_product_...', 199, 199, Array)
#6 /home1/pydrqhmy/thegiftara.com/wp-admin/edit-tags.php(183): wp_update_term(199, 'product_cat', Array)
#7 {main}
2026-01-02T10:40:41+00:00 NOTICE There was an error trying to get product set data in a catalog: Cannot create the API instance because the access token is missing.
2026-01-02T10:40:41+00:00 ERROR ProductSetSync exception: exception_code : 0; exception_class : WooCommerce\Facebook\Framework\Api\Exception: exception_message : Cannot create the API instance because the access token is missing.; exception_trace : #0 /home1/pydrqhmy/thegiftara.com/wp-content/plugins/facebook-for-woocommerce/includes/ProductSets/ProductSetSync.php(139): WC_Facebookcommerce->get_api()
#1 /home1/pydrqhmy/thegiftara.com/wp-content/plugins/facebook-for-woocommerce/includes/ProductSets/ProductSetSync.php(65): WooCommerce\Facebook\ProductSets\ProductSetSync->get_fb_product_set_id(Object(WP_Term))
#2 /home1/pydrqhmy/thegiftara.com/wp-includes/class-wp-hook.php(341): WooCommerce\Facebook\ProductSets\ProductSetSync->on_create_or_update_product_wc_category_callback(178, 178, Array)
#3 /home1/pydrqhmy/thegiftara.com/wp-includes/class-wp-hook.php(365): WP_Hook->apply_filters(NULL, Array)
#4 /home1/pydrqhmy/thegiftara.com/wp-includes/plugin.php(522): WP_Hook->do_action(Array)
#5 /home1/pydrqhmy/thegiftara.com/wp-includes/taxonomy.php(3489): do_action('edited_product_...', 178, 178, Array)
#6 /home1/pydrqhmy/thegiftara.com/wp-admin/edit-tags.php(183): wp_update_term(178, 'product_cat', Array)
#7 {main}
2026-01-02T10:43:22+00:00 NOTICE There was an error trying to get product set data in a catalog: Cannot create the API instance because the access token is missing.
2026-01-02T10:43:22+00:00 ERROR ProductSetSync exception: exception_code : 0; exception_class : WooCommerce\Facebook\Framework\Api\Exception: exception_message : Cannot create the API instance because the access token is missing.; exception_trace : #0 /home1/pydrqhmy/thegiftara.com/wp-content/plugins/facebook-for-woocommerce/includes/ProductSets/ProductSetSync.php(139): WC_Facebookcommerce->get_api()
#1 /home1/pydrqhmy/thegiftara.com/wp-content/plugins/facebook-for-woocommerce/includes/ProductSets/ProductSetSync.php(65): WooCommerce\Facebook\ProductSets\ProductSetSync->get_fb_product_set_id(Object(WP_Term))
#2 /home1/pydrqhmy/thegiftara.com/wp-includes/class-wp-hook.php(341): WooCommerce\Facebook\ProductSets\ProductSetSync->on_create_or_update_product_wc_category_callback(196, 196, Array)
#3 /home1/pydrqhmy/thegiftara.com/wp-includes/class-wp-hook.php(365): WP_Hook->apply_filters(NULL, Array)
#4 /home1/pydrqhmy/thegiftara.com/wp-includes/plugin.php(522): WP_Hook->do_action(Array)
#5 /home1/pydrqhmy/thegiftara.com/wp-includes/taxonomy.php(3489): do_action('edited_product_...', 196, 196, Array)
#6 /home1/pydrqhmy/thegiftara.com/wp-admin/edit-tags.php(183): wp_update_term(196, 'product_cat', Array)
#7 {main}
2026-01-02T10:46:44+00:00 NOTICE There was an error trying to get product set data in a catalog: Cannot create the API instance because the access token is missing.
2026-01-02T10:46:44+00:00 ERROR ProductSetSync exception: exception_code : 0; exception_class : WooCommerce\Facebook\Framework\Api\Exception: exception_message : Cannot create the API instance because the access token is missing.; exception_trace : #0 /home1/pydrqhmy/thegiftara.com/wp-content/plugins/facebook-for-woocommerce/includes/ProductSets/ProductSetSync.php(139): WC_Facebookcommerce->get_api()
#1 /home1/pydrqhmy/thegiftara.com/wp-content/plugins/facebook-for-woocommerce/includes/ProductSets/ProductSetSync.php(65): WooCommerce\Facebook\ProductSets\ProductSetSync->get_fb_product_set_id(Object(WP_Term))
#2 /home1/pydrqhmy/thegiftara.com/wp-includes/class-wp-hook.php(341): WooCommerce\Facebook\ProductSets\ProductSetSync->on_create_or_update_product_wc_category_callback(189, 189, Array)
#3 /home1/pydrqhmy/thegiftara.com/wp-includes/class-wp-hook.php(365): WP_Hook->apply_filters(NULL, Array)
#4 /home1/pydrqhmy/thegiftara.com/wp-includes/plugin.php(522): WP_Hook->do_action(Array)
#5 /home1/pydrqhmy/thegiftara.com/wp-includes/taxonomy.php(3489): do_action('edited_product_...', 189, 189, Array)
#6 /home1/pydrqhmy/thegiftara.com/wp-admin/edit-tags.php(183): wp_update_term(189, 'product_cat', Array)
#7 {main}
2026-01-02T10:49:37+00:00 NOTICE There was an error trying to get product set data in a catalog: Cannot create the API instance because the access token is missing.
2026-01-02T10:49:37+00:00 ERROR ProductSetSync exception: exception_code : 0; exception_class : WooCommerce\Facebook\Framework\Api\Exception: exception_message : Cannot create the API instance because the access token is missing.; exception_trace : #0 /home1/pydrqhmy/thegiftara.com/wp-content/plugins/facebook-for-woocommerce/includes/ProductSets/ProductSetSync.php(139): WC_Facebookcommerce->get_api()
#1 /home1/pydrqhmy/thegiftara.com/wp-content/plugins/facebook-for-woocommerce/includes/ProductSets/ProductSetSync.php(65): WooCommerce\Facebook\ProductSets\ProductSetSync->get_fb_product_set_id(Object(WP_Term))
#2 /home1/pydrqhmy/thegiftara.com/wp-includes/class-wp-hook.php(341): WooCommerce\Facebook\ProductSets\ProductSetSync->on_create_or_update_product_wc_category_callback(186, 186, Array)
#3 /home1/pydrqhmy/thegiftara.com/wp-includes/class-wp-hook.php(365): WP_Hook->apply_filters(NULL, Array)
#4 /home1/pydrqhmy/thegiftara.com/wp-includes/plugin.php(522): WP_Hook->do_action(Array)
#5 /home1/pydrqhmy/thegiftara.com/wp-includes/taxonomy.php(3489): do_action('edited_product_...', 186, 186, Array)
#6 /home1/pydrqhmy/thegiftara.com/wp-admin/edit-tags.php(183): wp_update_term(186, 'product_cat', Array)
#7 {main}
2026-01-02T10:52:46+00:00 NOTICE There was an error trying to get product set data in a catalog: Cannot create the API instance because the access token is missing.
2026-01-02T10:52:46+00:00 ERROR ProductSetSync exception: exception_code : 0; exception_class : WooCommerce\Facebook\Framework\Api\Exception: exception_message : Cannot create the API instance because the access token is missing.; exception_trace : #0 /home1/pydrqhmy/thegiftara.com/wp-content/plugins/facebook-for-woocommerce/includes/ProductSets/ProductSetSync.php(139): WC_Facebookcommerce->get_api()
#1 /home1/pydrqhmy/thegiftara.com/wp-content/plugins/facebook-for-woocommerce/includes/ProductSets/ProductSetSync.php(65): WooCommerce\Facebook\ProductSets\ProductSetSync->get_fb_product_set_id(Object(WP_Term))
#2 /home1/pydrqhmy/thegiftara.com/wp-includes/class-wp-hook.php(341): WooCommerce\Facebook\ProductSets\ProductSetSync->on_create_or_update_product_wc_category_callback(190, 190, Array)
#3 /home1/pydrqhmy/thegiftara.com/wp-includes/class-wp-hook.php(365): WP_Hook->apply_filters(NULL, Array)
#4 /home1/pydrqhmy/thegiftara.com/wp-includes/plugin.php(522): WP_Hook->do_action(Array)
#5 /home1/pydrqhmy/thegiftara.com/wp-includes/taxonomy.php(3489): do_action('edited_product_...', 190, 190, Array)
#6 /home1/pydrqhmy/thegiftara.com/wp-admin/edit-tags.php(183): wp_update_term(190, 'product_cat', Array)
#7 {main}
