2025-12-20T14:36:57+00:00 NOTICE There was an error trying sync products using the Catalog Batch API for job 6f620f8fc7debb942f5fdbb5aadd0589: Cannot create the API instance because the access token is missing.
2025-12-20T14:36:57+00:00 NOTICE There was an error trying sync products using the Catalog Batch API for job 576af899b7de3baaf443255299dd79ec: Cannot create the API instance because the access token is missing.
2025-12-20T14:36:57+00:00 NOTICE There was an error trying sync products using the Catalog Batch API for job d48170c8d4f5e68adceff50d83b28b06: Cannot create the API instance because the access token is missing.
2025-12-20T14:36:57+00:00 NOTICE There was an error trying sync products using the Catalog Batch API for job 68378ef7f0d2d883486ebb073170424f: Cannot create the API instance because the access token is missing.
2025-12-20T14:36:57+00:00 NOTICE There was an error trying sync products using the Catalog Batch API for job a33ec5f362836843b1813db6ee9a6d39: Cannot create the API instance because the access token is missing.
2025-12-20T14:36:57+00:00 NOTICE There was an error trying sync products using the Catalog Batch API for job 9bb901dca679faa3f0b8974b300cabf8: Cannot create the API instance because the access token is missing.
2025-12-20T14:36:57+00:00 NOTICE There was an error trying sync products using the Catalog Batch API for job 59e5bbf0182990108b596db24e8ca3e9: Cannot create the API instance because the access token is missing.
2025-12-20T14:36:57+00:00 NOTICE There was an error trying sync products using the Catalog Batch API for job 93e341fe9d13d8d57ac4ea379da36b9c: Cannot create the API instance because the access token is missing.
2025-12-20T14:36:57+00:00 NOTICE There was an error trying sync products using the Catalog Batch API for job ecb859896a564055cbd2a539201ab6cc: Cannot create the API instance because the access token is missing.
2025-12-20T14:36:57+00:00 NOTICE There was an error trying sync products using the Catalog Batch API for job d23ea2b3d2847d03597b4bc072856e2d: Cannot create the API instance because the access token is missing.
2025-12-20T14:36:57+00:00 NOTICE There was an error trying sync products using the Catalog Batch API for job 390df444923a99e4f94a7c63e0e8612a: Cannot create the API instance because the access token is missing.
2025-12-20T14:36:57+00:00 NOTICE There was an error trying sync products using the Catalog Batch API for job bd13405f4b73c362188fef54e87a8937: Cannot create the API instance because the access token is missing.
2025-12-20T14:36:58+00:00 NOTICE There was an error trying sync products using the Catalog Batch API for job c80d44ae88676358cd596ef2577e25c7: Cannot create the API instance because the access token is missing.
2025-12-20T14:36:58+00:00 NOTICE There was an error trying sync products using the Catalog Batch API for job 19d056287aa409140fc3f4c63b4d6e38: Cannot create the API instance because the access token is missing.
2025-12-20T14:36:58+00:00 NOTICE There was an error trying sync products using the Catalog Batch API for job b442098bbc935b6ce891b483b0545882: Cannot create the API instance because the access token is missing.
2025-12-20T14:36:58+00:00 NOTICE There was an error trying sync products using the Catalog Batch API for job 6754b562837d9ed297dc34f4403c4f9c: Cannot create the API instance because the access token is missing.
2025-12-20T14:36:58+00:00 NOTICE There was an error trying sync products using the Catalog Batch API for job fd193b1fb74a5673851cced002488770: Cannot create the API instance because the access token is missing.
2025-12-20T14:36:58+00:00 NOTICE There was an error trying sync products using the Catalog Batch API for job e67868cc81d80ee3328051cde5031bc0: Cannot create the API instance because the access token is missing.
2025-12-20T14:36:58+00:00 NOTICE There was an error trying sync products using the Catalog Batch API for job 8a2c87c98f60c07ea68c728f52953f8b: Cannot create the API instance because the access token is missing.
2025-12-20T14:36:58+00:00 NOTICE There was an error trying sync products using the Catalog Batch API for job 0149ad7f5782f0ee29bec2ddb1dccc5a: Cannot create the API instance because the access token is missing.
2025-12-20T14:36:58+00:00 NOTICE There was an error trying sync products using the Catalog Batch API for job 475815684c0cc447f39fdab5071a4f18: Cannot create the API instance because the access token is missing.
2025-12-20T14:36:58+00:00 NOTICE There was an error trying sync products using the Catalog Batch API for job c6bb560dc873191867f3d4e93cfaef1a: Cannot create the API instance because the access token is missing.
2025-12-20T14:36:58+00:00 NOTICE There was an error trying sync products using the Catalog Batch API for job 57e9b9d8f1ea0b77a84420e3a72483e8: Cannot create the API instance because the access token is missing.
2025-12-20T14:36:58+00:00 NOTICE There was an error trying sync products using the Catalog Batch API for job 0fb5c3c364be039334204afeb98cc83b: Cannot create the API instance because the access token is missing.
2025-12-20T14:36:58+00:00 NOTICE There was an error trying sync products using the Catalog Batch API for job 1a301f89c8b59dbff4af449fd284040d: Cannot create the API instance because the access token is missing.
2025-12-20T14:36:58+00:00 NOTICE There was an error trying sync products using the Catalog Batch API for job f251315be7c45528414f7d83185ada19: Cannot create the API instance because the access token is missing.
2025-12-20T14:36:58+00:00 NOTICE There was an error trying sync products using the Catalog Batch API for job 6d02a0c4a4288e16be58a76ea1f01420: Cannot create the API instance because the access token is missing.
2025-12-20T14:36:58+00:00 NOTICE There was an error trying sync products using the Catalog Batch API for job 6d2644ef4dab38086ae046310a658027: Cannot create the API instance because the access token is missing.
2025-12-20T14:36:58+00:00 NOTICE There was an error trying sync products using the Catalog Batch API for job 6b07466470284648046e38f63afd2741: Cannot create the API instance because the access token is missing.
2025-12-20T14:36:58+00:00 NOTICE There was an error trying sync products using the Catalog Batch API for job f3e11cfc64393b0b6375b9cf85bc1c2e: Cannot create the API instance because the access token is missing.
2025-12-20T14:36:58+00:00 NOTICE There was an error trying sync products using the Catalog Batch API for job fc9382eef39d3cc9a37c254bf54b7a87: Cannot create the API instance because the access token is missing.
2025-12-20T14:36:58+00:00 NOTICE There was an error trying sync products using the Catalog Batch API for job ce67aba2aba3c70b69a751b31225e11e: Cannot create the API instance because the access token is missing.
2025-12-20T14:36:58+00:00 NOTICE There was an error trying sync products using the Catalog Batch API for job c119f0fa89a32229676ed8c2765cdc6e: Cannot create the API instance because the access token is missing.
2025-12-20T14:36:58+00:00 NOTICE There was an error trying sync products using the Catalog Batch API for job d812dd60a2f50ff9149050a59e35477f: Cannot create the API instance because the access token is missing.
2025-12-20T14:36:58+00:00 NOTICE There was an error trying sync products using the Catalog Batch API for job 1a60a8d9bd8a73da1561fffc2b5097d1: Cannot create the API instance because the access token is missing.
2025-12-20T14:36:58+00:00 NOTICE There was an error trying sync products using the Catalog Batch API for job 18d45dcead20be9f42abe635d14ac54d: Cannot create the API instance because the access token is missing.
2025-12-20T14:36:58+00:00 NOTICE There was an error trying sync products using the Catalog Batch API for job 0b034d916415afc4aa3c1703e970c832: Cannot create the API instance because the access token is missing.
2025-12-20T14:36:58+00:00 NOTICE There was an error trying sync products using the Catalog Batch API for job e7f9a5fd9ba05ed3626ef3d25eee2e39: Cannot create the API instance because the access token is missing.
2025-12-20T14:36:58+00:00 NOTICE There was an error trying sync products using the Catalog Batch API for job ae4f3cdad7aba6806fdbeb58d292a25f: Cannot create the API instance because the access token is missing.
2025-12-20T14:36:58+00:00 NOTICE There was an error trying sync products using the Catalog Batch API for job 760a5b6a5f1d788d24cccc158f254abd: Cannot create the API instance because the access token is missing.
2025-12-20T14:36:58+00:00 NOTICE There was an error trying sync products using the Catalog Batch API for job dd3345f486b91460c646fdbb446c03ee: Cannot create the API instance because the access token is missing.
2025-12-20T14:36:58+00:00 NOTICE There was an error trying sync products using the Catalog Batch API for job f829d0c6e0eb8a0f7cc76d84f4b172e7: Cannot create the API instance because the access token is missing.
2025-12-20T14:36:58+00:00 NOTICE There was an error trying sync products using the Catalog Batch API for job c551fabec4cbdac6e9806d1847f65265: Cannot create the API instance because the access token is missing.
2025-12-20T14:36:58+00:00 NOTICE There was an error trying sync products using the Catalog Batch API for job fbbe89f23c3333ad9cac0f68846abf36: Cannot create the API instance because the access token is missing.
2025-12-20T14:36:58+00:00 NOTICE There was an error trying sync products using the Catalog Batch API for job 2bcf0c4e9e630985fd1cdd4e34763d94: Cannot create the API instance because the access token is missing.
2025-12-20T14:48:04+00:00 WARNING Product feed scheduling failed: Integration not configured. : {"flow_name":"product_feed","flow_step":"schedule_feed_generation"}
2025-12-20T14:48:04+00:00 ERROR Error persisting error logs: Cannot create the API instance because the access token is missing. : []
2025-12-20T14:48:04+00:00 NOTICE Unable to detect valid feed configuration: No catalog ID
2025-12-20T14:48:04+00:00 NOTICE There was an error trying to get product set data in a catalog: Cannot create the API instance because the access token is missing.
2025-12-20T14:48:04+00:00 ERROR ProductSetSync exception: exception_code : 0; exception_class : WooCommerce\Facebook\Framework\Api\Exception: exception_message : Cannot create the API instance because the access token is missing.; exception_trace : #0 /home1/pydrqhmy/thegiftara.com/wp-content/plugins/facebook-for-woocommerce/includes/ProductSets/ProductSetSync.php(139): WC_Facebookcommerce->get_api()
#1 /home1/pydrqhmy/thegiftara.com/wp-content/plugins/facebook-for-woocommerce/includes/ProductSets/ProductSetSync.php(226): WooCommerce\Facebook\ProductSets\ProductSetSync->get_fb_product_set_id(Object(WP_Term))
#2 /home1/pydrqhmy/thegiftara.com/wp-content/plugins/facebook-for-woocommerce/includes/ProductSets/ProductSetSync.php(107): WooCommerce\Facebook\ProductSets\ProductSetSync->sync_all_wc_product_categories()
#3 /home1/pydrqhmy/thegiftara.com/wp-includes/class-wp-hook.php(341): WooCommerce\Facebook\ProductSets\ProductSetSync->sync_all_product_sets()
#4 /home1/pydrqhmy/thegiftara.com/wp-includes/class-wp-hook.php(365): WP_Hook->apply_filters(NULL, Array)
#5 /home1/pydrqhmy/thegiftara.com/wp-includes/plugin.php(570): WP_Hook->do_action(Array)
#6 /home1/pydrqhmy/thegiftara.com/wp-content/plugins/seo-by-rank-math/vendor/woocommerce/action-scheduler/classes/actions/ActionScheduler_Action.php(86): do_action_ref_array('facebook_for_wo...', Array)
#7 /home1/pydrqhmy/thegiftara.com/wp-content/plugins/seo-by-rank-math/vendor/woocommerce/action-scheduler/classes/abstracts/ActionScheduler_Abstract_QueueRunner.php(103): ActionScheduler_Action->execute()
#8 /home1/pydrqhmy/thegiftara.com/wp-content/plugins/seo-by-rank-math/vendor/woocommerce/action-scheduler/classes/ActionScheduler_QueueRunner.php(188): ActionScheduler_Abstract_QueueRunner->process_action(51005, 'WP Cron')
#9 /home1/pydrqhmy/thegiftara.com/wp-content/plugins/seo-by-rank-math/vendor/woocommerce/action-scheduler/classes/ActionScheduler_QueueRunner.php(158): ActionScheduler_QueueRunner->do_batch(25, 'WP Cron')
#10 /home1/pydrqhmy/thegiftara.com/wp-includes/class-wp-hook.php(341): ActionScheduler_QueueRunner->run('WP Cron')
#11 /home1/pydrqhmy/thegiftara.com/wp-includes/class-wp-hook.php(365): WP_Hook->apply_filters('', Array)
#12 /home1/pydrqhmy/thegiftara.com/wp-includes/plugin.php(570): WP_Hook->do_action(Array)
#13 /home1/pydrqhmy/thegiftara.com/wp-cron.php(191): do_action_ref_array('action_schedule...', Array)
#14 {main}
2025-12-20T14:48:04+00:00 NOTICE There was an error trying to get product set data in a catalog: Cannot create the API instance because the access token is missing.
2025-12-20T14:48:04+00:00 ERROR ProductSetSync exception: exception_code : 0; exception_class : WooCommerce\Facebook\Framework\Api\Exception: exception_message : Cannot create the API instance because the access token is missing.; exception_trace : #0 /home1/pydrqhmy/thegiftara.com/wp-content/plugins/facebook-for-woocommerce/includes/ProductSets/ProductSetSync.php(139): WC_Facebookcommerce->get_api()
#1 /home1/pydrqhmy/thegiftara.com/wp-content/plugins/facebook-for-woocommerce/includes/ProductSets/ProductSetSync.php(226): WooCommerce\Facebook\ProductSets\ProductSetSync->get_fb_product_set_id(Object(WP_Term))
#2 /home1/pydrqhmy/thegiftara.com/wp-content/plugins/facebook-for-woocommerce/includes/ProductSets/ProductSetSync.php(107): WooCommerce\Facebook\ProductSets\ProductSetSync->sync_all_wc_product_categories()
#3 /home1/pydrqhmy/thegiftara.com/wp-includes/class-wp-hook.php(341): WooCommerce\Facebook\ProductSets\ProductSetSync->sync_all_product_sets()
#4 /home1/pydrqhmy/thegiftara.com/wp-includes/class-wp-hook.php(365): WP_Hook->apply_filters(NULL, Array)
#5 /home1/pydrqhmy/thegiftara.com/wp-includes/plugin.php(570): WP_Hook->do_action(Array)
#6 /home1/pydrqhmy/thegiftara.com/wp-content/plugins/seo-by-rank-math/vendor/woocommerce/action-scheduler/classes/actions/ActionScheduler_Action.php(86): do_action_ref_array('facebook_for_wo...', Array)
#7 /home1/pydrqhmy/thegiftara.com/wp-content/plugins/seo-by-rank-math/vendor/woocommerce/action-scheduler/classes/abstracts/ActionScheduler_Abstract_QueueRunner.php(103): ActionScheduler_Action->execute()
#8 /home1/pydrqhmy/thegiftara.com/wp-content/plugins/seo-by-rank-math/vendor/woocommerce/action-scheduler/classes/ActionScheduler_QueueRunner.php(188): ActionScheduler_Abstract_QueueRunner->process_action(51005, 'WP Cron')
#9 /home1/pydrqhmy/thegiftara.com/wp-content/plugins/seo-by-rank-math/vendor/woocommerce/action-scheduler/classes/ActionScheduler_QueueRunner.php(158): ActionScheduler_QueueRunner->do_batch(25, 'WP Cron')
#10 /home1/pydrqhmy/thegiftara.com/wp-includes/class-wp-hook.php(341): ActionScheduler_QueueRunner->run('WP Cron')
#11 /home1/pydrqhmy/thegiftara.com/wp-includes/class-wp-hook.php(365): WP_Hook->apply_filters('', Array)
#12 /home1/pydrqhmy/thegiftara.com/wp-includes/plugin.php(570): WP_Hook->do_action(Array)
#13 /home1/pydrqhmy/thegiftara.com/wp-cron.php(191): do_action_ref_array('action_schedule...', Array)
#14 {main}
2025-12-20T14:48:04+00:00 NOTICE There was an error trying to get product set data in a catalog: Cannot create the API instance because the access token is missing.
2025-12-20T14:48:04+00:00 ERROR ProductSetSync exception: exception_code : 0; exception_class : WooCommerce\Facebook\Framework\Api\Exception: exception_message : Cannot create the API instance because the access token is missing.; exception_trace : #0 /home1/pydrqhmy/thegiftara.com/wp-content/plugins/facebook-for-woocommerce/includes/ProductSets/ProductSetSync.php(139): WC_Facebookcommerce->get_api()
#1 /home1/pydrqhmy/thegiftara.com/wp-content/plugins/facebook-for-woocommerce/includes/ProductSets/ProductSetSync.php(226): WooCommerce\Facebook\ProductSets\ProductSetSync->get_fb_product_set_id(Object(WP_Term))
#2 /home1/pydrqhmy/thegiftara.com/wp-content/plugins/facebook-for-woocommerce/includes/ProductSets/ProductSetSync.php(107): WooCommerce\Facebook\ProductSets\ProductSetSync->sync_all_wc_product_categories()
#3 /home1/pydrqhmy/thegiftara.com/wp-includes/class-wp-hook.php(341): WooCommerce\Facebook\ProductSets\ProductSetSync->sync_all_product_sets()
#4 /home1/pydrqhmy/thegiftara.com/wp-includes/class-wp-hook.php(365): WP_Hook->apply_filters(NULL, Array)
#5 /home1/pydrqhmy/thegiftara.com/wp-includes/plugin.php(570): WP_Hook->do_action(Array)
#6 /home1/pydrqhmy/thegiftara.com/wp-content/plugins/seo-by-rank-math/vendor/woocommerce/action-scheduler/classes/actions/ActionScheduler_Action.php(86): do_action_ref_array('facebook_for_wo...', Array)
#7 /home1/pydrqhmy/thegiftara.com/wp-content/plugins/seo-by-rank-math/vendor/woocommerce/action-scheduler/classes/abstracts/ActionScheduler_Abstract_QueueRunner.php(103): ActionScheduler_Action->execute()
#8 /home1/pydrqhmy/thegiftara.com/wp-content/plugins/seo-by-rank-math/vendor/woocommerce/action-scheduler/classes/ActionScheduler_QueueRunner.php(188): ActionScheduler_Abstract_QueueRunner->process_action(51005, 'WP Cron')
#9 /home1/pydrqhmy/thegiftara.com/wp-content/plugins/seo-by-rank-math/vendor/woocommerce/action-scheduler/classes/ActionScheduler_QueueRunner.php(158): ActionScheduler_QueueRunner->do_batch(25, 'WP Cron')
#10 /home1/pydrqhmy/thegiftara.com/wp-includes/class-wp-hook.php(341): ActionScheduler_QueueRunner->run('WP Cron')
#11 /home1/pydrqhmy/thegiftara.com/wp-includes/class-wp-hook.php(365): WP_Hook->apply_filters('', Array)
#12 /home1/pydrqhmy/thegiftara.com/wp-includes/plugin.php(570): WP_Hook->do_action(Array)
#13 /home1/pydrqhmy/thegiftara.com/wp-cron.php(191): do_action_ref_array('action_schedule...', Array)
#14 {main}
2025-12-20T14:48:04+00:00 NOTICE There was an error trying to get product set data in a catalog: Cannot create the API instance because the access token is missing.
2025-12-20T14:48:04+00:00 ERROR ProductSetSync exception: exception_code : 0; exception_class : WooCommerce\Facebook\Framework\Api\Exception: exception_message : Cannot create the API instance because the access token is missing.; exception_trace : #0 /home1/pydrqhmy/thegiftara.com/wp-content/plugins/facebook-for-woocommerce/includes/ProductSets/ProductSetSync.php(139): WC_Facebookcommerce->get_api()
#1 /home1/pydrqhmy/thegiftara.com/wp-content/plugins/facebook-for-woocommerce/includes/ProductSets/ProductSetSync.php(226): WooCommerce\Facebook\ProductSets\ProductSetSync->get_fb_product_set_id(Object(WP_Term))
#2 /home1/pydrqhmy/thegiftara.com/wp-content/plugins/facebook-for-woocommerce/includes/ProductSets/ProductSetSync.php(107): WooCommerce\Facebook\ProductSets\ProductSetSync->sync_all_wc_product_categories()
#3 /home1/pydrqhmy/thegiftara.com/wp-includes/class-wp-hook.php(341): WooCommerce\Facebook\ProductSets\ProductSetSync->sync_all_product_sets()
#4 /home1/pydrqhmy/thegiftara.com/wp-includes/class-wp-hook.php(365): WP_Hook->apply_filters(NULL, Array)
#5 /home1/pydrqhmy/thegiftara.com/wp-includes/plugin.php(570): WP_Hook->do_action(Array)
#6 /home1/pydrqhmy/thegiftara.com/wp-content/plugins/seo-by-rank-math/vendor/woocommerce/action-scheduler/classes/actions/ActionScheduler_Action.php(86): do_action_ref_array('facebook_for_wo...', Array)
#7 /home1/pydrqhmy/thegiftara.com/wp-content/plugins/seo-by-rank-math/vendor/woocommerce/action-scheduler/classes/abstracts/ActionScheduler_Abstract_QueueRunner.php(103): ActionScheduler_Action->execute()
#8 /home1/pydrqhmy/thegiftara.com/wp-content/plugins/seo-by-rank-math/vendor/woocommerce/action-scheduler/classes/ActionScheduler_QueueRunner.php(188): ActionScheduler_Abstract_QueueRunner->process_action(51005, 'WP Cron')
#9 /home1/pydrqhmy/thegiftara.com/wp-content/plugins/seo-by-rank-math/vendor/woocommerce/action-scheduler/classes/ActionScheduler_QueueRunner.php(158): ActionScheduler_QueueRunner->do_batch(25, 'WP Cron')
#10 /home1/pydrqhmy/thegiftara.com/wp-includes/class-wp-hook.php(341): ActionScheduler_QueueRunner->run('WP Cron')
#11 /home1/pydrqhmy/thegiftara.com/wp-includes/class-wp-hook.php(365): WP_Hook->apply_filters('', Array)
#12 /home1/pydrqhmy/thegiftara.com/wp-includes/plugin.php(570): WP_Hook->do_action(Array)
#13 /home1/pydrqhmy/thegiftara.com/wp-cron.php(191): do_action_ref_array('action_schedule...', Array)
#14 {main}
2025-12-20T14:48:04+00:00 NOTICE There was an error trying to get product set data in a catalog: Cannot create the API instance because the access token is missing.
2025-12-20T14:48:04+00:00 ERROR ProductSetSync exception: exception_code : 0; exception_class : WooCommerce\Facebook\Framework\Api\Exception: exception_message : Cannot create the API instance because the access token is missing.; exception_trace : #0 /home1/pydrqhmy/thegiftara.com/wp-content/plugins/facebook-for-woocommerce/includes/ProductSets/ProductSetSync.php(139): WC_Facebookcommerce->get_api()
#1 /home1/pydrqhmy/thegiftara.com/wp-content/plugins/facebook-for-woocommerce/includes/ProductSets/ProductSetSync.php(226): WooCommerce\Facebook\ProductSets\ProductSetSync->get_fb_product_set_id(Object(WP_Term))
#2 /home1/pydrqhmy/thegiftara.com/wp-content/plugins/facebook-for-woocommerce/includes/ProductSets/ProductSetSync.php(107): WooCommerce\Facebook\ProductSets\ProductSetSync->sync_all_wc_product_categories()
#3 /home1/pydrqhmy/thegiftara.com/wp-includes/class-wp-hook.php(341): WooCommerce\Facebook\ProductSets\ProductSetSync->sync_all_product_sets()
#4 /home1/pydrqhmy/thegiftara.com/wp-includes/class-wp-hook.php(365): WP_Hook->apply_filters(NULL, Array)
#5 /home1/pydrqhmy/thegiftara.com/wp-includes/plugin.php(570): WP_Hook->do_action(Array)
#6 /home1/pydrqhmy/thegiftara.com/wp-content/plugins/seo-by-rank-math/vendor/woocommerce/action-scheduler/classes/actions/ActionScheduler_Action.php(86): do_action_ref_array('facebook_for_wo...', Array)
#7 /home1/pydrqhmy/thegiftara.com/wp-content/plugins/seo-by-rank-math/vendor/woocommerce/action-scheduler/classes/abstracts/ActionScheduler_Abstract_QueueRunner.php(103): ActionScheduler_Action->execute()
#8 /home1/pydrqhmy/thegiftara.com/wp-content/plugins/seo-by-rank-math/vendor/woocommerce/action-scheduler/classes/ActionScheduler_QueueRunner.php(188): ActionScheduler_Abstract_QueueRunner->process_action(51005, 'WP Cron')
#9 /home1/pydrqhmy/thegiftara.com/wp-content/plugins/seo-by-rank-math/vendor/woocommerce/action-scheduler/classes/ActionScheduler_QueueRunner.php(158): ActionScheduler_QueueRunner->do_batch(25, 'WP Cron')
#10 /home1/pydrqhmy/thegiftara.com/wp-includes/class-wp-hook.php(341): ActionScheduler_QueueRunner->run('WP Cron')
#11 /home1/pydrqhmy/thegiftara.com/wp-includes/class-wp-hook.php(365): WP_Hook->apply_filters('', Array)
#12 /home1/pydrqhmy/thegiftara.com/wp-includes/plugin.php(570): WP_Hook->do_action(Array)
#13 /home1/pydrqhmy/thegiftara.com/wp-cron.php(191): do_action_ref_array('action_schedule...', Array)
#14 {main}
2025-12-20T14:48:04+00:00 NOTICE There was an error trying to get product set data in a catalog: Cannot create the API instance because the access token is missing.
2025-12-20T14:48:04+00:00 ERROR ProductSetSync exception: exception_code : 0; exception_class : WooCommerce\Facebook\Framework\Api\Exception: exception_message : Cannot create the API instance because the access token is missing.; exception_trace : #0 /home1/pydrqhmy/thegiftara.com/wp-content/plugins/facebook-for-woocommerce/includes/ProductSets/ProductSetSync.php(139): WC_Facebookcommerce->get_api()
#1 /home1/pydrqhmy/thegiftara.com/wp-content/plugins/facebook-for-woocommerce/includes/ProductSets/ProductSetSync.php(226): WooCommerce\Facebook\ProductSets\ProductSetSync->get_fb_product_set_id(Object(WP_Term))
#2 /home1/pydrqhmy/thegiftara.com/wp-content/plugins/facebook-for-woocommerce/includes/ProductSets/ProductSetSync.php(107): WooCommerce\Facebook\ProductSets\ProductSetSync->sync_all_wc_product_categories()
#3 /home1/pydrqhmy/thegiftara.com/wp-includes/class-wp-hook.php(341): WooCommerce\Facebook\ProductSets\ProductSetSync->sync_all_product_sets()
#4 /home1/pydrqhmy/thegiftara.com/wp-includes/class-wp-hook.php(365): WP_Hook->apply_filters(NULL, Array)
#5 /home1/pydrqhmy/thegiftara.com/wp-includes/plugin.php(570): WP_Hook->do_action(Array)
#6 /home1/pydrqhmy/thegiftara.com/wp-content/plugins/seo-by-rank-math/vendor/woocommerce/action-scheduler/classes/actions/ActionScheduler_Action.php(86): do_action_ref_array('facebook_for_wo...', Array)
#7 /home1/pydrqhmy/thegiftara.com/wp-content/plugins/seo-by-rank-math/vendor/woocommerce/action-scheduler/classes/abstracts/ActionScheduler_Abstract_QueueRunner.php(103): ActionScheduler_Action->execute()
#8 /home1/pydrqhmy/thegiftara.com/wp-content/plugins/seo-by-rank-math/vendor/woocommerce/action-scheduler/classes/ActionScheduler_QueueRunner.php(188): ActionScheduler_Abstract_QueueRunner->process_action(51005, 'WP Cron')
#9 /home1/pydrqhmy/thegiftara.com/wp-content/plugins/seo-by-rank-math/vendor/woocommerce/action-scheduler/classes/ActionScheduler_QueueRunner.php(158): ActionScheduler_QueueRunner->do_batch(25, 'WP Cron')
#10 /home1/pydrqhmy/thegiftara.com/wp-includes/class-wp-hook.php(341): ActionScheduler_QueueRunner->run('WP Cron')
#11 /home1/pydrqhmy/thegiftara.com/wp-includes/class-wp-hook.php(365): WP_Hook->apply_filters('', Array)
#12 /home1/pydrqhmy/thegiftara.com/wp-includes/plugin.php(570): WP_Hook->do_action(Array)
#13 /home1/pydrqhmy/thegiftara.com/wp-cron.php(191): do_action_ref_array('action_schedule...', Array)
#14 {main}
2025-12-20T14:48:04+00:00 NOTICE There was an error trying to get product set data in a catalog: Cannot create the API instance because the access token is missing.
2025-12-20T14:48:04+00:00 ERROR ProductSetSync exception: exception_code : 0; exception_class : WooCommerce\Facebook\Framework\Api\Exception: exception_message : Cannot create the API instance because the access token is missing.; exception_trace : #0 /home1/pydrqhmy/thegiftara.com/wp-content/plugins/facebook-for-woocommerce/includes/ProductSets/ProductSetSync.php(139): WC_Facebookcommerce->get_api()
#1 /home1/pydrqhmy/thegiftara.com/wp-content/plugins/facebook-for-woocommerce/includes/ProductSets/ProductSetSync.php(226): WooCommerce\Facebook\ProductSets\ProductSetSync->get_fb_product_set_id(Object(WP_Term))
#2 /home1/pydrqhmy/thegiftara.com/wp-content/plugins/facebook-for-woocommerce/includes/ProductSets/ProductSetSync.php(107): WooCommerce\Facebook\ProductSets\ProductSetSync->sync_all_wc_product_categories()
#3 /home1/pydrqhmy/thegiftara.com/wp-includes/class-wp-hook.php(341): WooCommerce\Facebook\ProductSets\ProductSetSync->sync_all_product_sets()
#4 /home1/pydrqhmy/thegiftara.com/wp-includes/class-wp-hook.php(365): WP_Hook->apply_filters(NULL, Array)
#5 /home1/pydrqhmy/thegiftara.com/wp-includes/plugin.php(570): WP_Hook->do_action(Array)
#6 /home1/pydrqhmy/thegiftara.com/wp-content/plugins/seo-by-rank-math/vendor/woocommerce/action-scheduler/classes/actions/ActionScheduler_Action.php(86): do_action_ref_array('facebook_for_wo...', Array)
#7 /home1/pydrqhmy/thegiftara.com/wp-content/plugins/seo-by-rank-math/vendor/woocommerce/action-scheduler/classes/abstracts/ActionScheduler_Abstract_QueueRunner.php(103): ActionScheduler_Action->execute()
#8 /home1/pydrqhmy/thegiftara.com/wp-content/plugins/seo-by-rank-math/vendor/woocommerce/action-scheduler/classes/ActionScheduler_QueueRunner.php(188): ActionScheduler_Abstract_QueueRunner->process_action(51005, 'WP Cron')
#9 /home1/pydrqhmy/thegiftara.com/wp-content/plugins/seo-by-rank-math/vendor/woocommerce/action-scheduler/classes/ActionScheduler_QueueRunner.php(158): ActionScheduler_QueueRunner->do_batch(25, 'WP Cron')
#10 /home1/pydrqhmy/thegiftara.com/wp-includes/class-wp-hook.php(341): ActionScheduler_QueueRunner->run('WP Cron')
#11 /home1/pydrqhmy/thegiftara.com/wp-includes/class-wp-hook.php(365): WP_Hook->apply_filters('', Array)
#12 /home1/pydrqhmy/thegiftara.com/wp-includes/plugin.php(570): WP_Hook->do_action(Array)
#13 /home1/pydrqhmy/thegiftara.com/wp-cron.php(191): do_action_ref_array('action_schedule...', Array)
#14 {main}
2025-12-20T14:48:04+00:00 NOTICE There was an error trying to get product set data in a catalog: Cannot create the API instance because the access token is missing.
2025-12-20T14:48:04+00:00 ERROR ProductSetSync exception: exception_code : 0; exception_class : WooCommerce\Facebook\Framework\Api\Exception: exception_message : Cannot create the API instance because the access token is missing.; exception_trace : #0 /home1/pydrqhmy/thegiftara.com/wp-content/plugins/facebook-for-woocommerce/includes/ProductSets/ProductSetSync.php(139): WC_Facebookcommerce->get_api()
#1 /home1/pydrqhmy/thegiftara.com/wp-content/plugins/facebook-for-woocommerce/includes/ProductSets/ProductSetSync.php(226): WooCommerce\Facebook\ProductSets\ProductSetSync->get_fb_product_set_id(Object(WP_Term))
#2 /home1/pydrqhmy/thegiftara.com/wp-content/plugins/facebook-for-woocommerce/includes/ProductSets/ProductSetSync.php(107): WooCommerce\Facebook\ProductSets\ProductSetSync->sync_all_wc_product_categories()
#3 /home1/pydrqhmy/thegiftara.com/wp-includes/class-wp-hook.php(341): WooCommerce\Facebook\ProductSets\ProductSetSync->sync_all_product_sets()
#4 /home1/pydrqhmy/thegiftara.com/wp-includes/class-wp-hook.php(365): WP_Hook->apply_filters(NULL, Array)
#5 /home1/pydrqhmy/thegiftara.com/wp-includes/plugin.php(570): WP_Hook->do_action(Array)
#6 /home1/pydrqhmy/thegiftara.com/wp-content/plugins/seo-by-rank-math/vendor/woocommerce/action-scheduler/classes/actions/ActionScheduler_Action.php(86): do_action_ref_array('facebook_for_wo...', Array)
#7 /home1/pydrqhmy/thegiftara.com/wp-content/plugins/seo-by-rank-math/vendor/woocommerce/action-scheduler/classes/abstracts/ActionScheduler_Abstract_QueueRunner.php(103): ActionScheduler_Action->execute()
#8 /home1/pydrqhmy/thegiftara.com/wp-content/plugins/seo-by-rank-math/vendor/woocommerce/action-scheduler/classes/ActionScheduler_QueueRunner.php(188): ActionScheduler_Abstract_QueueRunner->process_action(51005, 'WP Cron')
#9 /home1/pydrqhmy/thegiftara.com/wp-content/plugins/seo-by-rank-math/vendor/woocommerce/action-scheduler/classes/ActionScheduler_QueueRunner.php(158): ActionScheduler_QueueRunner->do_batch(25, 'WP Cron')
#10 /home1/pydrqhmy/thegiftara.com/wp-includes/class-wp-hook.php(341): ActionScheduler_QueueRunner->run('WP Cron')
#11 /home1/pydrqhmy/thegiftara.com/wp-includes/class-wp-hook.php(365): WP_Hook->apply_filters('', Array)
#12 /home1/pydrqhmy/thegiftara.com/wp-includes/plugin.php(570): WP_Hook->do_action(Array)
#13 /home1/pydrqhmy/thegiftara.com/wp-cron.php(191): do_action_ref_array('action_schedule...', Array)
#14 {main}
2025-12-20T14:48:04+00:00 NOTICE There was an error trying to get product set data in a catalog: Cannot create the API instance because the access token is missing.
2025-12-20T14:48:04+00:00 ERROR ProductSetSync exception: exception_code : 0; exception_class : WooCommerce\Facebook\Framework\Api\Exception: exception_message : Cannot create the API instance because the access token is missing.; exception_trace : #0 /home1/pydrqhmy/thegiftara.com/wp-content/plugins/facebook-for-woocommerce/includes/ProductSets/ProductSetSync.php(139): WC_Facebookcommerce->get_api()
#1 /home1/pydrqhmy/thegiftara.com/wp-content/plugins/facebook-for-woocommerce/includes/ProductSets/ProductSetSync.php(226): WooCommerce\Facebook\ProductSets\ProductSetSync->get_fb_product_set_id(Object(WP_Term))
#2 /home1/pydrqhmy/thegiftara.com/wp-content/plugins/facebook-for-woocommerce/includes/ProductSets/ProductSetSync.php(107): WooCommerce\Facebook\ProductSets\ProductSetSync->sync_all_wc_product_categories()
#3 /home1/pydrqhmy/thegiftara.com/wp-includes/class-wp-hook.php(341): WooCommerce\Facebook\ProductSets\ProductSetSync->sync_all_product_sets()
#4 /home1/pydrqhmy/thegiftara.com/wp-includes/class-wp-hook.php(365): WP_Hook->apply_filters(NULL, Array)
#5 /home1/pydrqhmy/thegiftara.com/wp-includes/plugin.php(570): WP_Hook->do_action(Array)
#6 /home1/pydrqhmy/thegiftara.com/wp-content/plugins/seo-by-rank-math/vendor/woocommerce/action-scheduler/classes/actions/ActionScheduler_Action.php(86): do_action_ref_array('facebook_for_wo...', Array)
#7 /home1/pydrqhmy/thegiftara.com/wp-content/plugins/seo-by-rank-math/vendor/woocommerce/action-scheduler/classes/abstracts/ActionScheduler_Abstract_QueueRunner.php(103): ActionScheduler_Action->execute()
#8 /home1/pydrqhmy/thegiftara.com/wp-content/plugins/seo-by-rank-math/vendor/woocommerce/action-scheduler/classes/ActionScheduler_QueueRunner.php(188): ActionScheduler_Abstract_QueueRunner->process_action(51005, 'WP Cron')
#9 /home1/pydrqhmy/thegiftara.com/wp-content/plugins/seo-by-rank-math/vendor/woocommerce/action-scheduler/classes/ActionScheduler_QueueRunner.php(158): ActionScheduler_QueueRunner->do_batch(25, 'WP Cron')
#10 /home1/pydrqhmy/thegiftara.com/wp-includes/class-wp-hook.php(341): ActionScheduler_QueueRunner->run('WP Cron')
#11 /home1/pydrqhmy/thegiftara.com/wp-includes/class-wp-hook.php(365): WP_Hook->apply_filters('', Array)
#12 /home1/pydrqhmy/thegiftara.com/wp-includes/plugin.php(570): WP_Hook->do_action(Array)
#13 /home1/pydrqhmy/thegiftara.com/wp-cron.php(191): do_action_ref_array('action_schedule...', Array)
#14 {main}
2025-12-20T14:48:04+00:00 NOTICE There was an error trying to get product set data in a catalog: Cannot create the API instance because the access token is missing.
2025-12-20T14:48:04+00:00 ERROR ProductSetSync exception: exception_code : 0; exception_class : WooCommerce\Facebook\Framework\Api\Exception: exception_message : Cannot create the API instance because the access token is missing.; exception_trace : #0 /home1/pydrqhmy/thegiftara.com/wp-content/plugins/facebook-for-woocommerce/includes/ProductSets/ProductSetSync.php(139): WC_Facebookcommerce->get_api()
#1 /home1/pydrqhmy/thegiftara.com/wp-content/plugins/facebook-for-woocommerce/includes/ProductSets/ProductSetSync.php(226): WooCommerce\Facebook\ProductSets\ProductSetSync->get_fb_product_set_id(Object(WP_Term))
#2 /home1/pydrqhmy/thegiftara.com/wp-content/plugins/facebook-for-woocommerce/includes/ProductSets/ProductSetSync.php(107): WooCommerce\Facebook\ProductSets\ProductSetSync->sync_all_wc_product_categories()
#3 /home1/pydrqhmy/thegiftara.com/wp-includes/class-wp-hook.php(341): WooCommerce\Facebook\ProductSets\ProductSetSync->sync_all_product_sets()
#4 /home1/pydrqhmy/thegiftara.com/wp-includes/class-wp-hook.php(365): WP_Hook->apply_filters(NULL, Array)
#5 /home1/pydrqhmy/thegiftara.com/wp-includes/plugin.php(570): WP_Hook->do_action(Array)
#6 /home1/pydrqhmy/thegiftara.com/wp-content/plugins/seo-by-rank-math/vendor/woocommerce/action-scheduler/classes/actions/ActionScheduler_Action.php(86): do_action_ref_array('facebook_for_wo...', Array)
#7 /home1/pydrqhmy/thegiftara.com/wp-content/plugins/seo-by-rank-math/vendor/woocommerce/action-scheduler/classes/abstracts/ActionScheduler_Abstract_QueueRunner.php(103): ActionScheduler_Action->execute()
#8 /home1/pydrqhmy/thegiftara.com/wp-content/plugins/seo-by-rank-math/vendor/woocommerce/action-scheduler/classes/ActionScheduler_QueueRunner.php(188): ActionScheduler_Abstract_QueueRunner->process_action(51005, 'WP Cron')
#9 /home1/pydrqhmy/thegiftara.com/wp-content/plugins/seo-by-rank-math/vendor/woocommerce/action-scheduler/classes/ActionScheduler_QueueRunner.php(158): ActionScheduler_QueueRunner->do_batch(25, 'WP Cron')
#10 /home1/pydrqhmy/thegiftara.com/wp-includes/class-wp-hook.php(341): ActionScheduler_QueueRunner->run('WP Cron')
#11 /home1/pydrqhmy/thegiftara.com/wp-includes/class-wp-hook.php(365): WP_Hook->apply_filters('', Array)
#12 /home1/pydrqhmy/thegiftara.com/wp-includes/plugin.php(570): WP_Hook->do_action(Array)
#13 /home1/pydrqhmy/thegiftara.com/wp-cron.php(191): do_action_ref_array('action_schedule...', Array)
#14 {main}
2025-12-20T14:48:04+00:00 NOTICE There was an error trying to get product set data in a catalog: Cannot create the API instance because the access token is missing.
2025-12-20T14:48:04+00:00 ERROR ProductSetSync exception: exception_code : 0; exception_class : WooCommerce\Facebook\Framework\Api\Exception: exception_message : Cannot create the API instance because the access token is missing.; exception_trace : #0 /home1/pydrqhmy/thegiftara.com/wp-content/plugins/facebook-for-woocommerce/includes/ProductSets/ProductSetSync.php(139): WC_Facebookcommerce->get_api()
#1 /home1/pydrqhmy/thegiftara.com/wp-content/plugins/facebook-for-woocommerce/includes/ProductSets/ProductSetSync.php(226): WooCommerce\Facebook\ProductSets\ProductSetSync->get_fb_product_set_id(Object(WP_Term))
#2 /home1/pydrqhmy/thegiftara.com/wp-content/plugins/facebook-for-woocommerce/includes/ProductSets/ProductSetSync.php(107): WooCommerce\Facebook\ProductSets\ProductSetSync->sync_all_wc_product_categories()
#3 /home1/pydrqhmy/thegiftara.com/wp-includes/class-wp-hook.php(341): WooCommerce\Facebook\ProductSets\ProductSetSync->sync_all_product_sets()
#4 /home1/pydrqhmy/thegiftara.com/wp-includes/class-wp-hook.php(365): WP_Hook->apply_filters(NULL, Array)
#5 /home1/pydrqhmy/thegiftara.com/wp-includes/plugin.php(570): WP_Hook->do_action(Array)
#6 /home1/pydrqhmy/thegiftara.com/wp-content/plugins/seo-by-rank-math/vendor/woocommerce/action-scheduler/classes/actions/ActionScheduler_Action.php(86): do_action_ref_array('facebook_for_wo...', Array)
#7 /home1/pydrqhmy/thegiftara.com/wp-content/plugins/seo-by-rank-math/vendor/woocommerce/action-scheduler/classes/abstracts/ActionScheduler_Abstract_QueueRunner.php(103): ActionScheduler_Action->execute()
#8 /home1/pydrqhmy/thegiftara.com/wp-content/plugins/seo-by-rank-math/vendor/woocommerce/action-scheduler/classes/ActionScheduler_QueueRunner.php(188): ActionScheduler_Abstract_QueueRunner->process_action(51005, 'WP Cron')
#9 /home1/pydrqhmy/thegiftara.com/wp-content/plugins/seo-by-rank-math/vendor/woocommerce/action-scheduler/classes/ActionScheduler_QueueRunner.php(158): ActionScheduler_QueueRunner->do_batch(25, 'WP Cron')
#10 /home1/pydrqhmy/thegiftara.com/wp-includes/class-wp-hook.php(341): ActionScheduler_QueueRunner->run('WP Cron')
#11 /home1/pydrqhmy/thegiftara.com/wp-includes/class-wp-hook.php(365): WP_Hook->apply_filters('', Array)
#12 /home1/pydrqhmy/thegiftara.com/wp-includes/plugin.php(570): WP_Hook->do_action(Array)
#13 /home1/pydrqhmy/thegiftara.com/wp-cron.php(191): do_action_ref_array('action_schedule...', Array)
#14 {main}
2025-12-20T14:48:04+00:00 NOTICE There was an error trying to get product set data in a catalog: Cannot create the API instance because the access token is missing.
2025-12-20T14:48:04+00:00 ERROR ProductSetSync exception: exception_code : 0; exception_class : WooCommerce\Facebook\Framework\Api\Exception: exception_message : Cannot create the API instance because the access token is missing.; exception_trace : #0 /home1/pydrqhmy/thegiftara.com/wp-content/plugins/facebook-for-woocommerce/includes/ProductSets/ProductSetSync.php(139): WC_Facebookcommerce->get_api()
#1 /home1/pydrqhmy/thegiftara.com/wp-content/plugins/facebook-for-woocommerce/includes/ProductSets/ProductSetSync.php(226): WooCommerce\Facebook\ProductSets\ProductSetSync->get_fb_product_set_id(Object(WP_Term))
#2 /home1/pydrqhmy/thegiftara.com/wp-content/plugins/facebook-for-woocommerce/includes/ProductSets/ProductSetSync.php(107): WooCommerce\Facebook\ProductSets\ProductSetSync->sync_all_wc_product_categories()
#3 /home1/pydrqhmy/thegiftara.com/wp-includes/class-wp-hook.php(341): WooCommerce\Facebook\ProductSets\ProductSetSync->sync_all_product_sets()
#4 /home1/pydrqhmy/thegiftara.com/wp-includes/class-wp-hook.php(365): WP_Hook->apply_filters(NULL, Array)
#5 /home1/pydrqhmy/thegiftara.com/wp-includes/plugin.php(570): WP_Hook->do_action(Array)
#6 /home1/pydrqhmy/thegiftara.com/wp-content/plugins/seo-by-rank-math/vendor/woocommerce/action-scheduler/classes/actions/ActionScheduler_Action.php(86): do_action_ref_array('facebook_for_wo...', Array)
#7 /home1/pydrqhmy/thegiftara.com/wp-content/plugins/seo-by-rank-math/vendor/woocommerce/action-scheduler/classes/abstracts/ActionScheduler_Abstract_QueueRunner.php(103): ActionScheduler_Action->execute()
#8 /home1/pydrqhmy/thegiftara.com/wp-content/plugins/seo-by-rank-math/vendor/woocommerce/action-scheduler/classes/ActionScheduler_QueueRunner.php(188): ActionScheduler_Abstract_QueueRunner->process_action(51005, 'WP Cron')
#9 /home1/pydrqhmy/thegiftara.com/wp-content/plugins/seo-by-rank-math/vendor/woocommerce/action-scheduler/classes/ActionScheduler_QueueRunner.php(158): ActionScheduler_QueueRunner->do_batch(25, 'WP Cron')
#10 /home1/pydrqhmy/thegiftara.com/wp-includes/class-wp-hook.php(341): ActionScheduler_QueueRunner->run('WP Cron')
#11 /home1/pydrqhmy/thegiftara.com/wp-includes/class-wp-hook.php(365): WP_Hook->apply_filters('', Array)
#12 /home1/pydrqhmy/thegiftara.com/wp-includes/plugin.php(570): WP_Hook->do_action(Array)
#13 /home1/pydrqhmy/thegiftara.com/wp-cron.php(191): do_action_ref_array('action_schedule...', Array)
#14 {main}
2025-12-20T14:48:04+00:00 NOTICE There was an error trying to get product set data in a catalog: Cannot create the API instance because the access token is missing.
2025-12-20T14:48:04+00:00 ERROR ProductSetSync exception: exception_code : 0; exception_class : WooCommerce\Facebook\Framework\Api\Exception: exception_message : Cannot create the API instance because the access token is missing.; exception_trace : #0 /home1/pydrqhmy/thegiftara.com/wp-content/plugins/facebook-for-woocommerce/includes/ProductSets/ProductSetSync.php(139): WC_Facebookcommerce->get_api()
#1 /home1/pydrqhmy/thegiftara.com/wp-content/plugins/facebook-for-woocommerce/includes/ProductSets/ProductSetSync.php(226): WooCommerce\Facebook\ProductSets\ProductSetSync->get_fb_product_set_id(Object(WP_Term))
#2 /home1/pydrqhmy/thegiftara.com/wp-content/plugins/facebook-for-woocommerce/includes/ProductSets/ProductSetSync.php(107): WooCommerce\Facebook\ProductSets\ProductSetSync->sync_all_wc_product_categories()
#3 /home1/pydrqhmy/thegiftara.com/wp-includes/class-wp-hook.php(341): WooCommerce\Facebook\ProductSets\ProductSetSync->sync_all_product_sets()
#4 /home1/pydrqhmy/thegiftara.com/wp-includes/class-wp-hook.php(365): WP_Hook->apply_filters(NULL, Array)
#5 /home1/pydrqhmy/thegiftara.com/wp-includes/plugin.php(570): WP_Hook->do_action(Array)
#6 /home1/pydrqhmy/thegiftara.com/wp-content/plugins/seo-by-rank-math/vendor/woocommerce/action-scheduler/classes/actions/ActionScheduler_Action.php(86): do_action_ref_array('facebook_for_wo...', Array)
#7 /home1/pydrqhmy/thegiftara.com/wp-content/plugins/seo-by-rank-math/vendor/woocommerce/action-scheduler/classes/abstracts/ActionScheduler_Abstract_QueueRunner.php(103): ActionScheduler_Action->execute()
#8 /home1/pydrqhmy/thegiftara.com/wp-content/plugins/seo-by-rank-math/vendor/woocommerce/action-scheduler/classes/ActionScheduler_QueueRunner.php(188): ActionScheduler_Abstract_QueueRunner->process_action(51005, 'WP Cron')
#9 /home1/pydrqhmy/thegiftara.com/wp-content/plugins/seo-by-rank-math/vendor/woocommerce/action-scheduler/classes/ActionScheduler_QueueRunner.php(158): ActionScheduler_QueueRunner->do_batch(25, 'WP Cron')
#10 /home1/pydrqhmy/thegiftara.com/wp-includes/class-wp-hook.php(341): ActionScheduler_QueueRunner->run('WP Cron')
#11 /home1/pydrqhmy/thegiftara.com/wp-includes/class-wp-hook.php(365): WP_Hook->apply_filters('', Array)
#12 /home1/pydrqhmy/thegiftara.com/wp-includes/plugin.php(570): WP_Hook->do_action(Array)
#13 /home1/pydrqhmy/thegiftara.com/wp-cron.php(191): do_action_ref_array('action_schedule...', Array)
#14 {main}
2025-12-20T14:48:04+00:00 NOTICE There was an error trying to get product set data in a catalog: Cannot create the API instance because the access token is missing.
2025-12-20T14:48:04+00:00 ERROR ProductSetSync exception: exception_code : 0; exception_class : WooCommerce\Facebook\Framework\Api\Exception: exception_message : Cannot create the API instance because the access token is missing.; exception_trace : #0 /home1/pydrqhmy/thegiftara.com/wp-content/plugins/facebook-for-woocommerce/includes/ProductSets/ProductSetSync.php(139): WC_Facebookcommerce->get_api()
#1 /home1/pydrqhmy/thegiftara.com/wp-content/plugins/facebook-for-woocommerce/includes/ProductSets/ProductSetSync.php(226): WooCommerce\Facebook\ProductSets\ProductSetSync->get_fb_product_set_id(Object(WP_Term))
#2 /home1/pydrqhmy/thegiftara.com/wp-content/plugins/facebook-for-woocommerce/includes/ProductSets/ProductSetSync.php(107): WooCommerce\Facebook\ProductSets\ProductSetSync->sync_all_wc_product_categories()
#3 /home1/pydrqhmy/thegiftara.com/wp-includes/class-wp-hook.php(341): WooCommerce\Facebook\ProductSets\ProductSetSync->sync_all_product_sets()
#4 /home1/pydrqhmy/thegiftara.com/wp-includes/class-wp-hook.php(365): WP_Hook->apply_filters(NULL, Array)
#5 /home1/pydrqhmy/thegiftara.com/wp-includes/plugin.php(570): WP_Hook->do_action(Array)
#6 /home1/pydrqhmy/thegiftara.com/wp-content/plugins/seo-by-rank-math/vendor/woocommerce/action-scheduler/classes/actions/ActionScheduler_Action.php(86): do_action_ref_array('facebook_for_wo...', Array)
#7 /home1/pydrqhmy/thegiftara.com/wp-content/plugins/seo-by-rank-math/vendor/woocommerce/action-scheduler/classes/abstracts/ActionScheduler_Abstract_QueueRunner.php(103): ActionScheduler_Action->execute()
#8 /home1/pydrqhmy/thegiftara.com/wp-content/plugins/seo-by-rank-math/vendor/woocommerce/action-scheduler/classes/ActionScheduler_QueueRunner.php(188): ActionScheduler_Abstract_QueueRunner->process_action(51005, 'WP Cron')
#9 /home1/pydrqhmy/thegiftara.com/wp-content/plugins/seo-by-rank-math/vendor/woocommerce/action-scheduler/classes/ActionScheduler_QueueRunner.php(158): ActionScheduler_QueueRunner->do_batch(25, 'WP Cron')
#10 /home1/pydrqhmy/thegiftara.com/wp-includes/class-wp-hook.php(341): ActionScheduler_QueueRunner->run('WP Cron')
#11 /home1/pydrqhmy/thegiftara.com/wp-includes/class-wp-hook.php(365): WP_Hook->apply_filters('', Array)
#12 /home1/pydrqhmy/thegiftara.com/wp-includes/plugin.php(570): WP_Hook->do_action(Array)
#13 /home1/pydrqhmy/thegiftara.com/wp-cron.php(191): do_action_ref_array('action_schedule...', Array)
#14 {main}
2025-12-20T14:48:04+00:00 NOTICE There was an error trying to get product set data in a catalog: Cannot create the API instance because the access token is missing.
2025-12-20T14:48:04+00:00 ERROR ProductSetSync exception: exception_code : 0; exception_class : WooCommerce\Facebook\Framework\Api\Exception: exception_message : Cannot create the API instance because the access token is missing.; exception_trace : #0 /home1/pydrqhmy/thegiftara.com/wp-content/plugins/facebook-for-woocommerce/includes/ProductSets/ProductSetSync.php(139): WC_Facebookcommerce->get_api()
#1 /home1/pydrqhmy/thegiftara.com/wp-content/plugins/facebook-for-woocommerce/includes/ProductSets/ProductSetSync.php(226): WooCommerce\Facebook\ProductSets\ProductSetSync->get_fb_product_set_id(Object(WP_Term))
#2 /home1/pydrqhmy/thegiftara.com/wp-content/plugins/facebook-for-woocommerce/includes/ProductSets/ProductSetSync.php(107): WooCommerce\Facebook\ProductSets\ProductSetSync->sync_all_wc_product_categories()
#3 /home1/pydrqhmy/thegiftara.com/wp-includes/class-wp-hook.php(341): WooCommerce\Facebook\ProductSets\ProductSetSync->sync_all_product_sets()
#4 /home1/pydrqhmy/thegiftara.com/wp-includes/class-wp-hook.php(365): WP_Hook->apply_filters(NULL, Array)
#5 /home1/pydrqhmy/thegiftara.com/wp-includes/plugin.php(570): WP_Hook->do_action(Array)
#6 /home1/pydrqhmy/thegiftara.com/wp-content/plugins/seo-by-rank-math/vendor/woocommerce/action-scheduler/classes/actions/ActionScheduler_Action.php(86): do_action_ref_array('facebook_for_wo...', Array)
#7 /home1/pydrqhmy/thegiftara.com/wp-content/plugins/seo-by-rank-math/vendor/woocommerce/action-scheduler/classes/abstracts/ActionScheduler_Abstract_QueueRunner.php(103): ActionScheduler_Action->execute()
#8 /home1/pydrqhmy/thegiftara.com/wp-content/plugins/seo-by-rank-math/vendor/woocommerce/action-scheduler/classes/ActionScheduler_QueueRunner.php(188): ActionScheduler_Abstract_QueueRunner->process_action(51005, 'WP Cron')
#9 /home1/pydrqhmy/thegiftara.com/wp-content/plugins/seo-by-rank-math/vendor/woocommerce/action-scheduler/classes/ActionScheduler_QueueRunner.php(158): ActionScheduler_QueueRunner->do_batch(25, 'WP Cron')
#10 /home1/pydrqhmy/thegiftara.com/wp-includes/class-wp-hook.php(341): ActionScheduler_QueueRunner->run('WP Cron')
#11 /home1/pydrqhmy/thegiftara.com/wp-includes/class-wp-hook.php(365): WP_Hook->apply_filters('', Array)
#12 /home1/pydrqhmy/thegiftara.com/wp-includes/plugin.php(570): WP_Hook->do_action(Array)
#13 /home1/pydrqhmy/thegiftara.com/wp-cron.php(191): do_action_ref_array('action_schedule...', Array)
#14 {main}
2025-12-20T14:48:04+00:00 NOTICE There was an error trying to get product set data in a catalog: Cannot create the API instance because the access token is missing.
2025-12-20T14:48:04+00:00 ERROR ProductSetSync exception: exception_code : 0; exception_class : WooCommerce\Facebook\Framework\Api\Exception: exception_message : Cannot create the API instance because the access token is missing.; exception_trace : #0 /home1/pydrqhmy/thegiftara.com/wp-content/plugins/facebook-for-woocommerce/includes/ProductSets/ProductSetSync.php(139): WC_Facebookcommerce->get_api()
#1 /home1/pydrqhmy/thegiftara.com/wp-content/plugins/facebook-for-woocommerce/includes/ProductSets/ProductSetSync.php(226): WooCommerce\Facebook\ProductSets\ProductSetSync->get_fb_product_set_id(Object(WP_Term))
#2 /home1/pydrqhmy/thegiftara.com/wp-content/plugins/facebook-for-woocommerce/includes/ProductSets/ProductSetSync.php(107): WooCommerce\Facebook\ProductSets\ProductSetSync->sync_all_wc_product_categories()
#3 /home1/pydrqhmy/thegiftara.com/wp-includes/class-wp-hook.php(341): WooCommerce\Facebook\ProductSets\ProductSetSync->sync_all_product_sets()
#4 /home1/pydrqhmy/thegiftara.com/wp-includes/class-wp-hook.php(365): WP_Hook->apply_filters(NULL, Array)
#5 /home1/pydrqhmy/thegiftara.com/wp-includes/plugin.php(570): WP_Hook->do_action(Array)
#6 /home1/pydrqhmy/thegiftara.com/wp-content/plugins/seo-by-rank-math/vendor/woocommerce/action-scheduler/classes/actions/ActionScheduler_Action.php(86): do_action_ref_array('facebook_for_wo...', Array)
#7 /home1/pydrqhmy/thegiftara.com/wp-content/plugins/seo-by-rank-math/vendor/woocommerce/action-scheduler/classes/abstracts/ActionScheduler_Abstract_QueueRunner.php(103): ActionScheduler_Action->execute()
#8 /home1/pydrqhmy/thegiftara.com/wp-content/plugins/seo-by-rank-math/vendor/woocommerce/action-scheduler/classes/ActionScheduler_QueueRunner.php(188): ActionScheduler_Abstract_QueueRunner->process_action(51005, 'WP Cron')
#9 /home1/pydrqhmy/thegiftara.com/wp-content/plugins/seo-by-rank-math/vendor/woocommerce/action-scheduler/classes/ActionScheduler_QueueRunner.php(158): ActionScheduler_QueueRunner->do_batch(25, 'WP Cron')
#10 /home1/pydrqhmy/thegiftara.com/wp-includes/class-wp-hook.php(341): ActionScheduler_QueueRunner->run('WP Cron')
#11 /home1/pydrqhmy/thegiftara.com/wp-includes/class-wp-hook.php(365): WP_Hook->apply_filters('', Array)
#12 /home1/pydrqhmy/thegiftara.com/wp-includes/plugin.php(570): WP_Hook->do_action(Array)
#13 /home1/pydrqhmy/thegiftara.com/wp-cron.php(191): do_action_ref_array('action_schedule...', Array)
#14 {main}
2025-12-20T14:48:04+00:00 NOTICE There was an error trying to get product set data in a catalog: Cannot create the API instance because the access token is missing.
2025-12-20T14:48:04+00:00 ERROR ProductSetSync exception: exception_code : 0; exception_class : WooCommerce\Facebook\Framework\Api\Exception: exception_message : Cannot create the API instance because the access token is missing.; exception_trace : #0 /home1/pydrqhmy/thegiftara.com/wp-content/plugins/facebook-for-woocommerce/includes/ProductSets/ProductSetSync.php(139): WC_Facebookcommerce->get_api()
#1 /home1/pydrqhmy/thegiftara.com/wp-content/plugins/facebook-for-woocommerce/includes/ProductSets/ProductSetSync.php(226): WooCommerce\Facebook\ProductSets\ProductSetSync->get_fb_product_set_id(Object(WP_Term))
#2 /home1/pydrqhmy/thegiftara.com/wp-content/plugins/facebook-for-woocommerce/includes/ProductSets/ProductSetSync.php(107): WooCommerce\Facebook\ProductSets\ProductSetSync->sync_all_wc_product_categories()
#3 /home1/pydrqhmy/thegiftara.com/wp-includes/class-wp-hook.php(341): WooCommerce\Facebook\ProductSets\ProductSetSync->sync_all_product_sets()
#4 /home1/pydrqhmy/thegiftara.com/wp-includes/class-wp-hook.php(365): WP_Hook->apply_filters(NULL, Array)
#5 /home1/pydrqhmy/thegiftara.com/wp-includes/plugin.php(570): WP_Hook->do_action(Array)
#6 /home1/pydrqhmy/thegiftara.com/wp-content/plugins/seo-by-rank-math/vendor/woocommerce/action-scheduler/classes/actions/ActionScheduler_Action.php(86): do_action_ref_array('facebook_for_wo...', Array)
#7 /home1/pydrqhmy/thegiftara.com/wp-content/plugins/seo-by-rank-math/vendor/woocommerce/action-scheduler/classes/abstracts/ActionScheduler_Abstract_QueueRunner.php(103): ActionScheduler_Action->execute()
#8 /home1/pydrqhmy/thegiftara.com/wp-content/plugins/seo-by-rank-math/vendor/woocommerce/action-scheduler/classes/ActionScheduler_QueueRunner.php(188): ActionScheduler_Abstract_QueueRunner->process_action(51005, 'WP Cron')
#9 /home1/pydrqhmy/thegiftara.com/wp-content/plugins/seo-by-rank-math/vendor/woocommerce/action-scheduler/classes/ActionScheduler_QueueRunner.php(158): ActionScheduler_QueueRunner->do_batch(25, 'WP Cron')
#10 /home1/pydrqhmy/thegiftara.com/wp-includes/class-wp-hook.php(341): ActionScheduler_QueueRunner->run('WP Cron')
#11 /home1/pydrqhmy/thegiftara.com/wp-includes/class-wp-hook.php(365): WP_Hook->apply_filters('', Array)
#12 /home1/pydrqhmy/thegiftara.com/wp-includes/plugin.php(570): WP_Hook->do_action(Array)
#13 /home1/pydrqhmy/thegiftara.com/wp-cron.php(191): do_action_ref_array('action_schedule...', Array)
#14 {main}
2025-12-20T14:48:04+00:00 NOTICE There was an error trying to get product set data in a catalog: Cannot create the API instance because the access token is missing.
2025-12-20T14:48:04+00:00 ERROR ProductSetSync exception: exception_code : 0; exception_class : WooCommerce\Facebook\Framework\Api\Exception: exception_message : Cannot create the API instance because the access token is missing.; exception_trace : #0 /home1/pydrqhmy/thegiftara.com/wp-content/plugins/facebook-for-woocommerce/includes/ProductSets/ProductSetSync.php(139): WC_Facebookcommerce->get_api()
#1 /home1/pydrqhmy/thegiftara.com/wp-content/plugins/facebook-for-woocommerce/includes/ProductSets/ProductSetSync.php(226): WooCommerce\Facebook\ProductSets\ProductSetSync->get_fb_product_set_id(Object(WP_Term))
#2 /home1/pydrqhmy/thegiftara.com/wp-content/plugins/facebook-for-woocommerce/includes/ProductSets/ProductSetSync.php(107): WooCommerce\Facebook\ProductSets\ProductSetSync->sync_all_wc_product_categories()
#3 /home1/pydrqhmy/thegiftara.com/wp-includes/class-wp-hook.php(341): WooCommerce\Facebook\ProductSets\ProductSetSync->sync_all_product_sets()
#4 /home1/pydrqhmy/thegiftara.com/wp-includes/class-wp-hook.php(365): WP_Hook->apply_filters(NULL, Array)
#5 /home1/pydrqhmy/thegiftara.com/wp-includes/plugin.php(570): WP_Hook->do_action(Array)
#6 /home1/pydrqhmy/thegiftara.com/wp-content/plugins/seo-by-rank-math/vendor/woocommerce/action-scheduler/classes/actions/ActionScheduler_Action.php(86): do_action_ref_array('facebook_for_wo...', Array)
#7 /home1/pydrqhmy/thegiftara.com/wp-content/plugins/seo-by-rank-math/vendor/woocommerce/action-scheduler/classes/abstracts/ActionScheduler_Abstract_QueueRunner.php(103): ActionScheduler_Action->execute()
#8 /home1/pydrqhmy/thegiftara.com/wp-content/plugins/seo-by-rank-math/vendor/woocommerce/action-scheduler/classes/ActionScheduler_QueueRunner.php(188): ActionScheduler_Abstract_QueueRunner->process_action(51005, 'WP Cron')
#9 /home1/pydrqhmy/thegiftara.com/wp-content/plugins/seo-by-rank-math/vendor/woocommerce/action-scheduler/classes/ActionScheduler_QueueRunner.php(158): ActionScheduler_QueueRunner->do_batch(25, 'WP Cron')
#10 /home1/pydrqhmy/thegiftara.com/wp-includes/class-wp-hook.php(341): ActionScheduler_QueueRunner->run('WP Cron')
#11 /home1/pydrqhmy/thegiftara.com/wp-includes/class-wp-hook.php(365): WP_Hook->apply_filters('', Array)
#12 /home1/pydrqhmy/thegiftara.com/wp-includes/plugin.php(570): WP_Hook->do_action(Array)
#13 /home1/pydrqhmy/thegiftara.com/wp-cron.php(191): do_action_ref_array('action_schedule...', Array)
#14 {main}
2025-12-20T14:48:04+00:00 NOTICE There was an error trying to get product set data in a catalog: Cannot create the API instance because the access token is missing.
2025-12-20T14:48:04+00:00 ERROR ProductSetSync exception: exception_code : 0; exception_class : WooCommerce\Facebook\Framework\Api\Exception: exception_message : Cannot create the API instance because the access token is missing.; exception_trace : #0 /home1/pydrqhmy/thegiftara.com/wp-content/plugins/facebook-for-woocommerce/includes/ProductSets/ProductSetSync.php(139): WC_Facebookcommerce->get_api()
#1 /home1/pydrqhmy/thegiftara.com/wp-content/plugins/facebook-for-woocommerce/includes/ProductSets/ProductSetSync.php(226): WooCommerce\Facebook\ProductSets\ProductSetSync->get_fb_product_set_id(Object(WP_Term))
#2 /home1/pydrqhmy/thegiftara.com/wp-content/plugins/facebook-for-woocommerce/includes/ProductSets/ProductSetSync.php(107): WooCommerce\Facebook\ProductSets\ProductSetSync->sync_all_wc_product_categories()
#3 /home1/pydrqhmy/thegiftara.com/wp-includes/class-wp-hook.php(341): WooCommerce\Facebook\ProductSets\ProductSetSync->sync_all_product_sets()
#4 /home1/pydrqhmy/thegiftara.com/wp-includes/class-wp-hook.php(365): WP_Hook->apply_filters(NULL, Array)
#5 /home1/pydrqhmy/thegiftara.com/wp-includes/plugin.php(570): WP_Hook->do_action(Array)
#6 /home1/pydrqhmy/thegiftara.com/wp-content/plugins/seo-by-rank-math/vendor/woocommerce/action-scheduler/classes/actions/ActionScheduler_Action.php(86): do_action_ref_array('facebook_for_wo...', Array)
#7 /home1/pydrqhmy/thegiftara.com/wp-content/plugins/seo-by-rank-math/vendor/woocommerce/action-scheduler/classes/abstracts/ActionScheduler_Abstract_QueueRunner.php(103): ActionScheduler_Action->execute()
#8 /home1/pydrqhmy/thegiftara.com/wp-content/plugins/seo-by-rank-math/vendor/woocommerce/action-scheduler/classes/ActionScheduler_QueueRunner.php(188): ActionScheduler_Abstract_QueueRunner->process_action(51005, 'WP Cron')
#9 /home1/pydrqhmy/thegiftara.com/wp-content/plugins/seo-by-rank-math/vendor/woocommerce/action-scheduler/classes/ActionScheduler_QueueRunner.php(158): ActionScheduler_QueueRunner->do_batch(25, 'WP Cron')
#10 /home1/pydrqhmy/thegiftara.com/wp-includes/class-wp-hook.php(341): ActionScheduler_QueueRunner->run('WP Cron')
#11 /home1/pydrqhmy/thegiftara.com/wp-includes/class-wp-hook.php(365): WP_Hook->apply_filters('', Array)
#12 /home1/pydrqhmy/thegiftara.com/wp-includes/plugin.php(570): WP_Hook->do_action(Array)
#13 /home1/pydrqhmy/thegiftara.com/wp-cron.php(191): do_action_ref_array('action_schedule...', Array)
#14 {main}
2025-12-20T14:48:04+00:00 NOTICE There was an error trying to get product set data in a catalog: Cannot create the API instance because the access token is missing.
2025-12-20T14:48:04+00:00 ERROR ProductSetSync exception: exception_code : 0; exception_class : WooCommerce\Facebook\Framework\Api\Exception: exception_message : Cannot create the API instance because the access token is missing.; exception_trace : #0 /home1/pydrqhmy/thegiftara.com/wp-content/plugins/facebook-for-woocommerce/includes/ProductSets/ProductSetSync.php(139): WC_Facebookcommerce->get_api()
#1 /home1/pydrqhmy/thegiftara.com/wp-content/plugins/facebook-for-woocommerce/includes/ProductSets/ProductSetSync.php(226): WooCommerce\Facebook\ProductSets\ProductSetSync->get_fb_product_set_id(Object(WP_Term))
#2 /home1/pydrqhmy/thegiftara.com/wp-content/plugins/facebook-for-woocommerce/includes/ProductSets/ProductSetSync.php(107): WooCommerce\Facebook\ProductSets\ProductSetSync->sync_all_wc_product_categories()
#3 /home1/pydrqhmy/thegiftara.com/wp-includes/class-wp-hook.php(341): WooCommerce\Facebook\ProductSets\ProductSetSync->sync_all_product_sets()
#4 /home1/pydrqhmy/thegiftara.com/wp-includes/class-wp-hook.php(365): WP_Hook->apply_filters(NULL, Array)
#5 /home1/pydrqhmy/thegiftara.com/wp-includes/plugin.php(570): WP_Hook->do_action(Array)
#6 /home1/pydrqhmy/thegiftara.com/wp-content/plugins/seo-by-rank-math/vendor/woocommerce/action-scheduler/classes/actions/ActionScheduler_Action.php(86): do_action_ref_array('facebook_for_wo...', Array)
#7 /home1/pydrqhmy/thegiftara.com/wp-content/plugins/seo-by-rank-math/vendor/woocommerce/action-scheduler/classes/abstracts/ActionScheduler_Abstract_QueueRunner.php(103): ActionScheduler_Action->execute()
#8 /home1/pydrqhmy/thegiftara.com/wp-content/plugins/seo-by-rank-math/vendor/woocommerce/action-scheduler/classes/ActionScheduler_QueueRunner.php(188): ActionScheduler_Abstract_QueueRunner->process_action(51005, 'WP Cron')
#9 /home1/pydrqhmy/thegiftara.com/wp-content/plugins/seo-by-rank-math/vendor/woocommerce/action-scheduler/classes/ActionScheduler_QueueRunner.php(158): ActionScheduler_QueueRunner->do_batch(25, 'WP Cron')
#10 /home1/pydrqhmy/thegiftara.com/wp-includes/class-wp-hook.php(341): ActionScheduler_QueueRunner->run('WP Cron')
#11 /home1/pydrqhmy/thegiftara.com/wp-includes/class-wp-hook.php(365): WP_Hook->apply_filters('', Array)
#12 /home1/pydrqhmy/thegiftara.com/wp-includes/plugin.php(570): WP_Hook->do_action(Array)
#13 /home1/pydrqhmy/thegiftara.com/wp-cron.php(191): do_action_ref_array('action_schedule...', Array)
#14 {main}
2025-12-20T14:48:04+00:00 NOTICE There was an error trying to get product set data in a catalog: Cannot create the API instance because the access token is missing.
2025-12-20T14:48:04+00:00 ERROR ProductSetSync exception: exception_code : 0; exception_class : WooCommerce\Facebook\Framework\Api\Exception: exception_message : Cannot create the API instance because the access token is missing.; exception_trace : #0 /home1/pydrqhmy/thegiftara.com/wp-content/plugins/facebook-for-woocommerce/includes/ProductSets/ProductSetSync.php(139): WC_Facebookcommerce->get_api()
#1 /home1/pydrqhmy/thegiftara.com/wp-content/plugins/facebook-for-woocommerce/includes/ProductSets/ProductSetSync.php(226): WooCommerce\Facebook\ProductSets\ProductSetSync->get_fb_product_set_id(Object(WP_Term))
#2 /home1/pydrqhmy/thegiftara.com/wp-content/plugins/facebook-for-woocommerce/includes/ProductSets/ProductSetSync.php(107): WooCommerce\Facebook\ProductSets\ProductSetSync->sync_all_wc_product_categories()
#3 /home1/pydrqhmy/thegiftara.com/wp-includes/class-wp-hook.php(341): WooCommerce\Facebook\ProductSets\ProductSetSync->sync_all_product_sets()
#4 /home1/pydrqhmy/thegiftara.com/wp-includes/class-wp-hook.php(365): WP_Hook->apply_filters(NULL, Array)
#5 /home1/pydrqhmy/thegiftara.com/wp-includes/plugin.php(570): WP_Hook->do_action(Array)
#6 /home1/pydrqhmy/thegiftara.com/wp-content/plugins/seo-by-rank-math/vendor/woocommerce/action-scheduler/classes/actions/ActionScheduler_Action.php(86): do_action_ref_array('facebook_for_wo...', Array)
#7 /home1/pydrqhmy/thegiftara.com/wp-content/plugins/seo-by-rank-math/vendor/woocommerce/action-scheduler/classes/abstracts/ActionScheduler_Abstract_QueueRunner.php(103): ActionScheduler_Action->execute()
#8 /home1/pydrqhmy/thegiftara.com/wp-content/plugins/seo-by-rank-math/vendor/woocommerce/action-scheduler/classes/ActionScheduler_QueueRunner.php(188): ActionScheduler_Abstract_QueueRunner->process_action(51005, 'WP Cron')
#9 /home1/pydrqhmy/thegiftara.com/wp-content/plugins/seo-by-rank-math/vendor/woocommerce/action-scheduler/classes/ActionScheduler_QueueRunner.php(158): ActionScheduler_QueueRunner->do_batch(25, 'WP Cron')
#10 /home1/pydrqhmy/thegiftara.com/wp-includes/class-wp-hook.php(341): ActionScheduler_QueueRunner->run('WP Cron')
#11 /home1/pydrqhmy/thegiftara.com/wp-includes/class-wp-hook.php(365): WP_Hook->apply_filters('', Array)
#12 /home1/pydrqhmy/thegiftara.com/wp-includes/plugin.php(570): WP_Hook->do_action(Array)
#13 /home1/pydrqhmy/thegiftara.com/wp-cron.php(191): do_action_ref_array('action_schedule...', Array)
#14 {main}
2025-12-20T14:48:04+00:00 NOTICE There was an error trying to get product set data in a catalog: Cannot create the API instance because the access token is missing.
2025-12-20T14:48:04+00:00 ERROR ProductSetSync exception: exception_code : 0; exception_class : WooCommerce\Facebook\Framework\Api\Exception: exception_message : Cannot create the API instance because the access token is missing.; exception_trace : #0 /home1/pydrqhmy/thegiftara.com/wp-content/plugins/facebook-for-woocommerce/includes/ProductSets/ProductSetSync.php(139): WC_Facebookcommerce->get_api()
#1 /home1/pydrqhmy/thegiftara.com/wp-content/plugins/facebook-for-woocommerce/includes/ProductSets/ProductSetSync.php(226): WooCommerce\Facebook\ProductSets\ProductSetSync->get_fb_product_set_id(Object(WP_Term))
#2 /home1/pydrqhmy/thegiftara.com/wp-content/plugins/facebook-for-woocommerce/includes/ProductSets/ProductSetSync.php(107): WooCommerce\Facebook\ProductSets\ProductSetSync->sync_all_wc_product_categories()
#3 /home1/pydrqhmy/thegiftara.com/wp-includes/class-wp-hook.php(341): WooCommerce\Facebook\ProductSets\ProductSetSync->sync_all_product_sets()
#4 /home1/pydrqhmy/thegiftara.com/wp-includes/class-wp-hook.php(365): WP_Hook->apply_filters(NULL, Array)
#5 /home1/pydrqhmy/thegiftara.com/wp-includes/plugin.php(570): WP_Hook->do_action(Array)
#6 /home1/pydrqhmy/thegiftara.com/wp-content/plugins/seo-by-rank-math/vendor/woocommerce/action-scheduler/classes/actions/ActionScheduler_Action.php(86): do_action_ref_array('facebook_for_wo...', Array)
#7 /home1/pydrqhmy/thegiftara.com/wp-content/plugins/seo-by-rank-math/vendor/woocommerce/action-scheduler/classes/abstracts/ActionScheduler_Abstract_QueueRunner.php(103): ActionScheduler_Action->execute()
#8 /home1/pydrqhmy/thegiftara.com/wp-content/plugins/seo-by-rank-math/vendor/woocommerce/action-scheduler/classes/ActionScheduler_QueueRunner.php(188): ActionScheduler_Abstract_QueueRunner->process_action(51005, 'WP Cron')
#9 /home1/pydrqhmy/thegiftara.com/wp-content/plugins/seo-by-rank-math/vendor/woocommerce/action-scheduler/classes/ActionScheduler_QueueRunner.php(158): ActionScheduler_QueueRunner->do_batch(25, 'WP Cron')
#10 /home1/pydrqhmy/thegiftara.com/wp-includes/class-wp-hook.php(341): ActionScheduler_QueueRunner->run('WP Cron')
#11 /home1/pydrqhmy/thegiftara.com/wp-includes/class-wp-hook.php(365): WP_Hook->apply_filters('', Array)
#12 /home1/pydrqhmy/thegiftara.com/wp-includes/plugin.php(570): WP_Hook->do_action(Array)
#13 /home1/pydrqhmy/thegiftara.com/wp-cron.php(191): do_action_ref_array('action_schedule...', Array)
#14 {main}
2025-12-20T14:48:04+00:00 NOTICE There was an error trying to get product set data in a catalog: Cannot create the API instance because the access token is missing.
2025-12-20T14:48:04+00:00 ERROR ProductSetSync exception: exception_code : 0; exception_class : WooCommerce\Facebook\Framework\Api\Exception: exception_message : Cannot create the API instance because the access token is missing.; exception_trace : #0 /home1/pydrqhmy/thegiftara.com/wp-content/plugins/facebook-for-woocommerce/includes/ProductSets/ProductSetSync.php(139): WC_Facebookcommerce->get_api()
#1 /home1/pydrqhmy/thegiftara.com/wp-content/plugins/facebook-for-woocommerce/includes/ProductSets/ProductSetSync.php(226): WooCommerce\Facebook\ProductSets\ProductSetSync->get_fb_product_set_id(Object(WP_Term))
#2 /home1/pydrqhmy/thegiftara.com/wp-content/plugins/facebook-for-woocommerce/includes/ProductSets/ProductSetSync.php(107): WooCommerce\Facebook\ProductSets\ProductSetSync->sync_all_wc_product_categories()
#3 /home1/pydrqhmy/thegiftara.com/wp-includes/class-wp-hook.php(341): WooCommerce\Facebook\ProductSets\ProductSetSync->sync_all_product_sets()
#4 /home1/pydrqhmy/thegiftara.com/wp-includes/class-wp-hook.php(365): WP_Hook->apply_filters(NULL, Array)
#5 /home1/pydrqhmy/thegiftara.com/wp-includes/plugin.php(570): WP_Hook->do_action(Array)
#6 /home1/pydrqhmy/thegiftara.com/wp-content/plugins/seo-by-rank-math/vendor/woocommerce/action-scheduler/classes/actions/ActionScheduler_Action.php(86): do_action_ref_array('facebook_for_wo...', Array)
#7 /home1/pydrqhmy/thegiftara.com/wp-content/plugins/seo-by-rank-math/vendor/woocommerce/action-scheduler/classes/abstracts/ActionScheduler_Abstract_QueueRunner.php(103): ActionScheduler_Action->execute()
#8 /home1/pydrqhmy/thegiftara.com/wp-content/plugins/seo-by-rank-math/vendor/woocommerce/action-scheduler/classes/ActionScheduler_QueueRunner.php(188): ActionScheduler_Abstract_QueueRunner->process_action(51005, 'WP Cron')
#9 /home1/pydrqhmy/thegiftara.com/wp-content/plugins/seo-by-rank-math/vendor/woocommerce/action-scheduler/classes/ActionScheduler_QueueRunner.php(158): ActionScheduler_QueueRunner->do_batch(25, 'WP Cron')
#10 /home1/pydrqhmy/thegiftara.com/wp-includes/class-wp-hook.php(341): ActionScheduler_QueueRunner->run('WP Cron')
#11 /home1/pydrqhmy/thegiftara.com/wp-includes/class-wp-hook.php(365): WP_Hook->apply_filters('', Array)
#12 /home1/pydrqhmy/thegiftara.com/wp-includes/plugin.php(570): WP_Hook->do_action(Array)
#13 /home1/pydrqhmy/thegiftara.com/wp-cron.php(191): do_action_ref_array('action_schedule...', Array)
#14 {main}
2025-12-20T14:48:04+00:00 NOTICE There was an error trying to get product set data in a catalog: Cannot create the API instance because the access token is missing.
2025-12-20T14:48:04+00:00 ERROR ProductSetSync exception: exception_code : 0; exception_class : WooCommerce\Facebook\Framework\Api\Exception: exception_message : Cannot create the API instance because the access token is missing.; exception_trace : #0 /home1/pydrqhmy/thegiftara.com/wp-content/plugins/facebook-for-woocommerce/includes/ProductSets/ProductSetSync.php(139): WC_Facebookcommerce->get_api()
#1 /home1/pydrqhmy/thegiftara.com/wp-content/plugins/facebook-for-woocommerce/includes/ProductSets/ProductSetSync.php(226): WooCommerce\Facebook\ProductSets\ProductSetSync->get_fb_product_set_id(Object(WP_Term))
#2 /home1/pydrqhmy/thegiftara.com/wp-content/plugins/facebook-for-woocommerce/includes/ProductSets/ProductSetSync.php(107): WooCommerce\Facebook\ProductSets\ProductSetSync->sync_all_wc_product_categories()
#3 /home1/pydrqhmy/thegiftara.com/wp-includes/class-wp-hook.php(341): WooCommerce\Facebook\ProductSets\ProductSetSync->sync_all_product_sets()
#4 /home1/pydrqhmy/thegiftara.com/wp-includes/class-wp-hook.php(365): WP_Hook->apply_filters(NULL, Array)
#5 /home1/pydrqhmy/thegiftara.com/wp-includes/plugin.php(570): WP_Hook->do_action(Array)
#6 /home1/pydrqhmy/thegiftara.com/wp-content/plugins/seo-by-rank-math/vendor/woocommerce/action-scheduler/classes/actions/ActionScheduler_Action.php(86): do_action_ref_array('facebook_for_wo...', Array)
#7 /home1/pydrqhmy/thegiftara.com/wp-content/plugins/seo-by-rank-math/vendor/woocommerce/action-scheduler/classes/abstracts/ActionScheduler_Abstract_QueueRunner.php(103): ActionScheduler_Action->execute()
#8 /home1/pydrqhmy/thegiftara.com/wp-content/plugins/seo-by-rank-math/vendor/woocommerce/action-scheduler/classes/ActionScheduler_QueueRunner.php(188): ActionScheduler_Abstract_QueueRunner->process_action(51005, 'WP Cron')
#9 /home1/pydrqhmy/thegiftara.com/wp-content/plugins/seo-by-rank-math/vendor/woocommerce/action-scheduler/classes/ActionScheduler_QueueRunner.php(158): ActionScheduler_QueueRunner->do_batch(25, 'WP Cron')
#10 /home1/pydrqhmy/thegiftara.com/wp-includes/class-wp-hook.php(341): ActionScheduler_QueueRunner->run('WP Cron')
#11 /home1/pydrqhmy/thegiftara.com/wp-includes/class-wp-hook.php(365): WP_Hook->apply_filters('', Array)
#12 /home1/pydrqhmy/thegiftara.com/wp-includes/plugin.php(570): WP_Hook->do_action(Array)
#13 /home1/pydrqhmy/thegiftara.com/wp-cron.php(191): do_action_ref_array('action_schedule...', Array)
#14 {main}
2025-12-20T14:48:04+00:00 NOTICE There was an error trying to get product set data in a catalog: Cannot create the API instance because the access token is missing.
2025-12-20T14:48:04+00:00 ERROR ProductSetSync exception: exception_code : 0; exception_class : WooCommerce\Facebook\Framework\Api\Exception: exception_message : Cannot create the API instance because the access token is missing.; exception_trace : #0 /home1/pydrqhmy/thegiftara.com/wp-content/plugins/facebook-for-woocommerce/includes/ProductSets/ProductSetSync.php(139): WC_Facebookcommerce->get_api()
#1 /home1/pydrqhmy/thegiftara.com/wp-content/plugins/facebook-for-woocommerce/includes/ProductSets/ProductSetSync.php(226): WooCommerce\Facebook\ProductSets\ProductSetSync->get_fb_product_set_id(Object(WP_Term))
#2 /home1/pydrqhmy/thegiftara.com/wp-content/plugins/facebook-for-woocommerce/includes/ProductSets/ProductSetSync.php(107): WooCommerce\Facebook\ProductSets\ProductSetSync->sync_all_wc_product_categories()
#3 /home1/pydrqhmy/thegiftara.com/wp-includes/class-wp-hook.php(341): WooCommerce\Facebook\ProductSets\ProductSetSync->sync_all_product_sets()
#4 /home1/pydrqhmy/thegiftara.com/wp-includes/class-wp-hook.php(365): WP_Hook->apply_filters(NULL, Array)
#5 /home1/pydrqhmy/thegiftara.com/wp-includes/plugin.php(570): WP_Hook->do_action(Array)
#6 /home1/pydrqhmy/thegiftara.com/wp-content/plugins/seo-by-rank-math/vendor/woocommerce/action-scheduler/classes/actions/ActionScheduler_Action.php(86): do_action_ref_array('facebook_for_wo...', Array)
#7 /home1/pydrqhmy/thegiftara.com/wp-content/plugins/seo-by-rank-math/vendor/woocommerce/action-scheduler/classes/abstracts/ActionScheduler_Abstract_QueueRunner.php(103): ActionScheduler_Action->execute()
#8 /home1/pydrqhmy/thegiftara.com/wp-content/plugins/seo-by-rank-math/vendor/woocommerce/action-scheduler/classes/ActionScheduler_QueueRunner.php(188): ActionScheduler_Abstract_QueueRunner->process_action(51005, 'WP Cron')
#9 /home1/pydrqhmy/thegiftara.com/wp-content/plugins/seo-by-rank-math/vendor/woocommerce/action-scheduler/classes/ActionScheduler_QueueRunner.php(158): ActionScheduler_QueueRunner->do_batch(25, 'WP Cron')
#10 /home1/pydrqhmy/thegiftara.com/wp-includes/class-wp-hook.php(341): ActionScheduler_QueueRunner->run('WP Cron')
#11 /home1/pydrqhmy/thegiftara.com/wp-includes/class-wp-hook.php(365): WP_Hook->apply_filters('', Array)
#12 /home1/pydrqhmy/thegiftara.com/wp-includes/plugin.php(570): WP_Hook->do_action(Array)
#13 /home1/pydrqhmy/thegiftara.com/wp-cron.php(191): do_action_ref_array('action_schedule...', Array)
#14 {main}
2025-12-20T14:48:04+00:00 NOTICE There was an error trying to get product set data in a catalog: Cannot create the API instance because the access token is missing.
2025-12-20T14:48:04+00:00 ERROR ProductSetSync exception: exception_code : 0; exception_class : WooCommerce\Facebook\Framework\Api\Exception: exception_message : Cannot create the API instance because the access token is missing.; exception_trace : #0 /home1/pydrqhmy/thegiftara.com/wp-content/plugins/facebook-for-woocommerce/includes/ProductSets/ProductSetSync.php(139): WC_Facebookcommerce->get_api()
#1 /home1/pydrqhmy/thegiftara.com/wp-content/plugins/facebook-for-woocommerce/includes/ProductSets/ProductSetSync.php(226): WooCommerce\Facebook\ProductSets\ProductSetSync->get_fb_product_set_id(Object(WP_Term))
#2 /home1/pydrqhmy/thegiftara.com/wp-content/plugins/facebook-for-woocommerce/includes/ProductSets/ProductSetSync.php(107): WooCommerce\Facebook\ProductSets\ProductSetSync->sync_all_wc_product_categories()
#3 /home1/pydrqhmy/thegiftara.com/wp-includes/class-wp-hook.php(341): WooCommerce\Facebook\ProductSets\ProductSetSync->sync_all_product_sets()
#4 /home1/pydrqhmy/thegiftara.com/wp-includes/class-wp-hook.php(365): WP_Hook->apply_filters(NULL, Array)
#5 /home1/pydrqhmy/thegiftara.com/wp-includes/plugin.php(570): WP_Hook->do_action(Array)
#6 /home1/pydrqhmy/thegiftara.com/wp-content/plugins/seo-by-rank-math/vendor/woocommerce/action-scheduler/classes/actions/ActionScheduler_Action.php(86): do_action_ref_array('facebook_for_wo...', Array)
#7 /home1/pydrqhmy/thegiftara.com/wp-content/plugins/seo-by-rank-math/vendor/woocommerce/action-scheduler/classes/abstracts/ActionScheduler_Abstract_QueueRunner.php(103): ActionScheduler_Action->execute()
#8 /home1/pydrqhmy/thegiftara.com/wp-content/plugins/seo-by-rank-math/vendor/woocommerce/action-scheduler/classes/ActionScheduler_QueueRunner.php(188): ActionScheduler_Abstract_QueueRunner->process_action(51005, 'WP Cron')
#9 /home1/pydrqhmy/thegiftara.com/wp-content/plugins/seo-by-rank-math/vendor/woocommerce/action-scheduler/classes/ActionScheduler_QueueRunner.php(158): ActionScheduler_QueueRunner->do_batch(25, 'WP Cron')
#10 /home1/pydrqhmy/thegiftara.com/wp-includes/class-wp-hook.php(341): ActionScheduler_QueueRunner->run('WP Cron')
#11 /home1/pydrqhmy/thegiftara.com/wp-includes/class-wp-hook.php(365): WP_Hook->apply_filters('', Array)
#12 /home1/pydrqhmy/thegiftara.com/wp-includes/plugin.php(570): WP_Hook->do_action(Array)
#13 /home1/pydrqhmy/thegiftara.com/wp-cron.php(191): do_action_ref_array('action_schedule...', Array)
#14 {main}
2025-12-20T14:48:04+00:00 NOTICE There was an error trying to get product set data in a catalog: Cannot create the API instance because the access token is missing.
2025-12-20T14:48:04+00:00 ERROR ProductSetSync exception: exception_code : 0; exception_class : WooCommerce\Facebook\Framework\Api\Exception: exception_message : Cannot create the API instance because the access token is missing.; exception_trace : #0 /home1/pydrqhmy/thegiftara.com/wp-content/plugins/facebook-for-woocommerce/includes/ProductSets/ProductSetSync.php(139): WC_Facebookcommerce->get_api()
#1 /home1/pydrqhmy/thegiftara.com/wp-content/plugins/facebook-for-woocommerce/includes/ProductSets/ProductSetSync.php(226): WooCommerce\Facebook\ProductSets\ProductSetSync->get_fb_product_set_id(Object(WP_Term))
#2 /home1/pydrqhmy/thegiftara.com/wp-content/plugins/facebook-for-woocommerce/includes/ProductSets/ProductSetSync.php(107): WooCommerce\Facebook\ProductSets\ProductSetSync->sync_all_wc_product_categories()
#3 /home1/pydrqhmy/thegiftara.com/wp-includes/class-wp-hook.php(341): WooCommerce\Facebook\ProductSets\ProductSetSync->sync_all_product_sets()
#4 /home1/pydrqhmy/thegiftara.com/wp-includes/class-wp-hook.php(365): WP_Hook->apply_filters(NULL, Array)
#5 /home1/pydrqhmy/thegiftara.com/wp-includes/plugin.php(570): WP_Hook->do_action(Array)
#6 /home1/pydrqhmy/thegiftara.com/wp-content/plugins/seo-by-rank-math/vendor/woocommerce/action-scheduler/classes/actions/ActionScheduler_Action.php(86): do_action_ref_array('facebook_for_wo...', Array)
#7 /home1/pydrqhmy/thegiftara.com/wp-content/plugins/seo-by-rank-math/vendor/woocommerce/action-scheduler/classes/abstracts/ActionScheduler_Abstract_QueueRunner.php(103): ActionScheduler_Action->execute()
#8 /home1/pydrqhmy/thegiftara.com/wp-content/plugins/seo-by-rank-math/vendor/woocommerce/action-scheduler/classes/ActionScheduler_QueueRunner.php(188): ActionScheduler_Abstract_QueueRunner->process_action(51005, 'WP Cron')
#9 /home1/pydrqhmy/thegiftara.com/wp-content/plugins/seo-by-rank-math/vendor/woocommerce/action-scheduler/classes/ActionScheduler_QueueRunner.php(158): ActionScheduler_QueueRunner->do_batch(25, 'WP Cron')
#10 /home1/pydrqhmy/thegiftara.com/wp-includes/class-wp-hook.php(341): ActionScheduler_QueueRunner->run('WP Cron')
#11 /home1/pydrqhmy/thegiftara.com/wp-includes/class-wp-hook.php(365): WP_Hook->apply_filters('', Array)
#12 /home1/pydrqhmy/thegiftara.com/wp-includes/plugin.php(570): WP_Hook->do_action(Array)
#13 /home1/pydrqhmy/thegiftara.com/wp-cron.php(191): do_action_ref_array('action_schedule...', Array)
#14 {main}
2025-12-20T14:48:04+00:00 NOTICE There was an error trying to get product set data in a catalog: Cannot create the API instance because the access token is missing.
2025-12-20T14:48:04+00:00 ERROR ProductSetSync exception: exception_code : 0; exception_class : WooCommerce\Facebook\Framework\Api\Exception: exception_message : Cannot create the API instance because the access token is missing.; exception_trace : #0 /home1/pydrqhmy/thegiftara.com/wp-content/plugins/facebook-for-woocommerce/includes/ProductSets/ProductSetSync.php(139): WC_Facebookcommerce->get_api()
#1 /home1/pydrqhmy/thegiftara.com/wp-content/plugins/facebook-for-woocommerce/includes/ProductSets/ProductSetSync.php(226): WooCommerce\Facebook\ProductSets\ProductSetSync->get_fb_product_set_id(Object(WP_Term))
#2 /home1/pydrqhmy/thegiftara.com/wp-content/plugins/facebook-for-woocommerce/includes/ProductSets/ProductSetSync.php(107): WooCommerce\Facebook\ProductSets\ProductSetSync->sync_all_wc_product_categories()
#3 /home1/pydrqhmy/thegiftara.com/wp-includes/class-wp-hook.php(341): WooCommerce\Facebook\ProductSets\ProductSetSync->sync_all_product_sets()
#4 /home1/pydrqhmy/thegiftara.com/wp-includes/class-wp-hook.php(365): WP_Hook->apply_filters(NULL, Array)
#5 /home1/pydrqhmy/thegiftara.com/wp-includes/plugin.php(570): WP_Hook->do_action(Array)
#6 /home1/pydrqhmy/thegiftara.com/wp-content/plugins/seo-by-rank-math/vendor/woocommerce/action-scheduler/classes/actions/ActionScheduler_Action.php(86): do_action_ref_array('facebook_for_wo...', Array)
#7 /home1/pydrqhmy/thegiftara.com/wp-content/plugins/seo-by-rank-math/vendor/woocommerce/action-scheduler/classes/abstracts/ActionScheduler_Abstract_QueueRunner.php(103): ActionScheduler_Action->execute()
#8 /home1/pydrqhmy/thegiftara.com/wp-content/plugins/seo-by-rank-math/vendor/woocommerce/action-scheduler/classes/ActionScheduler_QueueRunner.php(188): ActionScheduler_Abstract_QueueRunner->process_action(51005, 'WP Cron')
#9 /home1/pydrqhmy/thegiftara.com/wp-content/plugins/seo-by-rank-math/vendor/woocommerce/action-scheduler/classes/ActionScheduler_QueueRunner.php(158): ActionScheduler_QueueRunner->do_batch(25, 'WP Cron')
#10 /home1/pydrqhmy/thegiftara.com/wp-includes/class-wp-hook.php(341): ActionScheduler_QueueRunner->run('WP Cron')
#11 /home1/pydrqhmy/thegiftara.com/wp-includes/class-wp-hook.php(365): WP_Hook->apply_filters('', Array)
#12 /home1/pydrqhmy/thegiftara.com/wp-includes/plugin.php(570): WP_Hook->do_action(Array)
#13 /home1/pydrqhmy/thegiftara.com/wp-cron.php(191): do_action_ref_array('action_schedule...', Array)
#14 {main}
2025-12-20T14:48:04+00:00 NOTICE There was an error trying to get product set data in a catalog: Cannot create the API instance because the access token is missing.
2025-12-20T14:48:04+00:00 ERROR ProductSetSync exception: exception_code : 0; exception_class : WooCommerce\Facebook\Framework\Api\Exception: exception_message : Cannot create the API instance because the access token is missing.; exception_trace : #0 /home1/pydrqhmy/thegiftara.com/wp-content/plugins/facebook-for-woocommerce/includes/ProductSets/ProductSetSync.php(139): WC_Facebookcommerce->get_api()
#1 /home1/pydrqhmy/thegiftara.com/wp-content/plugins/facebook-for-woocommerce/includes/ProductSets/ProductSetSync.php(226): WooCommerce\Facebook\ProductSets\ProductSetSync->get_fb_product_set_id(Object(WP_Term))
#2 /home1/pydrqhmy/thegiftara.com/wp-content/plugins/facebook-for-woocommerce/includes/ProductSets/ProductSetSync.php(107): WooCommerce\Facebook\ProductSets\ProductSetSync->sync_all_wc_product_categories()
#3 /home1/pydrqhmy/thegiftara.com/wp-includes/class-wp-hook.php(341): WooCommerce\Facebook\ProductSets\ProductSetSync->sync_all_product_sets()
#4 /home1/pydrqhmy/thegiftara.com/wp-includes/class-wp-hook.php(365): WP_Hook->apply_filters(NULL, Array)
#5 /home1/pydrqhmy/thegiftara.com/wp-includes/plugin.php(570): WP_Hook->do_action(Array)
#6 /home1/pydrqhmy/thegiftara.com/wp-content/plugins/seo-by-rank-math/vendor/woocommerce/action-scheduler/classes/actions/ActionScheduler_Action.php(86): do_action_ref_array('facebook_for_wo...', Array)
#7 /home1/pydrqhmy/thegiftara.com/wp-content/plugins/seo-by-rank-math/vendor/woocommerce/action-scheduler/classes/abstracts/ActionScheduler_Abstract_QueueRunner.php(103): ActionScheduler_Action->execute()
#8 /home1/pydrqhmy/thegiftara.com/wp-content/plugins/seo-by-rank-math/vendor/woocommerce/action-scheduler/classes/ActionScheduler_QueueRunner.php(188): ActionScheduler_Abstract_QueueRunner->process_action(51005, 'WP Cron')
#9 /home1/pydrqhmy/thegiftara.com/wp-content/plugins/seo-by-rank-math/vendor/woocommerce/action-scheduler/classes/ActionScheduler_QueueRunner.php(158): ActionScheduler_QueueRunner->do_batch(25, 'WP Cron')
#10 /home1/pydrqhmy/thegiftara.com/wp-includes/class-wp-hook.php(341): ActionScheduler_QueueRunner->run('WP Cron')
#11 /home1/pydrqhmy/thegiftara.com/wp-includes/class-wp-hook.php(365): WP_Hook->apply_filters('', Array)
#12 /home1/pydrqhmy/thegiftara.com/wp-includes/plugin.php(570): WP_Hook->do_action(Array)
#13 /home1/pydrqhmy/thegiftara.com/wp-cron.php(191): do_action_ref_array('action_schedule...', Array)
#14 {main}
2025-12-20T14:48:04+00:00 NOTICE There was an error trying to get product set data in a catalog: Cannot create the API instance because the access token is missing.
2025-12-20T14:48:04+00:00 ERROR ProductSetSync exception: exception_code : 0; exception_class : WooCommerce\Facebook\Framework\Api\Exception: exception_message : Cannot create the API instance because the access token is missing.; exception_trace : #0 /home1/pydrqhmy/thegiftara.com/wp-content/plugins/facebook-for-woocommerce/includes/ProductSets/ProductSetSync.php(139): WC_Facebookcommerce->get_api()
#1 /home1/pydrqhmy/thegiftara.com/wp-content/plugins/facebook-for-woocommerce/includes/ProductSets/ProductSetSync.php(226): WooCommerce\Facebook\ProductSets\ProductSetSync->get_fb_product_set_id(Object(WP_Term))
#2 /home1/pydrqhmy/thegiftara.com/wp-content/plugins/facebook-for-woocommerce/includes/ProductSets/ProductSetSync.php(107): WooCommerce\Facebook\ProductSets\ProductSetSync->sync_all_wc_product_categories()
#3 /home1/pydrqhmy/thegiftara.com/wp-includes/class-wp-hook.php(341): WooCommerce\Facebook\ProductSets\ProductSetSync->sync_all_product_sets()
#4 /home1/pydrqhmy/thegiftara.com/wp-includes/class-wp-hook.php(365): WP_Hook->apply_filters(NULL, Array)
#5 /home1/pydrqhmy/thegiftara.com/wp-includes/plugin.php(570): WP_Hook->do_action(Array)
#6 /home1/pydrqhmy/thegiftara.com/wp-content/plugins/seo-by-rank-math/vendor/woocommerce/action-scheduler/classes/actions/ActionScheduler_Action.php(86): do_action_ref_array('facebook_for_wo...', Array)
#7 /home1/pydrqhmy/thegiftara.com/wp-content/plugins/seo-by-rank-math/vendor/woocommerce/action-scheduler/classes/abstracts/ActionScheduler_Abstract_QueueRunner.php(103): ActionScheduler_Action->execute()
#8 /home1/pydrqhmy/thegiftara.com/wp-content/plugins/seo-by-rank-math/vendor/woocommerce/action-scheduler/classes/ActionScheduler_QueueRunner.php(188): ActionScheduler_Abstract_QueueRunner->process_action(51005, 'WP Cron')
#9 /home1/pydrqhmy/thegiftara.com/wp-content/plugins/seo-by-rank-math/vendor/woocommerce/action-scheduler/classes/ActionScheduler_QueueRunner.php(158): ActionScheduler_QueueRunner->do_batch(25, 'WP Cron')
#10 /home1/pydrqhmy/thegiftara.com/wp-includes/class-wp-hook.php(341): ActionScheduler_QueueRunner->run('WP Cron')
#11 /home1/pydrqhmy/thegiftara.com/wp-includes/class-wp-hook.php(365): WP_Hook->apply_filters('', Array)
#12 /home1/pydrqhmy/thegiftara.com/wp-includes/plugin.php(570): WP_Hook->do_action(Array)
#13 /home1/pydrqhmy/thegiftara.com/wp-cron.php(191): do_action_ref_array('action_schedule...', Array)
#14 {main}
2025-12-20T14:56:19+00:00 ERROR Error persisting Meta logs: Cannot create the API instance because the access token is missing. : []
2025-12-20T15:02:06+00:00 ERROR Error persisting Meta logs: Cannot create the API instance because the access token is missing. : []
2025-12-20T15:06:42+00:00 ERROR Error persisting Meta logs: Cannot create the API instance because the access token is missing. : []
2025-12-20T15:10:57+00:00 ERROR Error persisting Meta logs: Cannot create the API instance because the access token is missing. : []
2025-12-20T15:17:09+00:00 ERROR Error persisting Meta logs: Cannot create the API instance because the access token is missing. : []
2025-12-20T15:24:47+00:00 ERROR Error persisting Meta logs: Cannot create the API instance because the access token is missing. : []
2025-12-20T15:25:44+00:00 ERROR Error persisting Meta logs: Cannot create the API instance because the access token is missing. : []
2025-12-20T15:31:47+00:00 ERROR Error persisting Meta logs: Cannot create the API instance because the access token is missing. : []
2025-12-20T15:35:48+00:00 ERROR Error persisting Meta logs: Cannot create the API instance because the access token is missing. : []
2025-12-20T15:41:38+00:00 ERROR Error persisting Meta logs: Cannot create the API instance because the access token is missing. : []
2025-12-20T15:47:39+00:00 ERROR Error persisting Meta logs: Cannot create the API instance because the access token is missing. : []
2025-12-20T15:53:07+00:00 ERROR Error persisting Meta logs: Cannot create the API instance because the access token is missing. : []
2025-12-20T15:59:05+00:00 ERROR Error persisting Meta logs: Cannot create the API instance because the access token is missing. : []
2025-12-20T16:00:46+00:00 ERROR Error persisting Meta logs: Cannot create the API instance because the access token is missing. : []
2025-12-20T16:06:12+00:00 ERROR Error persisting Meta logs: Cannot create the API instance because the access token is missing. : []
2025-12-20T16:13:01+00:00 ERROR Error persisting Meta logs: Cannot create the API instance because the access token is missing. : []
2025-12-20T16:15:56+00:00 ERROR Error persisting Meta logs: Cannot create the API instance because the access token is missing. : []
2025-12-20T16:17:43+00:00 WARNING Product feed scheduling failed: Integration not configured. : {"flow_name":"product_feed","flow_step":"schedule_feed_generation"}
2025-12-20T16:22:33+00:00 ERROR Error persisting Meta logs: Cannot create the API instance because the access token is missing. : []
2025-12-20T16:27:19+00:00 ERROR Error persisting Meta logs: Cannot create the API instance because the access token is missing. : []
2025-12-20T16:30:52+00:00 ERROR Error persisting Meta logs: Cannot create the API instance because the access token is missing. : []
2025-12-20T16:36:52+00:00 ERROR Error persisting Meta logs: Cannot create the API instance because the access token is missing. : []
2025-12-20T16:42:45+00:00 ERROR Error persisting Meta logs: Cannot create the API instance because the access token is missing. : []
2025-12-20T16:46:44+00:00 ERROR Error persisting Meta logs: Cannot create the API instance because the access token is missing. : []
2025-12-20T16:52:43+00:00 ERROR Error persisting Meta logs: Cannot create the API instance because the access token is missing. : []
2025-12-20T16:57:39+00:00 ERROR Error persisting Meta logs: Cannot create the API instance because the access token is missing. : []
2025-12-20T17:01:48+00:00 ERROR Error persisting Meta logs: Cannot create the API instance because the access token is missing. : []
2025-12-20T17:06:35+00:00 ERROR Error persisting Meta logs: Cannot create the API instance because the access token is missing. : []
2025-12-20T17:11:52+00:00 ERROR Error persisting Meta logs: Cannot create the API instance because the access token is missing. : []
2025-12-20T17:17:36+00:00 ERROR Error persisting Meta logs: Cannot create the API instance because the access token is missing. : []
2025-12-20T17:22:54+00:00 ERROR Error persisting Meta logs: Cannot create the API instance because the access token is missing. : []
2025-12-20T17:27:02+00:00 ERROR Error persisting Meta logs: Cannot create the API instance because the access token is missing. : []
2025-12-20T17:32:53+00:00 ERROR Error persisting Meta logs: Cannot create the API instance because the access token is missing. : []
2025-12-20T17:36:30+00:00 ERROR Error persisting Meta logs: Cannot create the API instance because the access token is missing. : []
2025-12-20T17:43:43+00:00 ERROR Error persisting Meta logs: Cannot create the API instance because the access token is missing. : []
2025-12-20T17:53:07+00:00 ERROR Error persisting Meta logs: Cannot create the API instance because the access token is missing. : []
2025-12-20T17:55:24+00:00 ERROR Error persisting Meta logs: Cannot create the API instance because the access token is missing. : []
2025-12-20T17:55:48+00:00 ERROR Error persisting Meta logs: Cannot create the API instance because the access token is missing. : []
2025-12-20T18:10:14+00:00 ERROR Error persisting Meta logs: Cannot create the API instance because the access token is missing. : []
2025-12-20T18:13:17+00:00 ERROR Error persisting Meta logs: Cannot create the API instance because the access token is missing. : []
2025-12-20T18:17:36+00:00 ERROR Error persisting Meta logs: Cannot create the API instance because the access token is missing. : []
2025-12-20T18:17:36+00:00 WARNING Product feed scheduling failed: Integration not configured. : {"flow_name":"product_feed","flow_step":"schedule_feed_generation"}
2025-12-20T18:17:36+00:00 ERROR Error persisting error logs: Cannot create the API instance because the access token is missing. : []
2025-12-20T18:49:22+00:00 ERROR Error persisting Meta logs: Cannot create the API instance because the access token is missing. : []
2025-12-20T18:51:54+00:00 ERROR Error persisting Meta logs: Cannot create the API instance because the access token is missing. : []
2025-12-20T19:04:46+00:00 ERROR Error persisting Meta logs: Cannot create the API instance because the access token is missing. : []
2025-12-20T19:10:46+00:00 ERROR Error persisting Meta logs: Cannot create the API instance because the access token is missing. : []
2025-12-20T19:10:46+00:00 ERROR Error persisting Meta logs: Cannot create the API instance because the access token is missing. : []
2025-12-20T19:18:13+00:00 ERROR Error persisting Meta logs: Cannot create the API instance because the access token is missing. : []
2025-12-20T19:18:37+00:00 WARNING Product feed scheduling failed: Integration not configured. : {"flow_name":"product_feed","flow_step":"schedule_feed_generation"}
2025-12-20T19:21:35+00:00 ERROR Error persisting Meta logs: Cannot create the API instance because the access token is missing. : []
2025-12-20T19:38:05+00:00 ERROR Error persisting Meta logs: Cannot create the API instance because the access token is missing. : []
2025-12-20T19:39:33+00:00 ERROR Error persisting Meta logs: Cannot create the API instance because the access token is missing. : []
2025-12-20T19:41:42+00:00 ERROR Error persisting Meta logs: Cannot create the API instance because the access token is missing. : []
2025-12-20T19:50:37+00:00 ERROR Error persisting Meta logs: Cannot create the API instance because the access token is missing. : []
2025-12-20T19:50:37+00:00 ERROR Error persisting Meta logs: Cannot create the API instance because the access token is missing. : []
2025-12-20T20:11:44+00:00 ERROR Error persisting Meta logs: Cannot create the API instance because the access token is missing. : []
2025-12-20T20:12:39+00:00 ERROR Error persisting Meta logs: Cannot create the API instance because the access token is missing. : []
2025-12-20T20:21:41+00:00 ERROR Error persisting Meta logs: Cannot create the API instance because the access token is missing. : []
2025-12-20T20:21:41+00:00 WARNING Product feed scheduling failed: Integration not configured. : {"flow_name":"product_feed","flow_step":"schedule_feed_generation"}
2025-12-20T20:41:16+00:00 ERROR Error persisting Meta logs: Cannot create the API instance because the access token is missing. : []
2025-12-20T20:50:45+00:00 ERROR Error persisting Meta logs: Cannot create the API instance because the access token is missing. : []
2025-12-20T21:03:38+00:00 ERROR Error persisting Meta logs: Cannot create the API instance because the access token is missing. : []
2025-12-20T21:10:10+00:00 ERROR Error persisting Meta logs: Cannot create the API instance because the access token is missing. : []
2025-12-20T21:12:20+00:00 ERROR Error persisting Meta logs: Cannot create the API instance because the access token is missing. : []
2025-12-20T21:30:50+00:00 ERROR Error persisting Meta logs: Cannot create the API instance because the access token is missing. : []
2025-12-20T21:30:50+00:00 WARNING Product feed scheduling failed: Integration not configured. : {"flow_name":"product_feed","flow_step":"schedule_feed_generation"}
2025-12-20T21:30:50+00:00 ERROR Error persisting error logs: Cannot create the API instance because the access token is missing. : []
2025-12-20T21:30:50+00:00 ERROR Error persisting Meta logs: Cannot create the API instance because the access token is missing. : []
2025-12-20T21:48:18+00:00 ERROR Error persisting Meta logs: Cannot create the API instance because the access token is missing. : []
2025-12-20T21:54:04+00:00 ERROR Error persisting Meta logs: Cannot create the API instance because the access token is missing. : []
2025-12-20T22:11:06+00:00 ERROR Error persisting Meta logs: Cannot create the API instance because the access token is missing. : []
2025-12-20T22:19:10+00:00 ERROR Error persisting Meta logs: Cannot create the API instance because the access token is missing. : []
2025-12-20T22:23:39+00:00 ERROR Error persisting Meta logs: Cannot create the API instance because the access token is missing. : []
2025-12-20T22:34:08+00:00 ERROR Error persisting Meta logs: Cannot create the API instance because the access token is missing. : []
2025-12-20T22:46:48+00:00 ERROR Error persisting Meta logs: Cannot create the API instance because the access token is missing. : []
2025-12-20T22:55:35+00:00 ERROR Error persisting Meta logs: Cannot create the API instance because the access token is missing. : []
2025-12-20T23:08:39+00:00 ERROR Error persisting Meta logs: Cannot create the API instance because the access token is missing. : []
2025-12-20T23:25:29+00:00 ERROR Error persisting Meta logs: Cannot create the API instance because the access token is missing. : []
2025-12-20T23:34:12+00:00 ERROR Error persisting Meta logs: Cannot create the API instance because the access token is missing. : []
2025-12-20T23:34:12+00:00 WARNING Product feed scheduling failed: Integration not configured. : {"flow_name":"product_feed","flow_step":"schedule_feed_generation"}
2025-12-20T23:34:48+00:00 ERROR Error persisting Meta logs: Cannot create the API instance because the access token is missing. : []
2025-12-20T23:42:00+00:00 ERROR Error persisting Meta logs: Cannot create the API instance because the access token is missing. : []
