2025-12-28T03:00:20+00:00 DEBUG Automattic\WooCommerce\GoogleListingsAndAds\Product\WCProductAdapter::map_product_categories Product category (ID: 557): ["Corporate Gift Hampers","2 in 1 Gift Sets","Office Diary","Pens"].
2025-12-28T03:00:20+00:00 DEBUG Automattic\WooCommerce\GoogleListingsAndAds\Product\WCProductAdapter::map_product_categories Product category (ID: 567): ["Home Lifestyle Gifts"].
2025-12-28T03:00:20+00:00 DEBUG Automattic\WooCommerce\GoogleListingsAndAds\Product\WCProductAdapter::map_product_categories Product category (ID: 615): ["Festive Seasonal Gifts"].
2025-12-28T03:00:20+00:00 DEBUG Automattic\WooCommerce\GoogleListingsAndAds\Product\WCProductAdapter::map_product_categories Product category (ID: 625): ["Festive Seasonal Gifts"].
2025-12-28T03:00:20+00:00 DEBUG Automattic\WooCommerce\GoogleListingsAndAds\Product\WCProductAdapter::map_product_categories Product category (ID: 627): ["Festive Seasonal Gifts"].
2025-12-28T03:00:20+00:00 DEBUG Automattic\WooCommerce\GoogleListingsAndAds\Product\WCProductAdapter::map_product_categories Product category (ID: 631): ["Festive Seasonal Gifts"].
2025-12-28T03:00:20+00:00 DEBUG Automattic\WooCommerce\GoogleListingsAndAds\Product\WCProductAdapter::map_product_categories Product category (ID: 636): ["Festive Seasonal Gifts","Budget 2000-3000"].
2025-12-28T03:00:20+00:00 DEBUG Automattic\WooCommerce\GoogleListingsAndAds\Product\WCProductAdapter::map_product_categories Product category (ID: 643): ["Festive Seasonal Gifts"].
2025-12-28T03:00:20+00:00 DEBUG Automattic\WooCommerce\GoogleListingsAndAds\Product\WCProductAdapter::map_product_categories Product category (ID: 647): ["Festive Seasonal Gifts"].
2025-12-28T03:00:20+00:00 DEBUG Automattic\WooCommerce\GoogleListingsAndAds\Product\WCProductAdapter::map_product_categories Product category (ID: 654): ["Festive Seasonal Gifts"].
2025-12-28T03:00:20+00:00 DEBUG Automattic\WooCommerce\GoogleListingsAndAds\Product\WCProductAdapter::map_product_categories Product category (ID: 671): ["Home Lifestyle Gifts","Stainless Steel Water Bottle","Water Bottles"].
2025-12-28T03:00:20+00:00 DEBUG Automattic\WooCommerce\GoogleListingsAndAds\Product\WCProductAdapter::map_product_categories Product category (ID: 673): ["Home Lifestyle Gifts","Stainless Steel Water Bottle","Water Bottles"].
2025-12-28T03:00:20+00:00 DEBUG Automattic\WooCommerce\GoogleListingsAndAds\Product\WCProductAdapter::map_product_categories Product category (ID: 676): ["Home Lifestyle Gifts","Stainless Steel Water Bottle","Water Bottles"].
2025-12-28T03:00:20+00:00 DEBUG Automattic\WooCommerce\GoogleListingsAndAds\Product\WCProductAdapter::map_product_categories Product category (ID: 678): ["Home Lifestyle Gifts","Home Appliances"].
2025-12-28T03:00:20+00:00 DEBUG Automattic\WooCommerce\GoogleListingsAndAds\Product\WCProductAdapter::map_product_categories Product category (ID: 680): ["Home Lifestyle Gifts","Home Appliances"].
2025-12-28T03:00:20+00:00 DEBUG Automattic\WooCommerce\GoogleListingsAndAds\Product\WCProductAdapter::map_product_categories Product category (ID: 682): ["Home Lifestyle Gifts","Home Appliances"].
2025-12-28T03:00:20+00:00 DEBUG Automattic\WooCommerce\GoogleListingsAndAds\Product\WCProductAdapter::map_product_categories Product category (ID: 684): ["Home Lifestyle Gifts","Stainless Steel Water Bottle","Water Bottles"].
2025-12-28T03:00:20+00:00 DEBUG Automattic\WooCommerce\GoogleListingsAndAds\Product\WCProductAdapter::map_product_categories Product category (ID: 700): ["Home Lifestyle Gifts","Home Appliances"].
2025-12-28T03:00:20+00:00 DEBUG Automattic\WooCommerce\GoogleListingsAndAds\Product\WCProductAdapter::map_product_categories Product category (ID: 710): ["Home Lifestyle Gifts","Home Appliances","Watch and Buy"].
2025-12-28T03:00:20+00:00 DEBUG Automattic\WooCommerce\GoogleListingsAndAds\Product\WCProductAdapter::map_product_categories Product category (ID: 712): ["Home Lifestyle Gifts","Desktop Item","Home Decor"].
2025-12-28T03:00:20+00:00 DEBUG Automattic\WooCommerce\GoogleListingsAndAds\Product\WCProductAdapter::map_product_categories Product category (ID: 717): ["Stainless Steel Water Bottle","Water Bottles"].
2025-12-28T03:00:20+00:00 DEBUG Automattic\WooCommerce\GoogleListingsAndAds\Product\WCProductAdapter::map_product_categories Product category (ID: 724): ["Home Lifestyle Gifts","Home Appliances"].
2025-12-28T03:00:20+00:00 DEBUG Automattic\WooCommerce\GoogleListingsAndAds\Product\WCProductAdapter::map_product_categories Product category (ID: 822): ["Home Lifestyle Gifts","Clocks","Desktop Item","Home Decor","Watch and Buy"].
2025-12-28T03:00:20+00:00 DEBUG Automattic\WooCommerce\GoogleListingsAndAds\Product\WCProductAdapter::map_product_categories Product category (ID: 824): ["Home Lifestyle Gifts","Desktop Item","Home Decor","Watch and Buy"].
2025-12-28T03:00:20+00:00 DEBUG Automattic\WooCommerce\GoogleListingsAndAds\Product\WCProductAdapter::map_product_categories Product category (ID: 834): ["Home Lifestyle Gifts","Desktop Item","Home Decor","Watch and Buy"].
2025-12-28T03:00:20+00:00 DEBUG Automattic\WooCommerce\GoogleListingsAndAds\Product\WCProductAdapter::map_product_categories Product category (ID: 841): ["Home Lifestyle Gifts","Home Appliances"].
2025-12-28T03:00:20+00:00 DEBUG Automattic\WooCommerce\GoogleListingsAndAds\Product\WCProductAdapter::map_product_categories Product category (ID: 844): ["Home Lifestyle Gifts","Clocks","Watch and Buy"].
2025-12-28T03:00:20+00:00 DEBUG Automattic\WooCommerce\GoogleListingsAndAds\Product\WCProductAdapter::map_product_categories Product category (ID: 846): ["Home Lifestyle Gifts","Water Bottles"].
2025-12-28T03:00:20+00:00 DEBUG Automattic\WooCommerce\GoogleListingsAndAds\Product\WCProductAdapter::map_product_categories Product category (ID: 980): ["Personalised Gifts","T-shirts"].
2025-12-28T03:00:20+00:00 DEBUG Automattic\WooCommerce\GoogleListingsAndAds\Product\WCProductAdapter::map_product_categories Product category (ID: 983): ["Home Lifestyle Gifts","Home Appliances"].
2025-12-28T03:00:20+00:00 DEBUG Automattic\WooCommerce\GoogleListingsAndAds\Product\WCProductAdapter::map_product_categories Product category (ID: 985): ["Corporate Gift Hampers","Personalised Gifts"].
2025-12-28T03:00:20+00:00 DEBUG Automattic\WooCommerce\GoogleListingsAndAds\Product\WCProductAdapter::map_product_categories Product category (ID: 987): ["Corporate Gift Hampers","Personalised Gifts","Water Bottles"].
2025-12-28T03:00:20+00:00 DEBUG Automattic\WooCommerce\GoogleListingsAndAds\Product\WCProductAdapter::map_product_categories Product category (ID: 989): ["Personalised Gifts"].
2025-12-28T03:00:20+00:00 ERROR Automattic\WooCommerce\GoogleListingsAndAds\Internal\DependencyManagement\GoogleServiceProvider::handle_unauthorized_error Client error: `POST https://api.woocommerce.com/google/google-mc/content/v2.1/products/batch` resulted in a `401 Unauthorized` response:
{"statusCode":401,"error":"Unauthorized","message":"Invalid credentials","attributes":{"error":"Invalid credentials"}}
2025-12-28T03:00:20+00:00 ERROR Automattic\WooCommerce\GoogleListingsAndAds\Product\ProductSyncer::update_by_batch_requests Please reconnect your Jetpack account.
2025-12-28T03:00:20+00:00 DEBUG Automattic\WooCommerce\GoogleListingsAndAds\Product\WCProductAdapter::map_product_categories Product category (ID: 557): ["Corporate Gift Hampers","2 in 1 Gift Sets","Office Diary","Pens"].
2025-12-28T03:00:20+00:00 DEBUG Automattic\WooCommerce\GoogleListingsAndAds\Product\WCProductAdapter::map_product_categories Product category (ID: 567): ["Home Lifestyle Gifts"].
2025-12-28T03:00:20+00:00 DEBUG Automattic\WooCommerce\GoogleListingsAndAds\Product\WCProductAdapter::map_product_categories Product category (ID: 615): ["Festive Seasonal Gifts"].
2025-12-28T03:00:20+00:00 DEBUG Automattic\WooCommerce\GoogleListingsAndAds\Product\WCProductAdapter::map_product_categories Product category (ID: 625): ["Festive Seasonal Gifts"].
2025-12-28T03:00:20+00:00 DEBUG Automattic\WooCommerce\GoogleListingsAndAds\Product\WCProductAdapter::map_product_categories Product category (ID: 627): ["Festive Seasonal Gifts"].
2025-12-28T03:00:20+00:00 DEBUG Automattic\WooCommerce\GoogleListingsAndAds\Product\WCProductAdapter::map_product_categories Product category (ID: 631): ["Festive Seasonal Gifts"].
2025-12-28T03:00:20+00:00 DEBUG Automattic\WooCommerce\GoogleListingsAndAds\Product\WCProductAdapter::map_product_categories Product category (ID: 636): ["Festive Seasonal Gifts","Budget 2000-3000"].
2025-12-28T03:00:20+00:00 DEBUG Automattic\WooCommerce\GoogleListingsAndAds\Product\WCProductAdapter::map_product_categories Product category (ID: 643): ["Festive Seasonal Gifts"].
2025-12-28T03:00:20+00:00 DEBUG Automattic\WooCommerce\GoogleListingsAndAds\Product\WCProductAdapter::map_product_categories Product category (ID: 647): ["Festive Seasonal Gifts"].
2025-12-28T03:00:20+00:00 DEBUG Automattic\WooCommerce\GoogleListingsAndAds\Product\WCProductAdapter::map_product_categories Product category (ID: 654): ["Festive Seasonal Gifts"].
2025-12-28T03:00:20+00:00 DEBUG Automattic\WooCommerce\GoogleListingsAndAds\Product\WCProductAdapter::map_product_categories Product category (ID: 671): ["Home Lifestyle Gifts","Stainless Steel Water Bottle","Water Bottles"].
2025-12-28T03:00:20+00:00 DEBUG Automattic\WooCommerce\GoogleListingsAndAds\Product\WCProductAdapter::map_product_categories Product category (ID: 673): ["Home Lifestyle Gifts","Stainless Steel Water Bottle","Water Bottles"].
2025-12-28T03:00:20+00:00 DEBUG Automattic\WooCommerce\GoogleListingsAndAds\Product\WCProductAdapter::map_product_categories Product category (ID: 676): ["Home Lifestyle Gifts","Stainless Steel Water Bottle","Water Bottles"].
2025-12-28T03:00:20+00:00 DEBUG Automattic\WooCommerce\GoogleListingsAndAds\Product\WCProductAdapter::map_product_categories Product category (ID: 678): ["Home Lifestyle Gifts","Home Appliances"].
2025-12-28T03:00:20+00:00 DEBUG Automattic\WooCommerce\GoogleListingsAndAds\Product\WCProductAdapter::map_product_categories Product category (ID: 680): ["Home Lifestyle Gifts","Home Appliances"].
2025-12-28T03:00:20+00:00 DEBUG Automattic\WooCommerce\GoogleListingsAndAds\Product\WCProductAdapter::map_product_categories Product category (ID: 682): ["Home Lifestyle Gifts","Home Appliances"].
2025-12-28T03:00:20+00:00 DEBUG Automattic\WooCommerce\GoogleListingsAndAds\Product\WCProductAdapter::map_product_categories Product category (ID: 684): ["Home Lifestyle Gifts","Stainless Steel Water Bottle","Water Bottles"].
2025-12-28T03:00:20+00:00 DEBUG Automattic\WooCommerce\GoogleListingsAndAds\Product\WCProductAdapter::map_product_categories Product category (ID: 700): ["Home Lifestyle Gifts","Home Appliances"].
2025-12-28T03:00:20+00:00 DEBUG Automattic\WooCommerce\GoogleListingsAndAds\Product\WCProductAdapter::map_product_categories Product category (ID: 710): ["Home Lifestyle Gifts","Home Appliances","Watch and Buy"].
2025-12-28T03:00:20+00:00 DEBUG Automattic\WooCommerce\GoogleListingsAndAds\Product\WCProductAdapter::map_product_categories Product category (ID: 712): ["Home Lifestyle Gifts","Desktop Item","Home Decor"].
2025-12-28T03:00:20+00:00 DEBUG Automattic\WooCommerce\GoogleListingsAndAds\Product\WCProductAdapter::map_product_categories Product category (ID: 717): ["Stainless Steel Water Bottle","Water Bottles"].
2025-12-28T03:00:20+00:00 DEBUG Automattic\WooCommerce\GoogleListingsAndAds\Product\WCProductAdapter::map_product_categories Product category (ID: 724): ["Home Lifestyle Gifts","Home Appliances"].
2025-12-28T03:00:20+00:00 DEBUG Automattic\WooCommerce\GoogleListingsAndAds\Product\WCProductAdapter::map_product_categories Product category (ID: 822): ["Home Lifestyle Gifts","Clocks","Desktop Item","Home Decor","Watch and Buy"].
2025-12-28T03:00:20+00:00 DEBUG Automattic\WooCommerce\GoogleListingsAndAds\Product\WCProductAdapter::map_product_categories Product category (ID: 824): ["Home Lifestyle Gifts","Desktop Item","Home Decor","Watch and Buy"].
2025-12-28T03:00:20+00:00 DEBUG Automattic\WooCommerce\GoogleListingsAndAds\Product\WCProductAdapter::map_product_categories Product category (ID: 834): ["Home Lifestyle Gifts","Desktop Item","Home Decor","Watch and Buy"].
2025-12-28T03:00:20+00:00 DEBUG Automattic\WooCommerce\GoogleListingsAndAds\Product\WCProductAdapter::map_product_categories Product category (ID: 841): ["Home Lifestyle Gifts","Home Appliances"].
2025-12-28T03:00:20+00:00 DEBUG Automattic\WooCommerce\GoogleListingsAndAds\Product\WCProductAdapter::map_product_categories Product category (ID: 844): ["Home Lifestyle Gifts","Clocks","Watch and Buy"].
2025-12-28T03:00:20+00:00 DEBUG Automattic\WooCommerce\GoogleListingsAndAds\Product\WCProductAdapter::map_product_categories Product category (ID: 846): ["Home Lifestyle Gifts","Water Bottles"].
2025-12-28T03:00:20+00:00 DEBUG Automattic\WooCommerce\GoogleListingsAndAds\Product\WCProductAdapter::map_product_categories Product category (ID: 980): ["Personalised Gifts","T-shirts"].
2025-12-28T03:00:20+00:00 DEBUG Automattic\WooCommerce\GoogleListingsAndAds\Product\WCProductAdapter::map_product_categories Product category (ID: 983): ["Home Lifestyle Gifts","Home Appliances"].
2025-12-28T03:00:20+00:00 DEBUG Automattic\WooCommerce\GoogleListingsAndAds\Product\WCProductAdapter::map_product_categories Product category (ID: 985): ["Corporate Gift Hampers","Personalised Gifts"].
2025-12-28T03:00:20+00:00 DEBUG Automattic\WooCommerce\GoogleListingsAndAds\Product\WCProductAdapter::map_product_categories Product category (ID: 987): ["Corporate Gift Hampers","Personalised Gifts","Water Bottles"].
2025-12-28T03:00:20+00:00 DEBUG Automattic\WooCommerce\GoogleListingsAndAds\Product\WCProductAdapter::map_product_categories Product category (ID: 989): ["Personalised Gifts"].
2025-12-28T03:00:23+00:00 ERROR Automattic\WooCommerce\GoogleListingsAndAds\Internal\DependencyManagement\GoogleServiceProvider::handle_unauthorized_error Client error: `POST https://api.woocommerce.com/google/google-mc/content/v2.1/products/batch` resulted in a `401 Unauthorized` response:
{"statusCode":401,"error":"Unauthorized","message":"Invalid credentials","attributes":{"error":"Invalid credentials"}}
2025-12-28T03:00:23+00:00 ERROR Automattic\WooCommerce\GoogleListingsAndAds\Product\ProductSyncer::update_by_batch_requests Please reconnect your Jetpack account.
2025-12-28T03:00:23+00:00 DEBUG Automattic\WooCommerce\GoogleListingsAndAds\Product\WCProductAdapter::map_product_categories Product category (ID: 557): ["Corporate Gift Hampers","2 in 1 Gift Sets","Office Diary","Pens"].
2025-12-28T03:00:23+00:00 DEBUG Automattic\WooCommerce\GoogleListingsAndAds\Product\WCProductAdapter::map_product_categories Product category (ID: 567): ["Home Lifestyle Gifts"].
2025-12-28T03:00:23+00:00 DEBUG Automattic\WooCommerce\GoogleListingsAndAds\Product\WCProductAdapter::map_product_categories Product category (ID: 615): ["Festive Seasonal Gifts"].
2025-12-28T03:00:23+00:00 DEBUG Automattic\WooCommerce\GoogleListingsAndAds\Product\WCProductAdapter::map_product_categories Product category (ID: 625): ["Festive Seasonal Gifts"].
2025-12-28T03:00:23+00:00 DEBUG Automattic\WooCommerce\GoogleListingsAndAds\Product\WCProductAdapter::map_product_categories Product category (ID: 627): ["Festive Seasonal Gifts"].
2025-12-28T03:00:23+00:00 DEBUG Automattic\WooCommerce\GoogleListingsAndAds\Product\WCProductAdapter::map_product_categories Product category (ID: 631): ["Festive Seasonal Gifts"].
2025-12-28T03:00:23+00:00 DEBUG Automattic\WooCommerce\GoogleListingsAndAds\Product\WCProductAdapter::map_product_categories Product category (ID: 636): ["Festive Seasonal Gifts","Budget 2000-3000"].
2025-12-28T03:00:23+00:00 DEBUG Automattic\WooCommerce\GoogleListingsAndAds\Product\WCProductAdapter::map_product_categories Product category (ID: 643): ["Festive Seasonal Gifts"].
2025-12-28T03:00:23+00:00 DEBUG Automattic\WooCommerce\GoogleListingsAndAds\Product\WCProductAdapter::map_product_categories Product category (ID: 647): ["Festive Seasonal Gifts"].
2025-12-28T03:00:23+00:00 DEBUG Automattic\WooCommerce\GoogleListingsAndAds\Product\WCProductAdapter::map_product_categories Product category (ID: 654): ["Festive Seasonal Gifts"].
2025-12-28T03:00:23+00:00 DEBUG Automattic\WooCommerce\GoogleListingsAndAds\Product\WCProductAdapter::map_product_categories Product category (ID: 671): ["Home Lifestyle Gifts","Stainless Steel Water Bottle","Water Bottles"].
2025-12-28T03:00:23+00:00 DEBUG Automattic\WooCommerce\GoogleListingsAndAds\Product\WCProductAdapter::map_product_categories Product category (ID: 673): ["Home Lifestyle Gifts","Stainless Steel Water Bottle","Water Bottles"].
2025-12-28T03:00:23+00:00 DEBUG Automattic\WooCommerce\GoogleListingsAndAds\Product\WCProductAdapter::map_product_categories Product category (ID: 676): ["Home Lifestyle Gifts","Stainless Steel Water Bottle","Water Bottles"].
2025-12-28T03:00:23+00:00 DEBUG Automattic\WooCommerce\GoogleListingsAndAds\Product\WCProductAdapter::map_product_categories Product category (ID: 678): ["Home Lifestyle Gifts","Home Appliances"].
2025-12-28T03:00:23+00:00 DEBUG Automattic\WooCommerce\GoogleListingsAndAds\Product\WCProductAdapter::map_product_categories Product category (ID: 680): ["Home Lifestyle Gifts","Home Appliances"].
2025-12-28T03:00:23+00:00 DEBUG Automattic\WooCommerce\GoogleListingsAndAds\Product\WCProductAdapter::map_product_categories Product category (ID: 682): ["Home Lifestyle Gifts","Home Appliances"].
2025-12-28T03:00:23+00:00 DEBUG Automattic\WooCommerce\GoogleListingsAndAds\Product\WCProductAdapter::map_product_categories Product category (ID: 684): ["Home Lifestyle Gifts","Stainless Steel Water Bottle","Water Bottles"].
2025-12-28T03:00:23+00:00 DEBUG Automattic\WooCommerce\GoogleListingsAndAds\Product\WCProductAdapter::map_product_categories Product category (ID: 700): ["Home Lifestyle Gifts","Home Appliances"].
2025-12-28T03:00:23+00:00 DEBUG Automattic\WooCommerce\GoogleListingsAndAds\Product\WCProductAdapter::map_product_categories Product category (ID: 710): ["Home Lifestyle Gifts","Home Appliances","Watch and Buy"].
2025-12-28T03:00:23+00:00 DEBUG Automattic\WooCommerce\GoogleListingsAndAds\Product\WCProductAdapter::map_product_categories Product category (ID: 712): ["Home Lifestyle Gifts","Desktop Item","Home Decor"].
2025-12-28T03:00:23+00:00 DEBUG Automattic\WooCommerce\GoogleListingsAndAds\Product\WCProductAdapter::map_product_categories Product category (ID: 717): ["Stainless Steel Water Bottle","Water Bottles"].
2025-12-28T03:00:23+00:00 DEBUG Automattic\WooCommerce\GoogleListingsAndAds\Product\WCProductAdapter::map_product_categories Product category (ID: 724): ["Home Lifestyle Gifts","Home Appliances"].
2025-12-28T03:00:23+00:00 DEBUG Automattic\WooCommerce\GoogleListingsAndAds\Product\WCProductAdapter::map_product_categories Product category (ID: 822): ["Home Lifestyle Gifts","Clocks","Desktop Item","Home Decor","Watch and Buy"].
2025-12-28T03:00:23+00:00 DEBUG Automattic\WooCommerce\GoogleListingsAndAds\Product\WCProductAdapter::map_product_categories Product category (ID: 824): ["Home Lifestyle Gifts","Desktop Item","Home Decor","Watch and Buy"].
2025-12-28T03:00:23+00:00 DEBUG Automattic\WooCommerce\GoogleListingsAndAds\Product\WCProductAdapter::map_product_categories Product category (ID: 834): ["Home Lifestyle Gifts","Desktop Item","Home Decor","Watch and Buy"].
2025-12-28T03:00:23+00:00 DEBUG Automattic\WooCommerce\GoogleListingsAndAds\Product\WCProductAdapter::map_product_categories Product category (ID: 841): ["Home Lifestyle Gifts","Home Appliances"].
2025-12-28T03:00:23+00:00 DEBUG Automattic\WooCommerce\GoogleListingsAndAds\Product\WCProductAdapter::map_product_categories Product category (ID: 844): ["Home Lifestyle Gifts","Clocks","Watch and Buy"].
2025-12-28T03:00:23+00:00 DEBUG Automattic\WooCommerce\GoogleListingsAndAds\Product\WCProductAdapter::map_product_categories Product category (ID: 846): ["Home Lifestyle Gifts","Water Bottles"].
2025-12-28T03:00:23+00:00 DEBUG Automattic\WooCommerce\GoogleListingsAndAds\Product\WCProductAdapter::map_product_categories Product category (ID: 980): ["Personalised Gifts","T-shirts"].
2025-12-28T03:00:23+00:00 DEBUG Automattic\WooCommerce\GoogleListingsAndAds\Product\WCProductAdapter::map_product_categories Product category (ID: 983): ["Home Lifestyle Gifts","Home Appliances"].
2025-12-28T03:00:23+00:00 DEBUG Automattic\WooCommerce\GoogleListingsAndAds\Product\WCProductAdapter::map_product_categories Product category (ID: 985): ["Corporate Gift Hampers","Personalised Gifts"].
2025-12-28T03:00:23+00:00 DEBUG Automattic\WooCommerce\GoogleListingsAndAds\Product\WCProductAdapter::map_product_categories Product category (ID: 987): ["Corporate Gift Hampers","Personalised Gifts","Water Bottles"].
2025-12-28T03:00:23+00:00 DEBUG Automattic\WooCommerce\GoogleListingsAndAds\Product\WCProductAdapter::map_product_categories Product category (ID: 989): ["Personalised Gifts"].
2025-12-28T03:00:24+00:00 ERROR Automattic\WooCommerce\GoogleListingsAndAds\Internal\DependencyManagement\GoogleServiceProvider::handle_unauthorized_error Client error: `POST https://api.woocommerce.com/google/google-mc/content/v2.1/products/batch` resulted in a `401 Unauthorized` response:
{"statusCode":401,"error":"Unauthorized","message":"Invalid credentials","attributes":{"error":"Invalid credentials"}}
2025-12-28T03:00:24+00:00 ERROR Automattic\WooCommerce\GoogleListingsAndAds\Product\ProductSyncer::update_by_batch_requests Please reconnect your Jetpack account.
2025-12-28T13:35:50+00:00 ERROR Automattic\WooCommerce\GoogleListingsAndAds\Internal\DependencyManagement\GoogleServiceProvider::handle_unauthorized_error Client error: `POST https://api.woocommerce.com/google/google-mc/content/v2.1/5564815060/reports/search` resulted in a `401 Unauthorized` response:
{"statusCode":401,"error":"Unauthorized","message":"Invalid credentials","attributes":{"error":"Invalid credentials"}}
2025-12-28T13:35:50+00:00 DEBUG Automattic\WooCommerce\GoogleListingsAndAds\MerchantCenter\PriceBenchmarks::update_price_benchmarks Please reconnect your Jetpack account.
2025-12-28T13:35:50+00:00 ERROR Automattic\WooCommerce\GoogleListingsAndAds\Internal\DependencyManagement\GoogleServiceProvider::handle_unauthorized_error Client error: `GET https://api.woocommerce.com/google/google-mc/content/v2.1/5564815060/accountstatuses/5564815060` resulted in a `401 Unauthorized` response:
{"statusCode":401,"error":"Unauthorized","message":"Invalid credentials","attributes":{"error":"Invalid credentials"}}
2025-12-28T13:35:51+00:00 ERROR Automattic\WooCommerce\GoogleListingsAndAds\Internal\DependencyManagement\GoogleServiceProvider::handle_unauthorized_error Client error: `GET https://api.woocommerce.com/google/google-mc/content/v2.1/5564815060/accountstatuses/5564815060` resulted in a `401 Unauthorized` response:
{"statusCode":401,"error":"Unauthorized","message":"Invalid credentials","attributes":{"error":"Invalid credentials"}}
2025-12-28T13:35:51+00:00 ERROR Automattic\WooCommerce\GoogleListingsAndAds\Internal\DependencyManagement\GoogleServiceProvider::handle_unauthorized_error Client error: `GET https://api.woocommerce.com/google/google-mc/content/v2.1/5564815060/accountstatuses/5564815060` resulted in a `401 Unauthorized` response:
{"statusCode":401,"error":"Unauthorized","message":"Invalid credentials","attributes":{"error":"Invalid credentials"}}
2025-12-28T13:35:51+00:00 ERROR Automattic\WooCommerce\GoogleListingsAndAds\Internal\DependencyManagement\GoogleServiceProvider::handle_unauthorized_error Client error: `GET https://api.woocommerce.com/google/google-mc/content/v2.1/5564815060/accountstatuses/5564815060` resulted in a `401 Unauthorized` response:
{"statusCode":401,"error":"Unauthorized","message":"Invalid credentials","attributes":{"error":"Invalid credentials"}}
