2026-01-09T00:45:45+00:00 DEBUG Automattic\WooCommerce\GoogleListingsAndAds\MerchantCenter\MerchantStatuses::process_product_statuses Merchant Center product 9223372036854775807 not found in this WooCommerce store.
2026-01-09T00:45:45+00:00 DEBUG Automattic\WooCommerce\GoogleListingsAndAds\MerchantCenter\MerchantStatuses::process_product_statuses Merchant Center product 6423027283762996618 not found in this WooCommerce store.
2026-01-09T00:45:45+00:00 DEBUG Automattic\WooCommerce\GoogleListingsAndAds\MerchantCenter\MerchantStatuses::process_product_statuses Merchant Center product 841895716812048429 not found in this WooCommerce store.
2026-01-09T00:45:45+00:00 DEBUG Automattic\WooCommerce\GoogleListingsAndAds\MerchantCenter\MerchantStatuses::process_product_statuses Merchant Center product 160 not found in this WooCommerce store.
2026-01-09T00:45:45+00:00 DEBUG Automattic\WooCommerce\GoogleListingsAndAds\MerchantCenter\MerchantStatuses::process_product_statuses Merchant Center product 237 not found in this WooCommerce store.
2026-01-09T00:45:45+00:00 DEBUG Automattic\WooCommerce\GoogleListingsAndAds\MerchantCenter\MerchantStatuses::process_product_statuses Merchant Center product 429 not found in this WooCommerce store.
2026-01-09T00:45:45+00:00 DEBUG Automattic\WooCommerce\GoogleListingsAndAds\MerchantCenter\MerchantStatuses::process_product_statuses Merchant Center product 560 not found in this WooCommerce store.
2026-01-09T00:45:45+00:00 DEBUG Automattic\WooCommerce\GoogleListingsAndAds\MerchantCenter\MerchantStatuses::process_product_statuses Merchant Center product 575 not found in this WooCommerce store.
2026-01-09T00:45:45+00:00 DEBUG Automattic\WooCommerce\GoogleListingsAndAds\MerchantCenter\MerchantStatuses::process_product_statuses Merchant Center product 633 not found in this WooCommerce store.
2026-01-09T00:45:45+00:00 DEBUG Automattic\WooCommerce\GoogleListingsAndAds\MerchantCenter\MerchantStatuses::process_product_statuses Merchant Center product 645 not found in this WooCommerce store.
2026-01-09T00:45:46+00:00 DEBUG Automattic\WooCommerce\GoogleListingsAndAds\MerchantCenter\MerchantStatuses::get_product_issues in remove_invalid_statuses() Merchant Center product online:en:IN:16986702736798279817 not found in this WooCommerce store.
2026-01-09T00:45:46+00:00 DEBUG Automattic\WooCommerce\GoogleListingsAndAds\MerchantCenter\MerchantStatuses::get_product_issues in remove_invalid_statuses() Merchant Center product online:en:IN:6423027283762996618 not found in this WooCommerce store.
2026-01-09T00:45:46+00:00 DEBUG Automattic\WooCommerce\GoogleListingsAndAds\MerchantCenter\MerchantStatuses::get_product_issues in remove_invalid_statuses() Merchant Center product online:en:IN:841895716812048429 not found in this WooCommerce store.
2026-01-09T00:45:46+00:00 DEBUG Automattic\WooCommerce\GoogleListingsAndAds\MerchantCenter\MerchantStatuses::get_product_issues in remove_invalid_statuses() Merchant Center product online:en:IN:gla_160 not found in this WooCommerce store.
2026-01-09T00:45:46+00:00 DEBUG Automattic\WooCommerce\GoogleListingsAndAds\MerchantCenter\MerchantStatuses::get_product_issues in remove_invalid_statuses() Merchant Center product online:en:IN:gla_237 not found in this WooCommerce store.
2026-01-09T00:45:46+00:00 DEBUG Automattic\WooCommerce\GoogleListingsAndAds\MerchantCenter\MerchantStatuses::get_product_issues in remove_invalid_statuses() Merchant Center product online:en:IN:gla_429 not found in this WooCommerce store.
2026-01-09T00:45:46+00:00 DEBUG Automattic\WooCommerce\GoogleListingsAndAds\MerchantCenter\MerchantStatuses::get_product_issues in remove_invalid_statuses() Merchant Center product online:en:IN:gla_560 not found in this WooCommerce store.
2026-01-09T00:45:46+00:00 DEBUG Automattic\WooCommerce\GoogleListingsAndAds\MerchantCenter\MerchantStatuses::get_product_issues in remove_invalid_statuses() Merchant Center product online:en:IN:gla_575 not found in this WooCommerce store.
2026-01-09T00:45:46+00:00 DEBUG Automattic\WooCommerce\GoogleListingsAndAds\MerchantCenter\MerchantStatuses::get_product_issues in remove_invalid_statuses() Merchant Center product online:en:IN:gla_633 not found in this WooCommerce store.
2026-01-09T00:45:46+00:00 DEBUG Automattic\WooCommerce\GoogleListingsAndAds\MerchantCenter\MerchantStatuses::get_product_issues in remove_invalid_statuses() Merchant Center product online:en:IN:gla_645 not found in this WooCommerce store.
2026-01-09T11:07:39+00:00 DEBUG Automattic\WooCommerce\GoogleListingsAndAds\Product\WCProductAdapter::map_product_categories Product category (ID: 1237): ["Corporate Gift Hampers","5 in 1 Gift Sets","All","Budget 500-1000","Employee Welcome Kit","KeyChain Holder","Mugs and Tumblers","Pens","under-1000","Water Bottles"].
2026-01-09T11:07:41+00:00 DEBUG Automattic\WooCommerce\GoogleListingsAndAds\Product\ProductSyncer::update_by_batch_requests Submitted 1 products:
[{"woocommerce_id":1237,"google_id":"online:en:IN:gla_1237"}]
