2026-01-02T03:48:32+00:00 DEBUG Automattic\WooCommerce\GoogleListingsAndAds\MerchantCenter\MerchantStatuses::process_product_statuses Merchant Center product 9223372036854775807 not found in this WooCommerce store.
2026-01-02T03:48:32+00:00 DEBUG Automattic\WooCommerce\GoogleListingsAndAds\MerchantCenter\MerchantStatuses::process_product_statuses Merchant Center product 2894211593172340675 not found in this WooCommerce store.
2026-01-02T03:48:32+00:00 DEBUG Automattic\WooCommerce\GoogleListingsAndAds\MerchantCenter\MerchantStatuses::process_product_statuses Merchant Center product 2911495932958505188 not found in this WooCommerce store.
2026-01-02T03:48:32+00:00 DEBUG Automattic\WooCommerce\GoogleListingsAndAds\MerchantCenter\MerchantStatuses::process_product_statuses Merchant Center product 4021485164670919699 not found in this WooCommerce store.
2026-01-02T03:48:32+00:00 DEBUG Automattic\WooCommerce\GoogleListingsAndAds\MerchantCenter\MerchantStatuses::process_product_statuses Merchant Center product 4469751536570028565 not found in this WooCommerce store.
2026-01-02T03:48:32+00:00 DEBUG Automattic\WooCommerce\GoogleListingsAndAds\MerchantCenter\MerchantStatuses::process_product_statuses Merchant Center product 8239792999976548966 not found in this WooCommerce store.
2026-01-02T03:48:32+00:00 DEBUG Automattic\WooCommerce\GoogleListingsAndAds\MerchantCenter\MerchantStatuses::process_product_statuses Merchant Center product 841895716812048429 not found in this WooCommerce store.
2026-01-02T03:48:32+00:00 DEBUG Automattic\WooCommerce\GoogleListingsAndAds\MerchantCenter\MerchantStatuses::process_product_statuses Merchant Center product 8464857261559277117 not found in this WooCommerce store.
2026-01-02T03:48:32+00:00 DEBUG Automattic\WooCommerce\GoogleListingsAndAds\MerchantCenter\MerchantStatuses::process_product_statuses Merchant Center product 971278475595380904 not found in this WooCommerce store.
2026-01-02T03:48:32+00:00 DEBUG Automattic\WooCommerce\GoogleListingsAndAds\MerchantCenter\MerchantStatuses::process_product_statuses Merchant Center product 160 not found in this WooCommerce store.
2026-01-02T03:48:32+00:00 DEBUG Automattic\WooCommerce\GoogleListingsAndAds\MerchantCenter\MerchantStatuses::process_product_statuses Merchant Center product 237 not found in this WooCommerce store.
2026-01-02T03:48:32+00:00 DEBUG Automattic\WooCommerce\GoogleListingsAndAds\MerchantCenter\MerchantStatuses::process_product_statuses Merchant Center product 429 not found in this WooCommerce store.
2026-01-02T03:48:32+00:00 DEBUG Automattic\WooCommerce\GoogleListingsAndAds\MerchantCenter\MerchantStatuses::process_product_statuses Merchant Center product 560 not found in this WooCommerce store.
2026-01-02T03:48:32+00:00 DEBUG Automattic\WooCommerce\GoogleListingsAndAds\MerchantCenter\MerchantStatuses::process_product_statuses Merchant Center product 575 not found in this WooCommerce store.
2026-01-02T03:48:32+00:00 DEBUG Automattic\WooCommerce\GoogleListingsAndAds\MerchantCenter\MerchantStatuses::process_product_statuses Merchant Center product 618 not found in this WooCommerce store.
2026-01-02T03:48:32+00:00 DEBUG Automattic\WooCommerce\GoogleListingsAndAds\MerchantCenter\MerchantStatuses::process_product_statuses Merchant Center product 623 not found in this WooCommerce store.
2026-01-02T03:48:32+00:00 DEBUG Automattic\WooCommerce\GoogleListingsAndAds\MerchantCenter\MerchantStatuses::process_product_statuses Merchant Center product 629 not found in this WooCommerce store.
2026-01-02T03:48:32+00:00 DEBUG Automattic\WooCommerce\GoogleListingsAndAds\MerchantCenter\MerchantStatuses::process_product_statuses Merchant Center product 633 not found in this WooCommerce store.
2026-01-02T03:48:32+00:00 DEBUG Automattic\WooCommerce\GoogleListingsAndAds\MerchantCenter\MerchantStatuses::process_product_statuses Merchant Center product 645 not found in this WooCommerce store.
2026-01-02T03:48:32+00:00 DEBUG Automattic\WooCommerce\GoogleListingsAndAds\MerchantCenter\MerchantStatuses::process_product_statuses Merchant Center product 649 not found in this WooCommerce store.
2026-01-02T03:48:32+00:00 DEBUG Automattic\WooCommerce\GoogleListingsAndAds\MerchantCenter\MerchantStatuses::process_product_statuses Merchant Center product 656 not found in this WooCommerce store.
2026-01-02T03:48:32+00:00 DEBUG Automattic\WooCommerce\GoogleListingsAndAds\MerchantCenter\MerchantStatuses::process_product_statuses Merchant Center product 669 not found in this WooCommerce store.
2026-01-02T03:48:32+00:00 DEBUG Automattic\WooCommerce\GoogleListingsAndAds\MerchantCenter\MerchantStatuses::get_product_issues in remove_invalid_statuses() Merchant Center product online:en:IN:17794638139427955483 not found in this WooCommerce store.
2026-01-02T03:48:32+00:00 DEBUG Automattic\WooCommerce\GoogleListingsAndAds\MerchantCenter\MerchantStatuses::get_product_issues in remove_invalid_statuses() Merchant Center product online:en:IN:2894211593172340675 not found in this WooCommerce store.
2026-01-02T03:48:32+00:00 DEBUG Automattic\WooCommerce\GoogleListingsAndAds\MerchantCenter\MerchantStatuses::get_product_issues in remove_invalid_statuses() Merchant Center product online:en:IN:2911495932958505188 not found in this WooCommerce store.
2026-01-02T03:48:32+00:00 DEBUG Automattic\WooCommerce\GoogleListingsAndAds\MerchantCenter\MerchantStatuses::get_product_issues in remove_invalid_statuses() Merchant Center product online:en:IN:4021485164670919699 not found in this WooCommerce store.
2026-01-02T03:48:32+00:00 DEBUG Automattic\WooCommerce\GoogleListingsAndAds\MerchantCenter\MerchantStatuses::get_product_issues in remove_invalid_statuses() Merchant Center product online:en:IN:4469751536570028565 not found in this WooCommerce store.
2026-01-02T03:48:32+00:00 DEBUG Automattic\WooCommerce\GoogleListingsAndAds\MerchantCenter\MerchantStatuses::get_product_issues in remove_invalid_statuses() Merchant Center product online:en:IN:8239792999976548966 not found in this WooCommerce store.
2026-01-02T03:48:32+00:00 DEBUG Automattic\WooCommerce\GoogleListingsAndAds\MerchantCenter\MerchantStatuses::get_product_issues in remove_invalid_statuses() Merchant Center product online:en:IN:841895716812048429 not found in this WooCommerce store.
2026-01-02T03:48:32+00:00 DEBUG Automattic\WooCommerce\GoogleListingsAndAds\MerchantCenter\MerchantStatuses::get_product_issues in remove_invalid_statuses() Merchant Center product online:en:IN:8464857261559277117 not found in this WooCommerce store.
2026-01-02T03:48:32+00:00 DEBUG Automattic\WooCommerce\GoogleListingsAndAds\MerchantCenter\MerchantStatuses::get_product_issues in remove_invalid_statuses() Merchant Center product online:en:IN:971278475595380904 not found in this WooCommerce store.
2026-01-02T03:48:32+00:00 DEBUG Automattic\WooCommerce\GoogleListingsAndAds\MerchantCenter\MerchantStatuses::get_product_issues in remove_invalid_statuses() Merchant Center product online:en:IN:gla_160 not found in this WooCommerce store.
2026-01-02T03:48:32+00:00 DEBUG Automattic\WooCommerce\GoogleListingsAndAds\MerchantCenter\MerchantStatuses::get_product_issues in remove_invalid_statuses() Merchant Center product online:en:IN:gla_237 not found in this WooCommerce store.
2026-01-02T03:48:32+00:00 DEBUG Automattic\WooCommerce\GoogleListingsAndAds\MerchantCenter\MerchantStatuses::get_product_issues in remove_invalid_statuses() Merchant Center product online:en:IN:gla_429 not found in this WooCommerce store.
2026-01-02T03:48:32+00:00 DEBUG Automattic\WooCommerce\GoogleListingsAndAds\MerchantCenter\MerchantStatuses::get_product_issues in remove_invalid_statuses() Merchant Center product online:en:IN:gla_560 not found in this WooCommerce store.
2026-01-02T03:48:32+00:00 DEBUG Automattic\WooCommerce\GoogleListingsAndAds\MerchantCenter\MerchantStatuses::get_product_issues in remove_invalid_statuses() Merchant Center product online:en:IN:gla_575 not found in this WooCommerce store.
2026-01-02T03:48:32+00:00 DEBUG Automattic\WooCommerce\GoogleListingsAndAds\MerchantCenter\MerchantStatuses::get_product_issues in remove_invalid_statuses() Merchant Center product online:en:IN:gla_618 not found in this WooCommerce store.
2026-01-02T03:48:32+00:00 DEBUG Automattic\WooCommerce\GoogleListingsAndAds\MerchantCenter\MerchantStatuses::get_product_issues in remove_invalid_statuses() Merchant Center product online:en:IN:gla_623 not found in this WooCommerce store.
2026-01-02T03:48:32+00:00 DEBUG Automattic\WooCommerce\GoogleListingsAndAds\MerchantCenter\MerchantStatuses::get_product_issues in remove_invalid_statuses() Merchant Center product online:en:IN:gla_629 not found in this WooCommerce store.
2026-01-02T03:48:32+00:00 DEBUG Automattic\WooCommerce\GoogleListingsAndAds\MerchantCenter\MerchantStatuses::get_product_issues in remove_invalid_statuses() Merchant Center product online:en:IN:gla_633 not found in this WooCommerce store.
2026-01-02T03:48:32+00:00 DEBUG Automattic\WooCommerce\GoogleListingsAndAds\MerchantCenter\MerchantStatuses::get_product_issues in remove_invalid_statuses() Merchant Center product online:en:IN:gla_645 not found in this WooCommerce store.
2026-01-02T03:48:32+00:00 DEBUG Automattic\WooCommerce\GoogleListingsAndAds\MerchantCenter\MerchantStatuses::get_product_issues in remove_invalid_statuses() Merchant Center product online:en:IN:gla_649 not found in this WooCommerce store.
2026-01-02T03:48:32+00:00 DEBUG Automattic\WooCommerce\GoogleListingsAndAds\MerchantCenter\MerchantStatuses::get_product_issues in remove_invalid_statuses() Merchant Center product online:en:IN:gla_656 not found in this WooCommerce store.
2026-01-02T03:48:32+00:00 DEBUG Automattic\WooCommerce\GoogleListingsAndAds\MerchantCenter\MerchantStatuses::get_product_issues in remove_invalid_statuses() Merchant Center product online:en:IN:gla_669 not found in this WooCommerce store.
2026-01-02T03:48:33+00:00 DEBUG Automattic\WooCommerce\GoogleListingsAndAds\Product\WCProductAdapter::map_product_categories Product category (ID: 246): ["Premium Products","All"].
2026-01-02T03:48:33+00:00 DEBUG Automattic\WooCommerce\GoogleListingsAndAds\Product\WCProductAdapter::map_product_categories Product category (ID: 250): ["Premium Products","All","Budget 2000-3000"].
2026-01-02T03:48:33+00:00 DEBUG Automattic\WooCommerce\GoogleListingsAndAds\Product\WCProductAdapter::map_product_categories Product category (ID: 251): ["Premium Products","All","Budget 1000-1500"].
2026-01-02T03:48:33+00:00 DEBUG Automattic\WooCommerce\GoogleListingsAndAds\Product\WCProductAdapter::map_product_categories Product category (ID: 557): ["Corporate Gift Hampers","2 in 1 Gift Sets","All","Office Diary","Pens","Under 500"].
2026-01-02T03:48:33+00:00 DEBUG Automattic\WooCommerce\GoogleListingsAndAds\Product\WCProductAdapter::map_product_categories Product category (ID: 567): ["Home Lifestyle Gifts","All","Under 500"].
2026-01-02T03:48:33+00:00 DEBUG Automattic\WooCommerce\GoogleListingsAndAds\Product\WCProductAdapter::map_product_categories Product category (ID: 615): ["Festive Seasonal Gifts","All","Budget 1500-2000"].
2026-01-02T03:48:33+00:00 DEBUG Automattic\WooCommerce\GoogleListingsAndAds\Product\WCProductAdapter::map_product_categories Product category (ID: 625): ["Festive Seasonal Gifts","All","Budget 1000-1500"].
2026-01-02T03:48:33+00:00 DEBUG Automattic\WooCommerce\GoogleListingsAndAds\Product\WCProductAdapter::map_product_categories Product category (ID: 627): ["Festive Seasonal Gifts","All","Budget 1000-1500"].
2026-01-02T03:48:33+00:00 DEBUG Automattic\WooCommerce\GoogleListingsAndAds\Product\WCProductAdapter::map_product_categories Product category (ID: 631): ["Festive Seasonal Gifts","All","Budget 1500-2000"].
2026-01-02T03:48:33+00:00 DEBUG Automattic\WooCommerce\GoogleListingsAndAds\Product\WCProductAdapter::map_product_categories Product category (ID: 636): ["Festive Seasonal Gifts","All","Budget 2000-3000"].
2026-01-02T03:48:33+00:00 DEBUG Automattic\WooCommerce\GoogleListingsAndAds\Product\WCProductAdapter::map_product_categories Product category (ID: 643): ["Festive Seasonal Gifts","All","Budget 1000-1500"].
2026-01-02T03:48:33+00:00 DEBUG Automattic\WooCommerce\GoogleListingsAndAds\Product\WCProductAdapter::map_product_categories Product category (ID: 647): ["Festive Seasonal Gifts","All","Budget 1500-2000"].
2026-01-02T03:48:33+00:00 DEBUG Automattic\WooCommerce\GoogleListingsAndAds\Product\WCProductAdapter::map_product_categories Product category (ID: 654): ["Festive Seasonal Gifts","All"].
2026-01-02T03:48:33+00:00 DEBUG Automattic\WooCommerce\GoogleListingsAndAds\Product\WCProductAdapter::map_product_categories Product category (ID: 671): ["Home Lifestyle Gifts","All","Stainless Steel Water Bottle","Under 500","Water Bottles"].
2026-01-02T03:48:33+00:00 DEBUG Automattic\WooCommerce\GoogleListingsAndAds\Product\WCProductAdapter::map_product_categories Product category (ID: 673): ["Home Lifestyle Gifts","All","Stainless Steel Water Bottle","Under 500","Water Bottles"].
2026-01-02T03:48:33+00:00 DEBUG Automattic\WooCommerce\GoogleListingsAndAds\Product\WCProductAdapter::map_product_categories Product category (ID: 676): ["Home Lifestyle Gifts","All","Stainless Steel Water Bottle","Under 500","Water Bottles"].
2026-01-02T03:48:33+00:00 DEBUG Automattic\WooCommerce\GoogleListingsAndAds\Product\WCProductAdapter::map_product_categories Product category (ID: 678): ["Home Lifestyle Gifts","All","Home Appliances","under-1000"].
2026-01-02T03:48:33+00:00 DEBUG Automattic\WooCommerce\GoogleListingsAndAds\Product\WCProductAdapter::map_product_categories Product category (ID: 680): ["Home Lifestyle Gifts","All","Home Appliances","under-1000"].
2026-01-02T03:48:33+00:00 DEBUG Automattic\WooCommerce\GoogleListingsAndAds\Product\WCProductAdapter::map_product_categories Product category (ID: 682): ["Home Lifestyle Gifts","All","Home Appliances","under-1000"].
2026-01-02T03:48:33+00:00 DEBUG Automattic\WooCommerce\GoogleListingsAndAds\Product\WCProductAdapter::map_product_categories Product category (ID: 684): ["Home Lifestyle Gifts","All","Stainless Steel Water Bottle","under-1000","Water Bottles"].
2026-01-02T03:48:33+00:00 DEBUG Automattic\WooCommerce\GoogleListingsAndAds\Product\WCProductAdapter::map_product_categories Product category (ID: 700): ["Home Lifestyle Gifts","All","Home Appliances","Under 500"].
2026-01-02T03:48:33+00:00 DEBUG Automattic\WooCommerce\GoogleListingsAndAds\Product\WCProductAdapter::map_product_categories Product category (ID: 710): ["Home Lifestyle Gifts","All","Budget 1000-1500","Home Appliances","Watch and Buy"].
2026-01-02T03:48:33+00:00 DEBUG Automattic\WooCommerce\GoogleListingsAndAds\Product\WCProductAdapter::map_product_categories Product category (ID: 712): ["Home Lifestyle Gifts","All","Desktop Item","Home Decor","under-1000","Wedding &amp; Anniversary"].
2026-01-02T03:48:33+00:00 DEBUG Automattic\WooCommerce\GoogleListingsAndAds\Product\WCProductAdapter::map_product_categories Product category (ID: 717): ["All","Stainless Steel Water Bottle","Under 500","Water Bottles"].
2026-01-02T03:48:33+00:00 DEBUG Automattic\WooCommerce\GoogleListingsAndAds\Product\WCProductAdapter::map_product_categories Product category (ID: 724): ["Home Lifestyle Gifts","All","Home Appliances","Under 500","Wedding &amp; Anniversary"].
2026-01-02T03:48:33+00:00 DEBUG Automattic\WooCommerce\GoogleListingsAndAds\Product\WCProductAdapter::map_product_categories Product category (ID: 822): ["Home Lifestyle Gifts","All","Clocks","Desktop Item","Home Decor","under-1000","Watch and Buy"].
2026-01-02T03:48:33+00:00 DEBUG Automattic\WooCommerce\GoogleListingsAndAds\Product\WCProductAdapter::map_product_categories Product category (ID: 824): ["Home Lifestyle Gifts","All","Budget 1000-1500","Desktop Item","Home Decor","Watch and Buy"].
2026-01-02T03:48:33+00:00 DEBUG Automattic\WooCommerce\GoogleListingsAndAds\Product\WCProductAdapter::map_product_categories Product category (ID: 834): ["Home Lifestyle Gifts","All","Desktop Item","Home Decor","under-1000","Watch and Buy"].
2026-01-02T03:48:33+00:00 DEBUG Automattic\WooCommerce\GoogleListingsAndAds\Product\WCProductAdapter::map_product_categories Product category (ID: 841): ["Home Lifestyle Gifts","All","Home Appliances","Under 500"].
2026-01-02T03:48:33+00:00 DEBUG Automattic\WooCommerce\GoogleListingsAndAds\Product\WCProductAdapter::map_product_categories Product category (ID: 844): ["Home Lifestyle Gifts","All","Clocks","Under 500","Watch and Buy"].
2026-01-02T03:48:33+00:00 DEBUG Automattic\WooCommerce\GoogleListingsAndAds\Product\WCProductAdapter::map_product_categories Product category (ID: 846): ["Home Lifestyle Gifts","All","under-1000","Water Bottles"].
2026-01-02T03:48:33+00:00 DEBUG Automattic\WooCommerce\GoogleListingsAndAds\Product\WCProductAdapter::map_product_categories Product category (ID: 980): ["Personalised Gifts","All","Graduation","T-shirts","Under 500"].
2026-01-02T03:48:33+00:00 DEBUG Automattic\WooCommerce\GoogleListingsAndAds\Product\WCProductAdapter::map_product_categories Product category (ID: 983): ["Home Lifestyle Gifts","All","Home Appliances","Under 500"].
2026-01-02T03:48:33+00:00 DEBUG Automattic\WooCommerce\GoogleListingsAndAds\Product\WCProductAdapter::map_product_categories Product category (ID: 985): ["All","Corporate Gift Hampers","Personalised Gifts","Under 500"].
2026-01-02T03:48:33+00:00 DEBUG Automattic\WooCommerce\GoogleListingsAndAds\Product\WCProductAdapter::map_product_categories Product category (ID: 987): ["All","Corporate Gift Hampers","Graduation","Personalised Gifts","Under 500","Water Bottles","Wedding &amp; Anniversary"].
2026-01-02T03:48:33+00:00 DEBUG Automattic\WooCommerce\GoogleListingsAndAds\Product\WCProductAdapter::map_product_categories Product category (ID: 989): ["Birthday","All","Graduation","Personalised Gifts","Under 500","Wedding &amp; Anniversary"].
2026-01-02T03:48:33+00:00 DEBUG Automattic\WooCommerce\GoogleListingsAndAds\Product\WCProductAdapter::map_product_categories Product category (ID: 1133): ["Corporate Gift Hampers","All","Under 500","Water Bottles"].
2026-01-02T03:48:33+00:00 DEBUG Automattic\WooCommerce\GoogleListingsAndAds\Product\WCProductAdapter::map_product_categories Product category (ID: 1135): ["Corporate Gift Hampers","All","Budget 1000-1500","Home Appliances","Home Lifestyle Gifts"].
2026-01-02T03:48:35+00:00 DEBUG Automattic\WooCommerce\GoogleListingsAndAds\Product\ProductSyncer::update_by_batch_requests Submitted 38 products:
[{"woocommerce_id":246,"google_id":"online:en:IN:gla_246"},{"woocommerce_id":250,"google_id":"online:en:IN:gla_250"},{"woocommerce_id":251,"google_id":"online:en:IN:gla_251"},{"woocommerce_id":557,"google_id":"online:en:IN:gla_557"},{"woocommerce_id":567,"google_id":"online:en:IN:gla_567"},{"woocommerce_id":615,"google_id":"online:en:IN:gla_615"},{"woocommerce_id":625,"google_id":"online:en:IN:gla_625"},{"woocommerce_id":627,"google_id":"online:en:IN:gla_627"},{"woocommerce_id":631,"google_id":"online:en:IN:gla_631"},{"woocommerce_id":636,"google_id":"online:en:IN:gla_636"},{"woocommerce_id":643,"google_id":"online:en:IN:gla_643"},{"woocommerce_id":647,"google_id":"online:en:IN:gla_647"},{"woocommerce_id":654,"google_id":"online:en:IN:gla_654"},{"woocommerce_id":671,"google_id":"online:en:IN:gla_671"},{"woocommerce_id":673,"google_id":"online:en:IN:gla_673"},{"woocommerce_id":676,"google_id":"online:en:IN:gla_676"},{"woocommerce_id":678,"google_id":"online:en:IN:gla_678"},{"woocommerce_id":680,"google_id":"online:en:IN:gla_680"},{"woocommerce_id":682,"google_id":"online:en:IN:gla_682"},{"woocommerce_id":684,"google_id":"online:en:IN:gla_684"},{"woocommerce_id":700,"google_id":"online:en:IN:gla_700"},{"woocommerce_id":710,"google_id":"online:en:IN:gla_710"},{"woocommerce_id":712,"google_id":"online:en:IN:gla_712"},{"woocommerce_id":717,"google_id":"online:en:IN:gla_717"},{"woocommerce_id":724,"google_id":"online:en:IN:gla_724"},{"woocommerce_id":822,"google_id":"online:en:IN:gla_822"},{"woocommerce_id":824,"google_id":"online:en:IN:gla_824"},{"woocommerce_id":834,"google_id":"online:en:IN:gla_834"},{"woocommerce_id":841,"google_id":"online:en:IN:gla_841"},{"woocommerce_id":844,"google_id":"online:en:IN:gla_844"},{"woocommerce_id":846,"google_id":"online:en:IN:gla_846"},{"woocommerce_id":980,"google_id":"online:en:IN:gla_980"},{"woocommerce_id":983,"google_id":"online:en:IN:gla_983"},{"woocommerce_id":985,"google_id":"online:en:IN:gla_985"},{"woocommerce_id":987,"google_id":"online:en:IN:gla_987"},{"woocommerce_id":989,"google_id":"online:en:IN:gla_989"},{"woocommerce_id":1133,"google_id":"online:en:IN:gla_1133"},{"woocommerce_id":1135,"google_id":"online:en:IN:gla_1135"}]
