2025-12-31T08:48:02+00:00 ERROR Automattic\WooCommerce\GoogleListingsAndAds\Internal\DependencyManagement\GoogleServiceProvider::handle_unauthorized_error Client error: `POST https://api.woocommerce.com/google/google-mc/content/v2.1/5564815060/reports/search` resulted in a `401 Unauthorized` response:
{"statusCode":401,"error":"Unauthorized","message":"Invalid credentials","attributes":{"error":"Invalid credentials"}}
2025-12-31T08:48:02+00:00 DEBUG Automattic\WooCommerce\GoogleListingsAndAds\MerchantCenter\PriceBenchmarks::update_price_benchmarks Please reconnect your Jetpack account.
2025-12-31T08:48:02+00:00 DEBUG Automattic\WooCommerce\GoogleListingsAndAds\Product\WCProductAdapter::map_product_categories Product category (ID: 557): ["Corporate Gift Hampers","2 in 1 Gift Sets","All","Office Diary","Pens","Under 500"].
2025-12-31T08:48:02+00:00 DEBUG Automattic\WooCommerce\GoogleListingsAndAds\Product\WCProductAdapter::map_product_categories Product category (ID: 567): ["Home Lifestyle Gifts","All","Under 500"].
2025-12-31T08:48:02+00:00 DEBUG Automattic\WooCommerce\GoogleListingsAndAds\Product\WCProductAdapter::map_product_categories Product category (ID: 615): ["Festive Seasonal Gifts","All","Budget 1500-2000"].
2025-12-31T08:48:02+00:00 DEBUG Automattic\WooCommerce\GoogleListingsAndAds\Product\WCProductAdapter::map_product_categories Product category (ID: 625): ["Festive Seasonal Gifts","All","Budget 1000-1500"].
2025-12-31T08:48:02+00:00 DEBUG Automattic\WooCommerce\GoogleListingsAndAds\Product\WCProductAdapter::map_product_categories Product category (ID: 627): ["Festive Seasonal Gifts","All","Budget 1000-1500"].
2025-12-31T08:48:02+00:00 DEBUG Automattic\WooCommerce\GoogleListingsAndAds\Product\WCProductAdapter::map_product_categories Product category (ID: 631): ["Festive Seasonal Gifts","All","Budget 1500-2000"].
2025-12-31T08:48:02+00:00 DEBUG Automattic\WooCommerce\GoogleListingsAndAds\Product\WCProductAdapter::map_product_categories Product category (ID: 636): ["Festive Seasonal Gifts","All","Budget 2000-3000"].
2025-12-31T08:48:02+00:00 DEBUG Automattic\WooCommerce\GoogleListingsAndAds\Product\WCProductAdapter::map_product_categories Product category (ID: 643): ["Festive Seasonal Gifts","All","Budget 1000-1500"].
2025-12-31T08:48:02+00:00 DEBUG Automattic\WooCommerce\GoogleListingsAndAds\Product\WCProductAdapter::map_product_categories Product category (ID: 647): ["Festive Seasonal Gifts","All","Budget 1500-2000"].
2025-12-31T08:48:02+00:00 DEBUG Automattic\WooCommerce\GoogleListingsAndAds\Product\WCProductAdapter::map_product_categories Product category (ID: 654): ["Festive Seasonal Gifts","All"].
2025-12-31T08:48:02+00:00 DEBUG Automattic\WooCommerce\GoogleListingsAndAds\Product\WCProductAdapter::map_product_categories Product category (ID: 671): ["Home Lifestyle Gifts","All","Stainless Steel Water Bottle","Under 500","Water Bottles"].
2025-12-31T08:48:02+00:00 DEBUG Automattic\WooCommerce\GoogleListingsAndAds\Product\WCProductAdapter::map_product_categories Product category (ID: 673): ["Home Lifestyle Gifts","All","Stainless Steel Water Bottle","Under 500","Water Bottles"].
2025-12-31T08:48:02+00:00 DEBUG Automattic\WooCommerce\GoogleListingsAndAds\Product\WCProductAdapter::map_product_categories Product category (ID: 676): ["Home Lifestyle Gifts","All","Stainless Steel Water Bottle","Under 500","Water Bottles"].
2025-12-31T08:48:02+00:00 DEBUG Automattic\WooCommerce\GoogleListingsAndAds\Product\WCProductAdapter::map_product_categories Product category (ID: 678): ["Home Lifestyle Gifts","All","Home Appliances","under-1000"].
2025-12-31T08:48:02+00:00 DEBUG Automattic\WooCommerce\GoogleListingsAndAds\Product\WCProductAdapter::map_product_categories Product category (ID: 680): ["Home Lifestyle Gifts","All","Home Appliances","under-1000"].
2025-12-31T08:48:02+00:00 DEBUG Automattic\WooCommerce\GoogleListingsAndAds\Product\WCProductAdapter::map_product_categories Product category (ID: 682): ["Home Lifestyle Gifts","All","Home Appliances","under-1000"].
2025-12-31T08:48:02+00:00 DEBUG Automattic\WooCommerce\GoogleListingsAndAds\Product\WCProductAdapter::map_product_categories Product category (ID: 684): ["Home Lifestyle Gifts","All","Stainless Steel Water Bottle","under-1000","Water Bottles"].
2025-12-31T08:48:02+00:00 DEBUG Automattic\WooCommerce\GoogleListingsAndAds\Product\WCProductAdapter::map_product_categories Product category (ID: 700): ["Home Lifestyle Gifts","All","Home Appliances","Under 500"].
2025-12-31T08:48:02+00:00 DEBUG Automattic\WooCommerce\GoogleListingsAndAds\Product\WCProductAdapter::map_product_categories Product category (ID: 710): ["Home Lifestyle Gifts","All","Budget 1000-1500","Home Appliances","Watch and Buy"].
2025-12-31T08:48:02+00:00 DEBUG Automattic\WooCommerce\GoogleListingsAndAds\Product\WCProductAdapter::map_product_categories Product category (ID: 712): ["Home Lifestyle Gifts","All","Desktop Item","Home Decor","under-1000","Wedding &amp; Anniversary"].
2025-12-31T08:48:02+00:00 DEBUG Automattic\WooCommerce\GoogleListingsAndAds\Product\WCProductAdapter::map_product_categories Product category (ID: 717): ["All","Stainless Steel Water Bottle","Under 500","Water Bottles"].
2025-12-31T08:48:02+00:00 DEBUG Automattic\WooCommerce\GoogleListingsAndAds\Product\WCProductAdapter::map_product_categories Product category (ID: 724): ["Home Lifestyle Gifts","All","Home Appliances","Under 500","Wedding &amp; Anniversary"].
2025-12-31T08:48:02+00:00 DEBUG Automattic\WooCommerce\GoogleListingsAndAds\Product\WCProductAdapter::map_product_categories Product category (ID: 822): ["Home Lifestyle Gifts","All","Clocks","Desktop Item","Home Decor","under-1000","Watch and Buy"].
2025-12-31T08:48:02+00:00 DEBUG Automattic\WooCommerce\GoogleListingsAndAds\Product\WCProductAdapter::map_product_categories Product category (ID: 824): ["Home Lifestyle Gifts","All","Budget 1000-1500","Desktop Item","Home Decor","Watch and Buy"].
2025-12-31T08:48:02+00:00 DEBUG Automattic\WooCommerce\GoogleListingsAndAds\Product\WCProductAdapter::map_product_categories Product category (ID: 834): ["Home Lifestyle Gifts","All","Desktop Item","Home Decor","under-1000","Watch and Buy"].
2025-12-31T08:48:02+00:00 DEBUG Automattic\WooCommerce\GoogleListingsAndAds\Product\WCProductAdapter::map_product_categories Product category (ID: 841): ["Home Lifestyle Gifts","All","Home Appliances","Under 500"].
2025-12-31T08:48:02+00:00 DEBUG Automattic\WooCommerce\GoogleListingsAndAds\Product\WCProductAdapter::map_product_categories Product category (ID: 844): ["Home Lifestyle Gifts","All","Clocks","Under 500","Watch and Buy"].
2025-12-31T08:48:02+00:00 DEBUG Automattic\WooCommerce\GoogleListingsAndAds\Product\WCProductAdapter::map_product_categories Product category (ID: 846): ["Home Lifestyle Gifts","All","under-1000","Water Bottles"].
2025-12-31T08:48:02+00:00 DEBUG Automattic\WooCommerce\GoogleListingsAndAds\Product\WCProductAdapter::map_product_categories Product category (ID: 980): ["Personalised Gifts","All","Graduation","T-shirts","Under 500"].
2025-12-31T08:48:02+00:00 DEBUG Automattic\WooCommerce\GoogleListingsAndAds\Product\WCProductAdapter::map_product_categories Product category (ID: 983): ["Home Lifestyle Gifts","All","Home Appliances","Under 500"].
2025-12-31T08:48:02+00:00 DEBUG Automattic\WooCommerce\GoogleListingsAndAds\Product\WCProductAdapter::map_product_categories Product category (ID: 985): ["All","Corporate Gift Hampers","Personalised Gifts","Under 500"].
2025-12-31T08:48:02+00:00 DEBUG Automattic\WooCommerce\GoogleListingsAndAds\Product\WCProductAdapter::map_product_categories Product category (ID: 987): ["All","Corporate Gift Hampers","Graduation","Personalised Gifts","Under 500","Water Bottles","Wedding &amp; Anniversary"].
2025-12-31T08:48:02+00:00 DEBUG Automattic\WooCommerce\GoogleListingsAndAds\Product\WCProductAdapter::map_product_categories Product category (ID: 989): ["Birthday","All","Graduation","Personalised Gifts","Under 500","Wedding &amp; Anniversary"].
2025-12-31T08:48:02+00:00 DEBUG Automattic\WooCommerce\GoogleListingsAndAds\Product\WCProductAdapter::map_product_categories Product category (ID: 1133): ["Corporate Gift Hampers","All","Under 500","Water Bottles"].
2025-12-31T08:48:02+00:00 DEBUG Automattic\WooCommerce\GoogleListingsAndAds\Product\WCProductAdapter::map_product_categories Product category (ID: 1135): ["Corporate Gift Hampers","All","Budget 1000-1500","Home Appliances","Home Lifestyle Gifts"].
2025-12-31T08:48:02+00:00 ERROR Automattic\WooCommerce\GoogleListingsAndAds\Internal\DependencyManagement\GoogleServiceProvider::handle_unauthorized_error Client error: `POST https://api.woocommerce.com/google/google-mc/content/v2.1/products/batch` resulted in a `401 Unauthorized` response:
{"statusCode":401,"error":"Unauthorized","message":"Invalid credentials","attributes":{"error":"Invalid credentials"}}
2025-12-31T08:48:02+00:00 ERROR Automattic\WooCommerce\GoogleListingsAndAds\Product\ProductSyncer::update_by_batch_requests Please reconnect your Jetpack account.
2025-12-31T08:48:02+00:00 DEBUG Automattic\WooCommerce\GoogleListingsAndAds\Product\WCProductAdapter::map_product_categories Product category (ID: 557): ["Corporate Gift Hampers","2 in 1 Gift Sets","All","Office Diary","Pens","Under 500"].
2025-12-31T08:48:02+00:00 DEBUG Automattic\WooCommerce\GoogleListingsAndAds\Product\WCProductAdapter::map_product_categories Product category (ID: 567): ["Home Lifestyle Gifts","All","Under 500"].
2025-12-31T08:48:02+00:00 DEBUG Automattic\WooCommerce\GoogleListingsAndAds\Product\WCProductAdapter::map_product_categories Product category (ID: 615): ["Festive Seasonal Gifts","All","Budget 1500-2000"].
2025-12-31T08:48:02+00:00 DEBUG Automattic\WooCommerce\GoogleListingsAndAds\Product\WCProductAdapter::map_product_categories Product category (ID: 625): ["Festive Seasonal Gifts","All","Budget 1000-1500"].
2025-12-31T08:48:02+00:00 DEBUG Automattic\WooCommerce\GoogleListingsAndAds\Product\WCProductAdapter::map_product_categories Product category (ID: 627): ["Festive Seasonal Gifts","All","Budget 1000-1500"].
2025-12-31T08:48:02+00:00 DEBUG Automattic\WooCommerce\GoogleListingsAndAds\Product\WCProductAdapter::map_product_categories Product category (ID: 631): ["Festive Seasonal Gifts","All","Budget 1500-2000"].
2025-12-31T08:48:02+00:00 DEBUG Automattic\WooCommerce\GoogleListingsAndAds\Product\WCProductAdapter::map_product_categories Product category (ID: 636): ["Festive Seasonal Gifts","All","Budget 2000-3000"].
2025-12-31T08:48:02+00:00 DEBUG Automattic\WooCommerce\GoogleListingsAndAds\Product\WCProductAdapter::map_product_categories Product category (ID: 643): ["Festive Seasonal Gifts","All","Budget 1000-1500"].
2025-12-31T08:48:02+00:00 DEBUG Automattic\WooCommerce\GoogleListingsAndAds\Product\WCProductAdapter::map_product_categories Product category (ID: 647): ["Festive Seasonal Gifts","All","Budget 1500-2000"].
2025-12-31T08:48:02+00:00 DEBUG Automattic\WooCommerce\GoogleListingsAndAds\Product\WCProductAdapter::map_product_categories Product category (ID: 654): ["Festive Seasonal Gifts","All"].
2025-12-31T08:48:02+00:00 DEBUG Automattic\WooCommerce\GoogleListingsAndAds\Product\WCProductAdapter::map_product_categories Product category (ID: 671): ["Home Lifestyle Gifts","All","Stainless Steel Water Bottle","Under 500","Water Bottles"].
2025-12-31T08:48:02+00:00 DEBUG Automattic\WooCommerce\GoogleListingsAndAds\Product\WCProductAdapter::map_product_categories Product category (ID: 673): ["Home Lifestyle Gifts","All","Stainless Steel Water Bottle","Under 500","Water Bottles"].
2025-12-31T08:48:02+00:00 DEBUG Automattic\WooCommerce\GoogleListingsAndAds\Product\WCProductAdapter::map_product_categories Product category (ID: 676): ["Home Lifestyle Gifts","All","Stainless Steel Water Bottle","Under 500","Water Bottles"].
2025-12-31T08:48:02+00:00 DEBUG Automattic\WooCommerce\GoogleListingsAndAds\Product\WCProductAdapter::map_product_categories Product category (ID: 678): ["Home Lifestyle Gifts","All","Home Appliances","under-1000"].
2025-12-31T08:48:02+00:00 DEBUG Automattic\WooCommerce\GoogleListingsAndAds\Product\WCProductAdapter::map_product_categories Product category (ID: 680): ["Home Lifestyle Gifts","All","Home Appliances","under-1000"].
2025-12-31T08:48:02+00:00 DEBUG Automattic\WooCommerce\GoogleListingsAndAds\Product\WCProductAdapter::map_product_categories Product category (ID: 682): ["Home Lifestyle Gifts","All","Home Appliances","under-1000"].
2025-12-31T08:48:02+00:00 DEBUG Automattic\WooCommerce\GoogleListingsAndAds\Product\WCProductAdapter::map_product_categories Product category (ID: 684): ["Home Lifestyle Gifts","All","Stainless Steel Water Bottle","under-1000","Water Bottles"].
2025-12-31T08:48:02+00:00 DEBUG Automattic\WooCommerce\GoogleListingsAndAds\Product\WCProductAdapter::map_product_categories Product category (ID: 700): ["Home Lifestyle Gifts","All","Home Appliances","Under 500"].
2025-12-31T08:48:02+00:00 DEBUG Automattic\WooCommerce\GoogleListingsAndAds\Product\WCProductAdapter::map_product_categories Product category (ID: 710): ["Home Lifestyle Gifts","All","Budget 1000-1500","Home Appliances","Watch and Buy"].
2025-12-31T08:48:02+00:00 DEBUG Automattic\WooCommerce\GoogleListingsAndAds\Product\WCProductAdapter::map_product_categories Product category (ID: 712): ["Home Lifestyle Gifts","All","Desktop Item","Home Decor","under-1000","Wedding &amp; Anniversary"].
2025-12-31T08:48:02+00:00 DEBUG Automattic\WooCommerce\GoogleListingsAndAds\Product\WCProductAdapter::map_product_categories Product category (ID: 717): ["All","Stainless Steel Water Bottle","Under 500","Water Bottles"].
2025-12-31T08:48:02+00:00 DEBUG Automattic\WooCommerce\GoogleListingsAndAds\Product\WCProductAdapter::map_product_categories Product category (ID: 724): ["Home Lifestyle Gifts","All","Home Appliances","Under 500","Wedding &amp; Anniversary"].
2025-12-31T08:48:02+00:00 DEBUG Automattic\WooCommerce\GoogleListingsAndAds\Product\WCProductAdapter::map_product_categories Product category (ID: 822): ["Home Lifestyle Gifts","All","Clocks","Desktop Item","Home Decor","under-1000","Watch and Buy"].
2025-12-31T08:48:02+00:00 DEBUG Automattic\WooCommerce\GoogleListingsAndAds\Product\WCProductAdapter::map_product_categories Product category (ID: 824): ["Home Lifestyle Gifts","All","Budget 1000-1500","Desktop Item","Home Decor","Watch and Buy"].
2025-12-31T08:48:02+00:00 DEBUG Automattic\WooCommerce\GoogleListingsAndAds\Product\WCProductAdapter::map_product_categories Product category (ID: 834): ["Home Lifestyle Gifts","All","Desktop Item","Home Decor","under-1000","Watch and Buy"].
2025-12-31T08:48:02+00:00 DEBUG Automattic\WooCommerce\GoogleListingsAndAds\Product\WCProductAdapter::map_product_categories Product category (ID: 841): ["Home Lifestyle Gifts","All","Home Appliances","Under 500"].
2025-12-31T08:48:02+00:00 DEBUG Automattic\WooCommerce\GoogleListingsAndAds\Product\WCProductAdapter::map_product_categories Product category (ID: 844): ["Home Lifestyle Gifts","All","Clocks","Under 500","Watch and Buy"].
2025-12-31T08:48:02+00:00 DEBUG Automattic\WooCommerce\GoogleListingsAndAds\Product\WCProductAdapter::map_product_categories Product category (ID: 846): ["Home Lifestyle Gifts","All","under-1000","Water Bottles"].
2025-12-31T08:48:02+00:00 DEBUG Automattic\WooCommerce\GoogleListingsAndAds\Product\WCProductAdapter::map_product_categories Product category (ID: 980): ["Personalised Gifts","All","Graduation","T-shirts","Under 500"].
2025-12-31T08:48:02+00:00 DEBUG Automattic\WooCommerce\GoogleListingsAndAds\Product\WCProductAdapter::map_product_categories Product category (ID: 983): ["Home Lifestyle Gifts","All","Home Appliances","Under 500"].
2025-12-31T08:48:02+00:00 DEBUG Automattic\WooCommerce\GoogleListingsAndAds\Product\WCProductAdapter::map_product_categories Product category (ID: 985): ["All","Corporate Gift Hampers","Personalised Gifts","Under 500"].
2025-12-31T08:48:02+00:00 DEBUG Automattic\WooCommerce\GoogleListingsAndAds\Product\WCProductAdapter::map_product_categories Product category (ID: 987): ["All","Corporate Gift Hampers","Graduation","Personalised Gifts","Under 500","Water Bottles","Wedding &amp; Anniversary"].
2025-12-31T08:48:02+00:00 DEBUG Automattic\WooCommerce\GoogleListingsAndAds\Product\WCProductAdapter::map_product_categories Product category (ID: 989): ["Birthday","All","Graduation","Personalised Gifts","Under 500","Wedding &amp; Anniversary"].
2025-12-31T08:48:02+00:00 DEBUG Automattic\WooCommerce\GoogleListingsAndAds\Product\WCProductAdapter::map_product_categories Product category (ID: 1133): ["Corporate Gift Hampers","All","Under 500","Water Bottles"].
2025-12-31T08:48:02+00:00 DEBUG Automattic\WooCommerce\GoogleListingsAndAds\Product\WCProductAdapter::map_product_categories Product category (ID: 1135): ["Corporate Gift Hampers","All","Budget 1000-1500","Home Appliances","Home Lifestyle Gifts"].
2025-12-31T08:48:03+00:00 ERROR Automattic\WooCommerce\GoogleListingsAndAds\Internal\DependencyManagement\GoogleServiceProvider::handle_unauthorized_error Client error: `POST https://api.woocommerce.com/google/google-mc/content/v2.1/products/batch` resulted in a `401 Unauthorized` response:
{"statusCode":401,"error":"Unauthorized","message":"Invalid credentials","attributes":{"error":"Invalid credentials"}}
2025-12-31T08:48:03+00:00 ERROR Automattic\WooCommerce\GoogleListingsAndAds\Product\ProductSyncer::update_by_batch_requests Please reconnect your Jetpack account.
2025-12-31T08:48:03+00:00 DEBUG Automattic\WooCommerce\GoogleListingsAndAds\Product\WCProductAdapter::map_product_categories Product category (ID: 557): ["Corporate Gift Hampers","2 in 1 Gift Sets","All","Office Diary","Pens","Under 500"].
2025-12-31T08:48:03+00:00 DEBUG Automattic\WooCommerce\GoogleListingsAndAds\Product\WCProductAdapter::map_product_categories Product category (ID: 567): ["Home Lifestyle Gifts","All","Under 500"].
2025-12-31T08:48:03+00:00 DEBUG Automattic\WooCommerce\GoogleListingsAndAds\Product\WCProductAdapter::map_product_categories Product category (ID: 615): ["Festive Seasonal Gifts","All","Budget 1500-2000"].
2025-12-31T08:48:03+00:00 DEBUG Automattic\WooCommerce\GoogleListingsAndAds\Product\WCProductAdapter::map_product_categories Product category (ID: 625): ["Festive Seasonal Gifts","All","Budget 1000-1500"].
2025-12-31T08:48:03+00:00 DEBUG Automattic\WooCommerce\GoogleListingsAndAds\Product\WCProductAdapter::map_product_categories Product category (ID: 627): ["Festive Seasonal Gifts","All","Budget 1000-1500"].
2025-12-31T08:48:03+00:00 DEBUG Automattic\WooCommerce\GoogleListingsAndAds\Product\WCProductAdapter::map_product_categories Product category (ID: 631): ["Festive Seasonal Gifts","All","Budget 1500-2000"].
2025-12-31T08:48:03+00:00 DEBUG Automattic\WooCommerce\GoogleListingsAndAds\Product\WCProductAdapter::map_product_categories Product category (ID: 636): ["Festive Seasonal Gifts","All","Budget 2000-3000"].
2025-12-31T08:48:03+00:00 DEBUG Automattic\WooCommerce\GoogleListingsAndAds\Product\WCProductAdapter::map_product_categories Product category (ID: 643): ["Festive Seasonal Gifts","All","Budget 1000-1500"].
2025-12-31T08:48:03+00:00 DEBUG Automattic\WooCommerce\GoogleListingsAndAds\Product\WCProductAdapter::map_product_categories Product category (ID: 647): ["Festive Seasonal Gifts","All","Budget 1500-2000"].
2025-12-31T08:48:03+00:00 DEBUG Automattic\WooCommerce\GoogleListingsAndAds\Product\WCProductAdapter::map_product_categories Product category (ID: 654): ["Festive Seasonal Gifts","All"].
2025-12-31T08:48:03+00:00 DEBUG Automattic\WooCommerce\GoogleListingsAndAds\Product\WCProductAdapter::map_product_categories Product category (ID: 671): ["Home Lifestyle Gifts","All","Stainless Steel Water Bottle","Under 500","Water Bottles"].
2025-12-31T08:48:03+00:00 DEBUG Automattic\WooCommerce\GoogleListingsAndAds\Product\WCProductAdapter::map_product_categories Product category (ID: 673): ["Home Lifestyle Gifts","All","Stainless Steel Water Bottle","Under 500","Water Bottles"].
2025-12-31T08:48:03+00:00 DEBUG Automattic\WooCommerce\GoogleListingsAndAds\Product\WCProductAdapter::map_product_categories Product category (ID: 676): ["Home Lifestyle Gifts","All","Stainless Steel Water Bottle","Under 500","Water Bottles"].
2025-12-31T08:48:03+00:00 DEBUG Automattic\WooCommerce\GoogleListingsAndAds\Product\WCProductAdapter::map_product_categories Product category (ID: 678): ["Home Lifestyle Gifts","All","Home Appliances","under-1000"].
2025-12-31T08:48:03+00:00 DEBUG Automattic\WooCommerce\GoogleListingsAndAds\Product\WCProductAdapter::map_product_categories Product category (ID: 680): ["Home Lifestyle Gifts","All","Home Appliances","under-1000"].
2025-12-31T08:48:03+00:00 DEBUG Automattic\WooCommerce\GoogleListingsAndAds\Product\WCProductAdapter::map_product_categories Product category (ID: 682): ["Home Lifestyle Gifts","All","Home Appliances","under-1000"].
2025-12-31T08:48:03+00:00 DEBUG Automattic\WooCommerce\GoogleListingsAndAds\Product\WCProductAdapter::map_product_categories Product category (ID: 684): ["Home Lifestyle Gifts","All","Stainless Steel Water Bottle","under-1000","Water Bottles"].
2025-12-31T08:48:03+00:00 DEBUG Automattic\WooCommerce\GoogleListingsAndAds\Product\WCProductAdapter::map_product_categories Product category (ID: 700): ["Home Lifestyle Gifts","All","Home Appliances","Under 500"].
2025-12-31T08:48:03+00:00 DEBUG Automattic\WooCommerce\GoogleListingsAndAds\Product\WCProductAdapter::map_product_categories Product category (ID: 710): ["Home Lifestyle Gifts","All","Budget 1000-1500","Home Appliances","Watch and Buy"].
2025-12-31T08:48:03+00:00 DEBUG Automattic\WooCommerce\GoogleListingsAndAds\Product\WCProductAdapter::map_product_categories Product category (ID: 712): ["Home Lifestyle Gifts","All","Desktop Item","Home Decor","under-1000","Wedding &amp; Anniversary"].
2025-12-31T08:48:03+00:00 DEBUG Automattic\WooCommerce\GoogleListingsAndAds\Product\WCProductAdapter::map_product_categories Product category (ID: 717): ["All","Stainless Steel Water Bottle","Under 500","Water Bottles"].
2025-12-31T08:48:03+00:00 DEBUG Automattic\WooCommerce\GoogleListingsAndAds\Product\WCProductAdapter::map_product_categories Product category (ID: 724): ["Home Lifestyle Gifts","All","Home Appliances","Under 500","Wedding &amp; Anniversary"].
2025-12-31T08:48:03+00:00 DEBUG Automattic\WooCommerce\GoogleListingsAndAds\Product\WCProductAdapter::map_product_categories Product category (ID: 822): ["Home Lifestyle Gifts","All","Clocks","Desktop Item","Home Decor","under-1000","Watch and Buy"].
2025-12-31T08:48:03+00:00 DEBUG Automattic\WooCommerce\GoogleListingsAndAds\Product\WCProductAdapter::map_product_categories Product category (ID: 824): ["Home Lifestyle Gifts","All","Budget 1000-1500","Desktop Item","Home Decor","Watch and Buy"].
2025-12-31T08:48:03+00:00 DEBUG Automattic\WooCommerce\GoogleListingsAndAds\Product\WCProductAdapter::map_product_categories Product category (ID: 834): ["Home Lifestyle Gifts","All","Desktop Item","Home Decor","under-1000","Watch and Buy"].
2025-12-31T08:48:03+00:00 DEBUG Automattic\WooCommerce\GoogleListingsAndAds\Product\WCProductAdapter::map_product_categories Product category (ID: 841): ["Home Lifestyle Gifts","All","Home Appliances","Under 500"].
2025-12-31T08:48:03+00:00 DEBUG Automattic\WooCommerce\GoogleListingsAndAds\Product\WCProductAdapter::map_product_categories Product category (ID: 844): ["Home Lifestyle Gifts","All","Clocks","Under 500","Watch and Buy"].
2025-12-31T08:48:03+00:00 DEBUG Automattic\WooCommerce\GoogleListingsAndAds\Product\WCProductAdapter::map_product_categories Product category (ID: 846): ["Home Lifestyle Gifts","All","under-1000","Water Bottles"].
2025-12-31T08:48:03+00:00 DEBUG Automattic\WooCommerce\GoogleListingsAndAds\Product\WCProductAdapter::map_product_categories Product category (ID: 980): ["Personalised Gifts","All","Graduation","T-shirts","Under 500"].
2025-12-31T08:48:03+00:00 DEBUG Automattic\WooCommerce\GoogleListingsAndAds\Product\WCProductAdapter::map_product_categories Product category (ID: 983): ["Home Lifestyle Gifts","All","Home Appliances","Under 500"].
2025-12-31T08:48:03+00:00 DEBUG Automattic\WooCommerce\GoogleListingsAndAds\Product\WCProductAdapter::map_product_categories Product category (ID: 985): ["All","Corporate Gift Hampers","Personalised Gifts","Under 500"].
2025-12-31T08:48:03+00:00 DEBUG Automattic\WooCommerce\GoogleListingsAndAds\Product\WCProductAdapter::map_product_categories Product category (ID: 987): ["All","Corporate Gift Hampers","Graduation","Personalised Gifts","Under 500","Water Bottles","Wedding &amp; Anniversary"].
2025-12-31T08:48:03+00:00 DEBUG Automattic\WooCommerce\GoogleListingsAndAds\Product\WCProductAdapter::map_product_categories Product category (ID: 989): ["Birthday","All","Graduation","Personalised Gifts","Under 500","Wedding &amp; Anniversary"].
2025-12-31T08:48:03+00:00 DEBUG Automattic\WooCommerce\GoogleListingsAndAds\Product\WCProductAdapter::map_product_categories Product category (ID: 1133): ["Corporate Gift Hampers","All","Under 500","Water Bottles"].
2025-12-31T08:48:03+00:00 DEBUG Automattic\WooCommerce\GoogleListingsAndAds\Product\WCProductAdapter::map_product_categories Product category (ID: 1135): ["Corporate Gift Hampers","All","Budget 1000-1500","Home Appliances","Home Lifestyle Gifts"].
2025-12-31T08:48:04+00:00 ERROR Automattic\WooCommerce\GoogleListingsAndAds\Internal\DependencyManagement\GoogleServiceProvider::handle_unauthorized_error Client error: `POST https://api.woocommerce.com/google/google-mc/content/v2.1/products/batch` resulted in a `401 Unauthorized` response:
{"statusCode":401,"error":"Unauthorized","message":"Invalid credentials","attributes":{"error":"Invalid credentials"}}
2025-12-31T08:48:04+00:00 ERROR Automattic\WooCommerce\GoogleListingsAndAds\Product\ProductSyncer::update_by_batch_requests Please reconnect your Jetpack account.
