2025-12-26T03:13:06+00:00 DEBUG Automattic\WooCommerce\GoogleListingsAndAds\Product\WCProductAdapter::map_product_categories Product category (ID: 615): ["Festive Seasonal Gifts"].
2025-12-26T03:13:06+00:00 DEBUG Automattic\WooCommerce\GoogleListingsAndAds\Product\WCProductAdapter::map_product_categories Product category (ID: 625): ["Festive Seasonal Gifts"].
2025-12-26T03:13:06+00:00 DEBUG Automattic\WooCommerce\GoogleListingsAndAds\Product\WCProductAdapter::map_product_categories Product category (ID: 627): ["Festive Seasonal Gifts"].
2025-12-26T03:13:06+00:00 DEBUG Automattic\WooCommerce\GoogleListingsAndAds\Product\WCProductAdapter::map_product_categories Product category (ID: 631): ["Festive Seasonal Gifts"].
2025-12-26T03:13:06+00:00 DEBUG Automattic\WooCommerce\GoogleListingsAndAds\Product\WCProductAdapter::map_product_categories Product category (ID: 636): ["Festive Seasonal Gifts","Budget 2000-3000"].
2025-12-26T03:13:06+00:00 DEBUG Automattic\WooCommerce\GoogleListingsAndAds\Product\WCProductAdapter::map_product_categories Product category (ID: 643): ["Festive Seasonal Gifts"].
2025-12-26T03:13:06+00:00 DEBUG Automattic\WooCommerce\GoogleListingsAndAds\Product\WCProductAdapter::map_product_categories Product category (ID: 647): ["Festive Seasonal Gifts"].
2025-12-26T03:13:06+00:00 DEBUG Automattic\WooCommerce\GoogleListingsAndAds\Product\WCProductAdapter::map_product_categories Product category (ID: 654): ["Festive Seasonal Gifts"].
2025-12-26T03:13:06+00:00 DEBUG Automattic\WooCommerce\GoogleListingsAndAds\Product\WCProductAdapter::map_product_categories Product category (ID: 710): ["Home Lifestyle Gifts","Home Appliances","Watch and Buy"].
2025-12-26T03:13:06+00:00 DEBUG Automattic\WooCommerce\GoogleListingsAndAds\Product\WCProductAdapter::map_product_categories Product category (ID: 712): ["Home Lifestyle Gifts","Desktop Item","Home Decor"].
2025-12-26T03:13:06+00:00 DEBUG Automattic\WooCommerce\GoogleListingsAndAds\Product\WCProductAdapter::map_product_categories Product category (ID: 717): ["Stainless Steel Water Bottle","Water Bottles"].
2025-12-26T03:13:06+00:00 DEBUG Automattic\WooCommerce\GoogleListingsAndAds\Product\WCProductAdapter::map_product_categories Product category (ID: 724): ["Home Lifestyle Gifts","Home Appliances"].
2025-12-26T03:13:06+00:00 DEBUG Automattic\WooCommerce\GoogleListingsAndAds\Product\WCProductAdapter::map_product_categories Product category (ID: 822): ["Home Lifestyle Gifts","Clocks","Desktop Item","Home Decor","Watch and Buy"].
2025-12-26T03:13:06+00:00 DEBUG Automattic\WooCommerce\GoogleListingsAndAds\Product\WCProductAdapter::map_product_categories Product category (ID: 824): ["Home Lifestyle Gifts","Desktop Item","Home Decor","Watch and Buy"].
2025-12-26T03:13:06+00:00 DEBUG Automattic\WooCommerce\GoogleListingsAndAds\Product\WCProductAdapter::map_product_categories Product category (ID: 834): ["Home Lifestyle Gifts","Desktop Item","Home Decor","Watch and Buy"].
2025-12-26T03:13:06+00:00 DEBUG Automattic\WooCommerce\GoogleListingsAndAds\Product\WCProductAdapter::map_product_categories Product category (ID: 841): ["Home Lifestyle Gifts","Home Appliances"].
2025-12-26T03:13:06+00:00 DEBUG Automattic\WooCommerce\GoogleListingsAndAds\Product\WCProductAdapter::map_product_categories Product category (ID: 844): ["Home Lifestyle Gifts","Clocks","Watch and Buy"].
2025-12-26T03:13:06+00:00 DEBUG Automattic\WooCommerce\GoogleListingsAndAds\Product\WCProductAdapter::map_product_categories Product category (ID: 846): ["Home Lifestyle Gifts","Water Bottles"].
2025-12-26T03:13:06+00:00 DEBUG Automattic\WooCommerce\GoogleListingsAndAds\Product\WCProductAdapter::map_product_categories Product category (ID: 980): ["Personalised Gifts","T-shirts"].
2025-12-26T03:13:06+00:00 DEBUG Automattic\WooCommerce\GoogleListingsAndAds\Product\WCProductAdapter::map_product_categories Product category (ID: 983): ["Home Lifestyle Gifts","Home Appliances"].
2025-12-26T03:13:06+00:00 DEBUG Automattic\WooCommerce\GoogleListingsAndAds\Product\WCProductAdapter::map_product_categories Product category (ID: 987): ["Corporate Gift Hampers","Personalised Gifts","Water Bottles"].
2025-12-26T03:13:06+00:00 DEBUG Automattic\WooCommerce\GoogleListingsAndAds\Product\WCProductAdapter::map_product_categories Product category (ID: 989): ["Personalised Gifts"].
2025-12-26T03:13:07+00:00 ERROR Automattic\WooCommerce\GoogleListingsAndAds\Internal\DependencyManagement\GoogleServiceProvider::handle_unauthorized_error Client error: `POST https://api.woocommerce.com/google/google-mc/content/v2.1/products/batch` resulted in a `401 Unauthorized` response:
{"statusCode":401,"error":"Unauthorized","message":"Invalid credentials","attributes":{"error":"Invalid credentials"}}
2025-12-26T03:13:07+00:00 ERROR Automattic\WooCommerce\GoogleListingsAndAds\Product\ProductSyncer::update_by_batch_requests Please reconnect your Jetpack account.
2025-12-26T03:13:07+00:00 DEBUG Automattic\WooCommerce\GoogleListingsAndAds\Product\WCProductAdapter::map_product_categories Product category (ID: 615): ["Festive Seasonal Gifts"].
2025-12-26T03:13:07+00:00 DEBUG Automattic\WooCommerce\GoogleListingsAndAds\Product\WCProductAdapter::map_product_categories Product category (ID: 625): ["Festive Seasonal Gifts"].
2025-12-26T03:13:07+00:00 DEBUG Automattic\WooCommerce\GoogleListingsAndAds\Product\WCProductAdapter::map_product_categories Product category (ID: 627): ["Festive Seasonal Gifts"].
2025-12-26T03:13:07+00:00 DEBUG Automattic\WooCommerce\GoogleListingsAndAds\Product\WCProductAdapter::map_product_categories Product category (ID: 631): ["Festive Seasonal Gifts"].
2025-12-26T03:13:07+00:00 DEBUG Automattic\WooCommerce\GoogleListingsAndAds\Product\WCProductAdapter::map_product_categories Product category (ID: 636): ["Festive Seasonal Gifts","Budget 2000-3000"].
2025-12-26T03:13:07+00:00 DEBUG Automattic\WooCommerce\GoogleListingsAndAds\Product\WCProductAdapter::map_product_categories Product category (ID: 643): ["Festive Seasonal Gifts"].
2025-12-26T03:13:07+00:00 DEBUG Automattic\WooCommerce\GoogleListingsAndAds\Product\WCProductAdapter::map_product_categories Product category (ID: 647): ["Festive Seasonal Gifts"].
2025-12-26T03:13:07+00:00 DEBUG Automattic\WooCommerce\GoogleListingsAndAds\Product\WCProductAdapter::map_product_categories Product category (ID: 654): ["Festive Seasonal Gifts"].
2025-12-26T03:13:07+00:00 DEBUG Automattic\WooCommerce\GoogleListingsAndAds\Product\WCProductAdapter::map_product_categories Product category (ID: 710): ["Home Lifestyle Gifts","Home Appliances","Watch and Buy"].
2025-12-26T03:13:07+00:00 DEBUG Automattic\WooCommerce\GoogleListingsAndAds\Product\WCProductAdapter::map_product_categories Product category (ID: 712): ["Home Lifestyle Gifts","Desktop Item","Home Decor"].
2025-12-26T03:13:07+00:00 DEBUG Automattic\WooCommerce\GoogleListingsAndAds\Product\WCProductAdapter::map_product_categories Product category (ID: 717): ["Stainless Steel Water Bottle","Water Bottles"].
2025-12-26T03:13:07+00:00 DEBUG Automattic\WooCommerce\GoogleListingsAndAds\Product\WCProductAdapter::map_product_categories Product category (ID: 724): ["Home Lifestyle Gifts","Home Appliances"].
2025-12-26T03:13:07+00:00 DEBUG Automattic\WooCommerce\GoogleListingsAndAds\Product\WCProductAdapter::map_product_categories Product category (ID: 822): ["Home Lifestyle Gifts","Clocks","Desktop Item","Home Decor","Watch and Buy"].
2025-12-26T03:13:07+00:00 DEBUG Automattic\WooCommerce\GoogleListingsAndAds\Product\WCProductAdapter::map_product_categories Product category (ID: 824): ["Home Lifestyle Gifts","Desktop Item","Home Decor","Watch and Buy"].
2025-12-26T03:13:07+00:00 DEBUG Automattic\WooCommerce\GoogleListingsAndAds\Product\WCProductAdapter::map_product_categories Product category (ID: 834): ["Home Lifestyle Gifts","Desktop Item","Home Decor","Watch and Buy"].
2025-12-26T03:13:07+00:00 DEBUG Automattic\WooCommerce\GoogleListingsAndAds\Product\WCProductAdapter::map_product_categories Product category (ID: 841): ["Home Lifestyle Gifts","Home Appliances"].
2025-12-26T03:13:07+00:00 DEBUG Automattic\WooCommerce\GoogleListingsAndAds\Product\WCProductAdapter::map_product_categories Product category (ID: 844): ["Home Lifestyle Gifts","Clocks","Watch and Buy"].
2025-12-26T03:13:07+00:00 DEBUG Automattic\WooCommerce\GoogleListingsAndAds\Product\WCProductAdapter::map_product_categories Product category (ID: 846): ["Home Lifestyle Gifts","Water Bottles"].
2025-12-26T03:13:07+00:00 DEBUG Automattic\WooCommerce\GoogleListingsAndAds\Product\WCProductAdapter::map_product_categories Product category (ID: 980): ["Personalised Gifts","T-shirts"].
2025-12-26T03:13:07+00:00 DEBUG Automattic\WooCommerce\GoogleListingsAndAds\Product\WCProductAdapter::map_product_categories Product category (ID: 983): ["Home Lifestyle Gifts","Home Appliances"].
2025-12-26T03:13:07+00:00 DEBUG Automattic\WooCommerce\GoogleListingsAndAds\Product\WCProductAdapter::map_product_categories Product category (ID: 987): ["Corporate Gift Hampers","Personalised Gifts","Water Bottles"].
2025-12-26T03:13:07+00:00 DEBUG Automattic\WooCommerce\GoogleListingsAndAds\Product\WCProductAdapter::map_product_categories Product category (ID: 989): ["Personalised Gifts"].
2025-12-26T03:13:08+00:00 ERROR Automattic\WooCommerce\GoogleListingsAndAds\Internal\DependencyManagement\GoogleServiceProvider::handle_unauthorized_error Client error: `POST https://api.woocommerce.com/google/google-mc/content/v2.1/products/batch` resulted in a `401 Unauthorized` response:
{"statusCode":401,"error":"Unauthorized","message":"Invalid credentials","attributes":{"error":"Invalid credentials"}}
2025-12-26T03:13:08+00:00 ERROR Automattic\WooCommerce\GoogleListingsAndAds\Product\ProductSyncer::update_by_batch_requests Please reconnect your Jetpack account.
2025-12-26T03:13:08+00:00 DEBUG Automattic\WooCommerce\GoogleListingsAndAds\Product\WCProductAdapter::map_product_categories Product category (ID: 615): ["Festive Seasonal Gifts"].
2025-12-26T03:13:08+00:00 DEBUG Automattic\WooCommerce\GoogleListingsAndAds\Product\WCProductAdapter::map_product_categories Product category (ID: 625): ["Festive Seasonal Gifts"].
2025-12-26T03:13:08+00:00 DEBUG Automattic\WooCommerce\GoogleListingsAndAds\Product\WCProductAdapter::map_product_categories Product category (ID: 627): ["Festive Seasonal Gifts"].
2025-12-26T03:13:08+00:00 DEBUG Automattic\WooCommerce\GoogleListingsAndAds\Product\WCProductAdapter::map_product_categories Product category (ID: 631): ["Festive Seasonal Gifts"].
2025-12-26T03:13:08+00:00 DEBUG Automattic\WooCommerce\GoogleListingsAndAds\Product\WCProductAdapter::map_product_categories Product category (ID: 636): ["Festive Seasonal Gifts","Budget 2000-3000"].
2025-12-26T03:13:08+00:00 DEBUG Automattic\WooCommerce\GoogleListingsAndAds\Product\WCProductAdapter::map_product_categories Product category (ID: 643): ["Festive Seasonal Gifts"].
2025-12-26T03:13:08+00:00 DEBUG Automattic\WooCommerce\GoogleListingsAndAds\Product\WCProductAdapter::map_product_categories Product category (ID: 647): ["Festive Seasonal Gifts"].
2025-12-26T03:13:08+00:00 DEBUG Automattic\WooCommerce\GoogleListingsAndAds\Product\WCProductAdapter::map_product_categories Product category (ID: 654): ["Festive Seasonal Gifts"].
2025-12-26T03:13:08+00:00 DEBUG Automattic\WooCommerce\GoogleListingsAndAds\Product\WCProductAdapter::map_product_categories Product category (ID: 710): ["Home Lifestyle Gifts","Home Appliances","Watch and Buy"].
2025-12-26T03:13:08+00:00 DEBUG Automattic\WooCommerce\GoogleListingsAndAds\Product\WCProductAdapter::map_product_categories Product category (ID: 712): ["Home Lifestyle Gifts","Desktop Item","Home Decor"].
2025-12-26T03:13:08+00:00 DEBUG Automattic\WooCommerce\GoogleListingsAndAds\Product\WCProductAdapter::map_product_categories Product category (ID: 717): ["Stainless Steel Water Bottle","Water Bottles"].
2025-12-26T03:13:08+00:00 DEBUG Automattic\WooCommerce\GoogleListingsAndAds\Product\WCProductAdapter::map_product_categories Product category (ID: 724): ["Home Lifestyle Gifts","Home Appliances"].
2025-12-26T03:13:08+00:00 DEBUG Automattic\WooCommerce\GoogleListingsAndAds\Product\WCProductAdapter::map_product_categories Product category (ID: 822): ["Home Lifestyle Gifts","Clocks","Desktop Item","Home Decor","Watch and Buy"].
2025-12-26T03:13:08+00:00 DEBUG Automattic\WooCommerce\GoogleListingsAndAds\Product\WCProductAdapter::map_product_categories Product category (ID: 824): ["Home Lifestyle Gifts","Desktop Item","Home Decor","Watch and Buy"].
2025-12-26T03:13:08+00:00 DEBUG Automattic\WooCommerce\GoogleListingsAndAds\Product\WCProductAdapter::map_product_categories Product category (ID: 834): ["Home Lifestyle Gifts","Desktop Item","Home Decor","Watch and Buy"].
2025-12-26T03:13:08+00:00 DEBUG Automattic\WooCommerce\GoogleListingsAndAds\Product\WCProductAdapter::map_product_categories Product category (ID: 841): ["Home Lifestyle Gifts","Home Appliances"].
2025-12-26T03:13:08+00:00 DEBUG Automattic\WooCommerce\GoogleListingsAndAds\Product\WCProductAdapter::map_product_categories Product category (ID: 844): ["Home Lifestyle Gifts","Clocks","Watch and Buy"].
2025-12-26T03:13:08+00:00 DEBUG Automattic\WooCommerce\GoogleListingsAndAds\Product\WCProductAdapter::map_product_categories Product category (ID: 846): ["Home Lifestyle Gifts","Water Bottles"].
2025-12-26T03:13:08+00:00 DEBUG Automattic\WooCommerce\GoogleListingsAndAds\Product\WCProductAdapter::map_product_categories Product category (ID: 980): ["Personalised Gifts","T-shirts"].
2025-12-26T03:13:08+00:00 DEBUG Automattic\WooCommerce\GoogleListingsAndAds\Product\WCProductAdapter::map_product_categories Product category (ID: 983): ["Home Lifestyle Gifts","Home Appliances"].
2025-12-26T03:13:08+00:00 DEBUG Automattic\WooCommerce\GoogleListingsAndAds\Product\WCProductAdapter::map_product_categories Product category (ID: 987): ["Corporate Gift Hampers","Personalised Gifts","Water Bottles"].
2025-12-26T03:13:08+00:00 DEBUG Automattic\WooCommerce\GoogleListingsAndAds\Product\WCProductAdapter::map_product_categories Product category (ID: 989): ["Personalised Gifts"].
2025-12-26T03:13:09+00:00 ERROR Automattic\WooCommerce\GoogleListingsAndAds\Internal\DependencyManagement\GoogleServiceProvider::handle_unauthorized_error Client error: `POST https://api.woocommerce.com/google/google-mc/content/v2.1/products/batch` resulted in a `401 Unauthorized` response:
{"statusCode":401,"error":"Unauthorized","message":"Invalid credentials","attributes":{"error":"Invalid credentials"}}
2025-12-26T03:13:09+00:00 ERROR Automattic\WooCommerce\GoogleListingsAndAds\Product\ProductSyncer::update_by_batch_requests Please reconnect your Jetpack account.
2025-12-26T05:46:47+00:00 ERROR Automattic\WooCommerce\GoogleListingsAndAds\Internal\DependencyManagement\GoogleServiceProvider::handle_unauthorized_error Client error: `GET https://api.woocommerce.com/google/google-mc/content/v2.1/5564815060/accountstatuses/5564815060` resulted in a `401 Unauthorized` response:
{"statusCode":401,"error":"Unauthorized","message":"Invalid credentials","attributes":{"error":"Invalid credentials"}}
2025-12-26T05:46:48+00:00 ERROR Automattic\WooCommerce\GoogleListingsAndAds\Internal\DependencyManagement\GoogleServiceProvider::handle_unauthorized_error Client error: `GET https://api.woocommerce.com/google/google-mc/content/v2.1/5564815060/accountstatuses/5564815060` resulted in a `401 Unauthorized` response:
{"statusCode":401,"error":"Unauthorized","message":"Invalid credentials","attributes":{"error":"Invalid credentials"}}
2025-12-26T05:46:48+00:00 ERROR Automattic\WooCommerce\GoogleListingsAndAds\Internal\DependencyManagement\GoogleServiceProvider::handle_unauthorized_error Client error: `GET https://api.woocommerce.com/google/google-mc/content/v2.1/5564815060/accountstatuses/5564815060` resulted in a `401 Unauthorized` response:
{"statusCode":401,"error":"Unauthorized","message":"Invalid credentials","attributes":{"error":"Invalid credentials"}}
2025-12-26T05:46:48+00:00 ERROR Automattic\WooCommerce\GoogleListingsAndAds\Internal\DependencyManagement\GoogleServiceProvider::handle_unauthorized_error Client error: `GET https://api.woocommerce.com/google/google-mc/content/v2.1/5564815060/accountstatuses/5564815060` resulted in a `401 Unauthorized` response:
{"statusCode":401,"error":"Unauthorized","message":"Invalid credentials","attributes":{"error":"Invalid credentials"}}
2025-12-26T05:57:39+00:00 ERROR Automattic\WooCommerce\GoogleListingsAndAds\Internal\DependencyManagement\GoogleServiceProvider::handle_unauthorized_error Client error: `POST https://api.woocommerce.com/google/google-mc/content/v2.1/5564815060/reports/search` resulted in a `401 Unauthorized` response:
{"statusCode":401,"error":"Unauthorized","message":"Invalid credentials","attributes":{"error":"Invalid credentials"}}
2025-12-26T05:57:39+00:00 DEBUG Automattic\WooCommerce\GoogleListingsAndAds\MerchantCenter\PriceBenchmarks::update_price_benchmarks Please reconnect your Jetpack account.
2025-12-26T18:03:05+00:00 ERROR Automattic\WooCommerce\GoogleListingsAndAds\Internal\DependencyManagement\GoogleServiceProvider::handle_unauthorized_error Client error: `POST https://api.woocommerce.com/google/google-mc/content/v2.1/5564815060/reports/search` resulted in a `401 Unauthorized` response:
{"statusCode":401,"error":"Unauthorized","message":"Invalid credentials","attributes":{"error":"Invalid credentials"}}
2025-12-26T18:03:05+00:00 DEBUG Automattic\WooCommerce\GoogleListingsAndAds\MerchantCenter\PriceBenchmarks::update_price_benchmarks Please reconnect your Jetpack account.
