2026-01-04T09:51:02+00:00 DEBUG Automattic\WooCommerce\GoogleListingsAndAds\MerchantCenter\MerchantStatuses::process_product_statuses Merchant Center product 9223372036854775807 not found in this WooCommerce store.
2026-01-04T09:51:02+00:00 DEBUG Automattic\WooCommerce\GoogleListingsAndAds\MerchantCenter\MerchantStatuses::process_product_statuses Merchant Center product 841895716812048429 not found in this WooCommerce store.
2026-01-04T09:51:02+00:00 DEBUG Automattic\WooCommerce\GoogleListingsAndAds\MerchantCenter\MerchantStatuses::process_product_statuses Merchant Center product 160 not found in this WooCommerce store.
2026-01-04T09:51:02+00:00 DEBUG Automattic\WooCommerce\GoogleListingsAndAds\MerchantCenter\MerchantStatuses::process_product_statuses Merchant Center product 237 not found in this WooCommerce store.
2026-01-04T09:51:02+00:00 DEBUG Automattic\WooCommerce\GoogleListingsAndAds\MerchantCenter\MerchantStatuses::process_product_statuses Merchant Center product 429 not found in this WooCommerce store.
2026-01-04T09:51:02+00:00 DEBUG Automattic\WooCommerce\GoogleListingsAndAds\MerchantCenter\MerchantStatuses::process_product_statuses Merchant Center product 560 not found in this WooCommerce store.
2026-01-04T09:51:02+00:00 DEBUG Automattic\WooCommerce\GoogleListingsAndAds\MerchantCenter\MerchantStatuses::process_product_statuses Merchant Center product 575 not found in this WooCommerce store.
2026-01-04T09:51:02+00:00 DEBUG Automattic\WooCommerce\GoogleListingsAndAds\MerchantCenter\MerchantStatuses::process_product_statuses Merchant Center product 618 not found in this WooCommerce store.
2026-01-04T09:51:02+00:00 DEBUG Automattic\WooCommerce\GoogleListingsAndAds\MerchantCenter\MerchantStatuses::process_product_statuses Merchant Center product 623 not found in this WooCommerce store.
2026-01-04T09:51:02+00:00 DEBUG Automattic\WooCommerce\GoogleListingsAndAds\MerchantCenter\MerchantStatuses::process_product_statuses Merchant Center product 629 not found in this WooCommerce store.
2026-01-04T09:51:02+00:00 DEBUG Automattic\WooCommerce\GoogleListingsAndAds\MerchantCenter\MerchantStatuses::process_product_statuses Merchant Center product 633 not found in this WooCommerce store.
2026-01-04T09:51:02+00:00 DEBUG Automattic\WooCommerce\GoogleListingsAndAds\MerchantCenter\MerchantStatuses::process_product_statuses Merchant Center product 645 not found in this WooCommerce store.
2026-01-04T09:51:02+00:00 DEBUG Automattic\WooCommerce\GoogleListingsAndAds\MerchantCenter\MerchantStatuses::process_product_statuses Merchant Center product 649 not found in this WooCommerce store.
2026-01-04T09:51:02+00:00 DEBUG Automattic\WooCommerce\GoogleListingsAndAds\MerchantCenter\MerchantStatuses::process_product_statuses Merchant Center product 656 not found in this WooCommerce store.
2026-01-04T09:51:02+00:00 DEBUG Automattic\WooCommerce\GoogleListingsAndAds\MerchantCenter\MerchantStatuses::get_product_issues in remove_invalid_statuses() Merchant Center product online:en:IN:17235537814922907569 not found in this WooCommerce store.
2026-01-04T09:51:02+00:00 DEBUG Automattic\WooCommerce\GoogleListingsAndAds\MerchantCenter\MerchantStatuses::get_product_issues in remove_invalid_statuses() Merchant Center product online:en:IN:841895716812048429 not found in this WooCommerce store.
2026-01-04T09:51:02+00:00 DEBUG Automattic\WooCommerce\GoogleListingsAndAds\MerchantCenter\MerchantStatuses::get_product_issues in remove_invalid_statuses() Merchant Center product online:en:IN:gla_160 not found in this WooCommerce store.
2026-01-04T09:51:02+00:00 DEBUG Automattic\WooCommerce\GoogleListingsAndAds\MerchantCenter\MerchantStatuses::get_product_issues in remove_invalid_statuses() Merchant Center product online:en:IN:gla_237 not found in this WooCommerce store.
2026-01-04T09:51:02+00:00 DEBUG Automattic\WooCommerce\GoogleListingsAndAds\MerchantCenter\MerchantStatuses::get_product_issues in remove_invalid_statuses() Merchant Center product online:en:IN:gla_429 not found in this WooCommerce store.
2026-01-04T09:51:02+00:00 DEBUG Automattic\WooCommerce\GoogleListingsAndAds\MerchantCenter\MerchantStatuses::get_product_issues in remove_invalid_statuses() Merchant Center product online:en:IN:gla_560 not found in this WooCommerce store.
2026-01-04T09:51:02+00:00 DEBUG Automattic\WooCommerce\GoogleListingsAndAds\MerchantCenter\MerchantStatuses::get_product_issues in remove_invalid_statuses() Merchant Center product online:en:IN:gla_575 not found in this WooCommerce store.
2026-01-04T09:51:02+00:00 DEBUG Automattic\WooCommerce\GoogleListingsAndAds\MerchantCenter\MerchantStatuses::get_product_issues in remove_invalid_statuses() Merchant Center product online:en:IN:gla_618 not found in this WooCommerce store.
2026-01-04T09:51:02+00:00 DEBUG Automattic\WooCommerce\GoogleListingsAndAds\MerchantCenter\MerchantStatuses::get_product_issues in remove_invalid_statuses() Merchant Center product online:en:IN:gla_623 not found in this WooCommerce store.
2026-01-04T09:51:02+00:00 DEBUG Automattic\WooCommerce\GoogleListingsAndAds\MerchantCenter\MerchantStatuses::get_product_issues in remove_invalid_statuses() Merchant Center product online:en:IN:gla_629 not found in this WooCommerce store.
2026-01-04T09:51:02+00:00 DEBUG Automattic\WooCommerce\GoogleListingsAndAds\MerchantCenter\MerchantStatuses::get_product_issues in remove_invalid_statuses() Merchant Center product online:en:IN:gla_633 not found in this WooCommerce store.
2026-01-04T09:51:02+00:00 DEBUG Automattic\WooCommerce\GoogleListingsAndAds\MerchantCenter\MerchantStatuses::get_product_issues in remove_invalid_statuses() Merchant Center product online:en:IN:gla_645 not found in this WooCommerce store.
2026-01-04T09:51:02+00:00 DEBUG Automattic\WooCommerce\GoogleListingsAndAds\MerchantCenter\MerchantStatuses::get_product_issues in remove_invalid_statuses() Merchant Center product online:en:IN:gla_649 not found in this WooCommerce store.
2026-01-04T09:51:02+00:00 DEBUG Automattic\WooCommerce\GoogleListingsAndAds\MerchantCenter\MerchantStatuses::get_product_issues in remove_invalid_statuses() Merchant Center product online:en:IN:gla_656 not found in this WooCommerce store.
2026-01-04T09:51:02+00:00 DEBUG Automattic\WooCommerce\GoogleListingsAndAds\Product\WCProductAdapter::map_product_categories Product category (ID: 485): ["Festive Seasonal Gifts","All","Budget 1500-2000"].
2026-01-04T09:51:03+00:00 DEBUG Automattic\WooCommerce\GoogleListingsAndAds\Product\WCProductAdapter::map_product_categories Product category (ID: 493): ["Festive Seasonal Gifts","All","Budget 1500-2000"].
2026-01-04T09:51:03+00:00 DEBUG Automattic\WooCommerce\GoogleListingsAndAds\Product\WCProductAdapter::map_product_categories Product category (ID: 500): ["Festive Seasonal Gifts","All","Budget 1500-2000"].
2026-01-04T09:51:03+00:00 DEBUG Automattic\WooCommerce\GoogleListingsAndAds\Product\WCProductAdapter::map_product_categories Product category (ID: 1118): ["Corporate Gift Hampers","All","Under 500","Watch and Buy"].
2026-01-04T09:51:03+00:00 DEBUG Automattic\WooCommerce\GoogleListingsAndAds\Product\WCProductAdapter::map_product_categories Product category (ID: 1132): ["Corporate Gift Hampers","All","under-1000","Watch and Buy"].
2026-01-04T09:51:04+00:00 DEBUG Automattic\WooCommerce\GoogleListingsAndAds\Product\ProductSyncer::update_by_batch_requests Submitted 5 products:
[{"woocommerce_id":485,"google_id":"online:en:IN:gla_485"},{"woocommerce_id":493,"google_id":"online:en:IN:gla_493"},{"woocommerce_id":500,"google_id":"online:en:IN:gla_500"},{"woocommerce_id":1118,"google_id":"online:en:IN:gla_1118"},{"woocommerce_id":1132,"google_id":"online:en:IN:gla_1132"}]
