2025-12-30T02:06:23+00:00 ERROR Automattic\WooCommerce\GoogleListingsAndAds\Internal\DependencyManagement\GoogleServiceProvider::handle_unauthorized_error Client error: `POST https://api.woocommerce.com/google/google-mc/content/v2.1/5564815060/reports/search` resulted in a `401 Unauthorized` response:
{"statusCode":401,"error":"Unauthorized","message":"Invalid credentials","attributes":{"error":"Invalid credentials"}}
2025-12-30T02:06:23+00:00 DEBUG Automattic\WooCommerce\GoogleListingsAndAds\MerchantCenter\PriceBenchmarks::update_price_benchmarks Please reconnect your Jetpack account.
2025-12-30T03:05:04+00:00 DEBUG Automattic\WooCommerce\GoogleListingsAndAds\Product\WCProductAdapter::map_product_categories Product category (ID: 557): ["Corporate Gift Hampers","2 in 1 Gift Sets","Office Diary","Pens"].
2025-12-30T03:05:04+00:00 DEBUG Automattic\WooCommerce\GoogleListingsAndAds\Product\WCProductAdapter::map_product_categories Product category (ID: 567): ["Home Lifestyle Gifts"].
2025-12-30T03:05:04+00:00 DEBUG Automattic\WooCommerce\GoogleListingsAndAds\Product\WCProductAdapter::map_product_categories Product category (ID: 615): ["Festive Seasonal Gifts"].
2025-12-30T03:05:04+00:00 DEBUG Automattic\WooCommerce\GoogleListingsAndAds\Product\WCProductAdapter::map_product_categories Product category (ID: 625): ["Festive Seasonal Gifts"].
2025-12-30T03:05:04+00:00 DEBUG Automattic\WooCommerce\GoogleListingsAndAds\Product\WCProductAdapter::map_product_categories Product category (ID: 627): ["Festive Seasonal Gifts"].
2025-12-30T03:05:04+00:00 DEBUG Automattic\WooCommerce\GoogleListingsAndAds\Product\WCProductAdapter::map_product_categories Product category (ID: 631): ["Festive Seasonal Gifts"].
2025-12-30T03:05:04+00:00 DEBUG Automattic\WooCommerce\GoogleListingsAndAds\Product\WCProductAdapter::map_product_categories Product category (ID: 636): ["Festive Seasonal Gifts","Budget 2000-3000"].
2025-12-30T03:05:04+00:00 DEBUG Automattic\WooCommerce\GoogleListingsAndAds\Product\WCProductAdapter::map_product_categories Product category (ID: 643): ["Festive Seasonal Gifts"].
2025-12-30T03:05:04+00:00 DEBUG Automattic\WooCommerce\GoogleListingsAndAds\Product\WCProductAdapter::map_product_categories Product category (ID: 647): ["Festive Seasonal Gifts"].
2025-12-30T03:05:04+00:00 DEBUG Automattic\WooCommerce\GoogleListingsAndAds\Product\WCProductAdapter::map_product_categories Product category (ID: 654): ["Festive Seasonal Gifts"].
2025-12-30T03:05:04+00:00 DEBUG Automattic\WooCommerce\GoogleListingsAndAds\Product\WCProductAdapter::map_product_categories Product category (ID: 671): ["Home Lifestyle Gifts","Stainless Steel Water Bottle","Water Bottles"].
2025-12-30T03:05:04+00:00 DEBUG Automattic\WooCommerce\GoogleListingsAndAds\Product\WCProductAdapter::map_product_categories Product category (ID: 673): ["Home Lifestyle Gifts","Stainless Steel Water Bottle","Water Bottles"].
2025-12-30T03:05:04+00:00 DEBUG Automattic\WooCommerce\GoogleListingsAndAds\Product\WCProductAdapter::map_product_categories Product category (ID: 676): ["Home Lifestyle Gifts","Stainless Steel Water Bottle","Water Bottles"].
2025-12-30T03:05:04+00:00 DEBUG Automattic\WooCommerce\GoogleListingsAndAds\Product\WCProductAdapter::map_product_categories Product category (ID: 678): ["Home Lifestyle Gifts","Home Appliances"].
2025-12-30T03:05:04+00:00 DEBUG Automattic\WooCommerce\GoogleListingsAndAds\Product\WCProductAdapter::map_product_categories Product category (ID: 680): ["Home Lifestyle Gifts","Home Appliances"].
2025-12-30T03:05:04+00:00 DEBUG Automattic\WooCommerce\GoogleListingsAndAds\Product\WCProductAdapter::map_product_categories Product category (ID: 682): ["Home Lifestyle Gifts","Home Appliances"].
2025-12-30T03:05:04+00:00 DEBUG Automattic\WooCommerce\GoogleListingsAndAds\Product\WCProductAdapter::map_product_categories Product category (ID: 684): ["Home Lifestyle Gifts","Stainless Steel Water Bottle","Water Bottles"].
2025-12-30T03:05:04+00:00 DEBUG Automattic\WooCommerce\GoogleListingsAndAds\Product\WCProductAdapter::map_product_categories Product category (ID: 700): ["Home Lifestyle Gifts","Home Appliances"].
2025-12-30T03:05:04+00:00 DEBUG Automattic\WooCommerce\GoogleListingsAndAds\Product\WCProductAdapter::map_product_categories Product category (ID: 710): ["Home Lifestyle Gifts","Home Appliances","Watch and Buy"].
2025-12-30T03:05:04+00:00 DEBUG Automattic\WooCommerce\GoogleListingsAndAds\Product\WCProductAdapter::map_product_categories Product category (ID: 712): ["Home Lifestyle Gifts","Desktop Item","Home Decor"].
2025-12-30T03:05:04+00:00 DEBUG Automattic\WooCommerce\GoogleListingsAndAds\Product\WCProductAdapter::map_product_categories Product category (ID: 717): ["Stainless Steel Water Bottle","Water Bottles"].
2025-12-30T03:05:04+00:00 DEBUG Automattic\WooCommerce\GoogleListingsAndAds\Product\WCProductAdapter::map_product_categories Product category (ID: 724): ["Home Lifestyle Gifts","Home Appliances"].
2025-12-30T03:05:04+00:00 DEBUG Automattic\WooCommerce\GoogleListingsAndAds\Product\WCProductAdapter::map_product_categories Product category (ID: 822): ["Home Lifestyle Gifts","Clocks","Desktop Item","Home Decor","Watch and Buy"].
2025-12-30T03:05:04+00:00 DEBUG Automattic\WooCommerce\GoogleListingsAndAds\Product\WCProductAdapter::map_product_categories Product category (ID: 824): ["Home Lifestyle Gifts","Desktop Item","Home Decor","Watch and Buy"].
2025-12-30T03:05:04+00:00 DEBUG Automattic\WooCommerce\GoogleListingsAndAds\Product\WCProductAdapter::map_product_categories Product category (ID: 834): ["Home Lifestyle Gifts","Desktop Item","Home Decor","Watch and Buy"].
2025-12-30T03:05:04+00:00 DEBUG Automattic\WooCommerce\GoogleListingsAndAds\Product\WCProductAdapter::map_product_categories Product category (ID: 841): ["Home Lifestyle Gifts","Home Appliances"].
2025-12-30T03:05:04+00:00 DEBUG Automattic\WooCommerce\GoogleListingsAndAds\Product\WCProductAdapter::map_product_categories Product category (ID: 844): ["Home Lifestyle Gifts","Clocks","Watch and Buy"].
2025-12-30T03:05:04+00:00 DEBUG Automattic\WooCommerce\GoogleListingsAndAds\Product\WCProductAdapter::map_product_categories Product category (ID: 846): ["Home Lifestyle Gifts","Water Bottles"].
2025-12-30T03:05:04+00:00 DEBUG Automattic\WooCommerce\GoogleListingsAndAds\Product\WCProductAdapter::map_product_categories Product category (ID: 980): ["Personalised Gifts","T-shirts"].
2025-12-30T03:05:04+00:00 DEBUG Automattic\WooCommerce\GoogleListingsAndAds\Product\WCProductAdapter::map_product_categories Product category (ID: 983): ["Home Lifestyle Gifts","Home Appliances"].
2025-12-30T03:05:04+00:00 DEBUG Automattic\WooCommerce\GoogleListingsAndAds\Product\WCProductAdapter::map_product_categories Product category (ID: 985): ["Corporate Gift Hampers","Personalised Gifts"].
2025-12-30T03:05:04+00:00 DEBUG Automattic\WooCommerce\GoogleListingsAndAds\Product\WCProductAdapter::map_product_categories Product category (ID: 987): ["Corporate Gift Hampers","Personalised Gifts","Water Bottles"].
2025-12-30T03:05:04+00:00 DEBUG Automattic\WooCommerce\GoogleListingsAndAds\Product\WCProductAdapter::map_product_categories Product category (ID: 989): ["Personalised Gifts"].
2025-12-30T03:05:04+00:00 DEBUG Automattic\WooCommerce\GoogleListingsAndAds\Product\WCProductAdapter::map_product_categories Product category (ID: 1133): ["Corporate Gift Hampers","Water Bottles"].
2025-12-30T03:05:04+00:00 DEBUG Automattic\WooCommerce\GoogleListingsAndAds\Product\WCProductAdapter::map_product_categories Product category (ID: 1135): ["Corporate Gift Hampers","Home Appliances","Home Lifestyle Gifts"].
2025-12-30T03:05:06+00:00 ERROR Automattic\WooCommerce\GoogleListingsAndAds\Internal\DependencyManagement\GoogleServiceProvider::handle_unauthorized_error Client error: `POST https://api.woocommerce.com/google/google-mc/content/v2.1/products/batch` resulted in a `401 Unauthorized` response:
{"statusCode":401,"error":"Unauthorized","message":"Invalid credentials","attributes":{"error":"Invalid credentials"}}
2025-12-30T03:05:06+00:00 ERROR Automattic\WooCommerce\GoogleListingsAndAds\Product\ProductSyncer::update_by_batch_requests Please reconnect your Jetpack account.
2025-12-30T03:05:06+00:00 DEBUG Automattic\WooCommerce\GoogleListingsAndAds\Product\WCProductAdapter::map_product_categories Product category (ID: 557): ["Corporate Gift Hampers","2 in 1 Gift Sets","Office Diary","Pens"].
2025-12-30T03:05:06+00:00 DEBUG Automattic\WooCommerce\GoogleListingsAndAds\Product\WCProductAdapter::map_product_categories Product category (ID: 567): ["Home Lifestyle Gifts"].
2025-12-30T03:05:06+00:00 DEBUG Automattic\WooCommerce\GoogleListingsAndAds\Product\WCProductAdapter::map_product_categories Product category (ID: 615): ["Festive Seasonal Gifts"].
2025-12-30T03:05:06+00:00 DEBUG Automattic\WooCommerce\GoogleListingsAndAds\Product\WCProductAdapter::map_product_categories Product category (ID: 625): ["Festive Seasonal Gifts"].
2025-12-30T03:05:06+00:00 DEBUG Automattic\WooCommerce\GoogleListingsAndAds\Product\WCProductAdapter::map_product_categories Product category (ID: 627): ["Festive Seasonal Gifts"].
2025-12-30T03:05:06+00:00 DEBUG Automattic\WooCommerce\GoogleListingsAndAds\Product\WCProductAdapter::map_product_categories Product category (ID: 631): ["Festive Seasonal Gifts"].
2025-12-30T03:05:06+00:00 DEBUG Automattic\WooCommerce\GoogleListingsAndAds\Product\WCProductAdapter::map_product_categories Product category (ID: 636): ["Festive Seasonal Gifts","Budget 2000-3000"].
2025-12-30T03:05:06+00:00 DEBUG Automattic\WooCommerce\GoogleListingsAndAds\Product\WCProductAdapter::map_product_categories Product category (ID: 643): ["Festive Seasonal Gifts"].
2025-12-30T03:05:06+00:00 DEBUG Automattic\WooCommerce\GoogleListingsAndAds\Product\WCProductAdapter::map_product_categories Product category (ID: 647): ["Festive Seasonal Gifts"].
2025-12-30T03:05:06+00:00 DEBUG Automattic\WooCommerce\GoogleListingsAndAds\Product\WCProductAdapter::map_product_categories Product category (ID: 654): ["Festive Seasonal Gifts"].
2025-12-30T03:05:06+00:00 DEBUG Automattic\WooCommerce\GoogleListingsAndAds\Product\WCProductAdapter::map_product_categories Product category (ID: 671): ["Home Lifestyle Gifts","Stainless Steel Water Bottle","Water Bottles"].
2025-12-30T03:05:06+00:00 DEBUG Automattic\WooCommerce\GoogleListingsAndAds\Product\WCProductAdapter::map_product_categories Product category (ID: 673): ["Home Lifestyle Gifts","Stainless Steel Water Bottle","Water Bottles"].
2025-12-30T03:05:06+00:00 DEBUG Automattic\WooCommerce\GoogleListingsAndAds\Product\WCProductAdapter::map_product_categories Product category (ID: 676): ["Home Lifestyle Gifts","Stainless Steel Water Bottle","Water Bottles"].
2025-12-30T03:05:06+00:00 DEBUG Automattic\WooCommerce\GoogleListingsAndAds\Product\WCProductAdapter::map_product_categories Product category (ID: 678): ["Home Lifestyle Gifts","Home Appliances"].
2025-12-30T03:05:06+00:00 DEBUG Automattic\WooCommerce\GoogleListingsAndAds\Product\WCProductAdapter::map_product_categories Product category (ID: 680): ["Home Lifestyle Gifts","Home Appliances"].
2025-12-30T03:05:06+00:00 DEBUG Automattic\WooCommerce\GoogleListingsAndAds\Product\WCProductAdapter::map_product_categories Product category (ID: 682): ["Home Lifestyle Gifts","Home Appliances"].
2025-12-30T03:05:06+00:00 DEBUG Automattic\WooCommerce\GoogleListingsAndAds\Product\WCProductAdapter::map_product_categories Product category (ID: 684): ["Home Lifestyle Gifts","Stainless Steel Water Bottle","Water Bottles"].
2025-12-30T03:05:06+00:00 DEBUG Automattic\WooCommerce\GoogleListingsAndAds\Product\WCProductAdapter::map_product_categories Product category (ID: 700): ["Home Lifestyle Gifts","Home Appliances"].
2025-12-30T03:05:06+00:00 DEBUG Automattic\WooCommerce\GoogleListingsAndAds\Product\WCProductAdapter::map_product_categories Product category (ID: 710): ["Home Lifestyle Gifts","Home Appliances","Watch and Buy"].
2025-12-30T03:05:06+00:00 DEBUG Automattic\WooCommerce\GoogleListingsAndAds\Product\WCProductAdapter::map_product_categories Product category (ID: 712): ["Home Lifestyle Gifts","Desktop Item","Home Decor"].
2025-12-30T03:05:06+00:00 DEBUG Automattic\WooCommerce\GoogleListingsAndAds\Product\WCProductAdapter::map_product_categories Product category (ID: 717): ["Stainless Steel Water Bottle","Water Bottles"].
2025-12-30T03:05:06+00:00 DEBUG Automattic\WooCommerce\GoogleListingsAndAds\Product\WCProductAdapter::map_product_categories Product category (ID: 724): ["Home Lifestyle Gifts","Home Appliances"].
2025-12-30T03:05:06+00:00 DEBUG Automattic\WooCommerce\GoogleListingsAndAds\Product\WCProductAdapter::map_product_categories Product category (ID: 822): ["Home Lifestyle Gifts","Clocks","Desktop Item","Home Decor","Watch and Buy"].
2025-12-30T03:05:06+00:00 DEBUG Automattic\WooCommerce\GoogleListingsAndAds\Product\WCProductAdapter::map_product_categories Product category (ID: 824): ["Home Lifestyle Gifts","Desktop Item","Home Decor","Watch and Buy"].
2025-12-30T03:05:06+00:00 DEBUG Automattic\WooCommerce\GoogleListingsAndAds\Product\WCProductAdapter::map_product_categories Product category (ID: 834): ["Home Lifestyle Gifts","Desktop Item","Home Decor","Watch and Buy"].
2025-12-30T03:05:06+00:00 DEBUG Automattic\WooCommerce\GoogleListingsAndAds\Product\WCProductAdapter::map_product_categories Product category (ID: 841): ["Home Lifestyle Gifts","Home Appliances"].
2025-12-30T03:05:06+00:00 DEBUG Automattic\WooCommerce\GoogleListingsAndAds\Product\WCProductAdapter::map_product_categories Product category (ID: 844): ["Home Lifestyle Gifts","Clocks","Watch and Buy"].
2025-12-30T03:05:06+00:00 DEBUG Automattic\WooCommerce\GoogleListingsAndAds\Product\WCProductAdapter::map_product_categories Product category (ID: 846): ["Home Lifestyle Gifts","Water Bottles"].
2025-12-30T03:05:06+00:00 DEBUG Automattic\WooCommerce\GoogleListingsAndAds\Product\WCProductAdapter::map_product_categories Product category (ID: 980): ["Personalised Gifts","T-shirts"].
2025-12-30T03:05:06+00:00 DEBUG Automattic\WooCommerce\GoogleListingsAndAds\Product\WCProductAdapter::map_product_categories Product category (ID: 983): ["Home Lifestyle Gifts","Home Appliances"].
2025-12-30T03:05:06+00:00 DEBUG Automattic\WooCommerce\GoogleListingsAndAds\Product\WCProductAdapter::map_product_categories Product category (ID: 985): ["Corporate Gift Hampers","Personalised Gifts"].
2025-12-30T03:05:06+00:00 DEBUG Automattic\WooCommerce\GoogleListingsAndAds\Product\WCProductAdapter::map_product_categories Product category (ID: 987): ["Corporate Gift Hampers","Personalised Gifts","Water Bottles"].
2025-12-30T03:05:06+00:00 DEBUG Automattic\WooCommerce\GoogleListingsAndAds\Product\WCProductAdapter::map_product_categories Product category (ID: 989): ["Personalised Gifts"].
2025-12-30T03:05:06+00:00 DEBUG Automattic\WooCommerce\GoogleListingsAndAds\Product\WCProductAdapter::map_product_categories Product category (ID: 1133): ["Corporate Gift Hampers","Water Bottles"].
2025-12-30T03:05:06+00:00 DEBUG Automattic\WooCommerce\GoogleListingsAndAds\Product\WCProductAdapter::map_product_categories Product category (ID: 1135): ["Corporate Gift Hampers","Home Appliances","Home Lifestyle Gifts"].
2025-12-30T03:05:07+00:00 ERROR Automattic\WooCommerce\GoogleListingsAndAds\Internal\DependencyManagement\GoogleServiceProvider::handle_unauthorized_error Client error: `POST https://api.woocommerce.com/google/google-mc/content/v2.1/products/batch` resulted in a `401 Unauthorized` response:
{"statusCode":401,"error":"Unauthorized","message":"Invalid credentials","attributes":{"error":"Invalid credentials"}}
2025-12-30T03:05:07+00:00 ERROR Automattic\WooCommerce\GoogleListingsAndAds\Product\ProductSyncer::update_by_batch_requests Please reconnect your Jetpack account.
2025-12-30T03:05:07+00:00 DEBUG Automattic\WooCommerce\GoogleListingsAndAds\Product\WCProductAdapter::map_product_categories Product category (ID: 557): ["Corporate Gift Hampers","2 in 1 Gift Sets","Office Diary","Pens"].
2025-12-30T03:05:07+00:00 DEBUG Automattic\WooCommerce\GoogleListingsAndAds\Product\WCProductAdapter::map_product_categories Product category (ID: 567): ["Home Lifestyle Gifts"].
2025-12-30T03:05:07+00:00 DEBUG Automattic\WooCommerce\GoogleListingsAndAds\Product\WCProductAdapter::map_product_categories Product category (ID: 615): ["Festive Seasonal Gifts"].
2025-12-30T03:05:07+00:00 DEBUG Automattic\WooCommerce\GoogleListingsAndAds\Product\WCProductAdapter::map_product_categories Product category (ID: 625): ["Festive Seasonal Gifts"].
2025-12-30T03:05:07+00:00 DEBUG Automattic\WooCommerce\GoogleListingsAndAds\Product\WCProductAdapter::map_product_categories Product category (ID: 627): ["Festive Seasonal Gifts"].
2025-12-30T03:05:07+00:00 DEBUG Automattic\WooCommerce\GoogleListingsAndAds\Product\WCProductAdapter::map_product_categories Product category (ID: 631): ["Festive Seasonal Gifts"].
2025-12-30T03:05:07+00:00 DEBUG Automattic\WooCommerce\GoogleListingsAndAds\Product\WCProductAdapter::map_product_categories Product category (ID: 636): ["Festive Seasonal Gifts","Budget 2000-3000"].
2025-12-30T03:05:07+00:00 DEBUG Automattic\WooCommerce\GoogleListingsAndAds\Product\WCProductAdapter::map_product_categories Product category (ID: 643): ["Festive Seasonal Gifts"].
2025-12-30T03:05:07+00:00 DEBUG Automattic\WooCommerce\GoogleListingsAndAds\Product\WCProductAdapter::map_product_categories Product category (ID: 647): ["Festive Seasonal Gifts"].
2025-12-30T03:05:07+00:00 DEBUG Automattic\WooCommerce\GoogleListingsAndAds\Product\WCProductAdapter::map_product_categories Product category (ID: 654): ["Festive Seasonal Gifts"].
2025-12-30T03:05:07+00:00 DEBUG Automattic\WooCommerce\GoogleListingsAndAds\Product\WCProductAdapter::map_product_categories Product category (ID: 671): ["Home Lifestyle Gifts","Stainless Steel Water Bottle","Water Bottles"].
2025-12-30T03:05:07+00:00 DEBUG Automattic\WooCommerce\GoogleListingsAndAds\Product\WCProductAdapter::map_product_categories Product category (ID: 673): ["Home Lifestyle Gifts","Stainless Steel Water Bottle","Water Bottles"].
2025-12-30T03:05:07+00:00 DEBUG Automattic\WooCommerce\GoogleListingsAndAds\Product\WCProductAdapter::map_product_categories Product category (ID: 676): ["Home Lifestyle Gifts","Stainless Steel Water Bottle","Water Bottles"].
2025-12-30T03:05:07+00:00 DEBUG Automattic\WooCommerce\GoogleListingsAndAds\Product\WCProductAdapter::map_product_categories Product category (ID: 678): ["Home Lifestyle Gifts","Home Appliances"].
2025-12-30T03:05:07+00:00 DEBUG Automattic\WooCommerce\GoogleListingsAndAds\Product\WCProductAdapter::map_product_categories Product category (ID: 680): ["Home Lifestyle Gifts","Home Appliances"].
2025-12-30T03:05:07+00:00 DEBUG Automattic\WooCommerce\GoogleListingsAndAds\Product\WCProductAdapter::map_product_categories Product category (ID: 682): ["Home Lifestyle Gifts","Home Appliances"].
2025-12-30T03:05:07+00:00 DEBUG Automattic\WooCommerce\GoogleListingsAndAds\Product\WCProductAdapter::map_product_categories Product category (ID: 684): ["Home Lifestyle Gifts","Stainless Steel Water Bottle","Water Bottles"].
2025-12-30T03:05:07+00:00 DEBUG Automattic\WooCommerce\GoogleListingsAndAds\Product\WCProductAdapter::map_product_categories Product category (ID: 700): ["Home Lifestyle Gifts","Home Appliances"].
2025-12-30T03:05:07+00:00 DEBUG Automattic\WooCommerce\GoogleListingsAndAds\Product\WCProductAdapter::map_product_categories Product category (ID: 710): ["Home Lifestyle Gifts","Home Appliances","Watch and Buy"].
2025-12-30T03:05:07+00:00 DEBUG Automattic\WooCommerce\GoogleListingsAndAds\Product\WCProductAdapter::map_product_categories Product category (ID: 712): ["Home Lifestyle Gifts","Desktop Item","Home Decor"].
2025-12-30T03:05:07+00:00 DEBUG Automattic\WooCommerce\GoogleListingsAndAds\Product\WCProductAdapter::map_product_categories Product category (ID: 717): ["Stainless Steel Water Bottle","Water Bottles"].
2025-12-30T03:05:07+00:00 DEBUG Automattic\WooCommerce\GoogleListingsAndAds\Product\WCProductAdapter::map_product_categories Product category (ID: 724): ["Home Lifestyle Gifts","Home Appliances"].
2025-12-30T03:05:07+00:00 DEBUG Automattic\WooCommerce\GoogleListingsAndAds\Product\WCProductAdapter::map_product_categories Product category (ID: 822): ["Home Lifestyle Gifts","Clocks","Desktop Item","Home Decor","Watch and Buy"].
2025-12-30T03:05:07+00:00 DEBUG Automattic\WooCommerce\GoogleListingsAndAds\Product\WCProductAdapter::map_product_categories Product category (ID: 824): ["Home Lifestyle Gifts","Desktop Item","Home Decor","Watch and Buy"].
2025-12-30T03:05:07+00:00 DEBUG Automattic\WooCommerce\GoogleListingsAndAds\Product\WCProductAdapter::map_product_categories Product category (ID: 834): ["Home Lifestyle Gifts","Desktop Item","Home Decor","Watch and Buy"].
2025-12-30T03:05:07+00:00 DEBUG Automattic\WooCommerce\GoogleListingsAndAds\Product\WCProductAdapter::map_product_categories Product category (ID: 841): ["Home Lifestyle Gifts","Home Appliances"].
2025-12-30T03:05:07+00:00 DEBUG Automattic\WooCommerce\GoogleListingsAndAds\Product\WCProductAdapter::map_product_categories Product category (ID: 844): ["Home Lifestyle Gifts","Clocks","Watch and Buy"].
2025-12-30T03:05:07+00:00 DEBUG Automattic\WooCommerce\GoogleListingsAndAds\Product\WCProductAdapter::map_product_categories Product category (ID: 846): ["Home Lifestyle Gifts","Water Bottles"].
2025-12-30T03:05:07+00:00 DEBUG Automattic\WooCommerce\GoogleListingsAndAds\Product\WCProductAdapter::map_product_categories Product category (ID: 980): ["Personalised Gifts","T-shirts"].
2025-12-30T03:05:07+00:00 DEBUG Automattic\WooCommerce\GoogleListingsAndAds\Product\WCProductAdapter::map_product_categories Product category (ID: 983): ["Home Lifestyle Gifts","Home Appliances"].
2025-12-30T03:05:07+00:00 DEBUG Automattic\WooCommerce\GoogleListingsAndAds\Product\WCProductAdapter::map_product_categories Product category (ID: 985): ["Corporate Gift Hampers","Personalised Gifts"].
2025-12-30T03:05:07+00:00 DEBUG Automattic\WooCommerce\GoogleListingsAndAds\Product\WCProductAdapter::map_product_categories Product category (ID: 987): ["Corporate Gift Hampers","Personalised Gifts","Water Bottles"].
2025-12-30T03:05:07+00:00 DEBUG Automattic\WooCommerce\GoogleListingsAndAds\Product\WCProductAdapter::map_product_categories Product category (ID: 989): ["Personalised Gifts"].
2025-12-30T03:05:07+00:00 DEBUG Automattic\WooCommerce\GoogleListingsAndAds\Product\WCProductAdapter::map_product_categories Product category (ID: 1133): ["Corporate Gift Hampers","Water Bottles"].
2025-12-30T03:05:07+00:00 DEBUG Automattic\WooCommerce\GoogleListingsAndAds\Product\WCProductAdapter::map_product_categories Product category (ID: 1135): ["Corporate Gift Hampers","Home Appliances","Home Lifestyle Gifts"].
2025-12-30T03:05:07+00:00 ERROR Automattic\WooCommerce\GoogleListingsAndAds\Internal\DependencyManagement\GoogleServiceProvider::handle_unauthorized_error Client error: `POST https://api.woocommerce.com/google/google-mc/content/v2.1/products/batch` resulted in a `401 Unauthorized` response:
{"statusCode":401,"error":"Unauthorized","message":"Invalid credentials","attributes":{"error":"Invalid credentials"}}
2025-12-30T03:05:07+00:00 ERROR Automattic\WooCommerce\GoogleListingsAndAds\Product\ProductSyncer::update_by_batch_requests Please reconnect your Jetpack account.
2025-12-30T10:10:21+00:00 ERROR Automattic\WooCommerce\GoogleListingsAndAds\Internal\DependencyManagement\GoogleServiceProvider::handle_unauthorized_error Client error: `POST https://api.woocommerce.com/google/google-ads/v20/customers/5649067287/googleAds:search` resulted in a `401 Unauthorized` response:
{"statusCode":401,"error":{"message":"Invalid credentials"},"message":"Invalid credentials","attributes":{"error":"Inval (truncated...)
2025-12-30T10:10:21+00:00 ERROR Automattic\WooCommerce\GoogleListingsAndAds\Internal\DependencyManagement\GoogleServiceProvider::handle_unauthorized_error Client error: `POST https://api.woocommerce.com/google/google-ads/v20/customers/5649067287/googleAds:search` resulted in a `401 Unauthorized` response:
{"statusCode":401,"error":{"message":"Invalid credentials"},"message":"Invalid credentials","attributes":{"error":"Inval (truncated...)
2025-12-30T10:10:21+00:00 DEBUG Automattic\WooCommerce\GoogleListingsAndAds\Ads\AdsRecommendationsService::get_recommendations Please reconnect your Jetpack account.
2025-12-30T10:10:51+00:00 ERROR Automattic\WooCommerce\GoogleListingsAndAds\Internal\DependencyManagement\GoogleServiceProvider::handle_unauthorized_error Client error: `POST https://api.woocommerce.com/google/google-ads/v20/customers/5649067287/googleAds:search` resulted in a `401 Unauthorized` response:
{"statusCode":401,"error":{"message":"Invalid credentials"},"message":"Invalid credentials","attributes":{"error":"Inval (truncated...)
2025-12-30T10:10:52+00:00 ERROR Automattic\WooCommerce\GoogleListingsAndAds\Internal\DependencyManagement\GoogleServiceProvider::handle_unauthorized_error Client error: `POST https://api.woocommerce.com/google/google-ads/v20/customers/5649067287/googleAds:search` resulted in a `401 Unauthorized` response:
{"statusCode":401,"error":{"message":"Invalid credentials"},"message":"Invalid credentials","attributes":{"error":"Inval (truncated...)
2025-12-30T10:10:52+00:00 DEBUG Automattic\WooCommerce\GoogleListingsAndAds\Ads\AdsRecommendationsService::get_recommendations Please reconnect your Jetpack account.
2025-12-30T10:11:23+00:00 ERROR Automattic\WooCommerce\GoogleListingsAndAds\Internal\DependencyManagement\GoogleServiceProvider::handle_unauthorized_error Client error: `POST https://api.woocommerce.com/google/google-ads/v20/customers/5649067287/googleAds:search` resulted in a `401 Unauthorized` response:
{"statusCode":401,"error":{"message":"Invalid credentials"},"message":"Invalid credentials","attributes":{"error":"Inval (truncated...)
2025-12-30T10:11:23+00:00 ERROR Automattic\WooCommerce\GoogleListingsAndAds\Internal\DependencyManagement\GoogleServiceProvider::handle_unauthorized_error Client error: `POST https://api.woocommerce.com/google/google-ads/v20/customers/5649067287/googleAds:search` resulted in a `401 Unauthorized` response:
{"statusCode":401,"error":{"message":"Invalid credentials"},"message":"Invalid credentials","attributes":{"error":"Inval (truncated...)
2025-12-30T10:11:23+00:00 DEBUG Automattic\WooCommerce\GoogleListingsAndAds\Ads\AdsRecommendationsService::get_recommendations Please reconnect your Jetpack account.
2025-12-30T10:11:55+00:00 ERROR Automattic\WooCommerce\GoogleListingsAndAds\Internal\DependencyManagement\GoogleServiceProvider::handle_unauthorized_error Client error: `POST https://api.woocommerce.com/google/google-ads/v20/customers/5649067287/googleAds:search` resulted in a `401 Unauthorized` response:
{"statusCode":401,"error":{"message":"Invalid credentials"},"message":"Invalid credentials","attributes":{"error":"Inval (truncated...)
2025-12-30T10:11:56+00:00 ERROR Automattic\WooCommerce\GoogleListingsAndAds\Internal\DependencyManagement\GoogleServiceProvider::handle_unauthorized_error Client error: `POST https://api.woocommerce.com/google/google-ads/v20/customers/5649067287/googleAds:search` resulted in a `401 Unauthorized` response:
{"statusCode":401,"error":{"message":"Invalid credentials"},"message":"Invalid credentials","attributes":{"error":"Inval (truncated...)
2025-12-30T10:11:56+00:00 DEBUG Automattic\WooCommerce\GoogleListingsAndAds\Ads\AdsRecommendationsService::get_recommendations Please reconnect your Jetpack account.
2025-12-30T10:12:00+00:00 ERROR Automattic\WooCommerce\GoogleListingsAndAds\Internal\DependencyManagement\GoogleServiceProvider::handle_unauthorized_error Client error: `POST https://api.woocommerce.com/google/google-ads/v20/customers/5649067287/googleAds:search` resulted in a `401 Unauthorized` response:
{"statusCode":401,"error":{"message":"Invalid credentials"},"message":"Invalid credentials","attributes":{"error":"Inval (truncated...)
2025-12-30T10:12:01+00:00 ERROR Automattic\WooCommerce\GoogleListingsAndAds\Internal\DependencyManagement\GoogleServiceProvider::handle_unauthorized_error Client error: `POST https://api.woocommerce.com/google/google-ads/v20/customers/5649067287/googleAds:search` resulted in a `401 Unauthorized` response:
{"statusCode":401,"error":{"message":"Invalid credentials"},"message":"Invalid credentials","attributes":{"error":"Inval (truncated...)
2025-12-30T10:12:01+00:00 DEBUG Automattic\WooCommerce\GoogleListingsAndAds\Ads\AdsRecommendationsService::get_recommendations Please reconnect your Jetpack account.
2025-12-30T10:12:03+00:00 ERROR Automattic\WooCommerce\GoogleListingsAndAds\Internal\DependencyManagement\GoogleServiceProvider::handle_unauthorized_error Client error: `POST https://api.woocommerce.com/google/google-ads/v20/customers/5649067287/googleAds:search` resulted in a `401 Unauthorized` response:
{"statusCode":401,"error":{"message":"Invalid credentials"},"message":"Invalid credentials","attributes":{"error":"Inval (truncated...)
2025-12-30T10:12:03+00:00 ERROR Automattic\WooCommerce\GoogleListingsAndAds\Internal\DependencyManagement\GoogleServiceProvider::handle_unauthorized_error Client error: `POST https://api.woocommerce.com/google/google-ads/v20/customers/5649067287/googleAds:search` resulted in a `401 Unauthorized` response:
{"statusCode":401,"error":{"message":"Invalid credentials"},"message":"Invalid credentials","attributes":{"error":"Inval (truncated...)
2025-12-30T10:12:03+00:00 DEBUG Automattic\WooCommerce\GoogleListingsAndAds\Ads\AdsRecommendationsService::get_recommendations Please reconnect your Jetpack account.
2025-12-30T10:12:13+00:00 ERROR Automattic\WooCommerce\GoogleListingsAndAds\Internal\DependencyManagement\GoogleServiceProvider::handle_unauthorized_error Client error: `POST https://api.woocommerce.com/google/google-ads/v20/customers/5649067287/googleAds:search` resulted in a `401 Unauthorized` response:
{"statusCode":401,"error":{"message":"Invalid credentials"},"message":"Invalid credentials","attributes":{"error":"Inval (truncated...)
2025-12-30T10:12:13+00:00 ERROR Automattic\WooCommerce\GoogleListingsAndAds\Internal\DependencyManagement\GoogleServiceProvider::handle_unauthorized_error Client error: `POST https://api.woocommerce.com/google/google-ads/v20/customers/5649067287/googleAds:search` resulted in a `401 Unauthorized` response:
{"statusCode":401,"error":{"message":"Invalid credentials"},"message":"Invalid credentials","attributes":{"error":"Inval (truncated...)
2025-12-30T10:12:13+00:00 DEBUG Automattic\WooCommerce\GoogleListingsAndAds\Ads\AdsRecommendationsService::get_recommendations Please reconnect your Jetpack account.
2025-12-30T10:12:22+00:00 ERROR Automattic\WooCommerce\GoogleListingsAndAds\Internal\DependencyManagement\GoogleServiceProvider::handle_unauthorized_error Client error: `POST https://api.woocommerce.com/google/google-ads/v20/customers/5649067287/googleAds:search` resulted in a `401 Unauthorized` response:
{"statusCode":401,"error":{"message":"Invalid credentials"},"message":"Invalid credentials","attributes":{"error":"Inval (truncated...)
2025-12-30T10:12:23+00:00 ERROR Automattic\WooCommerce\GoogleListingsAndAds\Internal\DependencyManagement\GoogleServiceProvider::handle_unauthorized_error Client error: `POST https://api.woocommerce.com/google/google-ads/v20/customers/5649067287/googleAds:search` resulted in a `401 Unauthorized` response:
{"statusCode":401,"error":{"message":"Invalid credentials"},"message":"Invalid credentials","attributes":{"error":"Inval (truncated...)
2025-12-30T10:12:23+00:00 DEBUG Automattic\WooCommerce\GoogleListingsAndAds\Ads\AdsRecommendationsService::get_recommendations Please reconnect your Jetpack account.
2025-12-30T10:12:27+00:00 ERROR Automattic\WooCommerce\GoogleListingsAndAds\Internal\DependencyManagement\GoogleServiceProvider::handle_unauthorized_error Client error: `POST https://api.woocommerce.com/google/google-ads/v20/customers/5649067287/googleAds:search` resulted in a `401 Unauthorized` response:
{"statusCode":401,"error":{"message":"Invalid credentials"},"message":"Invalid credentials","attributes":{"error":"Inval (truncated...)
2025-12-30T10:12:27+00:00 ERROR Automattic\WooCommerce\GoogleListingsAndAds\Internal\DependencyManagement\GoogleServiceProvider::handle_unauthorized_error Client error: `POST https://api.woocommerce.com/google/google-ads/v20/customers/5649067287/googleAds:search` resulted in a `401 Unauthorized` response:
{"statusCode":401,"error":{"message":"Invalid credentials"},"message":"Invalid credentials","attributes":{"error":"Inval (truncated...)
2025-12-30T10:12:27+00:00 DEBUG Automattic\WooCommerce\GoogleListingsAndAds\Ads\AdsRecommendationsService::get_recommendations Please reconnect your Jetpack account.
2025-12-30T10:12:36+00:00 ERROR Automattic\WooCommerce\GoogleListingsAndAds\Internal\DependencyManagement\GoogleServiceProvider::handle_unauthorized_error Client error: `POST https://api.woocommerce.com/google/google-ads/v20/customers/5649067287/googleAds:search` resulted in a `401 Unauthorized` response:
{"statusCode":401,"error":{"message":"Invalid credentials"},"message":"Invalid credentials","attributes":{"error":"Inval (truncated...)
2025-12-30T10:12:36+00:00 ERROR Automattic\WooCommerce\GoogleListingsAndAds\Internal\DependencyManagement\GoogleServiceProvider::handle_unauthorized_error Client error: `POST https://api.woocommerce.com/google/google-ads/v20/customers/5649067287/googleAds:search` resulted in a `401 Unauthorized` response:
{"statusCode":401,"error":{"message":"Invalid credentials"},"message":"Invalid credentials","attributes":{"error":"Inval (truncated...)
2025-12-30T10:12:36+00:00 DEBUG Automattic\WooCommerce\GoogleListingsAndAds\Ads\AdsRecommendationsService::get_recommendations Please reconnect your Jetpack account.
2025-12-30T10:13:07+00:00 ERROR Automattic\WooCommerce\GoogleListingsAndAds\Internal\DependencyManagement\GoogleServiceProvider::handle_unauthorized_error Client error: `POST https://api.woocommerce.com/google/google-ads/v20/customers/5649067287/googleAds:search` resulted in a `401 Unauthorized` response:
{"statusCode":401,"error":{"message":"Invalid credentials"},"message":"Invalid credentials","attributes":{"error":"Inval (truncated...)
2025-12-30T10:13:07+00:00 ERROR Automattic\WooCommerce\GoogleListingsAndAds\Internal\DependencyManagement\GoogleServiceProvider::handle_unauthorized_error Client error: `POST https://api.woocommerce.com/google/google-ads/v20/customers/5649067287/googleAds:search` resulted in a `401 Unauthorized` response:
{"statusCode":401,"error":{"message":"Invalid credentials"},"message":"Invalid credentials","attributes":{"error":"Inval (truncated...)
2025-12-30T10:13:07+00:00 DEBUG Automattic\WooCommerce\GoogleListingsAndAds\Ads\AdsRecommendationsService::get_recommendations Please reconnect your Jetpack account.
2025-12-30T10:13:10+00:00 ERROR Automattic\WooCommerce\GoogleListingsAndAds\Internal\DependencyManagement\GoogleServiceProvider::handle_unauthorized_error Client error: `POST https://api.woocommerce.com/google/google-ads/v20/customers/5649067287/googleAds:search` resulted in a `401 Unauthorized` response:
{"statusCode":401,"error":{"message":"Invalid credentials"},"message":"Invalid credentials","attributes":{"error":"Inval (truncated...)
2025-12-30T10:13:10+00:00 ERROR Automattic\WooCommerce\GoogleListingsAndAds\Internal\DependencyManagement\GoogleServiceProvider::handle_unauthorized_error Client error: `POST https://api.woocommerce.com/google/google-ads/v20/customers/5649067287/googleAds:search` resulted in a `401 Unauthorized` response:
{"statusCode":401,"error":{"message":"Invalid credentials"},"message":"Invalid credentials","attributes":{"error":"Inval (truncated...)
2025-12-30T10:13:10+00:00 DEBUG Automattic\WooCommerce\GoogleListingsAndAds\Ads\AdsRecommendationsService::get_recommendations Please reconnect your Jetpack account.
2025-12-30T10:14:21+00:00 ERROR Automattic\WooCommerce\GoogleListingsAndAds\Internal\DependencyManagement\GoogleServiceProvider::handle_unauthorized_error Client error: `POST https://api.woocommerce.com/google/google-ads/v20/customers/5649067287/googleAds:search` resulted in a `401 Unauthorized` response:
{"statusCode":401,"error":{"message":"Invalid credentials"},"message":"Invalid credentials","attributes":{"error":"Inval (truncated...)
2025-12-30T10:14:21+00:00 ERROR Automattic\WooCommerce\GoogleListingsAndAds\Internal\DependencyManagement\GoogleServiceProvider::handle_unauthorized_error Client error: `POST https://api.woocommerce.com/google/google-ads/v20/customers/5649067287/googleAds:search` resulted in a `401 Unauthorized` response:
{"statusCode":401,"error":{"message":"Invalid credentials"},"message":"Invalid credentials","attributes":{"error":"Inval (truncated...)
2025-12-30T10:14:21+00:00 DEBUG Automattic\WooCommerce\GoogleListingsAndAds\Ads\AdsRecommendationsService::get_recommendations Please reconnect your Jetpack account.
2025-12-30T10:15:58+00:00 ERROR Automattic\WooCommerce\GoogleListingsAndAds\Internal\DependencyManagement\GoogleServiceProvider::handle_unauthorized_error Client error: `POST https://api.woocommerce.com/google/google-ads/v20/customers/5649067287/googleAds:search` resulted in a `401 Unauthorized` response:
{"statusCode":401,"error":{"message":"Invalid credentials"},"message":"Invalid credentials","attributes":{"error":"Inval (truncated...)
2025-12-30T10:15:59+00:00 ERROR Automattic\WooCommerce\GoogleListingsAndAds\Internal\DependencyManagement\GoogleServiceProvider::handle_unauthorized_error Client error: `POST https://api.woocommerce.com/google/google-ads/v20/customers/5649067287/googleAds:search` resulted in a `401 Unauthorized` response:
{"statusCode":401,"error":{"message":"Invalid credentials"},"message":"Invalid credentials","attributes":{"error":"Inval (truncated...)
2025-12-30T10:15:59+00:00 DEBUG Automattic\WooCommerce\GoogleListingsAndAds\Ads\AdsRecommendationsService::get_recommendations Please reconnect your Jetpack account.
2025-12-30T10:16:18+00:00 ERROR Automattic\WooCommerce\GoogleListingsAndAds\Internal\DependencyManagement\GoogleServiceProvider::handle_unauthorized_error Client error: `POST https://api.woocommerce.com/google/google-ads/v20/customers/5649067287/googleAds:search` resulted in a `401 Unauthorized` response:
{"statusCode":401,"error":{"message":"Invalid credentials"},"message":"Invalid credentials","attributes":{"error":"Inval (truncated...)
2025-12-30T10:16:19+00:00 ERROR Automattic\WooCommerce\GoogleListingsAndAds\Internal\DependencyManagement\GoogleServiceProvider::handle_unauthorized_error Client error: `POST https://api.woocommerce.com/google/google-ads/v20/customers/5649067287/googleAds:search` resulted in a `401 Unauthorized` response:
{"statusCode":401,"error":{"message":"Invalid credentials"},"message":"Invalid credentials","attributes":{"error":"Inval (truncated...)
2025-12-30T10:16:19+00:00 DEBUG Automattic\WooCommerce\GoogleListingsAndAds\Ads\AdsRecommendationsService::get_recommendations Please reconnect your Jetpack account.
2025-12-30T10:16:28+00:00 ERROR Automattic\WooCommerce\GoogleListingsAndAds\Internal\DependencyManagement\GoogleServiceProvider::handle_unauthorized_error Client error: `POST https://api.woocommerce.com/google/google-ads/v20/customers/5649067287/googleAds:search` resulted in a `401 Unauthorized` response:
{"statusCode":401,"error":{"message":"Invalid credentials"},"message":"Invalid credentials","attributes":{"error":"Inval (truncated...)
2025-12-30T10:16:28+00:00 ERROR Automattic\WooCommerce\GoogleListingsAndAds\Internal\DependencyManagement\GoogleServiceProvider::handle_unauthorized_error Client error: `POST https://api.woocommerce.com/google/google-ads/v20/customers/5649067287/googleAds:search` resulted in a `401 Unauthorized` response:
{"statusCode":401,"error":{"message":"Invalid credentials"},"message":"Invalid credentials","attributes":{"error":"Inval (truncated...)
2025-12-30T10:16:28+00:00 DEBUG Automattic\WooCommerce\GoogleListingsAndAds\Ads\AdsRecommendationsService::get_recommendations Please reconnect your Jetpack account.
2025-12-30T10:17:27+00:00 ERROR Automattic\WooCommerce\GoogleListingsAndAds\Internal\DependencyManagement\GoogleServiceProvider::handle_unauthorized_error Client error: `POST https://api.woocommerce.com/google/google-ads/v20/customers/5649067287/googleAds:search` resulted in a `401 Unauthorized` response:
{"statusCode":401,"error":{"message":"Invalid credentials"},"message":"Invalid credentials","attributes":{"error":"Inval (truncated...)
2025-12-30T10:17:28+00:00 ERROR Automattic\WooCommerce\GoogleListingsAndAds\Internal\DependencyManagement\GoogleServiceProvider::handle_unauthorized_error Client error: `POST https://api.woocommerce.com/google/google-ads/v20/customers/5649067287/googleAds:search` resulted in a `401 Unauthorized` response:
{"statusCode":401,"error":{"message":"Invalid credentials"},"message":"Invalid credentials","attributes":{"error":"Inval (truncated...)
2025-12-30T10:17:28+00:00 DEBUG Automattic\WooCommerce\GoogleListingsAndAds\Ads\AdsRecommendationsService::get_recommendations Please reconnect your Jetpack account.
2025-12-30T10:17:42+00:00 ERROR Automattic\WooCommerce\GoogleListingsAndAds\Internal\DependencyManagement\GoogleServiceProvider::handle_unauthorized_error Client error: `POST https://api.woocommerce.com/google/google-ads/v20/customers/5649067287/googleAds:search` resulted in a `401 Unauthorized` response:
{"statusCode":401,"error":{"message":"Invalid credentials"},"message":"Invalid credentials","attributes":{"error":"Inval (truncated...)
2025-12-30T10:17:42+00:00 ERROR Automattic\WooCommerce\GoogleListingsAndAds\Internal\DependencyManagement\GoogleServiceProvider::handle_unauthorized_error Client error: `POST https://api.woocommerce.com/google/google-ads/v20/customers/5649067287/googleAds:search` resulted in a `401 Unauthorized` response:
{"statusCode":401,"error":{"message":"Invalid credentials"},"message":"Invalid credentials","attributes":{"error":"Inval (truncated...)
2025-12-30T10:17:42+00:00 DEBUG Automattic\WooCommerce\GoogleListingsAndAds\Ads\AdsRecommendationsService::get_recommendations Please reconnect your Jetpack account.
2025-12-30T10:17:47+00:00 ERROR Automattic\WooCommerce\GoogleListingsAndAds\Internal\DependencyManagement\GoogleServiceProvider::handle_unauthorized_error Client error: `POST https://api.woocommerce.com/google/google-ads/v20/customers/5649067287/googleAds:search` resulted in a `401 Unauthorized` response:
{"statusCode":401,"error":{"message":"Invalid credentials"},"message":"Invalid credentials","attributes":{"error":"Inval (truncated...)
2025-12-30T10:17:47+00:00 ERROR Automattic\WooCommerce\GoogleListingsAndAds\Internal\DependencyManagement\GoogleServiceProvider::handle_unauthorized_error Client error: `POST https://api.woocommerce.com/google/google-ads/v20/customers/5649067287/googleAds:search` resulted in a `401 Unauthorized` response:
{"statusCode":401,"error":{"message":"Invalid credentials"},"message":"Invalid credentials","attributes":{"error":"Inval (truncated...)
2025-12-30T10:17:47+00:00 DEBUG Automattic\WooCommerce\GoogleListingsAndAds\Ads\AdsRecommendationsService::get_recommendations Please reconnect your Jetpack account.
2025-12-30T10:17:56+00:00 ERROR Automattic\WooCommerce\GoogleListingsAndAds\Internal\DependencyManagement\GoogleServiceProvider::handle_unauthorized_error Client error: `POST https://api.woocommerce.com/google/google-ads/v20/customers/5649067287/googleAds:search` resulted in a `401 Unauthorized` response:
{"statusCode":401,"error":{"message":"Invalid credentials"},"message":"Invalid credentials","attributes":{"error":"Inval (truncated...)
2025-12-30T10:17:56+00:00 ERROR Automattic\WooCommerce\GoogleListingsAndAds\Internal\DependencyManagement\GoogleServiceProvider::handle_unauthorized_error Client error: `POST https://api.woocommerce.com/google/google-ads/v20/customers/5649067287/googleAds:search` resulted in a `401 Unauthorized` response:
{"statusCode":401,"error":{"message":"Invalid credentials"},"message":"Invalid credentials","attributes":{"error":"Inval (truncated...)
2025-12-30T10:17:56+00:00 DEBUG Automattic\WooCommerce\GoogleListingsAndAds\Ads\AdsRecommendationsService::get_recommendations Please reconnect your Jetpack account.
2025-12-30T12:10:44+00:00 ERROR Automattic\WooCommerce\GoogleListingsAndAds\Internal\DependencyManagement\GoogleServiceProvider::handle_unauthorized_error Client error: `POST https://api.woocommerce.com/google/google-ads/v20/customers/5649067287/googleAds:search` resulted in a `401 Unauthorized` response:
{"statusCode":401,"error":{"message":"Invalid credentials"},"message":"Invalid credentials","attributes":{"error":"Inval (truncated...)
2025-12-30T12:10:45+00:00 ERROR Automattic\WooCommerce\GoogleListingsAndAds\Internal\DependencyManagement\GoogleServiceProvider::handle_unauthorized_error Client error: `POST https://api.woocommerce.com/google/google-ads/v20/customers/5649067287/googleAds:search` resulted in a `401 Unauthorized` response:
{"statusCode":401,"error":{"message":"Invalid credentials"},"message":"Invalid credentials","attributes":{"error":"Inval (truncated...)
2025-12-30T12:10:45+00:00 DEBUG Automattic\WooCommerce\GoogleListingsAndAds\Ads\AdsRecommendationsService::get_recommendations Please reconnect your Jetpack account.
2025-12-30T12:10:57+00:00 ERROR Automattic\WooCommerce\GoogleListingsAndAds\Internal\DependencyManagement\GoogleServiceProvider::handle_unauthorized_error Client error: `POST https://api.woocommerce.com/google/google-ads/v20/customers/5649067287/googleAds:search` resulted in a `401 Unauthorized` response:
{"statusCode":401,"error":{"message":"Invalid credentials"},"message":"Invalid credentials","attributes":{"error":"Inval (truncated...)
2025-12-30T12:10:58+00:00 ERROR Automattic\WooCommerce\GoogleListingsAndAds\Internal\DependencyManagement\GoogleServiceProvider::handle_unauthorized_error Client error: `POST https://api.woocommerce.com/google/google-ads/v20/customers/5649067287/googleAds:search` resulted in a `401 Unauthorized` response:
{"statusCode":401,"error":{"message":"Invalid credentials"},"message":"Invalid credentials","attributes":{"error":"Inval (truncated...)
2025-12-30T12:10:58+00:00 DEBUG Automattic\WooCommerce\GoogleListingsAndAds\Ads\AdsRecommendationsService::get_recommendations Please reconnect your Jetpack account.
2025-12-30T12:11:05+00:00 ERROR Automattic\WooCommerce\GoogleListingsAndAds\Internal\DependencyManagement\GoogleServiceProvider::handle_unauthorized_error Client error: `POST https://api.woocommerce.com/google/google-ads/v20/customers/5649067287/googleAds:search` resulted in a `401 Unauthorized` response:
{"statusCode":401,"error":{"message":"Invalid credentials"},"message":"Invalid credentials","attributes":{"error":"Inval (truncated...)
2025-12-30T12:11:06+00:00 ERROR Automattic\WooCommerce\GoogleListingsAndAds\Internal\DependencyManagement\GoogleServiceProvider::handle_unauthorized_error Client error: `POST https://api.woocommerce.com/google/google-ads/v20/customers/5649067287/googleAds:search` resulted in a `401 Unauthorized` response:
{"statusCode":401,"error":{"message":"Invalid credentials"},"message":"Invalid credentials","attributes":{"error":"Inval (truncated...)
2025-12-30T12:11:06+00:00 DEBUG Automattic\WooCommerce\GoogleListingsAndAds\Ads\AdsRecommendationsService::get_recommendations Please reconnect your Jetpack account.
2025-12-30T12:11:31+00:00 ERROR Automattic\WooCommerce\GoogleListingsAndAds\Internal\DependencyManagement\GoogleServiceProvider::handle_unauthorized_error Client error: `POST https://api.woocommerce.com/google/google-ads/v20/customers/5649067287/googleAds:search` resulted in a `401 Unauthorized` response:
{"statusCode":401,"error":{"message":"Invalid credentials"},"message":"Invalid credentials","attributes":{"error":"Inval (truncated...)
2025-12-30T12:11:32+00:00 ERROR Automattic\WooCommerce\GoogleListingsAndAds\Internal\DependencyManagement\GoogleServiceProvider::handle_unauthorized_error Client error: `POST https://api.woocommerce.com/google/google-ads/v20/customers/5649067287/googleAds:search` resulted in a `401 Unauthorized` response:
{"statusCode":401,"error":{"message":"Invalid credentials"},"message":"Invalid credentials","attributes":{"error":"Inval (truncated...)
2025-12-30T12:11:32+00:00 DEBUG Automattic\WooCommerce\GoogleListingsAndAds\Ads\AdsRecommendationsService::get_recommendations Please reconnect your Jetpack account.
2025-12-30T16:07:18+00:00 ERROR Automattic\WooCommerce\GoogleListingsAndAds\Internal\DependencyManagement\GoogleServiceProvider::handle_unauthorized_error Client error: `POST https://api.woocommerce.com/google/google-mc/content/v2.1/5564815060/reports/search` resulted in a `401 Unauthorized` response:
{"statusCode":401,"error":"Unauthorized","message":"Invalid credentials","attributes":{"error":"Invalid credentials"}}
2025-12-30T16:07:18+00:00 DEBUG Automattic\WooCommerce\GoogleListingsAndAds\MerchantCenter\PriceBenchmarks::update_price_benchmarks Please reconnect your Jetpack account.
2025-12-30T16:07:19+00:00 ERROR Automattic\WooCommerce\GoogleListingsAndAds\Internal\DependencyManagement\GoogleServiceProvider::handle_unauthorized_error Client error: `GET https://api.woocommerce.com/google/google-mc/content/v2.1/5564815060/accountstatuses/5564815060` resulted in a `401 Unauthorized` response:
{"statusCode":401,"error":"Unauthorized","message":"Invalid credentials","attributes":{"error":"Invalid credentials"}}
2025-12-30T16:07:20+00:00 ERROR Automattic\WooCommerce\GoogleListingsAndAds\Internal\DependencyManagement\GoogleServiceProvider::handle_unauthorized_error Client error: `GET https://api.woocommerce.com/google/google-mc/content/v2.1/5564815060/accountstatuses/5564815060` resulted in a `401 Unauthorized` response:
{"statusCode":401,"error":"Unauthorized","message":"Invalid credentials","attributes":{"error":"Invalid credentials"}}
2025-12-30T16:07:20+00:00 ERROR Automattic\WooCommerce\GoogleListingsAndAds\Internal\DependencyManagement\GoogleServiceProvider::handle_unauthorized_error Client error: `GET https://api.woocommerce.com/google/google-mc/content/v2.1/5564815060/accountstatuses/5564815060` resulted in a `401 Unauthorized` response:
{"statusCode":401,"error":"Unauthorized","message":"Invalid credentials","attributes":{"error":"Invalid credentials"}}
2025-12-30T16:07:21+00:00 ERROR Automattic\WooCommerce\GoogleListingsAndAds\Internal\DependencyManagement\GoogleServiceProvider::handle_unauthorized_error Client error: `GET https://api.woocommerce.com/google/google-mc/content/v2.1/5564815060/accountstatuses/5564815060` resulted in a `401 Unauthorized` response:
{"statusCode":401,"error":"Unauthorized","message":"Invalid credentials","attributes":{"error":"Invalid credentials"}}
