2026-01-15T07:26:50+00:00 DEBUG Automattic\WooCommerce\GoogleListingsAndAds\MerchantCenter\MerchantStatuses::process_product_statuses Merchant Center product 9223372036854775807 not found in this WooCommerce store.
2026-01-15T07:26:50+00:00 DEBUG Automattic\WooCommerce\GoogleListingsAndAds\MerchantCenter\MerchantStatuses::process_product_statuses Merchant Center product 160 not found in this WooCommerce store.
2026-01-15T07:26:50+00:00 DEBUG Automattic\WooCommerce\GoogleListingsAndAds\MerchantCenter\MerchantStatuses::process_product_statuses Merchant Center product 633 not found in this WooCommerce store.
2026-01-15T07:26:51+00:00 DEBUG Automattic\WooCommerce\GoogleListingsAndAds\MerchantCenter\MerchantStatuses::get_product_issues in remove_invalid_statuses() Merchant Center product online:en:IN:16986702736798279817 not found in this WooCommerce store.
2026-01-15T07:26:51+00:00 DEBUG Automattic\WooCommerce\GoogleListingsAndAds\MerchantCenter\MerchantStatuses::get_product_issues in remove_invalid_statuses() Merchant Center product online:en:IN:gla_160 not found in this WooCommerce store.
2026-01-15T07:26:51+00:00 DEBUG Automattic\WooCommerce\GoogleListingsAndAds\MerchantCenter\MerchantStatuses::get_product_issues in remove_invalid_statuses() Merchant Center product online:en:IN:gla_633 not found in this WooCommerce store.
2026-01-15T09:31:44+00:00 DEBUG Automattic\WooCommerce\GoogleListingsAndAds\Product\WCProductAdapter::map_product_categories Product category (ID: 1395): ["Caps","All","Under 500"].
2026-01-15T09:31:44+00:00 DEBUG Automattic\WooCommerce\GoogleListingsAndAds\Product\BatchProductHelper::validate_and_generate_update_request_entries Skipping product (ID: 1395) because it does not pass validation: {"woocommerce_id":1395,"errors":["[imageLink] Product image \"PU-J-Double-Color-\u2013-Grey-is-a-premium-PU-executive-accessory-featuring-a-modern-dual-tone-design-with-a-refined-grey-finish.-Stylish-durable-and-practical-its-ideal-for-everyday-professional-u-7.png\" is not a valid name.","[additionalImageLinks[0]] Product image \"PU-J-Double-Color-\u2013-Grey-is-a-premium-PU-executive-accessory-featuring-a-modern-dual-tone-design-with-a-refined-grey-finish.-Stylish-durable-and-practical-its-ideal-for-everyday-professional-u-6.png\" is not a valid name."]}
2026-01-15T09:40:44+00:00 DEBUG Automattic\WooCommerce\GoogleListingsAndAds\Product\WCProductAdapter::map_product_categories Product category (ID: 1376): ["Coasters","All","Under 500"].
2026-01-15T09:40:44+00:00 DEBUG Automattic\WooCommerce\GoogleListingsAndAds\Product\BatchProductHelper::validate_and_generate_update_request_entries Skipping product (ID: 1376) because it does not pass validation: {"woocommerce_id":1376,"errors":["[imageLink] Product image \"PU-J-Double-Color-\u2013-Grey-is-a-premium-PU-executive-accessory-featuring-a-modern-dual-tone-design-with-a-refined-grey-finish.-Stylish-durable-and-practical-its-ideal-for-everyday-professional-u-1.png\" is not a valid name."]}
2026-01-15T10:48:18+00:00 DEBUG Automattic\WooCommerce\GoogleListingsAndAds\Product\WCProductAdapter::map_product_categories Product category (ID: 1376): ["Coasters","All","Under 500"].
2026-01-15T10:48:18+00:00 DEBUG Automattic\WooCommerce\GoogleListingsAndAds\Product\BatchProductHelper::validate_and_generate_update_request_entries Skipping product (ID: 1376) because it does not pass validation: {"woocommerce_id":1376,"errors":["[imageLink] Product image \"PU-J-Double-Color-\u2013-Grey-is-a-premium-PU-executive-accessory-featuring-a-modern-dual-tone-design-with-a-refined-grey-finish.-Stylish-durable-and-practical-its-ideal-for-everyday-professional-u-1.png\" is not a valid name."]}
2026-01-15T10:50:25+00:00 DEBUG Automattic\WooCommerce\GoogleListingsAndAds\Product\WCProductAdapter::map_product_categories Product category (ID: 1376): ["Coasters","All","Under 500"].
2026-01-15T10:50:25+00:00 DEBUG Automattic\WooCommerce\GoogleListingsAndAds\Product\BatchProductHelper::validate_and_generate_update_request_entries Skipping product (ID: 1376) because it does not pass validation: {"woocommerce_id":1376,"errors":["[imageLink] Product image \"PU-J-Double-Color-\u2013-Grey-is-a-premium-PU-executive-accessory-featuring-a-modern-dual-tone-design-with-a-refined-grey-finish.-Stylish-durable-and-practical-its-ideal-for-everyday-professional-u-1.png\" is not a valid name."]}
2026-01-15T10:55:52+00:00 DEBUG Automattic\WooCommerce\GoogleListingsAndAds\Product\WCProductAdapter::map_product_categories Product category (ID: 1378): ["Personalised Gifts","All","Desktop Item","Phone Stand","Under 500"].
2026-01-15T10:55:53+00:00 DEBUG Automattic\WooCommerce\GoogleListingsAndAds\Product\ProductSyncer::update_by_batch_requests Submitted 0 products:
[]
2026-01-15T10:55:53+00:00 DEBUG Automattic\WooCommerce\GoogleListingsAndAds\Product\ProductSyncer::update_by_batch_requests 1 products failed to sync with Merchant Center:
[{"woocommerce_id":1378,"errors":{"internal_error":"An internal error has occurred."}}]
2026-01-15T11:01:35+00:00 DEBUG Automattic\WooCommerce\GoogleListingsAndAds\Product\WCProductAdapter::map_product_categories Product category (ID: 1374): ["Mugs and Tumblers","All","Personalised Gifts","Under 500"].
2026-01-15T11:01:39+00:00 DEBUG Automattic\WooCommerce\GoogleListingsAndAds\Product\ProductSyncer::update_by_batch_requests Submitted 1 products:
[{"woocommerce_id":1374,"google_id":"online:en:IN:gla_1374"}]
2026-01-15T11:10:48+00:00 DEBUG Automattic\WooCommerce\GoogleListingsAndAds\Product\WCProductAdapter::map_product_categories Product category (ID: 1374): ["Mugs and Tumblers","All","Personalised Gifts","Under 500"].
2026-01-15T11:10:50+00:00 DEBUG Automattic\WooCommerce\GoogleListingsAndAds\Product\ProductSyncer::update_by_batch_requests Submitted 1 products:
[{"woocommerce_id":1374,"google_id":"online:en:IN:gla_1374"}]
2026-01-15T11:13:09+00:00 DEBUG Automattic\WooCommerce\GoogleListingsAndAds\Product\WCProductAdapter::map_product_categories Product category (ID: 1374): ["Mugs and Tumblers","All","Personalised Gifts","Under 500"].
2026-01-15T11:13:13+00:00 DEBUG Automattic\WooCommerce\GoogleListingsAndAds\Product\ProductSyncer::update_by_batch_requests Submitted 1 products:
[{"woocommerce_id":1374,"google_id":"online:en:IN:gla_1374"}]
2026-01-15T11:33:15+00:00 DEBUG Automattic\WooCommerce\GoogleListingsAndAds\Product\WCProductAdapter::map_product_categories Product category (ID: 1372): ["Personalised Gifts","All","Birthday","Mugs and Tumblers","Under 500","Wedding &amp; Anniversary"].
2026-01-15T11:33:18+00:00 DEBUG Automattic\WooCommerce\GoogleListingsAndAds\Product\ProductSyncer::update_by_batch_requests Submitted 1 products:
[{"woocommerce_id":1372,"google_id":"online:en:IN:gla_1372"}]
